{
    "numMessagesInTopic": 2, 
    "nextInTime": 10227, 
    "senderId": "nSixdFdwNyb34gqIAGZtCs8qkZgLQefN3WAFRXNuZViBsrM3EkNWPA9ZTD9rJ-EiCPcPtNOIY0VQEU5kV9FmnC3u-Ntk6jCC9qIlI9EitxLv3yx3pvINJme-tvOJtip1", 
    "systemMessage": false, 
    "subject": "Ant/Junit/Package name issue?", 
    "from": "=?iso-8859-1?B?QmF6IKTRqrA=?= &lt;barry@...&gt;", 
    "authorName": "Baz ¤Ñª°", 
    "msgSnippet": "All, This issue seems to be causing by the package name of the .java file. When removing the package name, the first line from the .java file, the Ant/Junit", 
    "msgId": 10226, 
    "rawEmail": "Return-Path: &lt;barry@...&gt;\r\nReceived: (qmail 32874 invoked from network); 18 Jan 2004 05:52:52 -0000\r\nReceived: from unknown (66.218.66.217)\n  by m20.grp.scd.yahoo.com with QMQP; 18 Jan 2004 05:52:52 -0000\r\nReceived: from unknown (HELO n39.grp.scd.yahoo.com) (66.218.66.107)\n  by mta2.grp.scd.yahoo.com with SMTP; 18 Jan 2004 05:52:52 -0000\r\nX-eGroups-Return: barry@...\r\nReceived: from [66.218.67.171] by n39.grp.scd.yahoo.com with NNFMP; 18 Jan 2004 05:52:51 -0000\r\nX-Sender: barry@...\r\nX-Apparently-To: junit@yahoogroups.com\r\nReceived: (qmail 65852 invoked from network); 18 Jan 2004 05:22:26 -0000\r\nReceived: from unknown (66.218.66.166)\n  by m11.grp.scd.yahoo.com with QMQP; 18 Jan 2004 05:22:26 -0000\r\nReceived: from unknown (HELO n39.grp.scd.yahoo.com) (66.218.66.107)\n  by mta5.grp.scd.yahoo.com with SMTP; 18 Jan 2004 05:22:26 -0000\r\nReceived: from [66.218.66.142] by n39.grp.scd.yahoo.com with NNFMP; 18 Jan 2004 05:22:26 -0000\r\nDate: Sun, 18 Jan 2004 05:22:25 -0000\r\nTo: junit@yahoogroups.com\r\nMessage-ID: &lt;bud56h+puvf@...&gt;\r\nUser-Agent: eGroups-EW/0.82\r\nMIME-Version: 1.0\r\nContent-Type: text/plain; charset=ISO-8859-1\r\nContent-Transfer-Encoding: quoted-printable\r\nContent-Length: 8210\r\nX-Mailer: Yahoo Groups Message Poster\r\nX-eGroups-Remote-IP: 66.218.66.107\r\nFrom: =?iso-8859-1?B?QmF6IKTRqrA=?= &lt;barry@...&gt;\r\nSubject: Ant/Junit/Package name issue?\r\nX-Yahoo-Group-Post: member; u=109426009\r\nX-Yahoo-Profile: sky_fox1\r\nX-eGroups-Approved-By: vbossica &lt;vladimir@...&gt; via web; 18 Jan 2004 05:52:50 -0000\r\nX-eGroups-Remote-IP: 66.218.66.107\r\n\r\nAll,\n\nThis issue seems to be causing by the &quot;package&quot; name\nof the .java fil=\r\ne. When removing the package name, the\nfirst line from the .java file, the =\r\nAnt/Junit seems to\nrespond well... Please read the output below... When\nthe=\r\n package name is in, then it complain the\nClassLoader.\n\nHow do i define the=\r\n package name correctly? How can I\ndefine the Junit tasks within the Ant to=\r\n look at\ncorrect things?\n\nThank you.\n\nBarry\n\n* Here is the Simple Junit tas=\r\nks in Ant&#39;s build.xml:\n\n&lt;target name=3D&quot;test-server&quot;\ndepends=3D&quot;compile-new=\r\nserver&quot;&gt;\n\n        &lt;mkdir dir=3D&quot;${test-results}/server&quot;/&gt;\n        &lt;echo mes=\r\nsage=3D&quot;JAVA_HOME is ${javaBase}&quot;/&gt;\n        &lt;echo message=3D&quot;ANT_HOME is ${=\r\nantBase}&quot;/&gt;\n\n        &lt;junit printsummary=3D&quot;true&quot; showoutput=3D&quot;yes&quot;&gt;\n\n    =\r\n            &lt;formatter type=3D&quot;brief&quot;\nusefile=3D&quot;false&quot;/&gt;\n                &lt;=\r\nformatter type=3D&quot;xml&quot;/&gt;\n\n\n                &lt;classpath&gt;\n\n                   =\r\n     &lt;pathelement\npath=3D&quot;build/WEB-INF/classes&quot;/&gt;\n                        =\r\n&lt;pathelement path=3D&quot;build&quot;/&gt;\n                        &lt;pathelement\npath=3D&quot;=\r\nbuild/WEB-INF/classes/com/elementalse\ncurity/server/test&quot;/&gt;\n               =\r\n         &lt;pathelement\npath=3D&quot;build/com/barry/my/&quot;/&gt;\n\n                &lt;/cla=\r\nsspath&gt;\n\n                &lt;test name=3D&quot;AlwaysWillFailTest&quot; /&gt;\n\n\n&lt;!-- Barry&#39;=\r\ns test cases...\n\n                &lt;test name=3D&quot;AlwaysWillFailTest&quot; /&gt;\n     =\r\n           &lt;test name=3D&quot;corruptClassTest&quot; /&gt;\n\n--&gt;\n\n        &lt;/junit&gt;\n\n     =\r\n   &lt;junitreport todir=3D&quot;${test-results}/server&quot;&gt;\n                &lt;fileset =\r\ndir=3D&quot;.&quot;&gt;\n                        &lt;include\nname=3D&quot;reports/test-results/se=\r\nrver/TEST-*.xml&quot;/&gt;\n                &lt;/fileset&gt;\n                &lt;report forma=\r\nt=3D&quot;frames&quot;\ntodir=3D&quot;${test-reports}/server&quot;/&gt;\n        &lt;/junitreport&gt;\n    =\r\n    &lt;echo message=3D&quot;junitreport done...&quot;/&gt;\n\n&lt;/target&gt;\n\n\n* HERE IS SUCCESS =\r\nOUTPUT WITHOUT PACKAGE NAME\n\ntest-server:\n    [mkdir] Created dir:\nC:&#92;cygwi=\r\nn&#92;home&#92;barry&#92;magnesium&#92;src&#92;server&#92;reports&#92;test-\nresults&#92;server\n     [echo] =\r\nJAVA_HOME is C:&#92;esdev&#92;j2sdk\n     [echo] ANT_HOME is C:&#92;esdev&#92;ant\n    [junit=\r\n] Running AlwaysWillFailTest\n    [junit] Test is a test that will always fa=\r\nil...\n    [junit] Tests run: 1, Failures: 1, Errors: 0, Time\nelapsed: 0.17 =\r\nsec\n    [junit] Testsuite: AlwaysWillFailTest\n    [junit] Tests run: 1, Fai=\r\nlures: 1, Errors: 0, Time\nelapsed: 0.17 sec\n\n    [junit] ------------- Stan=\r\ndard Output\n---------------\n    [junit] Test is a test that will always fai=\r\nl...\n    [junit] ------------- ----------------\n---------------\n    [junit]=\r\n Testcase: testBasic(AlwaysWillFailTest):  \n FAILED\n    [junit] I am a fail=\r\nure!\n    [junit] junit.framework.AssertionFailedError: I am\na failure!\n    =\r\n[junit]     at\nAlwaysWillFailTest.testBasic(AlwaysWillFailTest.java:91)\n   =\r\n [junit]     at\nsun.reflect.NativeMethodAccessorImpl.invoke0(Native\nMethod)=\r\n\n    [junit]     at\nsun.reflect.NativeMethodAccessorImpl.invoke(NativeMetho=\r\ndAcces\nsorImpl.java:39)\n    [junit]     at\nsun.reflect.DelegatingMethodAcce=\r\nssorImpl.invoke(DelegatingMet\nhodAccessorImpl.java:25)\n\n\n    [junit] TEST A=\r\nlwaysWillFailTest FAILED\n[junitreport] Using Xalan version: Xalan Java 2.4.=\r\n1\n[junitreport] Transform time: 1322ms\n     [echo] junitreport done...\n    =\r\n [echo] FULL build completed...\nBUILD SUCCESSFUL\nTotal time: 29 seconds\n\n\n*=\r\n HERE IS THE OUTPUT WITH A FAIL BUILD\n\ntest-server:\n    [mkdir] Created dir=\r\n:\nC:&#92;cygwin&#92;home&#92;barry&#92;magnesium&#92;src&#92;server&#92;reports&#92;test-\nresults&#92;server\n  =\r\n   [echo] JAVA_HOME is C:&#92;esdev&#92;j2sdk\n     [echo] ANT_HOME is C:&#92;esdev&#92;ant\n=\r\n    [junit] Running AlwaysWillFailTest\n    [junit] Tests run: 1, Failures: =\r\n0, Errors: 1, Time\nelapsed: 0 sec\n    [junit] Testsuite: AlwaysWillFailTest=\r\n\n    [junit] Tests run: 1, Failures: 0, Errors: 1, Time\nelapsed: 0 sec\n\n   =\r\n [junit] Null Test:  Caused an ERROR\n    [junit] AlwaysWillFailTest\n    [ju=\r\nnit] java.lang.ClassNotFoundException:\nAlwaysWillFailTest\n    [junit]     a=\r\nt\njava.net.URLClassLoader$1.run(URLClassLoader.java:199)\n    [junit]     at=\r\n\njava.security.AccessController.doPrivileged(Native\nMethod)\n    [junit]    =\r\n at\njava.net.URLClassLoader.findClass(URLClassLoader.java:187)\n    [junit] =\r\n    at\njava.lang.ClassLoader.loadClass(ClassLoader.java:289)\n    [junit]   =\r\n  at\nsun.misc.Launcher$AppClassLoader.loadClass(Launcher.java:274)\n\n    [ju=\r\nnit]     at\njava.lang.ClassLoader.loadClass(ClassLoader.java:235)\n    [juni=\r\nt]     at\njava.lang.ClassLoader.loadClass(ClassLoader.java:235)\n\n\n    [juni=\r\nt] TEST AlwaysWillFailTest FAILED\n[junitreport] Using Xalan version: Xalan =\r\nJava 2.4.1\n[junitreport] Transform time: 1442ms\n     [echo] junitreport don=\r\ne...\n     [echo] FULL build completed...\n\n\n--- Baz =A4=D1=AA=B0 &lt;sky_fox1@y=\r\nahoo.com&gt; wrote:\n&gt; Chung,\n&gt; \n&gt; I need to use Junit with Ant, and for some r=\r\neasons,\n&gt; it\n&gt; does not work. \n&gt; \n&gt; Here is the errors:\n&gt; \n&gt; C:&#92;cygwin&#92;home=\r\n&#92;barry&#92;magnesium&#92;src&#92;server&gt;ant\n&gt; test-server\n&gt; Buildfile: build.xml\n&gt; \n&gt; t=\r\nest-server:\n&gt;     [junit] Running AlwaysWillFailTest\n&gt;     [junit] Tests ru=\r\nn: 1, Failures: 0, Errors: 1,\n&gt; Time\n&gt; elapsed: 0 sec\n&gt;     [junit] Testsui=\r\nte: AlwaysWillFailTest\n&gt;     [junit] Tests run: 1, Failures: 0, Errors: 1,\n=\r\n&gt; Time\n&gt; elapsed: 0 sec\n&gt; \n&gt;     [junit] Null Test:  Caused an ERROR\n&gt;     =\r\n[junit] AlwaysWillFailTest\n&gt;     [junit] java.lang.ClassNotFoundException:\n=\r\n&gt; AlwaysWillFailTest\n&gt;     [junit]     at\n&gt;\njava.net.URLClassLoader$1.run(U=\r\nRLClassLoader.java:199)\n&gt;     [junit]     at\n&gt; java.security.AccessControll=\r\ner.doPrivileged(Native\n&gt; Method)\n&gt;     [junit]     at\n&gt;\njava.net.URLClassLo=\r\nader.findClass(URLClassLoader.java:187)\n&gt;     [junit]     at\n&gt;\njava.lang.Cl=\r\nassLoader.loadClass(ClassLoader.java:289)\n&gt;     [junit]     at\n&gt;\nsun.misc.L=\r\nauncher$AppClassLoader.loadClass(Launcher.java:274)\n&gt; \n&gt;     [junit]     at=\r\n\n&gt;\njava.lang.ClassLoader.loadClass(ClassLoader.java:235)\n&gt;     [junit]     =\r\nat\n&gt;\njava.lang.ClassLoader.loadClassInternal(ClassLoader.java:302)\n&gt; \n&gt;    =\r\n [junit]     at java.lang.Class.forName0(Native\n&gt; Method)\n&gt;     [junit]    =\r\n at\n&gt; java.lang.Class.forName(Class.java:141)\n&gt; \n&gt; \n&gt;     [junit] TEST Alwa=\r\nysWillFailTest FAILED\n&gt; \n&gt; BUILD SUCCESSFUL\n&gt; Total time: 2 seconds\n&gt; \n&gt; \n&gt;=\r\n \n&gt; \n&gt; Here is the simple Ant code:\n&gt; \n&gt; \n&gt; &lt;target name=3D&quot;test-server&quot;&gt;\n&gt;=\r\n \n&gt;         &lt;mkdir dir=3D&quot;${test-results}/server&quot;/&gt;\n&gt; \n&gt;         &lt;junit pri=\r\nntsummary=3D&quot;true&quot; showoutput=3D&quot;yes&quot;&gt;\n&gt;                 &lt;formatter type=3D=\r\n&quot;brief&quot;\n&gt; usefile=3D&quot;false&quot;/&gt;\n&gt;                 &lt;formatter type=3D&quot;xml&quot;/&gt;\n&gt;=\r\n                 &lt;test name=3D&quot;AlwaysWillFailTest&quot; /&gt;\n&gt; \n&gt;         &lt;/junit&gt;=\r\n\n&gt; \n&gt; &lt;!--\n&gt; \n&gt;         &lt;junitreport todir=3D&quot;${test-results}/server&quot;&gt;\n&gt;   =\r\n              &lt;fileset dir=3D&quot;.&quot;&gt;\n&gt;                         &lt;include\n&gt; name=\r\n=3D&quot;reports/test-results/server/TEST-*.xml&quot;/&gt;\n&gt;                 &lt;/fileset&gt;\n=\r\n&gt;                 &lt;report format=3D&quot;frames&quot;\n&gt; todir=3D&quot;${test-reports}/serv=\r\ner&quot;/&gt;\n&gt;         &lt;/junitreport&gt;\n&gt;         &lt;echo message=3D&quot;junitreport done.=\r\n..&quot;/&gt;\n&gt; --&gt;\n&gt; \n&gt; &lt;/target&gt;\n&gt; \n&gt; \n&gt; Here is the Junit code:\n&gt; \n&gt; \n&gt; package =\r\ncom.elementalsecurity.server.test;\n&gt; \n&gt; /**\n&gt;  * Element Security. All Righ=\r\nts Reserved, 2003.\n&gt;  * User: Stefan Gower\n&gt;  * Date: Oct 30, 2003\n&gt;  * Tim=\r\ne: 12:26:05 PM\n&gt;  */\n&gt; \n&gt; \n&gt; import junit.framework.TestCase;\n&gt; \n&gt; import j=\r\nunit.framework.TestSuite;\n&gt; \n&gt; import junit.framework.Test;\n&gt; \n&gt; \n&gt; /** A J=\r\nUnit test. **/\n&gt; \n&gt; \n&gt; public class AlwaysWillFailTest extends TestCase {\n&gt;=\r\n \n&gt; \n&gt;     /**\n&gt; \n&gt;      * Constructor for test case.\n&gt; \n&gt;      */\n&gt; \n&gt;    =\r\n public AlwaysWillFailTest(String name) {\n&gt; \n&gt;         super(name);\n&gt; \n&gt;   =\r\n  }\n&gt; \n&gt; \n&gt;     /**\n&gt; \n&gt;      * Entry point for running the\n&gt; \n&gt;      * tes=\r\nt from the command line.\n&gt; \n&gt;      */\n&gt; \n&gt;  public static void main(String[=\r\n] args) {\n&gt; \n&gt;      junit.textui.TestRunner.run(suite());\n&gt; \n&gt;  }\n&gt; \n&gt; \n&gt;  =\r\n/** Set up the test. **/\n&gt; \n&gt; \n&gt;  protected void setUp() {\n&gt; \n&gt;      // do =\r\nsetup here...\n&gt; \n&gt;  }\n&gt; \n&gt; \n&gt;  /** Tear down the test. **/\n&gt; \n&gt; \n&gt;  protect=\r\ned void tearDown() {\n&gt; \n&gt;      // tear down the test here...\n&gt; \n&gt;  }\n&gt; \n&gt; \n=\r\n&gt;  /** Run test test suite. **/\n&gt; \n&gt; \n&gt;  public static Test suite() {\n&gt; \n&gt; =\r\n     TestSuite suite =3D new\n&gt; TestSuite(AlwaysWillFailTest.class);\n&gt; \n&gt;   =\r\n   return suite;\n&gt; \n&gt;  }\n&gt; \n&gt; \n&gt;  /** Run a basic test. **/\n&gt; \n&gt; \n&gt;  public=\r\n void testBasic() {\n&gt; \n&gt;     public void testBasic() {\n&gt; \n&gt; \n&gt;       System=\r\n.out.println(&quot;Test is a test that will\n&gt; always fail...&quot;);\n&gt;       fail(&quot;I =\r\nam a failure!&quot;);\n&gt; \n&gt;     }\n&gt; \n&gt; \n\n\n\n\n", 
    "profile": "sky_fox1", 
    "topicId": 10226, 
    "spamInfo": {
        "reason": "0", 
        "isSpam": false
    }, 
    "replyTo": "LIST", 
    "userId": 109426009, 
    "prevInTime": 10225, 
    "contentTrasformed": false, 
    "postDate": "1074403345", 
    "canDelete": false, 
    "nextInTopic": 10245, 
    "prevInTopic": 0, 
    "headers": {
        "messageIdInHeader": "PGJ1ZDU2aCtwdXZmQGVHcm91cHMuY29tPg=="
    }
}