{
    "numMessagesInTopic": 2, 
    "nextInTime": 10227, 
    "senderId": "Uxj7VETImo9j5yMnt101lHfUNe2DnABN-0jwTdZG0wVnefK2K4kMFfsNyUjGtjbLOCe4HWN38T7Q2u8ErKnwoQlm7EplZxkVBlc7dCQAegUMDAoljd7HS5Amll5YMwez", 
    "systemMessage": false, 
    "subject": "Ant/Junit/Package name issue?", 
    "from": "=?iso-8859-1?B?QmF6IKTRqrA=?= &lt;barry@...&gt;", 
    "authorName": "Baz ¤Ñª°", 
    "msgSnippet": "All, This issue seems to be causing by the package name of the .java file. When removing the package name, the first line from the .java file, the Ant/Junit", 
    "msgId": 10226, 
    "profile": "sky_fox1", 
    "topicId": 10226, 
    "spamInfo": {
        "reason": "0", 
        "isSpam": false
    }, 
    "replyTo": "LIST", 
    "userId": 109426009, 
    "messageBody": "<div id=\"ygrps-yiv-208339598\">All,<br/>\n<br/>\nThis issue seems to be causing by the &quot;package&quot; name<br/>\nof the .java file. When removing the package name, the<br/>\nfirst line from the .java file, the Ant/Junit seems to<br/>\nrespond well... Please read the output below... When<br/>\nthe package name is in, then it complain the<br/>\nClassLoader.<br/>\n<br/>\nHow do i define the package name correctly? How can I<br/>\ndefine the Junit tasks within the Ant to look at<br/>\ncorrect things?<br/>\n<br/>\nThank you.<br/>\n<br/>\nBarry<br/>\n<br/>\n* Here is the Simple Junit tasks in Ant&#39;s build.xml:<br/>\n<br/>\n&lt;target name=&quot;test-server&quot;<br/>\ndepends=&quot;compile-newserver&quot;&gt;<br/>\n<br/>\n        &lt;mkdir dir=&quot;${test-results}/server&quot;/&gt;<br/>\n        &lt;echo message=&quot;JAVA_HOME is ${javaBase}&quot;/&gt;<br/>\n        &lt;echo message=&quot;ANT_HOME is ${antBase}&quot;/&gt;<br/>\n<br/>\n        &lt;junit printsummary=&quot;true&quot; showoutput=&quot;yes&quot;&gt;<br/>\n<br/>\n                &lt;formatter type=&quot;brief&quot;<br/>\nusefile=&quot;false&quot;/&gt;<br/>\n                &lt;formatter type=&quot;xml&quot;/&gt;<br/>\n<br/>\n<br/>\n                &lt;classpath&gt;<br/>\n<br/>\n                        &lt;pathelement<br/>\npath=&quot;build/WEB-INF/classes&quot;/&gt;<br/>\n                        &lt;pathelement path=&quot;build&quot;/&gt;<br/>\n                        &lt;pathelement<br/>\npath=&quot;build/WEB-INF/classes/com/elementalse<br/>\ncurity/server/test&quot;/&gt;<br/>\n                        &lt;pathelement<br/>\npath=&quot;build/com/barry/my/&quot;/&gt;<br/>\n<br/>\n                &lt;/classpath&gt;<br/>\n<br/>\n                &lt;test name=&quot;AlwaysWillFailTest&quot; /&gt;<br/>\n<br/>\n<br/>\n&lt;!-- Barry&#39;s test cases...<br/>\n<br/>\n                &lt;test name=&quot;AlwaysWillFailTest&quot; /&gt;<br/>\n                &lt;test name=&quot;corruptClassTest&quot; /&gt;<br/>\n<br/>\n--&gt;<br/>\n<br/>\n        &lt;/junit&gt;<br/>\n<br/>\n        &lt;junitreport todir=&quot;${test-results}/server&quot;&gt;<br/>\n                &lt;fileset dir=&quot;.&quot;&gt;<br/>\n                        &lt;include<br/>\nname=&quot;reports/test-results/server/TEST-*.xml&quot;/&gt;<br/>\n                &lt;/fileset&gt;<br/>\n                &lt;report format=&quot;frames&quot;<br/>\ntodir=&quot;${test-reports}/server&quot;/&gt;<br/>\n        &lt;/junitreport&gt;<br/>\n        &lt;echo message=&quot;junitreport done...&quot;/&gt;<br/>\n<br/>\n&lt;/target&gt;<br/>\n<br/>\n<br/>\n* HERE IS SUCCESS OUTPUT WITHOUT PACKAGE NAME<br/>\n<br/>\ntest-server:<br/>\n    [mkdir] Created dir:<br/>\nC:&#92;cygwin&#92;home&#92;barry&#92;magnesium&#92;src&#92;server&#92;reports&#92;test-<br/>\nresults&#92;server<br/>\n     [echo] JAVA_HOME is C:&#92;esdev&#92;j2sdk<br/>\n     [echo] ANT_HOME is C:&#92;esdev&#92;ant<br/>\n    [junit] Running AlwaysWillFailTest<br/>\n    [junit] Test is a test that will always fail...<br/>\n    [junit] Tests run: 1, Failures: 1, Errors: 0, Time<br/>\nelapsed: 0.17 sec<br/>\n    [junit] Testsuite: AlwaysWillFailTest<br/>\n    [junit] Tests run: 1, Failures: 1, Errors: 0, Time<br/>\nelapsed: 0.17 sec<br/>\n<br/>\n    [junit] ------------- Standard Output<br/>\n---------------<br/>\n    [junit] Test is a test that will always fail...<br/>\n    [junit] ------------- ----------------<br/>\n---------------<br/>\n    [junit] Testcase: testBasic(AlwaysWillFailTest):  <br/>\n FAILED<br/>\n    [junit] I am a failure!<br/>\n    [junit] junit.framework.AssertionFailedError: I am<br/>\na failure!<br/>\n    [junit]     at<br/>\nAlwaysWillFailTest.testBasic(AlwaysWillFailTest.java:91)<br/>\n    [junit]     at<br/>\nsun.reflect.NativeMethodAccessorImpl.invoke0(Native<br/>\nMethod)<br/>\n    [junit]     at<br/>\nsun.reflect.NativeMethodAccessorImpl.invoke(NativeMethodAcces<br/>\nsorImpl.java:39)<br/>\n    [junit]     at<br/>\nsun.reflect.DelegatingMethodAccessorImpl.invoke(DelegatingMet<br/>\nhodAccessorImpl.java:25)<br/>\n<br/>\n<br/>\n    [junit] TEST AlwaysWillFailTest FAILED<br/>\n[junitreport] Using Xalan version: Xalan Java 2.4.1<br/>\n[junitreport] Transform time: 1322ms<br/>\n     [echo] junitreport done...<br/>\n     [echo] FULL build completed...<br/>\nBUILD SUCCESSFUL<br/>\nTotal time: 29 seconds<br/>\n<br/>\n<br/>\n* HERE IS THE OUTPUT WITH A FAIL BUILD<br/>\n<br/>\ntest-server:<br/>\n    [mkdir] Created dir:<br/>\nC:&#92;cygwin&#92;home&#92;barry&#92;magnesium&#92;src&#92;server&#92;reports&#92;test-<br/>\nresults&#92;server<br/>\n     [echo] JAVA_HOME is C:&#92;esdev&#92;j2sdk<br/>\n     [echo] ANT_HOME is C:&#92;esdev&#92;ant<br/>\n    [junit] Running AlwaysWillFailTest<br/>\n    [junit] Tests run: 1, Failures: 0, Errors: 1, Time<br/>\nelapsed: 0 sec<br/>\n    [junit] Testsuite: AlwaysWillFailTest<br/>\n    [junit] Tests run: 1, Failures: 0, Errors: 1, Time<br/>\nelapsed: 0 sec<br/>\n<br/>\n    [junit] Null Test:  Caused an ERROR<br/>\n    [junit] AlwaysWillFailTest<br/>\n    [junit] java.lang.ClassNotFoundException:<br/>\nAlwaysWillFailTest<br/>\n    [junit]     at<br/>\njava.net.URLClassLoader$1.run(URLClassLoader.java:199)<br/>\n    [junit]     at<br/>\njava.security.AccessController.doPrivileged(Native<br/>\nMethod)<br/>\n    [junit]     at<br/>\njava.net.URLClassLoader.findClass(URLClassLoader.java:187)<br/>\n    [junit]     at<br/>\njava.lang.ClassLoader.loadClass(ClassLoader.java:289)<br/>\n    [junit]     at<br/>\nsun.misc.Launcher$AppClassLoader.loadClass(Launcher.java:274)<br/>\n<br/>\n    [junit]     at<br/>\njava.lang.ClassLoader.loadClass(ClassLoader.java:235)<br/>\n    [junit]     at<br/>\njava.lang.ClassLoader.loadClass(ClassLoader.java:235)<br/>\n<br/>\n<br/>\n    [junit] TEST AlwaysWillFailTest FAILED<br/>\n[junitreport] Using Xalan version: Xalan Java 2.4.1<br/>\n[junitreport] Transform time: 1442ms<br/>\n     [echo] junitreport done...<br/>\n     [echo] FULL build completed...<br/>\n<br/>\n<br/>\n--- Baz ¤Ñª° &lt;<a rel=\"nofollow\" target=\"_blank\" href=\"mailto:sky_fox1@...\">sky_fox1@...</a>&gt; wrote:<br/>\n<blockquote><span title=\"ireply\"> &gt; Chung,<br/>\n&gt; <br/>\n&gt; I need to use Junit with Ant, and for some reasons,<br/>\n&gt; it<br/>\n&gt; does not work. <br/>\n&gt; <br/>\n&gt; Here is the errors:<br/>\n&gt; <br/>\n&gt; C:&#92;cygwin&#92;home&#92;barry&#92;magnesium&#92;src&#92;server&gt;ant<br/>\n&gt; test-server<br/>\n&gt; Buildfile: build.xml<br/>\n&gt; <br/>\n&gt; test-server:<br/>\n&gt;     [junit] Running AlwaysWillFailTest<br/>\n&gt;     [junit] Tests run: 1, Failures: 0, Errors: 1,<br/>\n&gt; Time<br/>\n&gt; elapsed: 0 sec<br/>\n&gt;     [junit] Testsuite: AlwaysWillFailTest<br/>\n&gt;     [junit] Tests run: 1, Failures: 0, Errors: 1,<br/>\n&gt; Time<br/>\n&gt; elapsed: 0 sec<br/>\n&gt; <br/>\n&gt;     [junit] Null Test:  Caused an ERROR<br/>\n&gt;     [junit] AlwaysWillFailTest<br/>\n&gt;     [junit] java.lang.ClassNotFoundException:<br/>\n&gt; AlwaysWillFailTest<br/>\n&gt;     [junit]     at<br/>\n&gt;<br/>\n </span></blockquote>java.net.URLClassLoader$1.run(URLClassLoader.java:199)<br/>\n<blockquote><span title=\"ireply\"> &gt;     [junit]     at<br/>\n&gt; java.security.AccessController.doPrivileged(Native<br/>\n&gt; Method)<br/>\n&gt;     [junit]     at<br/>\n&gt;<br/>\n </span></blockquote>java.net.URLClassLoader.findClass(URLClassLoader.java:187)<br/>\n<blockquote><span title=\"ireply\"> &gt;     [junit]     at<br/>\n&gt;<br/>\n </span></blockquote>java.lang.ClassLoader.loadClass(ClassLoader.java:289)<br/>\n<blockquote><span title=\"ireply\"> &gt;     [junit]     at<br/>\n&gt;<br/>\n </span></blockquote>sun.misc.Launcher$AppClassLoader.loadClass(Launcher.java:274)<br/>\n<blockquote><span title=\"ireply\"> &gt; <br/>\n&gt;     [junit]     at<br/>\n&gt;<br/>\n </span></blockquote>java.lang.ClassLoader.loadClass(ClassLoader.java:235)<br/>\n<blockquote><span title=\"ireply\"> &gt;     [junit]     at<br/>\n&gt;<br/>\n </span></blockquote>java.lang.ClassLoader.loadClassInternal(ClassLoader.java:302)<br/>\n<blockquote><span title=\"qreply\"> &gt; <br/>\n&gt;     [junit]     at java.lang.Class.forName0(Native<br/>\n&gt; Method)<br/>\n&gt;     [junit]     at<br/>\n&gt; java.lang.Class.forName(Class.java:141)<br/>\n&gt; <br/>\n&gt; <br/>\n&gt;     [junit] TEST AlwaysWillFailTest FAILED<br/>\n&gt; <br/>\n&gt; BUILD SUCCESSFUL<br/>\n&gt; Total time: 2 seconds<br/>\n&gt; <br/>\n&gt; <br/>\n&gt; <br/>\n&gt; <br/>\n&gt; Here is the simple Ant code:<br/>\n&gt; <br/>\n&gt; <br/>\n&gt; &lt;target name=&quot;test-server&quot;&gt;<br/>\n&gt; <br/>\n&gt;         &lt;mkdir dir=&quot;${test-results}/server&quot;/&gt;<br/>\n&gt; <br/>\n&gt;         &lt;junit printsummary=&quot;true&quot; showoutput=&quot;yes&quot;&gt;<br/>\n&gt;                 &lt;formatter type=&quot;brief&quot;<br/>\n&gt; usefile=&quot;false&quot;/&gt;<br/>\n&gt;                 &lt;formatter type=&quot;xml&quot;/&gt;<br/>\n&gt;                 &lt;test name=&quot;AlwaysWillFailTest&quot; /&gt;<br/>\n&gt; <br/>\n&gt;         &lt;/junit&gt;<br/>\n&gt; <br/>\n&gt; &lt;!--<br/>\n&gt; <br/>\n&gt;         &lt;junitreport todir=&quot;${test-results}/server&quot;&gt;<br/>\n&gt;                 &lt;fileset dir=&quot;.&quot;&gt;<br/>\n&gt;                         &lt;include<br/>\n&gt; name=&quot;reports/test-results/server/TEST-*.xml&quot;/&gt;<br/>\n&gt;                 &lt;/fileset&gt;<br/>\n&gt;                 &lt;report format=&quot;frames&quot;<br/>\n&gt; todir=&quot;${test-reports}/server&quot;/&gt;<br/>\n&gt;         &lt;/junitreport&gt;<br/>\n&gt;         &lt;echo message=&quot;junitreport done...&quot;/&gt;<br/>\n&gt; --&gt;<br/>\n&gt; <br/>\n&gt; &lt;/target&gt;<br/>\n&gt; <br/>\n&gt; <br/>\n&gt; Here is the Junit code:<br/>\n&gt; <br/>\n&gt; <br/>\n&gt; package com.elementalsecurity.server.test;<br/>\n&gt; <br/>\n&gt; /**<br/>\n&gt;  * Element Security. All Rights Reserved, 2003.<br/>\n&gt;  * User: Stefan Gower<br/>\n&gt;  * Date: Oct 30, 2003<br/>\n&gt;  * Time: 12:26:05 PM<br/>\n&gt;  */<br/>\n&gt; <br/>\n&gt; <br/>\n&gt; import junit.framework.TestCase;<br/>\n&gt; <br/>\n&gt; import junit.framework.TestSuite;<br/>\n&gt; <br/>\n&gt; import junit.framework.Test;<br/>\n&gt; <br/>\n&gt; <br/>\n&gt; /** A JUnit test. **/<br/>\n&gt; <br/>\n&gt; <br/>\n&gt; public class AlwaysWillFailTest extends TestCase {<br/>\n&gt; <br/>\n&gt; <br/>\n&gt;     /**<br/>\n&gt; <br/>\n&gt;      * Constructor for test case.<br/>\n&gt; <br/>\n&gt;      */<br/>\n&gt; <br/>\n&gt;     public AlwaysWillFailTest(String name) {<br/>\n&gt; <br/>\n&gt;         super(name);<br/>\n&gt; <br/>\n&gt;     }<br/>\n&gt; <br/>\n&gt; <br/>\n&gt;     /**<br/>\n&gt; <br/>\n&gt;      * Entry point for running the<br/>\n&gt; <br/>\n&gt;      * test from the command line.<br/>\n&gt; <br/>\n&gt;      */<br/>\n&gt; <br/>\n&gt;  public static void main(String[] args) {<br/>\n&gt; <br/>\n&gt;      junit.textui.TestRunner.run(suite());<br/>\n&gt; <br/>\n&gt;  }<br/>\n&gt; <br/>\n&gt; <br/>\n&gt;  /** Set up the test. **/<br/>\n&gt; <br/>\n&gt; <br/>\n&gt;  protected void setUp() {<br/>\n&gt; <br/>\n&gt;      // do setup here...<br/>\n&gt; <br/>\n&gt;  }<br/>\n&gt; <br/>\n&gt; <br/>\n&gt;  /** Tear down the test. **/<br/>\n&gt; <br/>\n&gt; <br/>\n&gt;  protected void tearDown() {<br/>\n&gt; <br/>\n&gt;      // tear down the test here...<br/>\n&gt; <br/>\n&gt;  }<br/>\n&gt; <br/>\n&gt; <br/>\n&gt;  /** Run test test suite. **/<br/>\n&gt; <br/>\n&gt; <br/>\n&gt;  public static Test suite() {<br/>\n&gt; <br/>\n&gt;      TestSuite suite = new<br/>\n&gt; TestSuite(AlwaysWillFailTest.class);<br/>\n&gt; <br/>\n&gt;      return suite;<br/>\n&gt; <br/>\n&gt;  }<br/>\n&gt; <br/>\n&gt; <br/>\n&gt;  /** Run a basic test. **/<br/>\n&gt; <br/>\n&gt; <br/>\n&gt;  public void testBasic() {<br/>\n&gt; <br/>\n&gt;     public void testBasic() {<br/>\n&gt; <br/>\n&gt; <br/>\n&gt;       System.out.println(&quot;Test is a test that will<br/>\n&gt; always fail...&quot;);<br/>\n&gt;       fail(&quot;I am a failure!&quot;);<br/>\n&gt; <br/>\n&gt;     }<br/>\n&gt; <br/>\n&gt; </span></blockquote></div>", 
    "prevInTime": 10225, 
    "specialLinks": [], 
    "contentTrasformed": false, 
    "postDate": "1074403345", 
    "canDelete": false, 
    "nextInTopic": 10245, 
    "prevInTopic": 0, 
    "headers": {
        "messageIdInHeader": "PGJ1ZDU2aCtwdXZmQGVHcm91cHMuY29tPg=="
    }
}