{
    "numMessagesInTopic": 4, 
    "nextInTime": 109, 
    "senderId": "H0RJwWKWuorJ0EGdEnHm0r1-uL46TK-KH28UFHuDDWGOgmUjjyG0O5oCsT8GRrTH3wIBTskStiC2oF5mVfAJ7LQ65djZz-r9QjcJ1fc", 
    "systemMessage": false, 
    "subject": "Junit 3.4 + RedHat Linux 7.0 == 2 test failures?", 
    "from": "&quot;Mike Greiner&quot; &lt;mikegreiner@...&gt;", 
    "authorName": "Mike Greiner", 
    "msgSnippet": "Hello All, ... ..........................................................................F.F... Time: 16.399 FAILURES!!! Test Results: Run: 78 Failures: 2", 
    "msgId": 108, 
    "topicId": 108, 
    "spamInfo": {
        "reason": "0", 
        "isSpam": false
    }, 
    "replyTo": "LIST", 
    "userId": 0, 
    "messageBody": "<div id=\"ygrps-yiv-782541858\">Hello All,<br/>\n<br/>\nI just unzipped junit 3.4 on my RedHat 7.0 linux box (i386) and tried to run the sample tests to verify the install. When run with Sun&#39;s JDK 1.3 I see the following:<br/>\n<br/>\n:-) &gt;java junit.textui.TestRunner junit.samples.AllTests<br/>\n..........................................................................F.F...<br/>\nTime: 16.399<br/>\n <br/>\nFAILURES!!!<br/>\nTest Results:<br/>\nRun: 78 Failures: 2 Errors: 0<br/>\nThere were 2 failures:<br/>\n1) testError(junit.tests.TextRunnerTest) &quot;expected:&lt;-1&gt; but was:&lt;0&gt;&quot;<br/>\n2) testFailure(junit.tests.TextRunnerTest) &quot;expected:&lt;-1&gt; but was:&lt;0&gt;&quot;        <br/>\n<br/>\n<br/>\nWhen run with the Blackdown 1.2.2 JDK it still fails, but with an return value of 255 rather than 0:<br/>\n<br/>\n:-) &gt;java junit.textui.TestRunner junit.samples.AllTests<br/>\n..........................................................................F..F..<br/>\nTime: 1.928<br/>\n <br/>\nFAILURES!!!<br/>\nTest Results:<br/>\nRun: 78 Failures: 2 Errors: 0<br/>\nThere were 2 failures:<br/>\n1) testFailure(junit.tests.TextRunnerTest) &quot;expected:&lt;-1&gt; but was:&lt;255&gt;&quot;<br/>\n2) testError(junit.tests.TextRunnerTest) &quot;expected:&lt;-1&gt; but was:&lt;255&gt;&quot;     <br/>\n<br/>\n<br/>\nI changed my path each time to pick up the desired JDK. I&#39;m on day 2 of my junit experimentation (yesterday had good success with version 2.1 but I wanted to check out the new stuff) so it&#39;s quite possible I&#39;m doing something wrong.<br/>\n<br/>\nVersion 3.4 seems to be working fine for the few tests I&#39;ve written myself, but I&#39;d like the secure feeling of seeing junit&#39;s own self-tests pass.<br/>\n<br/>\nSuggestions?<br/>\n<br/>\nThanks much, Mike<br/>\n<br/>\n<br/>\nP.S. Yes, for whatever reason, Blackdown&#39;s JDK 1.2.2 is much faster running these tests than Sun&#39;s JDK 1.3.</div>", 
    "prevInTime": 107, 
    "specialLinks": [], 
    "contentTrasformed": false, 
    "postDate": "976666133", 
    "canDelete": false, 
    "nextInTopic": 109, 
    "prevInTopic": 0, 
    "headers": {
        "messageIdInHeader": "PDkxNmVtbCs0cWxzQGVHcm91cHMuY29tPg=="
    }
}