{
    "numMessagesInTopic": 4, 
    "nextInTime": 110, 
    "senderId": "44HkVOJyMxLwb0ZKDPhRAVw9SPEwTYDLsPCCDJAJaUrAROQpX_JLjpmJYM9CFv58MCH2fIK2-3gYNs-PGQItoplX", 
    "systemMessage": false, 
    "subject": "Re: [junit] Junit 3.4 + RedHat Linux 7.0 == 2 test failures?", 
    "from": "Kevin Kim &lt;kykim@...&gt;", 
    "authorName": "Kevin Kim", 
    "msgSnippet": "This is a bug in the JVM implementation. So,  I don’t know about Red Hat, but with Blackdown, getting 255 instead of –1 is a missing cast in the JVM. In a", 
    "msgId": 109, 
    "topicId": 108, 
    "spamInfo": {
        "reason": "0", 
        "isSpam": false
    }, 
    "replyTo": "LIST", 
    "userId": 0, 
    "messageBody": "<div id=\"ygrps-yiv-1260019294\">This is a bug in the JVM implementation.<br/>\n<br/>\nSo,  I don�t know about Red Hat, but with Blackdown,<br/>\ngetting 255 instead of �1 is a missing cast in the<br/>\nJVM.<br/>\n<br/>\nIn a JVM file (UNIXProcess.c??), the offend line<br/>\nprobably reads:<br/>\n    exit_val = WEXITSTATUS(status);<br/>\nit should read<br/>\n    exit_val = (signed char)WEXITSTATUS(status)<br/>\nor something like that.<br/>\n<br/>\nComplain to the JVM implementor.<br/>\n<br/>\n-kevin<br/>\n<br/>\non 12/12/00 19:08, Mike Greiner at<br/>\n<a rel=\"nofollow\" target=\"_blank\" href=\"mailto:mikegreiner@...\">mikegreiner@...</a> wrote:<br/>\n<br/>\nHello All,<br/>\n<br/>\nI just unzipped junit 3.4 on my RedHat 7.0 linux box<br/>\n(i386) and tried to run the sample tests to verify the<br/>\ninstall. When run with Sun&#39;s JDK 1.3 I see the<br/>\nfollowing:<br/>\n<br/>\n:-) &gt;java junit.textui.TestRunner<br/>\njunit.samples.AllTests<br/>\n..........................................................................F.F...<br/>\nTime: 16.399<br/>\n<br/>\nFAILURES!!!<br/>\nTest Results:<br/>\nRun: 78 Failures: 2 Errors: 0<br/>\nThere were 2 failures:<br/>\n1) testError(junit.tests.TextRunnerTest)<br/>\n&quot;expected:&lt;-1&gt; but was:&lt;0&gt;&quot;<br/>\n2) testFailure(junit.tests.TextRunnerTest)<br/>\n&quot;expected:&lt;-1&gt; but was:&lt;0&gt;&quot;        <br/>\n<br/>\n<br/>\nWhen run with the Blackdown 1.2.2 JDK it still fails,<br/>\nbut with an return value of 255 rather than 0:<br/>\n<br/>\n:-) &gt;java junit.textui.TestRunner<br/>\njunit.samples.AllTests<br/>\n..........................................................................F..F..<br/>\nTime: 1.928<br/>\n<br/>\nFAILURES!!!<br/>\nTest Results:<br/>\nRun: 78 Failures: 2 Errors: 0<br/>\nThere were 2 failures:<br/>\n1) testFailure(junit.tests.TextRunnerTest)<br/>\n&quot;expected:&lt;-1&gt; but was:&lt;255&gt;&quot;<br/>\n2) testError(junit.tests.TextRunnerTest)<br/>\n&quot;expected:&lt;-1&gt; but was:&lt;255&gt;&quot;     <br/>\n<br/>\n<br/>\nI changed my path each time to pick up the desired<br/>\nJDK. I&#39;m on day 2 of my junit experimentation<br/>\n(yesterday had good success with version 2.1 but I<br/>\nwanted to check out the new stuff) so it&#39;s quite<br/>\npossible I&#39;m doing something wrong.<br/>\n<br/>\nVersion 3.4 seems to be working fine for the few tests<br/>\nI&#39;ve written myself, but I&#39;d like the secure feeling<br/>\nof seeing junit&#39;s own self-tests pass.<br/>\n<br/>\nSuggestions?<br/>\n<br/>\nThanks much, Mike<br/>\n<br/>\n<br/>\nP.S. Yes, for whatever reason, Blackdown&#39;s JDK 1.2.2<br/>\nis much faster running these tests than Sun&#39;s JDK 1.3.<br/>\n<br/>\n<br/>\neGroups Sponsor <br/>\n<br/>\nTo unsubscribe from this group, send an email to:<br/>\n<a rel=\"nofollow\" target=\"_blank\" href=\"mailto:junit-unsubscribe@egroups.com\">junit-unsubscribe@egroups.com</a><br/>\n<br/>\n<br/>\n<br/>\n<br/>\n<br/>\n<br/>\n__________________________________________________<br/>\nDo You Yahoo!?<br/>\nYahoo! Shopping - Thousands of Stores. Millions of Products.<br/>\n<a rel=\"nofollow\" target=\"_blank\" href=\"http://shopping.yahoo.com/\">http://shopping.yahoo.com/</a></div>", 
    "prevInTime": 108, 
    "specialLinks": [], 
    "contentTrasformed": false, 
    "postDate": "976692693", 
    "canDelete": false, 
    "nextInTopic": 110, 
    "prevInTopic": 108, 
    "headers": {
        "messageIdInHeader": "PDIwMDAxMjEzMDczMTMzLjkwNzQ4LnFtYWlsQHdlYjExMjA2Lm1haWwueWFob28uY29tPg=="
    }
}