{
    "numMessagesInTopic": 1, 
    "nextInTime": 113, 
    "senderId": "7bQ7Q4HpBVBj50qxSeozP-kwmYst567HZEpcIkZRIJsbGMol-5q-CjyH5f3krvFT9JDxxIGiBoFPzoxsYGdVdLwYpdo1to1nRwRlNpkdIfXfUU0", 
    "systemMessage": false, 
    "subject": "CreateProcess Errors in AllTests", 
    "from": "&quot;Randy Cox&quot; &lt;randy.cox@...&gt;", 
    "authorName": "Randy Cox", 
    "msgSnippet": "I just started looking at JUnit yesterday.  I am running in VAJava 3.5 on Windows NT sp6a. I run the junit.test.AllTests and got the following output. Any help", 
    "msgId": 112, 
    "topicId": 112, 
    "spamInfo": {
        "reason": "0", 
        "isSpam": false
    }, 
    "replyTo": "LIST", 
    "userId": 0, 
    "messageBody": "<div id=\"ygrps-yiv-253214379\">\n<html><head>\n \n \n<style></style>\n</head>\n \n<div><font size=\"2\">I just started looking at JUnit yesterday.&nbsp; I am running \nin VAJava 3.5 on Windows NT sp6a.</font></div>\n<div><font size=\"2\"></font>&nbsp;</div>\n<div><font size=\"2\">I run the junit.test.AllTests and got the following \noutput.</font></div>\n<div><font size=\"2\"></font>&nbsp;</div>\n<div><font size=\"2\">Any help on why I am getting these createProcess \nerrors?</font></div>\n<div><font size=\"2\"></font>&nbsp;</div>\n<div><font size=\"2\">Randy Cox</font></div>\n<div><font size=\"2\">CCSI</font></div>\n<div><font size=\"2\"></font>&nbsp;</div>\n<div><font size=\"2\">-----</font></div>\n<div><font size=\"2\">...............................................E.E.E<br>Time: \n5.218</font></div>\n<div><font size=\"2\"></font>&nbsp;</div>\n<div><font size=\"2\">FAILURES!!!<br>Test Results:<br>Run: 49 Failures: 0 Errors: \n3<br>There were 3 errors:<br>1) \ntestSuccess(junit.tests.TextRunnerTest)<br>java.io.IOException: CreateProcess: \nd:&#92;VAJava&#92;ide&#92;program&#92;bin&#92;java -cp . junit.textui.TestRunner \njunit.tests.Success&nbsp; \nerror=3<br>&nbsp;java.lang.Throwable(java.lang.String)<br>&nbsp;java.lang.Exception(java.lang.String)<br>&nbsp;java.io.IOException(java.lang.String)<br>&nbsp;int \njava.lang.Win32Process.create(java.lang.String, java.lang.String, \njava.io.FileDescriptor, java.io.FileDescriptor, \njava.io.FileDescriptor)<br>&nbsp;java.lang.Win32Process(java.lang.String [], \njava.lang.String [])<br>&nbsp;java.lang.Process \njava.lang.Runtime.execInternal(java.lang.String [], java.lang.String \n[])<br>&nbsp;java.lang.Process java.lang.Runtime.exec(java.lang.String [], \njava.lang.String [])<br>&nbsp;java.lang.Process \njava.lang.Runtime.exec(java.lang.String [])<br>&nbsp;void \njunit.tests.TextRunnerTest.execTest(java.lang.String, int)<br>&nbsp;void \njunit.tests.TextRunnerTest.testSuccess()<br>&nbsp;java.lang.Object \njava.lang.reflect.Method.invoke(java.lang.Object, java.lang.Object \n[])<br>&nbsp;void junit.framework.TestCase.runTest()<br>&nbsp;void \njunit.framework.TestCase.runBare()<br>&nbsp;void \njunit.framework.TestResult$1.protect()<br>&nbsp;void \njunit.framework.TestResult.runProtected(junit.framework.Test, \njunit.framework.Protectable)<br>&nbsp;void \njunit.framework.TestResult.run(junit.framework.TestCase)<br>&nbsp;void \njunit.framework.TestCase.run(junit.framework.TestResult)<br>&nbsp;void \njunit.framework.TestSuite.runTest(junit.framework.Test, \njunit.framework.TestResult)<br>&nbsp;void \njunit.framework.TestSuite.run(junit.framework.TestResult)<br>&nbsp;void \njunit.framework.TestSuite.runTest(junit.framework.Test, \njunit.framework.TestResult)<br>&nbsp;void \njunit.framework.TestSuite.run(junit.framework.TestResult)<br>&nbsp;junit.framework.TestResult \njunit.textui.TestRunner.doRun(junit.framework.Test, boolean)<br>&nbsp;void \njunit.textui.TestRunner.run(junit.framework.Test)<br>&nbsp;void \njunit.tests.AllTests.main(java.lang.String [])</font></div>\n<div><font size=\"2\"></font>&nbsp;</div>\n<div><font size=\"2\">2) \ntestError(junit.tests.TextRunnerTest)<br>java.io.IOException: CreateProcess: \nd:&#92;VAJava&#92;ide&#92;program&#92;bin&#92;java -cp . junit.textui.TestRunner \njunit.tests.BogusDude&nbsp; \nerror=3<br>&nbsp;java.lang.Throwable(java.lang.String)<br>&nbsp;java.lang.Exception(java.lang.String)<br>&nbsp;java.io.IOException(java.lang.String)<br>&nbsp;int \njava.lang.Win32Process.create(java.lang.String, java.lang.String, \njava.io.FileDescriptor, java.io.FileDescriptor, \njava.io.FileDescriptor)<br>&nbsp;java.lang.Win32Process(java.lang.String [], \njava.lang.String [])<br>&nbsp;java.lang.Process \njava.lang.Runtime.execInternal(java.lang.String [], java.lang.String \n[])<br>&nbsp;java.lang.Process java.lang.Runtime.exec(java.lang.String [], \njava.lang.String [])<br>&nbsp;java.lang.Process \njava.lang.Runtime.exec(java.lang.String [])<br>&nbsp;void \njunit.tests.TextRunnerTest.execTest(java.lang.String, int)<br>&nbsp;void \njunit.tests.TextRunnerTest.testError()<br>&nbsp;java.lang.Object \njava.lang.reflect.Method.invoke(java.lang.Object, java.lang.Object \n[])<br>&nbsp;void junit.framework.TestCase.runTest()<br>&nbsp;void \njunit.framework.TestCase.runBare()<br>&nbsp;void \njunit.framework.TestResult$1.protect()<br>&nbsp;void \njunit.framework.TestResult.runProtected(junit.framework.Test, \njunit.framework.Protectable)<br>&nbsp;void \njunit.framework.TestResult.run(junit.framework.TestCase)<br>&nbsp;void \njunit.framework.TestCase.run(junit.framework.TestResult)<br>&nbsp;void \njunit.framework.TestSuite.runTest(junit.framework.Test, \njunit.framework.TestResult)<br>&nbsp;void \njunit.framework.TestSuite.run(junit.framework.TestResult)<br>&nbsp;void \njunit.framework.TestSuite.runTest(junit.framework.Test, \njunit.framework.TestResult)<br>&nbsp;void \njunit.framework.TestSuite.run(junit.framework.TestResult)<br>&nbsp;junit.framework.TestResult \njunit.textui.TestRunner.doRun(junit.framework.Test, boolean)<br>&nbsp;void \njunit.textui.TestRunner.run(junit.framework.Test)<br>&nbsp;void \njunit.tests.AllTests.main(java.lang.String [])</font></div>\n<div><font size=\"2\"></font>&nbsp;</div>\n<div><font size=\"2\">3) \ntestFailure(junit.tests.TextRunnerTest)<br>java.io.IOException: CreateProcess: \nd:&#92;VAJava&#92;ide&#92;program&#92;bin&#92;java -cp . junit.textui.TestRunner \njunit.tests.Failure&nbsp; \nerror=3<br>&nbsp;java.lang.Throwable(java.lang.String)<br>&nbsp;java.lang.Exception(java.lang.String)<br>&nbsp;java.io.IOException(java.lang.String)<br>&nbsp;int \njava.lang.Win32Process.create(java.lang.String, java.lang.String, \njava.io.FileDescriptor, java.io.FileDescriptor, \njava.io.FileDescriptor)<br>&nbsp;java.lang.Win32Process(java.lang.String [], \njava.lang.String [])<br>&nbsp;java.lang.Process \njava.lang.Runtime.execInternal(java.lang.String [], java.lang.String \n[])<br>&nbsp;java.lang.Process java.lang.Runtime.exec(java.lang.String [], \njava.lang.String [])<br>&nbsp;java.lang.Process \njava.lang.Runtime.exec(java.lang.String [])<br>&nbsp;void \njunit.tests.TextRunnerTest.execTest(java.lang.String, int)<br>&nbsp;void \njunit.tests.TextRunnerTest.testFailure()<br>&nbsp;java.lang.Object \njava.lang.reflect.Method.invoke(java.lang.Object, java.lang.Object \n[])<br>&nbsp;void junit.framework.TestCase.runTest()<br>&nbsp;void \njunit.framework.TestCase.runBare()<br>&nbsp;void \njunit.framework.TestResult$1.protect()<br>&nbsp;void \njunit.framework.TestResult.runProtected(junit.framework.Test, \njunit.framework.Protectable)<br>&nbsp;void \njunit.framework.TestResult.run(junit.framework.TestCase)<br>&nbsp;void \njunit.framework.TestCase.run(junit.framework.TestResult)<br>&nbsp;void \njunit.framework.TestSuite.runTest(junit.framework.Test, \njunit.framework.TestResult)<br>&nbsp;void \njunit.framework.TestSuite.run(junit.framework.TestResult)<br>&nbsp;void \njunit.framework.TestSuite.runTest(junit.framework.Test, \njunit.framework.TestResult)<br>&nbsp;void \njunit.framework.TestSuite.run(junit.framework.TestResult)<br>&nbsp;junit.framework.TestResult \njunit.textui.TestRunner.doRun(junit.framework.Test, boolean)<br>&nbsp;void \njunit.textui.TestRunner.run(junit.framework.Test)<br>&nbsp;void \njunit.tests.AllTests.main(java.lang.String [])</font></div>\n<div><font size=\"2\"></font>&nbsp;</div>\n<div><font size=\"2\"><br></font>&nbsp;</div></html></div>", 
    "prevInTime": 111, 
    "specialLinks": [], 
    "contentTrasformed": false, 
    "postDate": "976727156", 
    "canDelete": false, 
    "nextInTopic": 0, 
    "prevInTopic": 0, 
    "headers": {
        "messageIdInHeader": "PDAwNDMwMWMwNjUyNiRmNjBkOGUyMCQyOTUxMWRhY0Bhc2IuY291bnRyeWNvbXBhbmllcy5jb20+"
    }
}