{
    "topicId": 112, 
    "postDate": "976727156", 
    "spamInfo": {
        "reason": "0", 
        "isSpam": false
    }, 
    "from": "&quot;Randy Cox&quot; &lt;randy.cox@...&gt;", 
    "canDelete": false, 
    "replyTo": "LIST", 
    "senderId": "-2qsF2_kx2DaRL10437Ne9q8ixOkbdn-hIcBPy0AXk-qbwCicWu24coFYXJLA4DC_9k5CAFco1nlUZks6WVkgz8Xw6nntGLykynYwei0S59uV1Y", 
    "nextInTime": 113, 
    "userId": 0, 
    "prevInTime": 111, 
    "prevInTopic": 0, 
    "headers": {
        "messageIdInHeader": "PDAwNDMwMWMwNjUyNiRmNjBkOGUyMCQyOTUxMWRhY0Bhc2IuY291bnRyeWNvbXBhbmllcy5jb20+"
    }, 
    "authorName": "Randy Cox", 
    "numMessagesInTopic": 1, 
    "msgSnippet": "I just started looking at JUnit yesterday.  I am running in VAJava 3.5 on Windows NT sp6a. I run the junit.test.AllTests and got the following output. Any help", 
    "contentTrasformed": false, 
    "msgId": 112, 
    "nextInTopic": 0, 
    "systemMessage": false, 
    "rawEmail": "Return-Path: &lt;randy.cox@...&gt;\r\nX-Sender: randy.cox@...\r\nX-Apparently-To: junit@egroups.com\r\nReceived: (EGP: mail-6_3_1_3); 13 Dec 2000 17:07:52 -0000\r\nReceived: (qmail 57663 invoked from network); 13 Dec 2000 17:07:51 -0000\r\nReceived: from unknown (10.1.10.26) by l9.egroups.com with QMQP; 13 Dec 2000 17:07:51 -0000\r\nReceived: from unknown (HELO uadvg137.cms.usa.net) (165.212.11.137) by mta1 with SMTP; 13 Dec 2000 17:07:50 -0000\r\nReceived: (qmail 13731 invoked by uid 0); 13 Dec 2000 17:07:49 -0000\r\nReceived: from R2512033 [208.7.42.202] by ca37 via mtad (53CM.1000.1.04)  with ESMTP id 977eLmRHW0402M37; Wed, 13 Dec 2000 17:07:49 GMT\r\nMessage-ID: &lt;004301c06526$f60d8e20$29511dac@...&gt;\r\nReply-To: &quot;Randy Cox&quot; &lt;randy.cox@...&gt;\r\nTo: &lt;junit@egroups.com&gt;\r\nSubject: CreateProcess Errors in AllTests\r\nDate: Wed, 13 Dec 2000 11:05:56 -0600\r\nOrganization: Country Companies\r\nMIME-Version: 1.0\r\nContent-Type: multipart/alternative; boundary=&quot;----=_NextPart_000_0040_01C064F4.AAA03DC0&quot;\r\nX-Priority: 3\r\nX-MSMail-Priority: Normal\r\nX-Mailer: Microsoft Outlook Express 5.50.4133.2400\r\nX-MimeOLE: Produced By Microsoft MimeOLE V5.50.4133.2400\r\nFrom: &quot;Randy Cox&quot; &lt;randy.cox@...&gt;\r\n\r\n\r\n------=_NextPart_000_0040_01C064F4.AAA03DC0\r\nContent-Type: text/plain;\n\tcharset=&quot;iso-8859-1&quot;\r\nContent-Transfer-Encoding: quoted-printable\r\n\r\nI just started looking at JUnit yesterday.  I am running in VAJava 3.5 on W=\r\nindows NT sp6a.\n\nI run the junit.test.AllTests and got the following output=\r\n.\n\nAny help on why I am getting these createProcess errors?\n\nRandy Cox\nCCSI=\r\n\n\n-----\n................................................E.E.E\nTime: 5.218\n\n=\r\nFAILURES!!!\nTest Results:\nRun: 49 Failures: 0 Errors: 3\nThere were 3 errors=\r\n:\n1) testSuccess(junit.tests.TextRunnerTest)\njava.io.IOException: CreatePro=\r\ncess: d:&#92;VAJava&#92;ide&#92;program&#92;bin&#92;java -cp . junit.textui.TestRunner junit.te=\r\nsts.Success  error=3D3\n java.lang.Throwable(java.lang.String)\n java.lang.Ex=\r\nception(java.lang.String)\n java.io.IOException(java.lang.String)\n int java.=\r\nlang.Win32Process.create(java.lang.String, java.lang.String, java.io.FileDe=\r\nscriptor, java.io.FileDescriptor, java.io.FileDescriptor)\n java.lang.Win32P=\r\nrocess(java.lang.String [], java.lang.String [])\n java.lang.Process java.la=\r\nng.Runtime.execInternal(java.lang.String [], java.lang.String [])\n java.lan=\r\ng.Process java.lang.Runtime.exec(java.lang.String [], java.lang.String [])\n=\r\n java.lang.Process java.lang.Runtime.exec(java.lang.String [])\n void junit.=\r\ntests.TextRunnerTest.execTest(java.lang.String, int)\n void junit.tests.Text=\r\nRunnerTest.testSuccess()\n java.lang.Object java.lang.reflect.Method.invoke(=\r\njava.lang.Object, java.lang.Object [])\n void junit.framework.TestCase.runTe=\r\nst()\n void junit.framework.TestCase.runBare()\n void junit.framework.TestRes=\r\nult$1.protect()\n void junit.framework.TestResult.runProtected(junit.framewo=\r\nrk.Test, junit.framework.Protectable)\n void junit.framework.TestResult.run(=\r\njunit.framework.TestCase)\n void junit.framework.TestCase.run(junit.framewor=\r\nk.TestResult)\n void junit.framework.TestSuite.runTest(junit.framework.Test,=\r\n junit.framework.TestResult)\n void junit.framework.TestSuite.run(junit.fram=\r\nework.TestResult)\n void junit.framework.TestSuite.runTest(junit.framework.T=\r\nest, junit.framework.TestResult)\n void junit.framework.TestSuite.run(junit.=\r\nframework.TestResult)\n junit.framework.TestResult junit.textui.TestRunner.d=\r\noRun(junit.framework.Test, boolean)\n void junit.textui.TestRunner.run(junit=\r\n.framework.Test)\n void junit.tests.AllTests.main(java.lang.String [])\n\n2) t=\r\nestError(junit.tests.TextRunnerTest)\njava.io.IOException: CreateProcess: d:=\r\n&#92;VAJava&#92;ide&#92;program&#92;bin&#92;java -cp . junit.textui.TestRunner junit.tests.Bogu=\r\nsDude  error=3D3\n java.lang.Throwable(java.lang.String)\n java.lang.Exceptio=\r\nn(java.lang.String)\n java.io.IOException(java.lang.String)\n int java.lang.W=\r\nin32Process.create(java.lang.String, java.lang.String, java.io.FileDescript=\r\nor, java.io.FileDescriptor, java.io.FileDescriptor)\n java.lang.Win32Process=\r\n(java.lang.String [], java.lang.String [])\n java.lang.Process java.lang.Run=\r\ntime.execInternal(java.lang.String [], java.lang.String [])\n java.lang.Proc=\r\ness java.lang.Runtime.exec(java.lang.String [], java.lang.String [])\n java.=\r\nlang.Process java.lang.Runtime.exec(java.lang.String [])\n void junit.tests.=\r\nTextRunnerTest.execTest(java.lang.String, int)\n void junit.tests.TextRunner=\r\nTest.testError()\n java.lang.Object java.lang.reflect.Method.invoke(java.lan=\r\ng.Object, java.lang.Object [])\n void junit.framework.TestCase.runTest()\n vo=\r\nid junit.framework.TestCase.runBare()\n void junit.framework.TestResult$1.pr=\r\notect()\n void junit.framework.TestResult.runProtected(junit.framework.Test,=\r\n junit.framework.Protectable)\n void junit.framework.TestResult.run(junit.fr=\r\namework.TestCase)\n void junit.framework.TestCase.run(junit.framework.TestRe=\r\nsult)\n void junit.framework.TestSuite.runTest(junit.framework.Test, junit.f=\r\nramework.TestResult)\n void junit.framework.TestSuite.run(junit.framework.Te=\r\nstResult)\n void junit.framework.TestSuite.runTest(junit.framework.Test, jun=\r\nit.framework.TestResult)\n void junit.framework.TestSuite.run(junit.framewor=\r\nk.TestResult)\n junit.framework.TestResult junit.textui.TestRunner.doRun(jun=\r\nit.framework.Test, boolean)\n void junit.textui.TestRunner.run(junit.framewo=\r\nrk.Test)\n void junit.tests.AllTests.main(java.lang.String [])\n\n3) testFailu=\r\nre(junit.tests.TextRunnerTest)\njava.io.IOException: CreateProcess: d:&#92;VAJav=\r\na&#92;ide&#92;program&#92;bin&#92;java -cp . junit.textui.TestRunner junit.tests.Failure  e=\r\nrror=3D3\n java.lang.Throwable(java.lang.String)\n java.lang.Exception(java.l=\r\nang.String)\n java.io.IOException(java.lang.String)\n int java.lang.Win32Proc=\r\ness.create(java.lang.String, java.lang.String, java.io.FileDescriptor, java=\r\n.io.FileDescriptor, java.io.FileDescriptor)\n java.lang.Win32Process(java.la=\r\nng.String [], java.lang.String [])\n java.lang.Process java.lang.Runtime.exe=\r\ncInternal(java.lang.String [], java.lang.String [])\n java.lang.Process java=\r\n.lang.Runtime.exec(java.lang.String [], java.lang.String [])\n java.lang.Pro=\r\ncess java.lang.Runtime.exec(java.lang.String [])\n void junit.tests.TextRunn=\r\nerTest.execTest(java.lang.String, int)\n void junit.tests.TextRunnerTest.tes=\r\ntFailure()\n java.lang.Object java.lang.reflect.Method.invoke(java.lang.Obje=\r\nct, java.lang.Object [])\n void junit.framework.TestCase.runTest()\n void jun=\r\nit.framework.TestCase.runBare()\n void junit.framework.TestResult$1.protect(=\r\n)\n void junit.framework.TestResult.runProtected(junit.framework.Test, junit=\r\n.framework.Protectable)\n void junit.framework.TestResult.run(junit.framewor=\r\nk.TestCase)\n void junit.framework.TestCase.run(junit.framework.TestResult)\n=\r\n void junit.framework.TestSuite.runTest(junit.framework.Test, junit.framewo=\r\nrk.TestResult)\n void junit.framework.TestSuite.run(junit.framework.TestResu=\r\nlt)\n void junit.framework.TestSuite.runTest(junit.framework.Test, junit.fra=\r\nmework.TestResult)\n void junit.framework.TestSuite.run(junit.framework.Test=\r\nResult)\n junit.framework.TestResult junit.textui.TestRunner.doRun(junit.fra=\r\nmework.Test, boolean)\n void junit.textui.TestRunner.run(junit.framework.Tes=\r\nt)\n void junit.tests.AllTests.main(java.lang.String [])\n\n\n\n\r\n------=_NextPart_000_0040_01C064F4.AAA03DC0\r\nContent-Type: text/html;\n\tcharset=&quot;iso-8859-1&quot;\r\nContent-Transfer-Encoding: quoted-printable\r\n\r\n&lt;!DOCTYPE HTML PUBLIC &quot;-//W3C//DTD HTML 4.0 Transitional//EN&quot;&gt;\n&lt;HTML&gt;&lt;HEAD&gt;=\r\n\n&lt;META http-equiv=3DContent-Type content=3D&quot;text/html; charset=3Diso-8859-1=\r\n&quot;&gt;\n&lt;META content=3D&quot;MSHTML 5.50.4134.600&quot; name=3DGENERATOR&gt;\n&lt;STYLE&gt;&lt;/STYLE&gt;=\r\n\n&lt;/HEAD&gt;\n&lt;BODY bgColor=3D#ffffff&gt;\n&lt;DIV&gt;&lt;FONT size=3D2&gt;I just started lookin=\r\ng at JUnit yesterday.&nbsp; I am running \nin VAJava 3.5 on Windows NT sp6a.=\r\n&lt;/FONT&gt;&lt;/DIV&gt;\n&lt;DIV&gt;&lt;FONT size=3D2&gt;&lt;/FONT&gt;&nbsp;&lt;/DIV&gt;\n&lt;DIV&gt;&lt;FONT size=3D2&gt;I=\r\n run the junit.test.AllTests and got the following \noutput.&lt;/FONT&gt;&lt;/DIV&gt;\n&lt;D=\r\nIV&gt;&lt;FONT size=3D2&gt;&lt;/FONT&gt;&nbsp;&lt;/DIV&gt;\n&lt;DIV&gt;&lt;FONT size=3D2&gt;Any help on why I=\r\n am getting these createProcess \nerrors?&lt;/FONT&gt;&lt;/DIV&gt;\n&lt;DIV&gt;&lt;FONT size=3D2&gt;&lt;=\r\n/FONT&gt;&nbsp;&lt;/DIV&gt;\n&lt;DIV&gt;&lt;FONT size=3D2&gt;Randy Cox&lt;/FONT&gt;&lt;/DIV&gt;\n&lt;DIV&gt;&lt;FONT si=\r\nze=3D2&gt;CCSI&lt;/FONT&gt;&lt;/DIV&gt;\n&lt;DIV&gt;&lt;FONT size=3D2&gt;&lt;/FONT&gt;&nbsp;&lt;/DIV&gt;\n&lt;DIV&gt;&lt;FONT=\r\n size=3D2&gt;-----&lt;/FONT&gt;&lt;/DIV&gt;\n&lt;DIV&gt;&lt;FONT size=3D2&gt;..........................=\r\n.....................E.E.E&lt;BR&gt;Time: \n5.218&lt;/FONT&gt;&lt;/DIV&gt;\n&lt;DIV&gt;&lt;FONT size=3D2=\r\n&gt;&lt;/FONT&gt;&nbsp;&lt;/DIV&gt;\n&lt;DIV&gt;&lt;FONT size=3D2&gt;FAILURES!!!&lt;BR&gt;Test Results:&lt;BR&gt;Ru=\r\nn: 49 Failures: 0 Errors: \n3&lt;BR&gt;There were 3 errors:&lt;BR&gt;1) \ntestSuccess(jun=\r\nit.tests.TextRunnerTest)&lt;BR&gt;java.io.IOException: CreateProcess: \nd:&#92;VAJava&#92;=\r\nide&#92;program&#92;bin&#92;java -cp . junit.textui.TestRunner \njunit.tests.Success&nbs=\r\np; \nerror=3D3&lt;BR&gt;&nbsp;java.lang.Throwable(java.lang.String)&lt;BR&gt;&nbsp;java.=\r\nlang.Exception(java.lang.String)&lt;BR&gt;&nbsp;java.io.IOException(java.lang.Str=\r\ning)&lt;BR&gt;&nbsp;int \njava.lang.Win32Process.create(java.lang.String, java.lan=\r\ng.String, \njava.io.FileDescriptor, java.io.FileDescriptor, \njava.io.FileDes=\r\ncriptor)&lt;BR&gt;&nbsp;java.lang.Win32Process(java.lang.String [], \njava.lang.St=\r\nring [])&lt;BR&gt;&nbsp;java.lang.Process \njava.lang.Runtime.execInternal(java.la=\r\nng.String [], java.lang.String \n[])&lt;BR&gt;&nbsp;java.lang.Process java.lang.Ru=\r\nntime.exec(java.lang.String [], \njava.lang.String [])&lt;BR&gt;&nbsp;java.lang.Pr=\r\nocess \njava.lang.Runtime.exec(java.lang.String [])&lt;BR&gt;&nbsp;void \njunit.tes=\r\nts.TextRunnerTest.execTest(java.lang.String, int)&lt;BR&gt;&nbsp;void \njunit.test=\r\ns.TextRunnerTest.testSuccess()&lt;BR&gt;&nbsp;java.lang.Object \njava.lang.reflect=\r\n.Method.invoke(java.lang.Object, java.lang.Object \n[])&lt;BR&gt;&nbsp;void junit.=\r\nframework.TestCase.runTest()&lt;BR&gt;&nbsp;void \njunit.framework.TestCase.runBar=\r\ne()&lt;BR&gt;&nbsp;void \njunit.framework.TestResult$1.protect()&lt;BR&gt;&nbsp;void \nju=\r\nnit.framework.TestResult.runProtected(junit.framework.Test, \njunit.framewor=\r\nk.Protectable)&lt;BR&gt;&nbsp;void \njunit.framework.TestResult.run(junit.framewor=\r\nk.TestCase)&lt;BR&gt;&nbsp;void \njunit.framework.TestCase.run(junit.framework.Tes=\r\ntResult)&lt;BR&gt;&nbsp;void \njunit.framework.TestSuite.runTest(junit.framework.T=\r\nest, \njunit.framework.TestResult)&lt;BR&gt;&nbsp;void \njunit.framework.TestSuite.=\r\nrun(junit.framework.TestResult)&lt;BR&gt;&nbsp;void \njunit.framework.TestSuite.ru=\r\nnTest(junit.framework.Test, \njunit.framework.TestResult)&lt;BR&gt;&nbsp;void \njun=\r\nit.framework.TestSuite.run(junit.framework.TestResult)&lt;BR&gt;&nbsp;junit.frame=\r\nwork.TestResult \njunit.textui.TestRunner.doRun(junit.framework.Test, boolea=\r\nn)&lt;BR&gt;&nbsp;void \njunit.textui.TestRunner.run(junit.framework.Test)&lt;BR&gt;&nbs=\r\np;void \njunit.tests.AllTests.main(java.lang.String [])&lt;/FONT&gt;&lt;/DIV&gt;\n&lt;DIV&gt;&lt;F=\r\nONT size=3D2&gt;&lt;/FONT&gt;&nbsp;&lt;/DIV&gt;\n&lt;DIV&gt;&lt;FONT size=3D2&gt;2) \ntestError(junit.te=\r\nsts.TextRunnerTest)&lt;BR&gt;java.io.IOException: CreateProcess: \nd:&#92;VAJava&#92;ide&#92;p=\r\nrogram&#92;bin&#92;java -cp . junit.textui.TestRunner \njunit.tests.BogusDude&nbsp; =\r\n\nerror=3D3&lt;BR&gt;&nbsp;java.lang.Throwable(java.lang.String)&lt;BR&gt;&nbsp;java.lan=\r\ng.Exception(java.lang.String)&lt;BR&gt;&nbsp;java.io.IOException(java.lang.String=\r\n)&lt;BR&gt;&nbsp;int \njava.lang.Win32Process.create(java.lang.String, java.lang.S=\r\ntring, \njava.io.FileDescriptor, java.io.FileDescriptor, \njava.io.FileDescri=\r\nptor)&lt;BR&gt;&nbsp;java.lang.Win32Process(java.lang.String [], \njava.lang.Strin=\r\ng [])&lt;BR&gt;&nbsp;java.lang.Process \njava.lang.Runtime.execInternal(java.lang.=\r\nString [], java.lang.String \n[])&lt;BR&gt;&nbsp;java.lang.Process java.lang.Runti=\r\nme.exec(java.lang.String [], \njava.lang.String [])&lt;BR&gt;&nbsp;java.lang.Proce=\r\nss \njava.lang.Runtime.exec(java.lang.String [])&lt;BR&gt;&nbsp;void \njunit.tests.=\r\nTextRunnerTest.execTest(java.lang.String, int)&lt;BR&gt;&nbsp;void \njunit.tests.T=\r\nextRunnerTest.testError()&lt;BR&gt;&nbsp;java.lang.Object \njava.lang.reflect.Meth=\r\nod.invoke(java.lang.Object, java.lang.Object \n[])&lt;BR&gt;&nbsp;void junit.frame=\r\nwork.TestCase.runTest()&lt;BR&gt;&nbsp;void \njunit.framework.TestCase.runBare()&lt;B=\r\nR&gt;&nbsp;void \njunit.framework.TestResult$1.protect()&lt;BR&gt;&nbsp;void \njunit.f=\r\nramework.TestResult.runProtected(junit.framework.Test, \njunit.framework.Pro=\r\ntectable)&lt;BR&gt;&nbsp;void \njunit.framework.TestResult.run(junit.framework.Tes=\r\ntCase)&lt;BR&gt;&nbsp;void \njunit.framework.TestCase.run(junit.framework.TestResu=\r\nlt)&lt;BR&gt;&nbsp;void \njunit.framework.TestSuite.runTest(junit.framework.Test, =\r\n\njunit.framework.TestResult)&lt;BR&gt;&nbsp;void \njunit.framework.TestSuite.run(j=\r\nunit.framework.TestResult)&lt;BR&gt;&nbsp;void \njunit.framework.TestSuite.runTest=\r\n(junit.framework.Test, \njunit.framework.TestResult)&lt;BR&gt;&nbsp;void \njunit.fr=\r\namework.TestSuite.run(junit.framework.TestResult)&lt;BR&gt;&nbsp;junit.framework.=\r\nTestResult \njunit.textui.TestRunner.doRun(junit.framework.Test, boolean)&lt;BR=\r\n&gt;&nbsp;void \njunit.textui.TestRunner.run(junit.framework.Test)&lt;BR&gt;&nbsp;voi=\r\nd \njunit.tests.AllTests.main(java.lang.String [])&lt;/FONT&gt;&lt;/DIV&gt;\n&lt;DIV&gt;&lt;FONT s=\r\nize=3D2&gt;&lt;/FONT&gt;&nbsp;&lt;/DIV&gt;\n&lt;DIV&gt;&lt;FONT size=3D2&gt;3) \ntestFailure(junit.tests=\r\n.TextRunnerTest)&lt;BR&gt;java.io.IOException: CreateProcess: \nd:&#92;VAJava&#92;ide&#92;prog=\r\nram&#92;bin&#92;java -cp . junit.textui.TestRunner \njunit.tests.Failure&nbsp; \nerro=\r\nr=3D3&lt;BR&gt;&nbsp;java.lang.Throwable(java.lang.String)&lt;BR&gt;&nbsp;java.lang.Exc=\r\neption(java.lang.String)&lt;BR&gt;&nbsp;java.io.IOException(java.lang.String)&lt;BR&gt;=\r\n&nbsp;int \njava.lang.Win32Process.create(java.lang.String, java.lang.String=\r\n, \njava.io.FileDescriptor, java.io.FileDescriptor, \njava.io.FileDescriptor)=\r\n&lt;BR&gt;&nbsp;java.lang.Win32Process(java.lang.String [], \njava.lang.String [])=\r\n&lt;BR&gt;&nbsp;java.lang.Process \njava.lang.Runtime.execInternal(java.lang.Strin=\r\ng [], java.lang.String \n[])&lt;BR&gt;&nbsp;java.lang.Process java.lang.Runtime.ex=\r\nec(java.lang.String [], \njava.lang.String [])&lt;BR&gt;&nbsp;java.lang.Process \nj=\r\nava.lang.Runtime.exec(java.lang.String [])&lt;BR&gt;&nbsp;void \njunit.tests.TextR=\r\nunnerTest.execTest(java.lang.String, int)&lt;BR&gt;&nbsp;void \njunit.tests.TextRu=\r\nnnerTest.testFailure()&lt;BR&gt;&nbsp;java.lang.Object \njava.lang.reflect.Method.=\r\ninvoke(java.lang.Object, java.lang.Object \n[])&lt;BR&gt;&nbsp;void junit.framewor=\r\nk.TestCase.runTest()&lt;BR&gt;&nbsp;void \njunit.framework.TestCase.runBare()&lt;BR&gt;&=\r\nnbsp;void \njunit.framework.TestResult$1.protect()&lt;BR&gt;&nbsp;void \njunit.fram=\r\nework.TestResult.runProtected(junit.framework.Test, \njunit.framework.Protec=\r\ntable)&lt;BR&gt;&nbsp;void \njunit.framework.TestResult.run(junit.framework.TestCa=\r\nse)&lt;BR&gt;&nbsp;void \njunit.framework.TestCase.run(junit.framework.TestResult)=\r\n&lt;BR&gt;&nbsp;void \njunit.framework.TestSuite.runTest(junit.framework.Test, \nju=\r\nnit.framework.TestResult)&lt;BR&gt;&nbsp;void \njunit.framework.TestSuite.run(juni=\r\nt.framework.TestResult)&lt;BR&gt;&nbsp;void \njunit.framework.TestSuite.runTest(ju=\r\nnit.framework.Test, \njunit.framework.TestResult)&lt;BR&gt;&nbsp;void \njunit.frame=\r\nwork.TestSuite.run(junit.framework.TestResult)&lt;BR&gt;&nbsp;junit.framework.Tes=\r\ntResult \njunit.textui.TestRunner.doRun(junit.framework.Test, boolean)&lt;BR&gt;&n=\r\nbsp;void \njunit.textui.TestRunner.run(junit.framework.Test)&lt;BR&gt;&nbsp;void \n=\r\njunit.tests.AllTests.main(java.lang.String [])&lt;/FONT&gt;&lt;/DIV&gt;\n&lt;DIV&gt;&lt;FONT size=\r\n=3D2&gt;&lt;/FONT&gt;&nbsp;&lt;/DIV&gt;\n&lt;DIV&gt;&lt;FONT size=3D2&gt;&lt;BR&gt;&lt;/FONT&gt;&nbsp;&lt;/DIV&gt;&lt;/BODY&gt;=\r\n&lt;/HTML&gt;\n\r\n------=_NextPart_000_0040_01C064F4.AAA03DC0--\r\n\n", 
    "subject": "CreateProcess Errors in AllTests"
}