{
    "numMessagesInTopic": 3, 
    "nextInTime": 11850, 
    "senderId": "lmmYzL8ro-GMeogf3cHb6iH9TJUEjuTuuqy6wLnuU-A1EwvPtGG2U8tP-ncD5UFt-jBjTpFohaxS5FKh7Vav6PgMyaabDtbssdXQHcWV-g3iYxv_", 
    "systemMessage": true, 
    "subject": "Junitreport doesn&#39;t work with ant 1.6.2", 
    "from": "&quot;Sadaf_Choudhry&quot; &lt;sadaf_choudhry@...&gt;", 
    "authorName": "Sadaf_Choudhry", 
    "msgSnippet": "Hi, I just upgraded to ant 1.6.2 junit is 3.7 I have taken ant-junit.jar out and kept it i a separate directory.. I have this and junit.jar together.. I then", 
    "msgId": 11849, 
    "profile": "sadafishere", 
    "topicId": 11849, 
    "spamInfo": {
        "reason": "0", 
        "isSpam": false
    }, 
    "replyTo": "LIST", 
    "userId": 147870913, 
    "messageBody": "<div id=\"ygrps-yiv-1968373537\">Hi,<br/>\nI just upgraded to ant 1.6.2<br/>\n <br/>\njunit is 3.7<br/>\n <br/>\nI have taken ant-junit.jar out and kept it i a separate directory..<br/>\nI have this and junit.jar together..<br/>\nI then use taskdef to define junit and junitreport<br/>\n <br/>\n&lt;property name=&quot;my_ant&quot; location=&quot;${env.ANT_HOME}/lib&quot;/&gt;<br/>\n    &lt;path id=&quot;junit.path&quot;&gt;<br/>\n        &lt;pathelement location=&quot;${lib-ext-java.dir}/ant-junit.jar&quot;/&gt;<br/>\n        &lt;pathelement location=&quot;${lib-ext-java.dir}/junit.jar&quot;/&gt;<br/>\n    &lt;/path&gt;<br/>\n &lt;taskdef  name=&quot;junitreport&quot;  classpathref=&quot;junit.path&quot;<br/>\nclassname=&quot;org.apache.tools.ant.taskdefs.optional.junit.XMLResultAggrega<br/>\ntor&quot;/&gt;<br/>\n &lt;taskdef  name=&quot;junit&quot;  classpathref=&quot;junit.path&quot;<br/>\nclassname=&quot;org.apache.tools.ant.taskdefs.optional.junit.JUnitTask&quot;/&gt;<br/>\n <br/>\n <br/>\nmy tests run, but junitreport seems to fail:<br/>\n <br/>\ntest and report:<br/>\n     [echo]<br/>\n     [echo] C:&#92;home&#92;sadaf&#92;work&#92;Engineering&#92;Libraries2&#92;external&#92;java<br/>\n    [junit] Running UsesNewJar<br/>\n    [junit] Tests run: 1, Failures: 1, Errors: 0, Time elapsed: 0.328<br/>\nsec<br/>\n    [junit] Test UsesNewJar FAILED<br/>\n<br/>\nBUILD FAILED<br/>\nC:&#92;...&#92;build.xml:244: The following error occurred while exec<br/>\nuting this line:<br/>\njava.lang.NoClassDefFoundError:<br/>\norg/apache/tools/ant/taskdefs/optional/junit/XalanExecutor<br/>\n <br/>\n <br/>\n<br/>\nCan anyone tell me what I am missing?<br/>\n <br/>\nSadaf<br/>\n <br/>\n<br/>\n<br/>\n[Non-text portions of this message have been removed]</div>", 
    "prevInTime": 11848, 
    "specialLinks": [], 
    "contentTrasformed": false, 
    "postDate": "1093350584", 
    "canDelete": false, 
    "nextInTopic": 11850, 
    "prevInTopic": 0, 
    "headers": {
        "messageIdInHeader": "PDVFNEExREQwMDJCQzQ4NDBCM0U3MTVBOUM1NTdEMUM5MjkwNjdGQHNobG1zZzA1LmFkLmluZm9zeXMuY29tPg=="
    }
}