{
    "numMessagesInTopic": 1, 
    "nextInTime": 12648, 
    "senderId": "BL3u6tAEKeyPEPSGr0tll9f_8GB5_lDlVeANFInnulqo39QJLLvILe-iuY7aMFZfq2mwL-wa1oIUcKL_C6ywQvITtiaO5WkaGKCyOade1x8", 
    "systemMessage": true, 
    "subject": "Error", 
    "from": "&quot;RajNarayan M.D&quot; &lt;rajnarayan_d@...&gt;", 
    "authorName": "RajNarayan M.D", 
    "msgSnippet": "Hi, Iam new member for this group,i just started learning Junit,when iam trying to run Junit test Samples iam getting following error .please provide necessary", 
    "msgId": 12647, 
    "profile": "rajnarayan_d", 
    "topicId": 12647, 
    "spamInfo": {
        "reason": "0", 
        "isSpam": false
    }, 
    "replyTo": "LIST", 
    "userId": 55824711, 
    "messageBody": "<div id=\"ygrps-yiv-968752244\">Hi,<br/>\n         Iam new member for this group,i just started learning Junit,when iam trying to run Junit test Samples iam getting following error .please provide necessary solution<br/>\n <br/>\nOs:Windows XP<br/>\nVersion of Junit :3.8.1<br/>\n <br/>\nError Messages:<br/>\n <br/>\nC:&#92;&gt;SET CLASSPATH=%classpath%;c:&#92;Tomcat3.2&#92;lib&#92;servlet.jar;c:&#92;jdk1.4&#92;lib&#92;tools.j<br/>\nar;c:&#92;junit3.8.1&#92;junit.jar;;c:&#92;junit3.8.1&#92;junit.jar;c:&#92;Tomcat3.2&#92;lib&#92;servlet.jar<br/>\n;c:&#92;jdk1.4&#92;lib&#92;tools.jar;<br/>\nC:&#92;&gt;cd juni*<br/>\n <br/>\nC:&#92;junit3.8.1&gt;java junit.textui.TestRunner junit.samples.AllTests<br/>\n.........................................<br/>\n.........................................<br/>\n...................E..................<br/>\nTime: 4.166<br/>\nThere was 1 error:<br/>\n1) testClassLoading(junit.tests.runner.TestCaseClassLoaderTest)java.lang.ClassNo<br/>\ntFoundException: junit.tests.runner.ClassLoaderTest<br/>\n        at junit.runner.TestCaseClassLoader.lookupClassData(TestCaseClassLoader.<br/>\njava:124)<br/>\n        at junit.runner.TestCaseClassLoader.loadClass(TestCaseClassLoader.java:1<br/>\n01)<br/>\n        at junit.tests.runner.TestCaseClassLoaderTest.testClassLoading(TestCaseC<br/>\nlassLoaderTest.java:16)<br/>\n        at sun.reflect.NativeMethodAccessorImpl.invoke0(Native Method)<br/>\n        at sun.reflect.NativeMethodAccessorImpl.invoke(Unknown Source)<br/>\n        at sun.reflect.DelegatingMethodAccessorImpl.invoke(Unknown Source)<br/>\nFAILURES!!!<br/>\nTests run: 119,  Failures: 0,  Errors: 1<br/>\n<br/>\n <br/>\n <br/>\n<br/>\n\t\t<br/>\n---------------------------------<br/>\nDo you Yahoo!?<br/>\n Take Yahoo! Mail with you! Get it on your mobile phone.<br/>\n<br/>\n[Non-text portions of this message have been removed]</div>", 
    "prevInTime": 12646, 
    "specialLinks": [], 
    "contentTrasformed": false, 
    "postDate": "1105458441", 
    "canDelete": false, 
    "nextInTopic": 0, 
    "prevInTopic": 0, 
    "headers": {
        "messageIdInHeader": "PDIwMDUwMTExMTU0NzIxLjY5NTA2LnFtYWlsQHdlYjYxMTA2Lm1haWwueWFob28uY29tPg=="
    }
}