{
    "numMessagesInTopic": 3, 
    "nextInTime": 12781, 
    "senderId": "DaRQ6XbC6Z5gYP8tNT71EdS9j8mRD-oiRZ6sa9HAYdf9Ovq5xyjo5RsmSMJSw2tXmucV1q9R0COH-yjV3sJj2C4ycW8AC-o3VA", 
    "systemMessage": true, 
    "subject": "testJarClassLoading(junit.tests.runner.TestCaseClassLoaderTest) ClassNotFoundExc", 
    "from": "&quot;wong_powah&quot; &lt;wong_powah@...&gt;", 
    "authorName": "wong_powah", 
    "msgSnippet": "I installed junit3.8.1 on windows 2000. I set CLASSPATH to .;C: Program Files Java jdk1.5.0_01 lib;C: Program Files junit3.8.1 junit.jar;C: Program", 
    "msgId": 12780, 
    "rawEmail": "Return-Path: &lt;wong_powah@...&gt;\r\nReceived: (qmail 53416 invoked from network); 1 Feb 2005 16:31:36 -0000\r\nReceived: from unknown (66.218.66.218)\n  by m24.grp.scd.yahoo.com with QMQP; 1 Feb 2005 16:31:36 -0000\r\nReceived: from unknown (HELO n1a.bulk.scd.yahoo.com) (66.94.237.35)\n  by mta3.grp.scd.yahoo.com with SMTP; 1 Feb 2005 16:31:36 -0000\r\nReceived: from [66.218.69.6] by n1.bulk.scd.yahoo.com with NNFMP; 01 Feb 2005 16:31:24 -0000\r\nReceived: from [66.218.66.88] by mailer6.bulk.scd.yahoo.com with NNFMP; 01 Feb 2005 16:31:24 -0000\r\nX-Sender: wong_powah@...\r\nX-Apparently-To: junit@yahoogroups.com\r\nReceived: (qmail 57513 invoked from network); 31 Jan 2005 22:52:56 -0000\r\nReceived: from unknown (66.218.66.167)\n  by m15.grp.scd.yahoo.com with QMQP; 31 Jan 2005 22:52:56 -0000\r\nReceived: from unknown (HELO n16a.bulk.scd.yahoo.com) (66.94.237.45)\n  by mta6.grp.scd.yahoo.com with SMTP; 31 Jan 2005 22:52:55 -0000\r\nReceived: from [66.218.69.6] by n16.bulk.scd.yahoo.com with NNFMP; 31 Jan 2005 22:49:21 -0000\r\nReceived: from [66.218.66.93] by mailer6.bulk.scd.yahoo.com with NNFMP; 31 Jan 2005 22:49:19 -0000\r\nDate: Mon, 31 Jan 2005 22:49:19 -0000\r\nTo: junit@yahoogroups.com\r\nMessage-ID: &lt;ctmclf+6eqc@...&gt;\r\nUser-Agent: eGroups-EW/0.82\r\nMIME-Version: 1.0\r\nContent-Type: text/plain; charset=ISO-8859-1\r\nContent-Length: 1785\r\nX-Mailer: Yahoo Groups Message Poster\r\nX-Yahoo-Newman-Property: groups-system\r\nX-eGroups-Remote-IP: 66.94.237.45\r\nFrom: &quot;wong_powah&quot; &lt;wong_powah@...&gt;\r\nSubject: testJarClassLoading(junit.tests.runner.TestCaseClassLoaderTest) ClassNotFoundExc\r\nX-Yahoo-Group-Post: member; u=213129856\r\nX-Yahoo-Profile: wong_powah\r\nX-eGroups-Approved-By: nails762 &lt;jbrains@...&gt; via web; 01 Feb 2005 16:31:20 -0000\r\nX-eGroups-Remote-IP: 66.94.237.35\r\n\r\n\n\nI installed junit3.8.1 on windows 2000.\nI set &quot;CLASSPATH&quot; to\n&quot;.;C:&#92;Program Files&#92;Java&#92;jdk1.5.0_01&#92;lib;C:&#92;Program Files&#92;junit3.8.1\n&#92;junit.jar;C:&#92;Program Files&#92;junit3.8.1&quot;.\n\nD:&#92;zip&#92;util&gt;java WhichJUnit\n\njunit.framework.Assert class found in\n&#39;file:/C:/Program%\n20Files/junit3.8.1/junit.jar!/junit/framework/Assert.class&#39;\n\n/junit/runner/excluded.properties found in\n&#39;file:/C:/Program%\n20Files/junit3.8.1/junit.jar!/junit/runner/excluded.properties&#39;\n\njunit.tests.AllTests class found in\n&#39;/C:/Program%20Files/junit3.8.1/junit/tests/AllTests.class&#39;\n\njunit.samples.AllTests class found in\n&#39;/C:/Program%20Files/junit3.8.1/junit/samples/AllTests.class&#39;\n\nClasspath:\n.\nC:&#92;Program Files&#92;Java&#92;jdk1.5.0_01&#92;lib\nC:&#92;Program Files&#92;junit3.8.1&#92;junit.jar\nC:&#92;Program Files&#92;junit3.8.1\n\nD:&#92;zip&#92;util&gt;cd C:&#92;Program Files&#92;junit3.8.1\n\nD:&#92;zip&#92;util&gt;java junit.textui.TestRunner junit.samples.AllTests\n.........................................\n.........................................\n....................E.................\nTime: 0.871\nThere was 1 error:\n1) testJarClassLoading(junit.tests.runner.TestCaseClassLoaderTest)\njava.lang.ClassNotFoundException: junit.tests.runner.LoadedFromJar\n        at junit.runner.TestCaseClassLoader.lookupClassData\n(TestCaseClassLoader.java:124)\n        at junit.runner.TestCaseClassLoader.loadClass\n(TestCaseClassLoader.java:101)\n        at \njunit.tests.runner.TestCaseClassLoaderTest.testJarClassLoading\n(TestCaseClassLoa\nderTest.java:33)\n        at sun.reflect.NativeMethodAccessorImpl.invoke0(Native Method)\n        at sun.reflect.NativeMethodAccessorImpl.invoke\n(NativeMethodAccessorImpl.java:39)\n        at sun.reflect.DelegatingMethodAccessorImpl.invoke\n(DelegatingMethodAccessorImpl.ja\nva:25)\n\nFAILURES!!!\nTests run: 119,  Failures: 0,  Errors: 1\n\n\n\n\n\n\n\n\n\n\n\n\n\n\n\n\n\n\n\n\n\n\n\n\n\n\n\n\n\n\n\n\n\n\n", 
    "profile": "wong_powah", 
    "topicId": 12780, 
    "spamInfo": {
        "reason": "0", 
        "isSpam": false
    }, 
    "replyTo": "LIST", 
    "userId": 213129856, 
    "prevInTime": 12779, 
    "contentTrasformed": false, 
    "postDate": "1107211759", 
    "canDelete": false, 
    "nextInTopic": 12799, 
    "prevInTopic": 0, 
    "headers": {
        "messageIdInHeader": "PGN0bWNsZis2ZXFjQGVHcm91cHMuY29tPg=="
    }
}