{
    "numMessagesInTopic": 3, 
    "nextInTime": 12781, 
    "senderId": "MOBjsbOghg8FKBwa-WR7ds9vXCVOCjRRajcy0ng478MyY6ocA701ahKnMoovZRD1R0w9roJ2CeqlCa0jr97B2FTIpHY5cryZlg", 
    "systemMessage": true, 
    "subject": "testJarClassLoading(junit.tests.runner.TestCaseClassLoaderTest) ClassNotFoundExc", 
    "from": "&quot;wong_powah&quot; &lt;wong_powah@...&gt;", 
    "authorName": "wong_powah", 
    "msgSnippet": "I installed junit3.8.1 on windows 2000. I set CLASSPATH to .;C: Program Files Java jdk1.5.0_01 lib;C: Program Files junit3.8.1 junit.jar;C: Program", 
    "msgId": 12780, 
    "profile": "wong_powah", 
    "topicId": 12780, 
    "spamInfo": {
        "reason": "0", 
        "isSpam": false
    }, 
    "replyTo": "LIST", 
    "userId": 213129856, 
    "messageBody": "<div id=\"ygrps-yiv-1696895671\">I installed junit3.8.1 on windows 2000.<br/>\nI set &quot;CLASSPATH&quot; to<br/>\n&quot;.;C:&#92;Program Files&#92;Java&#92;jdk1.5.0_01&#92;lib;C:&#92;Program Files&#92;junit3.8.1<br/>\n&#92;junit.jar;C:&#92;Program Files&#92;junit3.8.1&quot;.<br/>\n<br/>\nD:&#92;zip&#92;util&gt;java WhichJUnit<br/>\n<br/>\njunit.framework.Assert class found in<br/>\n&#39;file:/C:/Program%<br/>\n20Files/junit3.8.1/junit.jar!/junit/framework/Assert.class&#39;<br/>\n<br/>\n/junit/runner/excluded.properties found in<br/>\n&#39;file:/C:/Program%<br/>\n20Files/junit3.8.1/junit.jar!/junit/runner/excluded.properties&#39;<br/>\n<br/>\njunit.tests.AllTests class found in<br/>\n&#39;/C:/Program%20Files/junit3.8.1/junit/tests/AllTests.class&#39;<br/>\n<br/>\njunit.samples.AllTests class found in<br/>\n&#39;/C:/Program%20Files/junit3.8.1/junit/samples/AllTests.class&#39;<br/>\n<br/>\nClasspath:<br/>\n.<br/>\nC:&#92;Program Files&#92;Java&#92;jdk1.5.0_01&#92;lib<br/>\nC:&#92;Program Files&#92;junit3.8.1&#92;junit.jar<br/>\nC:&#92;Program Files&#92;junit3.8.1<br/>\n<br/>\nD:&#92;zip&#92;util&gt;cd C:&#92;Program Files&#92;junit3.8.1<br/>\n<br/>\nD:&#92;zip&#92;util&gt;java junit.textui.TestRunner junit.samples.AllTests<br/>\n.........................................<br/>\n.........................................<br/>\n....................E.................<br/>\nTime: 0.871<br/>\nThere was 1 error:<br/>\n1) testJarClassLoading(junit.tests.runner.TestCaseClassLoaderTest)<br/>\njava.lang.ClassNotFoundException: junit.tests.runner.LoadedFromJar<br/>\n        at junit.runner.TestCaseClassLoader.lookupClassData<br/>\n(TestCaseClassLoader.java:124)<br/>\n        at junit.runner.TestCaseClassLoader.loadClass<br/>\n(TestCaseClassLoader.java:101)<br/>\n        at <br/>\njunit.tests.runner.TestCaseClassLoaderTest.testJarClassLoading<br/>\n(TestCaseClassLoa<br/>\nderTest.java:33)<br/>\n        at sun.reflect.NativeMethodAccessorImpl.invoke0(Native Method)<br/>\n        at sun.reflect.NativeMethodAccessorImpl.invoke<br/>\n(NativeMethodAccessorImpl.java:39)<br/>\n        at sun.reflect.DelegatingMethodAccessorImpl.invoke<br/>\n(DelegatingMethodAccessorImpl.ja<br/>\nva:25)<br/>\n<br/>\nFAILURES!!!<br/>\nTests run: 119,  Failures: 0,  Errors: 1</div>", 
    "prevInTime": 12779, 
    "specialLinks": [], 
    "contentTrasformed": false, 
    "postDate": "1107211759", 
    "canDelete": false, 
    "nextInTopic": 12799, 
    "prevInTopic": 0, 
    "headers": {
        "messageIdInHeader": "PGN0bWNsZis2ZXFjQGVHcm91cHMuY29tPg=="
    }
}