{
    "numMessagesInTopic": 3, 
    "nextInTime": 12800, 
    "senderId": "iEFg7x5_ZjPZledEpJXELJMBvRWuFA0pDVS3WdQzDoJ4RPb1-0jXFLV0pSBgLjvTrr4VWhVtpO3wmfNoY4DxCtCzoeI61VZR", 
    "systemMessage": true, 
    "subject": "Re: testJarClassLoading(junit.tests.runner.TestCaseClassLoaderTest) ClassNotFoun", 
    "from": "&quot;jriley555&quot; &lt;jriley555@...&gt;", 
    "authorName": "jriley555", 
    "msgSnippet": "move your junit installation directly under the root at c: & -of course- adjust the %CLASSPATH% accordingly. this worked for me. the problem is probably some", 
    "msgId": 12799, 
    "rawEmail": "Return-Path: &lt;jriley555@...&gt;\r\nReceived: (qmail 61161 invoked from network); 3 Feb 2005 16:41:31 -0000\r\nReceived: from unknown (66.218.66.218)\n  by m25.grp.scd.yahoo.com with QMQP; 3 Feb 2005 16:41:31 -0000\r\nReceived: from unknown (HELO n21a.bulk.scd.yahoo.com) (66.94.237.50)\n  by mta3.grp.scd.yahoo.com with SMTP; 3 Feb 2005 16:41:31 -0000\r\nReceived: from [66.218.69.4] by n21.bulk.scd.yahoo.com with NNFMP; 03 Feb 2005 16:41:28 -0000\r\nReceived: from [66.218.66.90] by mailer4.bulk.scd.yahoo.com with NNFMP; 03 Feb 2005 16:41:28 -0000\r\nX-Sender: jriley555@...\r\nX-Apparently-To: junit@yahoogroups.com\r\nReceived: (qmail 56389 invoked from network); 3 Feb 2005 14:29:52 -0000\r\nReceived: from unknown (66.218.66.166)\n  by m21.grp.scd.yahoo.com with QMQP; 3 Feb 2005 14:29:52 -0000\r\nReceived: from unknown (HELO n3a.bulk.scd.yahoo.com) (66.94.237.37)\n  by mta5.grp.scd.yahoo.com with SMTP; 3 Feb 2005 14:29:52 -0000\r\nReceived: from [66.218.69.2] by n3.bulk.scd.yahoo.com with NNFMP; 03 Feb 2005 14:29:51 -0000\r\nReceived: from [66.218.66.87] by mailer2.bulk.scd.yahoo.com with NNFMP; 03 Feb 2005 14:29:51 -0000\r\nDate: Thu, 03 Feb 2005 14:29:49 -0000\r\nTo: junit@yahoogroups.com\r\nMessage-ID: &lt;cttcgt+el77@...&gt;\r\nIn-Reply-To: &lt;ctmclf+6eqc@...&gt;\r\nUser-Agent: eGroups-EW/0.82\r\nMIME-Version: 1.0\r\nContent-Type: text/plain; charset=ISO-8859-1\r\nContent-Length: 2152\r\nX-Mailer: Yahoo Groups Message Poster\r\nX-Yahoo-Newman-Property: groups-system\r\nX-eGroups-Remote-IP: 66.94.237.37\r\nFrom: &quot;jriley555&quot; &lt;jriley555@...&gt;\r\nSubject: Re: testJarClassLoading(junit.tests.runner.TestCaseClassLoaderTest) ClassNotFoun\r\nX-Yahoo-Group-Post: member; u=119943932\r\nX-Yahoo-Profile: jriley555\r\nX-eGroups-Approved-By: vbossica &lt;vladimir@...&gt; via web; 03 Feb 2005 16:41:27 -0000\r\nX-eGroups-Remote-IP: 66.94.237.50\r\n\r\n\n\nmove your junit installation directly under the root at c: & -of\ncourse- adjust the %CLASSPATH% accordingly. this worked for me. the\nproblem is probably some stink associated w/ the embedded space in the\npath. \n\n--- In junit@yahoogroups.com, &quot;wong_powah&quot; &lt;wong_powah@y...&gt; wrote:\n&gt; \n&gt; \n&gt; I installed junit3.8.1 on windows 2000.\n&gt; I set &quot;CLASSPATH&quot; to\n&gt; &quot;.;C:&#92;Program Files&#92;Java&#92;jdk1.5.0_01&#92;lib;C:&#92;Program Files&#92;junit3.8.1\n&gt; &#92;junit.jar;C:&#92;Program Files&#92;junit3.8.1&quot;.\n&gt; \n&gt; D:&#92;zip&#92;util&gt;java WhichJUnit\n&gt; \n&gt; junit.framework.Assert class found in\n&gt; &#39;file:/C:/Program%\n&gt; 20Files/junit3.8.1/junit.jar!/junit/framework/Assert.class&#39;\n&gt; \n&gt; /junit/runner/excluded.properties found in\n&gt; &#39;file:/C:/Program%\n&gt; 20Files/junit3.8.1/junit.jar!/junit/runner/excluded.properties&#39;\n&gt; \n&gt; junit.tests.AllTests class found in\n&gt; &#39;/C:/Program%20Files/junit3.8.1/junit/tests/AllTests.class&#39;\n&gt; \n&gt; junit.samples.AllTests class found in\n&gt; &#39;/C:/Program%20Files/junit3.8.1/junit/samples/AllTests.class&#39;\n&gt; \n&gt; Classpath:\n&gt; .\n&gt; C:&#92;Program Files&#92;Java&#92;jdk1.5.0_01&#92;lib\n&gt; C:&#92;Program Files&#92;junit3.8.1&#92;junit.jar\n&gt; C:&#92;Program Files&#92;junit3.8.1\n&gt; \n&gt; D:&#92;zip&#92;util&gt;cd C:&#92;Program Files&#92;junit3.8.1\n&gt; \n&gt; D:&#92;zip&#92;util&gt;java junit.textui.TestRunner junit.samples.AllTests\n&gt; .........................................\n&gt; .........................................\n&gt; ....................E.................\n&gt; Time: 0.871\n&gt; There was 1 error:\n&gt; 1) testJarClassLoading(junit.tests.runner.TestCaseClassLoaderTest)\n&gt; java.lang.ClassNotFoundException: junit.tests.runner.LoadedFromJar\n&gt;         at junit.runner.TestCaseClassLoader.lookupClassData\n&gt; (TestCaseClassLoader.java:124)\n&gt;         at junit.runner.TestCaseClassLoader.loadClass\n&gt; (TestCaseClassLoader.java:101)\n&gt;         at \n&gt; junit.tests.runner.TestCaseClassLoaderTest.testJarClassLoading\n&gt; (TestCaseClassLoa\n&gt; derTest.java:33)\n&gt;         at sun.reflect.NativeMethodAccessorImpl.invoke0(Native Method)\n&gt;         at sun.reflect.NativeMethodAccessorImpl.invoke\n&gt; (NativeMethodAccessorImpl.java:39)\n&gt;         at sun.reflect.DelegatingMethodAccessorImpl.invoke\n&gt; (DelegatingMethodAccessorImpl.ja\n&gt; va:25)\n&gt; \n&gt; FAILURES!!!\n&gt; Tests run: 119,  Failures: 0,  Errors: 1\n\n\n\n\n\n\n\n", 
    "profile": "jriley555", 
    "topicId": 12780, 
    "spamInfo": {
        "reason": "0", 
        "isSpam": false
    }, 
    "replyTo": "LIST", 
    "userId": 119943932, 
    "prevInTime": 12798, 
    "contentTrasformed": false, 
    "postDate": "1107440989", 
    "canDelete": false, 
    "nextInTopic": 12801, 
    "prevInTopic": 12780, 
    "headers": {
        "inReplyToHeader": "PGN0bWNsZis2ZXFjQGVHcm91cHMuY29tPg==", 
        "messageIdInHeader": "PGN0dGNndCtlbDc3QGVHcm91cHMuY29tPg=="
    }
}