{
    "numMessagesInTopic": 3, 
    "nextInTime": 12802, 
    "senderId": "Ff6Y1iZ7vjaLYb5kP9buFLCbwMC6yAVOGz8PDfe4dmvNtmpsCcGJqqENd6CmgId0sr7wgQ5rj5ijzYVStLTbjjwBIt2QaUlQ", 
    "systemMessage": true, 
    "subject": "Re: testJarClassLoading(junit.tests.runner.TestCaseClassLoaderTest) ClassNotFoun", 
    "from": "&quot;jriley555&quot; &lt;jriley555@...&gt;", 
    "authorName": "jriley555", 
    "msgSnippet": "i had same problem as you.  pulled the junit directory out of Program Files , moved it right under C: , reset the $CLASSPATH accordingly, and everything ran", 
    "msgId": 12801, 
    "profile": "jriley555", 
    "topicId": 12780, 
    "spamInfo": {
        "reason": "0", 
        "isSpam": false
    }, 
    "replyTo": "LIST", 
    "userId": 119943932, 
    "messageBody": "<div id=\"ygrps-yiv-1685507362\">i had same problem as you.  pulled the junit directory out of &quot;Program<br/>\nFiles&quot;, moved it right under C:&#92;, reset the $CLASSPATH accordingly,<br/>\nand everything ran ok.  suspect it is a problem parsing the embedded<br/>\nspace in the &quot;Program Files&quot; portion of the path.  You might also try<br/>\nquoting the path, if you have any reason to keep junit where it is.<br/>\n<br/>\nThe take home lesson for me is that i will NEVER, EVER install any<br/>\nother tool under the default microsoft-smelling &quot;Program Files&quot;<br/>\ndirectory again.  Had a similar problem awhile back installing another<br/>\ntool, which was resolved the same way.<br/>\n<br/>\ncheers,<br/>\nj. riley<br/>\n<br/>\n<blockquote><span title=\"qreply\"> --- In <a rel=\"nofollow\" target=\"_blank\" href=\"mailto:junit@yahoogroups.com\">junit@yahoogroups.com</a>, &quot;wong_powah&quot; &lt;wong_powah@y...&gt; wrote:<br/>\n&gt; <br/>\n&gt; <br/>\n&gt; I installed junit3.8.1 on windows 2000.<br/>\n&gt; I set &quot;CLASSPATH&quot; to<br/>\n&gt; &quot;.;C:&#92;Program Files&#92;Java&#92;jdk1.5.0_01&#92;lib;C:&#92;Program Files&#92;junit3.8.1<br/>\n&gt; &#92;junit.jar;C:&#92;Program Files&#92;junit3.8.1&quot;.<br/>\n&gt; <br/>\n&gt; D:&#92;zip&#92;util&gt;java WhichJUnit<br/>\n&gt; <br/>\n&gt; junit.framework.Assert class found in<br/>\n&gt; &#39;file:/C:/Program%<br/>\n&gt; 20Files/junit3.8.1/junit.jar!/junit/framework/Assert.class&#39;<br/>\n&gt; <br/>\n&gt; /junit/runner/excluded.properties found in<br/>\n&gt; &#39;file:/C:/Program%<br/>\n&gt; 20Files/junit3.8.1/junit.jar!/junit/runner/excluded.properties&#39;<br/>\n&gt; <br/>\n&gt; junit.tests.AllTests class found in<br/>\n&gt; &#39;/C:/Program%20Files/junit3.8.1/junit/tests/AllTests.class&#39;<br/>\n&gt; <br/>\n&gt; junit.samples.AllTests class found in<br/>\n&gt; &#39;/C:/Program%20Files/junit3.8.1/junit/samples/AllTests.class&#39;<br/>\n&gt; <br/>\n&gt; Classpath:<br/>\n&gt; .<br/>\n&gt; C:&#92;Program Files&#92;Java&#92;jdk1.5.0_01&#92;lib<br/>\n&gt; C:&#92;Program Files&#92;junit3.8.1&#92;junit.jar<br/>\n&gt; C:&#92;Program Files&#92;junit3.8.1<br/>\n&gt; <br/>\n&gt; D:&#92;zip&#92;util&gt;cd C:&#92;Program Files&#92;junit3.8.1<br/>\n&gt; <br/>\n&gt; D:&#92;zip&#92;util&gt;java junit.textui.TestRunner junit.samples.AllTests<br/>\n&gt; .........................................<br/>\n&gt; .........................................<br/>\n&gt; ....................E.................<br/>\n&gt; Time: 0.871<br/>\n&gt; There was 1 error:<br/>\n&gt; 1) testJarClassLoading(junit.tests.runner.TestCaseClassLoaderTest)<br/>\n&gt; java.lang.ClassNotFoundException: junit.tests.runner.LoadedFromJar<br/>\n&gt;         at junit.runner.TestCaseClassLoader.lookupClassData<br/>\n&gt; (TestCaseClassLoader.java:124)<br/>\n&gt;         at junit.runner.TestCaseClassLoader.loadClass<br/>\n&gt; (TestCaseClassLoader.java:101)<br/>\n&gt;         at <br/>\n&gt; junit.tests.runner.TestCaseClassLoaderTest.testJarClassLoading<br/>\n&gt; (TestCaseClassLoa<br/>\n&gt; derTest.java:33)<br/>\n&gt;         at sun.reflect.NativeMethodAccessorImpl.invoke0(Native Method)<br/>\n&gt;         at sun.reflect.NativeMethodAccessorImpl.invoke<br/>\n&gt; (NativeMethodAccessorImpl.java:39)<br/>\n&gt;         at sun.reflect.DelegatingMethodAccessorImpl.invoke<br/>\n&gt; (DelegatingMethodAccessorImpl.ja<br/>\n&gt; va:25)<br/>\n&gt; <br/>\n&gt; FAILURES!!!<br/>\n&gt; Tests run: 119,  Failures: 0,  Errors: 1 </span></blockquote></div>", 
    "prevInTime": 12800, 
    "specialLinks": [], 
    "contentTrasformed": false, 
    "postDate": "1107410988", 
    "canDelete": false, 
    "nextInTopic": 0, 
    "prevInTopic": 12799, 
    "headers": {
        "inReplyToHeader": "PGN0bWNsZis2ZXFjQGVHcm91cHMuY29tPg==", 
        "messageIdInHeader": "PGN0c2Y3Yys3c2t0QGVHcm91cHMuY29tPg=="
    }
}