{
    "numMessagesInTopic": 3, 
    "nextInTime": 1302, 
    "senderId": "QRqXFCDSKgTV8xxYjK4_cgcOBNjLDHYTYq597jzs0hlxRmnofxVyRvsC6sTBVYu0izoJ6VNqrHWiPpe6ZsqECMHJq5yiYPyCMkpD_MlxwE9W", 
    "systemMessage": false, 
    "subject": "Cannot instantiate test case:", 
    "from": "Brian O&#39;Halloran &lt;bohalloran@...&gt;", 
    "authorName": "Brian O&#39;Halloran", 
    "msgSnippet": "Can anyone offer any suggestions why I m getting Cannot instantiate test case: failure?  Thanks in advance.  Brian FAILURES!!! Test Results: Run: 1 Failures:", 
    "msgId": 1301, 
    "topicId": 1301, 
    "spamInfo": {
        "reason": "0", 
        "isSpam": false
    }, 
    "replyTo": "LIST", 
    "userId": 0, 
    "messageBody": "<div id=\"ygrps-yiv-996810150\">Can anyone offer any suggestions why I&#39;m getting &quot;Cannot instantiate test<br/>\ncase:&quot; failure?  Thanks in advance.  Brian<br/>\n<br/>\nFAILURES!!!<br/>\nTest Results:<br/>\nRun: 1 Failures: 1 Errors: 0<br/>\nThere was 1 failure:<br/>\n1) warning(junit.framework.TestSuite$1) &quot;Cannot instantiate test case:<br/>\ntestFrontEnd&quot;</div>", 
    "prevInTime": 1300, 
    "specialLinks": [], 
    "contentTrasformed": false, 
    "postDate": "990661991", 
    "canDelete": false, 
    "nextInTopic": 1303, 
    "prevInTopic": 0, 
    "headers": {
        "messageIdInHeader": "PDNGQzJBRkVCRjc1RjI5NENCRUVBNEIyNTY4NjU4N0NEMDE5MkQyMUZAZWxpLmNvcnAudXByb21pc2UuY29tPg=="
    }
}