{
    "numMessagesInTopic": 1, 
    "nextInTime": 13032, 
    "senderId": "xs3PlMN1c_wl74C7iburpteE3vSW6Npjlo39bMa1cJnWEil0YyiCOhilLK6E-uEgrlbWPDOpLf0QDsvZRpW05OIajZDBI_5QR5s", 
    "systemMessage": false, 
    "subject": "How to handle the kind of RuntimeError?", 
    "from": "&quot;Jirong Hu&quot; &lt;hujirong888@...&gt;", 
    "authorName": "Jirong Hu", 
    "msgSnippet": "Hi Lots of smoke, but basically what I try to do is insert a new object without set the Non-nullable columns. So Hibernate gives an error. I did wraper the", 
    "msgId": 13031, 
    "profile": "hujirong888", 
    "topicId": 13031, 
    "spamInfo": {
        "reason": "0", 
        "isSpam": false
    }, 
    "replyTo": "LIST", 
    "userId": 72303110, 
    "messageBody": "<div id=\"ygrps-yiv-609408399\">Hi<br/>\n<br/>\nLots of smoke, but basically what I try to do is insert a new object<br/>\nwithout set the Non-nullable columns. So Hibernate gives an error. I<br/>\ndid wraper the code with catch Exception, why it still gives error?<br/>\n<br/>\nJirong<br/>\n<br/>\n.1    [main] DEBUG com.sun.ccqa.im.UserTest  - setUp():ENTRY<br/>\n10   [main] DEBUG com.sun.ccqa.im.IMBaseTestCase  -<br/>\ngetEMFactory():Initializing EntityManagerFactory...<br/>\n229  [main] DEBUG com.sun.ccqa.im.IMBaseTestCase  - getEMFactory():...done<br/>\n7231 [main] DEBUG com.sun.ccqa.im.UserTest  - setUp():Created new<br/>\nEntityManager OK<br/>\n7233 [main] DEBUG com.sun.ccqa.im.UserTest  - setUp():Started<br/>\ntransaction OK<br/>\n7234 [main] DEBUG com.sun.ccqa.im.UserTest  - setUp():EXIT<br/>\n7290 [main] DEBUG com.sun.ccqa.im.UserTest  - testAddUser():ENTRY<br/>\n7299 [main] ERROR com.sun.cc.ia.EntityManagerImpl  -<br/>\nsave.error,entity=com.sun.cc.ia.v01.user.UserImpl@1bdc3<br/>\nnet.sf.hibernate.PropertyValueException: not-null property references<br/>\na null or transient value: com.sun.cc.ia.v01.user.UserImpl.account<br/>\n    at<br/>\nnet.sf.hibernate.impl.SessionImpl.checkNullability(SessionImpl.java:1286)<br/>\n    at net.sf.hibernate.impl.SessionImpl.doSave(SessionImpl.java:937)<br/>\n    at net.sf.hibernate.impl.SessionImpl.doSave(SessionImpl.java:866)<br/>\n    at<br/>\nnet.sf.hibernate.impl.SessionImpl.saveWithGeneratedIdentifier(SessionImpl.java:784)<br/>\n    at net.sf.hibernate.impl.SessionImpl.doCopy(SessionImpl.java:4062)<br/>\n    at<br/>\nnet.sf.hibernate.impl.SessionImpl.saveOrUpdateCopy(SessionImpl.java:4029)<br/>\n    at com.sun.cc.ia.EntityManagerImpl.save(EntityManagerImpl.java:307)<br/>\n    at<br/>\ncom.sun.ccqa.im.UserTest.testAddUserWithNullAccount(UserTest.java:41)<br/>\n    at sun.reflect.NativeMethodAccessorImpl.invoke0(Native Method)<br/>\n    at<br/>\nsun.reflect.NativeMethodAccessorImpl.invoke(NativeMethodAccessorImpl.java:39)<br/>\n    at<br/>\nsun.reflect.DelegatingMethodAccessorImpl.invoke(DelegatingMethodAccessorImpl.java:25)<br/>\n    at java.lang.reflect.Method.invoke(Method.java:324)<br/>\n    at junit.framework.TestCase.runTest(TestCase.java:154)<br/>\n    at junit.framework.TestCase.runBare(TestCase.java:127)<br/>\n    at junit.framework.TestResult$1.protect(TestResult.java:106)<br/>\n    at junit.framework.TestResult.runProtected(TestResult.java:124)<br/>\n    at junit.framework.TestResult.run(TestResult.java:109)<br/>\n    at junit.framework.TestCase.run(TestCase.java:118)<br/>\n    at junit.framework.TestSuite.runTest(TestSuite.java:208)<br/>\n    at junit.framework.TestSuite.run(TestSuite.java:203)<br/>\n    at junit.textui.TestRunner.doRun(TestRunner.java:116)<br/>\n    at junit.textui.TestRunner.doRun(TestRunner.java:109)<br/>\n    at junit.textui.TestRunner.run(TestRunner.java:72)<br/>\n    at com.sun.ccqa.im.UserTest.main(UserTest.java:122)<br/>\n7499 [main] ERROR net.sf.hibernate.AssertionFailure  - an assertion<br/>\nfailure occured (this may indicate a bug in Hibernate, but is more<br/>\nlikely due to unsafe use of the session)<br/>\nnet.sf.hibernate.AssertionFailure: null id in entry (don&#39;t flush the<br/>\nSession after an exception occurs)<br/>\n    at net.sf.hibernate.impl.SessionImpl.checkId(SessionImpl.java:2661)<br/>\n    at<br/>\nnet.sf.hibernate.impl.SessionImpl.flushEntity(SessionImpl.java:2485)<br/>\n    at<br/>\nnet.sf.hibernate.impl.SessionImpl.flushEntities(SessionImpl.java:2478)<br/>\n    at<br/>\nnet.sf.hibernate.impl.SessionImpl.flushEverything(SessionImpl.java:2280)<br/>\n    at net.sf.hibernate.impl.SessionImpl.flush(SessionImpl.java:2259)<br/>\n    at<br/>\nnet.sf.hibernate.transaction.JDBCTransaction.commit(JDBCTransaction.java:61)<br/>\n    at com.sun.cc.ia.tran.TransactionImpl.commit(TransactionImpl.java:35)<br/>\n    at com.sun.cc.ia.EntityManagerImpl.commit(EntityManagerImpl.java:130)<br/>\n    at com.sun.ccqa.im.UserTest.tearDown(UserTest.java:81)<br/>\n    at junit.framework.TestCase.runBare(TestCase.java:130)<br/>\n    at junit.framework.TestResult$1.protect(TestResult.java:106)<br/>\n    at junit.framework.TestResult.runProtected(TestResult.java:124)<br/>\n    at junit.framework.TestResult.run(TestResult.java:109)<br/>\n    at junit.framework.TestCase.run(TestCase.java:118)<br/>\n    at junit.framework.TestSuite.runTest(TestSuite.java:208)<br/>\n    at junit.framework.TestSuite.run(TestSuite.java:203)<br/>\n    at junit.textui.TestRunner.doRun(TestRunner.java:116)<br/>\n    at junit.textui.TestRunner.doRun(TestRunner.java:109)<br/>\n    at junit.textui.TestRunner.run(TestRunner.java:72)<br/>\n    at com.sun.ccqa.im.UserTest.main(UserTest.java:122)<br/>\nE<br/>\nTime: 7.528<br/>\nThere was 1 error:<br/>\n1)<br/>\ntestAddUserWithNullAccount(com.sun.ccqa.im.UserTest)net.sf.hibernate.AssertionFailure:<br/>\nnull id in entry (don&#39;t flush the Session after an exception occurs)<br/>\n    at net.sf.hibernate.impl.SessionImpl.checkId(SessionImpl.java:2661)<br/>\n    at<br/>\nnet.sf.hibernate.impl.SessionImpl.flushEntity(SessionImpl.java:2485)<br/>\n    at<br/>\nnet.sf.hibernate.impl.SessionImpl.flushEntities(SessionImpl.java:2478)<br/>\n    at<br/>\nnet.sf.hibernate.impl.SessionImpl.flushEverything(SessionImpl.java:2280)<br/>\n    at net.sf.hibernate.impl.SessionImpl.flush(SessionImpl.java:2259)<br/>\n    at<br/>\nnet.sf.hibernate.transaction.JDBCTransaction.commit(JDBCTransaction.java:61)<br/>\n    at com.sun.cc.ia.tran.TransactionImpl.commit(TransactionImpl.java:35)<br/>\n    at com.sun.cc.ia.EntityManagerImpl.commit(EntityManagerImpl.java:130)<br/>\n    at com.sun.ccqa.im.UserTest.tearDown(UserTest.java:81)<br/>\n    at com.sun.ccqa.im.UserTest.main(UserTest.java:122)<br/>\n<br/>\nFAILURES!!!<br/>\nTests run: 1,  Failures: 0,  Errors: 1<br/>\n<br/>\nBUILD SUCCESSFUL (total time: 8 seconds)</div>", 
    "prevInTime": 13030, 
    "specialLinks": [], 
    "contentTrasformed": false, 
    "postDate": "1109975103", 
    "canDelete": false, 
    "nextInTopic": 0, 
    "prevInTopic": 0, 
    "headers": {
        "messageIdInHeader": "PGQwYW43dit2bG91QGVHcm91cHMuY29tPg=="
    }
}