{
    "numMessagesInTopic": 6, 
    "nextInTime": 13227, 
    "senderId": "Ym8OL7DVZTeCzQOI8hJy0pqIcXx75bOUNKTW4sglHXU41WLtqdSxoedSyghF3qlhW_rgpOqzFC9b0logdIyC-w", 
    "systemMessage": true, 
    "subject": "Re: installation test fails", 
    "from": "&quot;dccsd&quot; &lt;dccsd@...&gt;", 
    "authorName": "dccsd", 
    "msgSnippet": "... way ... Currently, my CLASSPATH looks like this %JUNIT_HOME% junit.jar;%JUNIT_HOME% and, I have problem running the junit.samples.AllTests. Here is the ", 
    "msgId": 13226, 
    "profile": "dccsd", 
    "topicId": 13100, 
    "spamInfo": {
        "reason": "12", 
        "isSpam": false
    }, 
    "replyTo": "LIST", 
    "userId": 60164804, 
    "messageBody": "<div id=\"ygrps-yiv-2045298010\"><blockquote><span title=\"ireply\">&gt; &gt; <br/>\n&gt; &gt; I am experiencing the same problem and it was not fixed with the <br/>\n </span></blockquote>way<br/>\n<blockquote><span title=\"ireply\"> &gt; &gt; suggested. Doesn&#39;t anybody have the same problem? I read a post<br/>\n&gt; &gt; somewhere saying this problem has nothing to do with path but is<br/>\n&gt; &gt; caused by ... thread?<br/>\n&gt; <br/>\n&gt; I believe it&#39;s a space in the CLASSPATH. At least, that&#39;s what I <br/>\n&gt; remember from earlier e-mails.<br/>\n&gt; -- <br/>\n<br/>\n </span></blockquote>Currently, my CLASSPATH looks like this<br/>\n<br/>\n%JUNIT_HOME%&#92;junit.jar;%JUNIT_HOME%<br/>\n<br/>\nand, I have problem running the junit.samples.AllTests. Here is the <br/>\nerror message.<br/>\n<br/>\nTime: 0.641<br/>\nThere was 1 error:<br/>\n1) testJarClassLoading(junit.tests.runner.TestCaseClassLoaderTest)<br/>\njava.lang.ClassNotFoundException: junit.tests.runner.LoadedFromJar<br/>\n        at junit.runner.TestCaseClassLoader.lookupClassData<br/>\n(TestCaseClassLoader.java:124)<br/>\n        at junit.runner.TestCaseClassLoader.loadClass<br/>\n(TestCaseClassLoader.java:101)<br/>\n        at <br/>\njunit.tests.runner.TestCaseClassLoaderTest.testJarClassLoading(TestCa<br/>\nseClassLoaderTest.java:33)<br/>\n        at sun.reflect.NativeMethodAccessorImpl.invoke0(Native Method)<br/>\n        at sun.reflect.NativeMethodAccessorImpl.invoke(Unknown Source)<br/>\n        at sun.reflect.DelegatingMethodAccessorImpl.invoke(Unknown <br/>\nSource)<br/>\n<br/>\nFAILURES!!!<br/>\nTests run: 119,  Failures: 0,  Errors: 1<br/>\n<br/>\nThe class, junit.tests.runner.LoadedFromJar, is definitely under %<br/>\nJUNIT_HOME%&#92;junit&#92;test&#92;runner. In fact, some other classes under that <br/>\ndirectory was executed fine. I still don&#39;t see how <br/>\nincorrect/incomplete classpath can cause this kind of behavior. By <br/>\nthe way, I am using 3.8.1.<br/>\n<br/>\nThanks for the help</div>", 
    "prevInTime": 13225, 
    "specialLinks": [], 
    "contentTrasformed": false, 
    "postDate": "1112467914", 
    "canDelete": false, 
    "nextInTopic": 13230, 
    "prevInTopic": 13221, 
    "headers": {
        "inReplyToHeader": "PDQyNEVBODA4LjIwODA5MDNAcm9nZXJzLmNvbT4=", 
        "messageIdInHeader": "PGQybXBrYSs4bmQxQGVHcm91cHMuY29tPg=="
    }
}