{
    "numMessagesInTopic": 2, 
    "nextInTime": 15763, 
    "senderId": "ZTt7Nyo52v1vEoNETtvSP9lpDyrRptGv7YOP6zId-Gh0Dykb_CB-RvhSRXly0BltiOQtH2VZc7TTs8rw-eiNOEuk_w393lMWAwj6-WUEwvG-F1YGlQ", 
    "systemMessage": true, 
    "subject": "junit with ant", 
    "from": "&quot;Ridvan Bedekar&quot; &lt;ridvanh_bedekar@...&gt;", 
    "authorName": "Ridvan Bedekar", 
    "msgSnippet": "Hi I am fairly new to junit with ants\n\nI have to run a junit task and facing some issues\n\nMy junit is\n\npublic class AllServerLibraryTests {\n\n /**\n  * This is", 
    "msgId": 15762, 
    "topicId": 15762, 
    "spamInfo": {
        "reason": "12", 
        "isSpam": false
    }, 
    "replyTo": "LIST", 
    "userId": 112911170, 
    "messageBody": "<div id=\"ygrps-yiv-1827591423\">Hi\r<br/>\n<br/>\nI am fairly new to junit with ants<br/>\n<br/>\nI have to run a junit task and facing some issues<br/>\n<br/>\nMy junit is<br/>\n<br/>\npublic class AllServerLibraryTests {<br/>\n<br/>\n /**<br/>\n  * This is the suite method for classes in the<br/>\n  * TokensServerLibrary project<br/>\n  * @return Test<br/>\n  */<br/>\n public static Test suite() {<br/>\n<br/>\n<br/>\n  TestSuite suite =<br/>\n   new TestSuite(&quot;Test for TokensServerLibrary&quot;);<br/>\n  //$JUnit-BEGIN$<br/>\n  suite.addTest(AllTests.suite());<br/>\n  suite.addTest(com.rbsg.tokens.server.common.audit.dao.implementation.AllTests.suite());<br/>\n  suite.addTest(com.rbsg.tokens.server.common.audit.dao.mapper.AllTests.suite());<br/>\n  suite.addTest(com.rbsg.tokens.server.common.configuration.loader.AllTests.suite());<br/>\n  suite.addTest(com.rbsg.tokens.server.common.dao.AllTests.suite());<br/>\n \r<br/>\n  //$JUnit-END$<br/>\n  return suite;<br/>\n }<br/>\n<br/>\n<br/>\nThe ant script is<br/>\n<br/>\n &lt;!-- ============================= --&gt;<br/>\n &lt;!-- test latest version of source --&gt;<br/>\n &lt;!-- ============================= --&gt;<br/>\n &lt;target name=&quot;test&quot; unless=&quot;notest&quot; description=&quot;Run the unit tests.&quot;&gt;<br/>\n  &lt;mkdir dir=&quot;${build.reports.dir}&quot;/&gt;<br/>\n  &lt;junit printsummary=&quot;yes&quot;<br/>\n         fork=&quot;yes&quot;<br/>\n               errorProperty=&quot;test.failed&quot;<br/>\n               failureProperty=&quot;test.failed&quot;&gt;<br/>\n       \r<br/>\n        &lt;classpath&gt;<br/>\n   &lt;fileset dir=&quot;${was4.home}/lib&quot;&gt;<br/>\n    &lt;include name=&quot;*.jar&quot; /&gt;<br/>\n   &lt;/fileset&gt;<br/>\n  &lt;/classpath&gt;<br/>\n  &lt;formatter type=&quot;brief&quot; usefile=&quot;false&quot; /&gt;<br/>\n      &lt;test name=&quot;${testcase}&quot; if=&quot;testcase&quot;/&gt;<br/>\n   &lt;batchtest todir=&quot;${build.reports.dir}&quot; unless=&quot;testcase&quot;&gt;<br/>\n          &lt;fileset dir=&quot;${test.classes.dir}&quot;<br/>\n                    includes=&quot;**/*Test.class&quot;<br/>\n                    excludes=&quot;**/*Tests.class&quot;<br/>\n    /&gt;<br/>\n        &lt;/batchtest&gt;<br/>\n  &lt;/junit&gt;<br/>\n \r<br/>\n<br/>\n  &lt;fail if=&quot;test.failed&quot;&gt;<br/>\n   First run of unit testing failed.  Check log or reports for details<br/>\n  &lt;/fail&gt;<br/>\n<br/>\nwhere<br/>\ntestcase=D:&#92;&#92;code&#92;&#92;TokensServerLibrary&#92;&#92;src&#92;&#92;javatest&#92;&#92;com&#92;&#92;rbsg&#92;&#92;tokens&#92;&#92;server&#92;&#92;common&#92;&#92;test&#92;&#92;AllServerLibraryTests<br/>\ndist.dir= dist<br/>\ndist.docs.dir= ${dist.dir}&#92;&#92;docs<br/>\ntest.classes.dir=D:&#92;&#92;code&#92;&#92;TokensServerLibrary&#92;&#92;classes&#92;&#92;com&#92;&#92;rbsg&#92;&#92;tokens&#92;&#92;server&#92;&#92;common&#92;&#92;test<br/>\n<br/>\n\r<br/>\n<br/>\nThe exception i get is<br/>\n<br/>\nBuildfile: C:&#92;trial&#92;BuildEars&#92;build.xml<br/>\n<br/>\ntest:<br/>\n        [echo] **1**<br/>\n       [junit] Running D:&#92;code&#92;TokensServerLibrary&#92;src&#92;javatest&#92;com&#92;rbsg&#92;tokens&#92;server&#92;common&#92;test&#92;AllServerLibraryTests<br/>\n       [junit] Tests run: 1, Failures: 0, Errors: 1, Time elapsed: 0 sec<br/>\n       [junit] Testsuite: D:&#92;code&#92;TokensServerLibrary&#92;src&#92;javatest&#92;com&#92;rbsg&#92;tokens&#92;server&#92;common&#92;test&#92;AllServerLibraryTests<br/>\n       [junit] Tests run: 1, Failures: 0, Errors: 1, Time elapsed: 0 sec<br/>\n       [junit]\r<br/>\n       [junit] Null Test:  Caused an ERROR<br/>\n       [junit] D:&#92;code&#92;TokensServerLibrary&#92;src&#92;javatest&#92;com&#92;rbsg&#92;tokens&#92;server&#92;common&#92;test&#92;AllServerLibraryTests<br/>\n       [junit] java.lang.ClassNotFoundException: D:&#92;code&#92;TokensServerLibrary&#92;src&#92;javatest&#92;com&#92;rbsg&#92;tokens&#92;server&#92;common&#92;test&#92;AllServerLibraryTests<br/>\n       [junit]  at java.net.URLClassLoader.findClass(URLClassLoader.java:241)<br/>\n       [junit]  at java.lang.ClassLoader.loadClass(ClassLoader.java:516)<br/>\n       [junit]  at sun.misc.Launcher$AppClassLoader.loadClass(Launcher.java:460)<br/>\n       [junit]  at java.lang.ClassLoader.loadClass(ClassLoader.java:448)<br/>\n       [junit]  at java.lang.Class.forName1(Native Method)<br/>\n       [junit]  at java.lang.Class.forName(Class.java:142)<br/>\n       [junit]\r<br/>\n       [junit]\r<br/>\n       [junit] TEST D:&#92;code&#92;TokensServerLibrary&#92;src&#92;javatest&#92;com&#92;rbsg&#92;tokens&#92;server&#92;common&#92;test&#92;AllServerLibraryTests FAILED<br/>\n        [fail] BUILD FAILED: file:C:/trial/BuildEars/build.xml:50:\r<br/>\n   First run of unit testing failed.  Check log or reports for details<br/>\n \r<br/>\nTotal time: 3 seconds<br/>\n<br/>\n\r<br/>\n<br/>\nPLEASE  HELP<br/>\n<br/>\n\r<br/>\n<br/>\nThanks<br/>\n<br/>\nRidvan<br/>\n<br/>\n<br/>\n**************** CAUTION - Disclaimer *****************<br/>\nThis e-mail contains PRIVILEGED AND CONFIDENTIAL INFORMATION intended solely for the use of the addressee(s). If you are not the intended recipient, please notify the sender by e-mail and delete the original message. Further, you are not to copy, disclose, or distribute this e-mail or its contents to any other person and any such actions are unlawful. This e-mail may contain viruses. Infosys has taken every reasonable precaution to minimize this risk, but is not liable for any damage you may sustain as a result of any virus in this e-mail. You should carry out your own virus checks before opening the e-mail or attachment. Infosys reserves the right to monitor and review the content of all messages sent to or from this e-mail address. Messages sent to or from this e-mail address may be stored on the Infosys e-mail system.<br/>\n***INFOSYS******** End of Disclaimer ********INFOSYS***</div>", 
    "prevInTime": 15761, 
    "specialLinks": [], 
    "contentTrasformed": false, 
    "postDate": "1137143495", 
    "canDelete": false, 
    "nextInTopic": 15763, 
    "prevInTopic": 0, 
    "headers": {
        "messageIdInHeader": "PEQ1NkI4OUZBRTdCRjEzNDRCRjc1RTY3OEYxNDJDQTlDMzIxNjRFQFBVTklUUE1TRzAyLmFkLmluZm9zeXMuY29tPg=="
    }
}