{
    "numMessagesInTopic": 6, 
    "nextInTime": 16488, 
    "senderId": "quLuTLxKQWVJNs7lyLifWTF2pn2F215ulMk5z2tP8lbEwNmVjYoZqC_74g1xg_wp9Q3oWtbk2WClpgEmO6ZR07d40iJmfJkG", 
    "systemMessage": true, 
    "subject": "Why can&#39;t the JUnit3 GUI Runner run JUnit4 tests?", 
    "from": "&quot;tietyt&quot; &lt;jjjaaannneee@...&gt;", 
    "authorName": "tietyt", 
    "msgSnippet": "When i run my test case in junit3.8.2 s junit.swingui.TestRunner runner, it fails saying: java.lang.Exception: No runnable methods at ", 
    "msgId": 16487, 
    "rawEmail": "Return-Path: &lt;jjjaaannneee@...&gt;\r\nReceived: (qmail 68845 invoked from network); 14 Apr 2006 01:25:59 -0000\r\nReceived: from unknown (66.218.66.172)\n  by m8.grp.scd.yahoo.com with QMQP; 14 Apr 2006 01:25:59 -0000\r\nReceived: from unknown (HELO n20a.bullet.scd.yahoo.com) (66.94.237.49)\n  by mta4.grp.scd.yahoo.com with SMTP; 14 Apr 2006 01:25:59 -0000\r\nComment: DomainKeys? See http://antispam.yahoo.com/domainkeys\r\nReceived: from [66.218.69.5] by n20.bullet.scd.yahoo.com with NNFMP; 14 Apr 2006 01:25:31 -0000\r\nReceived: from [66.218.66.92] by t5.bullet.scd.yahoo.com with NNFMP; 14 Apr 2006 01:25:31 -0000\r\nX-Sender: jjjaaannneee@...\r\nX-Apparently-To: junit@yahoogroups.com\r\nReceived: (qmail 41531 invoked from network); 12 Apr 2006 23:56:33 -0000\r\nReceived: from unknown (66.218.66.167)\n  by m24.grp.scd.yahoo.com with QMQP; 12 Apr 2006 23:56:33 -0000\r\nReceived: from unknown (HELO n32.bullet.scd.yahoo.com) (66.94.237.26)\n  by mta6.grp.scd.yahoo.com with SMTP; 12 Apr 2006 23:56:33 -0000\r\nComment: DomainKeys? See http://antispam.yahoo.com/domainkeys\r\nReceived: from [66.218.69.4] by n32.bullet.scd.yahoo.com with NNFMP; 12 Apr 2006 23:56:29 -0000\r\nReceived: from [66.218.66.87] by t4.bullet.scd.yahoo.com with NNFMP; 12 Apr 2006 23:56:29 -0000\r\nDate: Wed, 12 Apr 2006 23:56:27 -0000\r\nTo: junit@yahoogroups.com\r\nMessage-ID: &lt;e1k43b+h28i@...&gt;\r\nUser-Agent: eGroups-EW/0.82\r\nMIME-Version: 1.0\r\nContent-Type: text/plain; charset=&quot;ISO-8859-1&quot;\r\nContent-Transfer-Encoding: quoted-printable\r\nX-Mailer: Yahoo Groups Message Poster\r\nX-Yahoo-Newman-Property: groups-system\r\nX-eGroups-Msg-Info: 1:12:0:0\r\nFrom: &quot;tietyt&quot; &lt;jjjaaannneee@...&gt;\r\nSubject: Why can&#39;t the JUnit3 GUI Runner run JUnit4 tests?\r\nX-Yahoo-Group-Post: member; u=228327065; y=w2Pffc-b0wcPEg4OK6P2vNCA2ivrbvsPpj3EgJOeGNnL\r\nX-Yahoo-Profile: tietyt\r\nX-eGroups-Approved-By: nails762 &lt;jbrains@...&gt; via web; 14 Apr 2006 01:25:31 -0000\r\n\r\nWhen i run my test case in junit3.8.2&#39;s junit.swingui.TestRunner \nrunner, i=\r\nt fails saying: \n\njava.lang.Exception: No runnable methods\n\tat \norg.junit.i=\r\nnternal.runners.TestClassMethodsRunner.testAborted\n(TestClassMethodsRunner.=\r\njava:42)\n\tat org.junit.internal.runners.TestClassMethodsRunner.run\n(TestCla=\r\nssMethodsRunner.java:33)\n\tat org.junit.internal.runners.TestClassRunner$1.r=\r\nunUnprotected\n(TestClassRunner.java:42)\n\tat \norg.junit.internal.runners.Bef=\r\noreAndAfterRunner.runProtected\n(BeforeAndAfterRunner.java:34)\n\tat org.junit=\r\n.internal.runners.TestClassRunner.run\n(TestClassRunner.java:52)\n\tat junit.f=\r\nramework.JUnit4TestAdapter.run\n(JUnit4TestAdapter.java:32)\n\nThis is my test=\r\n case (I made it all in one class, but originally i \nhad the class I was te=\r\nsting and my tests completely separate.  The \nerror doesn&#39;t change either w=\r\nay):\n\n//////////////////// START CODE //////////////////////\npackage tests;=\r\n\n\nimport org.junit.Test;  //this imports the @Test annotation\nimport org.ju=\r\nnit.Assert;\nimport org.junit.Before;    //this imports the @Before annotati=\r\non\nimport junit.framework.JUnit4TestAdapter;\n\npublic class AdderTests {\n   =\r\n private MyNumber one;\n    private MyNumber two;\n\n    @Before\n    public vo=\r\nid doThisForEachTest() {\n        one =3D new MyNumber(1);\n        two =3D n=\r\new MyNumber(2);\n    }\n\n    @Test\n    public void successfulTest() {\n       =\r\n Assert.assertEquals(3, one.getValue() + two.getValue());\n    }\n\n    @Test\n=\r\n    public void failedTest() {\n        Assert.assertEquals(5, one.getValue(=\r\n) + two.getValue());\n    }\n\n    public static junit.framework.Test suite() =\r\n{\n        return new JUnit4TestAdapter(AdderTests.class); //this is so \nthe=\r\nse tests will run on JUnit 3x Runners\n    }\n\n    public class MyNumber {\n  =\r\n      private int value;\n\n        public int getValue() {\n            retur=\r\nn value;\n        }\n\n        public void setValue(int value) {\n            t=\r\nhis.value =3D value;\n        }\n\n        public MyNumber(int i) {\n          =\r\n  value =3D i;\n        }\n    }\n}\n\n///////////////////////// END CODE //////=\r\n////////////////////\n\nHere is the command I&#39;m using to run the JUnit3 gui r=\r\nunner:\n/c/jdk1.5/bin/java -classpath &quot;../classes;junit.jar;junit-4.0.jar&quot; \n=\r\njunit.swingui.TestRunner\n\nI&#39;m doing this from within my lib directory.  jun=\r\nit.jar refers to the \nthe jar with junit3.8.2 code in it (including the gui=\r\n runner).  I got \nthe junit-4.0.jar today (4/12/2006) so it should be the l=\r\natest \nversion.  And ../classes refers to the directory with my TestCase in=\r\n \nit.  \n\nIt may be important to note that these tests run as they should wh=\r\nen \ni use the JUnit4 textui.  Here&#39;s the command I use to run that runner:\n=\r\n/c/jdk1.5/bin/java -classpath &quot;../classes;junit-4.0.jar&quot; \njunit.textui.Test=\r\nRunner tests.AdderTests\n\nHere is the output of running that command:\n.E.\nTi=\r\nme: 0.031\nThere was 1 error:\n1) failedTest(tests.AdderTests)java.lang.Asser=\r\ntionError: expected:&lt;5&gt; \nbut was:&lt;3&gt;\n        at org.junit.Assert.fail(Asser=\r\nt.java:58)\n        at org.junit.Assert.failNotEquals(Assert.java:259)\n     =\r\n   at org.junit.Assert.assertEquals(Assert.java:80)\n        at org.junit.As=\r\nsert.assertEquals(Assert.java:88)\n        at tests.AdderTests.failedTest(Ad=\r\nderTests.java:25)\n        at sun.reflect.NativeMethodAccessorImpl.invoke0(N=\r\native Method)\n        at sun.reflect.NativeMethodAccessorImpl.invoke\n(Nativ=\r\neMethodAccessorImpl.java:39)\n        at sun.reflect.DelegatingMethodAccesso=\r\nrImpl.invoke\n(DelegatingMethodAccessorImpl.java:25)\n        at \norg.junit.i=\r\nnternal.runners.TestMethodRunner.executeMethodBody\n(TestMethodRunner.java:9=\r\n9)\n        at org.junit.internal.runners.TestMethodRunner.runUnprotected\n(T=\r\nestMethodRunner.java:81)\n        at \norg.junit.internal.runners.BeforeAndAf=\r\nterRunner.runProtected\n(BeforeAndAfterRunner.java:34)\n        at org.junit.=\r\ninternal.runners.TestMethodRunner.runMethod\n(TestMethodRunner.java:75)\n    =\r\n    at org.junit.internal.runners.TestMethodRunner.run\n(TestMethodRunner.ja=\r\nva:45)\n        at \norg.junit.internal.runners.TestClassMethodsRunner.invoke=\r\nTestMethod\n(TestClassMethodsRunner.java:71)\n        at org.junit.internal.r=\r\nunners.TestClassMethodsRunner.run\n(TestClassMethodsRunner.java:35)\n        =\r\nat org.junit.internal.runners.TestClassRunner$1.runUnprotected\n(TestClassRu=\r\nnner.java:42)\n        at \norg.junit.internal.runners.BeforeAndAfterRunner.r=\r\nunProtected\n(BeforeAndAfterRunner.java:34)\n        at org.junit.internal.ru=\r\nnners.TestClassRunner.run\n(TestClassRunner.java:52)\n        at junit.framew=\r\nork.JUnit4TestAdapter.run\n(JUnit4TestAdapter.java:32)\n\nFAILURES!!!\nTests ru=\r\nn: 2,  Failures: 0,  Errors: 1\n\nThanks for any help\n\n\n\n\n\n\n", 
    "profile": "tietyt", 
    "topicId": 16487, 
    "spamInfo": {
        "reason": "12", 
        "isSpam": false
    }, 
    "replyTo": "LIST", 
    "userId": 228327065, 
    "prevInTime": 16486, 
    "contentTrasformed": false, 
    "postDate": "1144886187", 
    "canDelete": false, 
    "nextInTopic": 16494, 
    "prevInTopic": 0, 
    "headers": {
        "messageIdInHeader": "PGUxazQzYitoMjhpQGVHcm91cHMuY29tPg=="
    }
}