{
    "numMessagesInTopic": 6, 
    "nextInTime": 16488, 
    "senderId": "YG97km1FilZiD7DAGsPaGoKvr2L7UDmBCDL6qdIXJRMf5P5iN3Gw44FzYmnOwFVJXY8gNbmO7dPkHlBP_AEgLvuU8HUAk4Ia", 
    "systemMessage": true, 
    "subject": "Why can&#39;t the JUnit3 GUI Runner run JUnit4 tests?", 
    "from": "&quot;tietyt&quot; &lt;jjjaaannneee@...&gt;", 
    "authorName": "tietyt", 
    "msgSnippet": "When i run my test case in junit3.8.2 s junit.swingui.TestRunner runner, it fails saying: java.lang.Exception: No runnable methods at ", 
    "msgId": 16487, 
    "profile": "tietyt", 
    "topicId": 16487, 
    "spamInfo": {
        "reason": "12", 
        "isSpam": false
    }, 
    "replyTo": "LIST", 
    "userId": 228327065, 
    "messageBody": "<div id=\"ygrps-yiv-782526388\">When i run my test case in junit3.8.2&#39;s junit.swingui.TestRunner <br/>\nrunner, it fails saying: <br/>\n<br/>\njava.lang.Exception: No runnable methods<br/>\n\tat <br/>\norg.junit.internal.runners.TestClassMethodsRunner.testAborted<br/>\n(TestClassMethodsRunner.java:42)<br/>\n\tat org.junit.internal.runners.TestClassMethodsRunner.run<br/>\n(TestClassMethodsRunner.java:33)<br/>\n\tat org.junit.internal.runners.TestClassRunner$1.runUnprotected<br/>\n(TestClassRunner.java:42)<br/>\n\tat <br/>\norg.junit.internal.runners.BeforeAndAfterRunner.runProtected<br/>\n(BeforeAndAfterRunner.java:34)<br/>\n\tat org.junit.internal.runners.TestClassRunner.run<br/>\n(TestClassRunner.java:52)<br/>\n\tat junit.framework.JUnit4TestAdapter.run<br/>\n(JUnit4TestAdapter.java:32)<br/>\n<br/>\nThis is my test case (I made it all in one class, but originally i <br/>\nhad the class I was testing and my tests completely separate.  The <br/>\nerror doesn&#39;t change either way):<br/>\n<br/>\n//////////////////// START CODE //////////////////////<br/>\npackage tests;<br/>\n<br/>\nimport org.junit.Test;  //this imports the @Test annotation<br/>\nimport org.junit.Assert;<br/>\nimport org.junit.Before;    //this imports the @Before annotation<br/>\nimport junit.framework.JUnit4TestAdapter;<br/>\n<br/>\npublic class AdderTests {<br/>\n    private MyNumber one;<br/>\n    private MyNumber two;<br/>\n<br/>\n    @Before<br/>\n    public void doThisForEachTest() {<br/>\n        one = new MyNumber(1);<br/>\n        two = new MyNumber(2);<br/>\n    }<br/>\n<br/>\n    @Test<br/>\n    public void successfulTest() {<br/>\n        Assert.assertEquals(3, one.getValue() + two.getValue());<br/>\n    }<br/>\n<br/>\n    @Test<br/>\n    public void failedTest() {<br/>\n        Assert.assertEquals(5, one.getValue() + two.getValue());<br/>\n    }<br/>\n<br/>\n    public static junit.framework.Test suite() {<br/>\n        return new JUnit4TestAdapter(AdderTests.class); //this is so <br/>\nthese tests will run on JUnit 3x Runners<br/>\n    }<br/>\n<br/>\n    public class MyNumber {<br/>\n        private int value;<br/>\n<br/>\n        public int getValue() {<br/>\n            return value;<br/>\n        }<br/>\n<br/>\n        public void setValue(int value) {<br/>\n            this.value = value;<br/>\n        }<br/>\n<br/>\n        public MyNumber(int i) {<br/>\n            value = i;<br/>\n        }<br/>\n    }<br/>\n}<br/>\n<br/>\n///////////////////////// END CODE //////////////////////////<br/>\n<br/>\nHere is the command I&#39;m using to run the JUnit3 gui runner:<br/>\n/c/jdk1.5/bin/java -classpath &quot;../classes;junit.jar;junit-4.0.jar&quot; <br/>\njunit.swingui.TestRunner<br/>\n<br/>\nI&#39;m doing this from within my lib directory.  junit.jar refers to the <br/>\nthe jar with junit3.8.2 code in it (including the gui runner).  I got <br/>\nthe junit-4.0.jar today (4/12/2006) so it should be the latest <br/>\nversion.  And ../classes refers to the directory with my TestCase in <br/>\nit.  <br/>\n<br/>\nIt may be important to note that these tests run as they should when <br/>\ni use the JUnit4 textui.  Here&#39;s the command I use to run that runner:<br/>\n/c/jdk1.5/bin/java -classpath &quot;../classes;junit-4.0.jar&quot; <br/>\njunit.textui.TestRunner tests.AdderTests<br/>\n<br/>\nHere is the output of running that command:<br/>\n.E.<br/>\nTime: 0.031<br/>\nThere was 1 error:<br/>\n1) failedTest(tests.AdderTests)java.lang.AssertionError: expected:&lt;5&gt; <br/>\nbut was:&lt;3&gt;<br/>\n        at org.junit.Assert.fail(Assert.java:58)<br/>\n        at org.junit.Assert.failNotEquals(Assert.java:259)<br/>\n        at org.junit.Assert.assertEquals(Assert.java:80)<br/>\n        at org.junit.Assert.assertEquals(Assert.java:88)<br/>\n        at tests.AdderTests.failedTest(AdderTests.java:25)<br/>\n        at sun.reflect.NativeMethodAccessorImpl.invoke0(Native Method)<br/>\n        at sun.reflect.NativeMethodAccessorImpl.invoke<br/>\n(NativeMethodAccessorImpl.java:39)<br/>\n        at sun.reflect.DelegatingMethodAccessorImpl.invoke<br/>\n(DelegatingMethodAccessorImpl.java:25)<br/>\n        at <br/>\norg.junit.internal.runners.TestMethodRunner.executeMethodBody<br/>\n(TestMethodRunner.java:99)<br/>\n        at org.junit.internal.runners.TestMethodRunner.runUnprotected<br/>\n(TestMethodRunner.java:81)<br/>\n        at <br/>\norg.junit.internal.runners.BeforeAndAfterRunner.runProtected<br/>\n(BeforeAndAfterRunner.java:34)<br/>\n        at org.junit.internal.runners.TestMethodRunner.runMethod<br/>\n(TestMethodRunner.java:75)<br/>\n        at org.junit.internal.runners.TestMethodRunner.run<br/>\n(TestMethodRunner.java:45)<br/>\n        at <br/>\norg.junit.internal.runners.TestClassMethodsRunner.invokeTestMethod<br/>\n(TestClassMethodsRunner.java:71)<br/>\n        at org.junit.internal.runners.TestClassMethodsRunner.run<br/>\n(TestClassMethodsRunner.java:35)<br/>\n        at org.junit.internal.runners.TestClassRunner$1.runUnprotected<br/>\n(TestClassRunner.java:42)<br/>\n        at <br/>\norg.junit.internal.runners.BeforeAndAfterRunner.runProtected<br/>\n(BeforeAndAfterRunner.java:34)<br/>\n        at org.junit.internal.runners.TestClassRunner.run<br/>\n(TestClassRunner.java:52)<br/>\n        at junit.framework.JUnit4TestAdapter.run<br/>\n(JUnit4TestAdapter.java:32)<br/>\n<br/>\nFAILURES!!!<br/>\nTests run: 2,  Failures: 0,  Errors: 1<br/>\n<br/>\nThanks for any help</div>", 
    "prevInTime": 16486, 
    "specialLinks": [], 
    "contentTrasformed": false, 
    "postDate": "1144886187", 
    "canDelete": false, 
    "nextInTopic": 16494, 
    "prevInTopic": 0, 
    "headers": {
        "messageIdInHeader": "PGUxazQzYitoMjhpQGVHcm91cHMuY29tPg=="
    }
}