{
    "numMessagesInTopic": 6, 
    "nextInTime": 16495, 
    "senderId": "pCDNM5SNLxNLtQMRplEbrJidfi4DZIE90HofJ0gR-yr0dv2AxS50NCvVt2Z5t0L4PdVXZf7UK9r-8T6-lDrvrvCCTXOq1lCk-geJpCWEP5k", 
    "systemMessage": false, 
    "subject": "Re: [junit] Why can&#39;t the JUnit3 GUI Runner run JUnit4 tests?", 
    "from": "Stephen Smith &lt;steve@...&gt;", 
    "authorName": "Stephen Smith", 
    "msgSnippet": "The clue is in your message subject... JUnit 3.8.x and JUnit 4.x do not understand one another. -- Stephen Smith, MEng (Wales). http://www.stephen-smith.co.uk/", 
    "msgId": 16494, 
    "topicId": 16487, 
    "spamInfo": {
        "reason": "12", 
        "isSpam": false
    }, 
    "replyTo": "LIST", 
    "userId": 231973488, 
    "messageBody": "<div id=\"ygrps-yiv-1722720754\">The clue is in your message subject... JUnit 3.8.x and JUnit 4.x do not <br/>\nunderstand one another.<br/>\n<br/>\n--<br/>\nStephen Smith, MEng (Wales).<br/>\n<a rel=\"nofollow\" target=\"_blank\" href=\"http://www.stephen-smith.co.uk/\">http://www.stephen-smith.co.uk/</a><br/>\n<br/>\ntietyt wrote:<br/>\n<blockquote><span title=\"qreply\"> &gt; When i run my test case in junit3.8.2&#39;s junit.swingui.TestRunner <br/>\n&gt; runner, it fails saying: <br/>\n&gt; <br/>\n&gt; java.lang.Exception: No runnable methods<br/>\n&gt; \tat <br/>\n&gt; org.junit.internal.runners.TestClassMethodsRunner.testAborted<br/>\n&gt; (TestClassMethodsRunner.java:42)<br/>\n&gt; \tat org.junit.internal.runners.TestClassMethodsRunner.run<br/>\n&gt; (TestClassMethodsRunner.java:33)<br/>\n&gt; \tat org.junit.internal.runners.TestClassRunner$1.runUnprotected<br/>\n&gt; (TestClassRunner.java:42)<br/>\n&gt; \tat <br/>\n&gt; org.junit.internal.runners.BeforeAndAfterRunner.runProtected<br/>\n&gt; (BeforeAndAfterRunner.java:34)<br/>\n&gt; \tat org.junit.internal.runners.TestClassRunner.run<br/>\n&gt; (TestClassRunner.java:52)<br/>\n&gt; \tat junit.framework.JUnit4TestAdapter.run<br/>\n&gt; (JUnit4TestAdapter.java:32)<br/>\n&gt; <br/>\n&gt; This is my test case (I made it all in one class, but originally i <br/>\n&gt; had the class I was testing and my tests completely separate.  The <br/>\n&gt; error doesn&#39;t change either way):<br/>\n&gt; <br/>\n&gt; //////////////////// START CODE //////////////////////<br/>\n&gt; package tests;<br/>\n&gt; <br/>\n&gt; import org.junit.Test;  //this imports the @Test annotation<br/>\n&gt; import org.junit.Assert;<br/>\n&gt; import org.junit.Before;    //this imports the @Before annotation<br/>\n&gt; import junit.framework.JUnit4TestAdapter;<br/>\n&gt; <br/>\n&gt; public class AdderTests {<br/>\n&gt;     private MyNumber one;<br/>\n&gt;     private MyNumber two;<br/>\n&gt; <br/>\n&gt;     @Before<br/>\n&gt;     public void doThisForEachTest() {<br/>\n&gt;         one = new MyNumber(1);<br/>\n&gt;         two = new MyNumber(2);<br/>\n&gt;     }<br/>\n&gt; <br/>\n&gt;     @Test<br/>\n&gt;     public void successfulTest() {<br/>\n&gt;         Assert.assertEquals(3, one.getValue() + two.getValue());<br/>\n&gt;     }<br/>\n&gt; <br/>\n&gt;     @Test<br/>\n&gt;     public void failedTest() {<br/>\n&gt;         Assert.assertEquals(5, one.getValue() + two.getValue());<br/>\n&gt;     }<br/>\n&gt; <br/>\n&gt;     public static junit.framework.Test suite() {<br/>\n&gt;         return new JUnit4TestAdapter(AdderTests.class); //this is so <br/>\n&gt; these tests will run on JUnit 3x Runners<br/>\n&gt;     }<br/>\n&gt; <br/>\n&gt;     public class MyNumber {<br/>\n&gt;         private int value;<br/>\n&gt; <br/>\n&gt;         public int getValue() {<br/>\n&gt;             return value;<br/>\n&gt;         }<br/>\n&gt; <br/>\n&gt;         public void setValue(int value) {<br/>\n&gt;             this.value = value;<br/>\n&gt;         }<br/>\n&gt; <br/>\n&gt;         public MyNumber(int i) {<br/>\n&gt;             value = i;<br/>\n&gt;         }<br/>\n&gt;     }<br/>\n&gt; }<br/>\n&gt; <br/>\n&gt; ///////////////////////// END CODE //////////////////////////<br/>\n&gt; <br/>\n&gt; Here is the command I&#39;m using to run the JUnit3 gui runner:<br/>\n&gt; /c/jdk1.5/bin/java -classpath &quot;../classes;junit.jar;junit-4.0.jar&quot; <br/>\n&gt; junit.swingui.TestRunner<br/>\n&gt; <br/>\n&gt; I&#39;m doing this from within my lib directory.  junit.jar refers to the <br/>\n&gt; the jar with junit3.8.2 code in it (including the gui runner).  I got <br/>\n&gt; the junit-4.0.jar today (4/12/2006) so it should be the latest <br/>\n&gt; version.  And ../classes refers to the directory with my TestCase in <br/>\n&gt; it.  <br/>\n&gt; <br/>\n&gt; It may be important to note that these tests run as they should when <br/>\n&gt; i use the JUnit4 textui.  Here&#39;s the command I use to run that runner:<br/>\n&gt; /c/jdk1.5/bin/java -classpath &quot;../classes;junit-4.0.jar&quot; <br/>\n&gt; junit.textui.TestRunner tests.AdderTests<br/>\n&gt; <br/>\n&gt; Here is the output of running that command:<br/>\n&gt; .E.<br/>\n&gt; Time: 0.031<br/>\n&gt; There was 1 error:<br/>\n&gt; 1) failedTest(tests.AdderTests)java.lang.AssertionError: expected:&lt;5&gt; <br/>\n&gt; but was:&lt;3&gt;<br/>\n&gt;         at org.junit.Assert.fail(Assert.java:58)<br/>\n&gt;         at org.junit.Assert.failNotEquals(Assert.java:259)<br/>\n&gt;         at org.junit.Assert.assertEquals(Assert.java:80)<br/>\n&gt;         at org.junit.Assert.assertEquals(Assert.java:88)<br/>\n&gt;         at tests.AdderTests.failedTest(AdderTests.java:25)<br/>\n&gt;         at sun.reflect.NativeMethodAccessorImpl.invoke0(Native Method)<br/>\n&gt;         at sun.reflect.NativeMethodAccessorImpl.invoke<br/>\n&gt; (NativeMethodAccessorImpl.java:39)<br/>\n&gt;         at sun.reflect.DelegatingMethodAccessorImpl.invoke<br/>\n&gt; (DelegatingMethodAccessorImpl.java:25)<br/>\n&gt;         at <br/>\n&gt; org.junit.internal.runners.TestMethodRunner.executeMethodBody<br/>\n&gt; (TestMethodRunner.java:99)<br/>\n&gt;         at org.junit.internal.runners.TestMethodRunner.runUnprotected<br/>\n&gt; (TestMethodRunner.java:81)<br/>\n&gt;         at <br/>\n&gt; org.junit.internal.runners.BeforeAndAfterRunner.runProtected<br/>\n&gt; (BeforeAndAfterRunner.java:34)<br/>\n&gt;         at org.junit.internal.runners.TestMethodRunner.runMethod<br/>\n&gt; (TestMethodRunner.java:75)<br/>\n&gt;         at org.junit.internal.runners.TestMethodRunner.run<br/>\n&gt; (TestMethodRunner.java:45)<br/>\n&gt;         at <br/>\n&gt; org.junit.internal.runners.TestClassMethodsRunner.invokeTestMethod<br/>\n&gt; (TestClassMethodsRunner.java:71)<br/>\n&gt;         at org.junit.internal.runners.TestClassMethodsRunner.run<br/>\n&gt; (TestClassMethodsRunner.java:35)<br/>\n&gt;         at org.junit.internal.runners.TestClassRunner$1.runUnprotected<br/>\n&gt; (TestClassRunner.java:42)<br/>\n&gt;         at <br/>\n&gt; org.junit.internal.runners.BeforeAndAfterRunner.runProtected<br/>\n&gt; (BeforeAndAfterRunner.java:34)<br/>\n&gt;         at org.junit.internal.runners.TestClassRunner.run<br/>\n&gt; (TestClassRunner.java:52)<br/>\n&gt;         at junit.framework.JUnit4TestAdapter.run<br/>\n&gt; (JUnit4TestAdapter.java:32)<br/>\n&gt; <br/>\n&gt; FAILURES!!!<br/>\n&gt; Tests run: 2,  Failures: 0,  Errors: 1<br/>\n&gt; <br/>\n&gt; Thanks for any help<br/>\n&gt; <br/>\n&gt; <br/>\n&gt; <br/>\n&gt; <br/>\n&gt; <br/>\n&gt; <br/>\n&gt; <br/>\n&gt;  <br/>\n&gt; Yahoo! Groups Links<br/>\n&gt; <br/>\n&gt; <br/>\n&gt; <br/>\n&gt;  <br/>\n&gt; <br/>\n&gt; <br/>\n&gt; <br/>\n&gt; </span></blockquote></div>", 
    "prevInTime": 16493, 
    "specialLinks": [], 
    "contentTrasformed": false, 
    "postDate": "1144982008", 
    "canDelete": false, 
    "nextInTopic": 16503, 
    "prevInTopic": 16487, 
    "headers": {
        "inReplyToHeader": "PGUxazQzYitoMjhpQGVHcm91cHMuY29tPg==", 
        "messageIdInHeader": "PDQ0M0YwOUY4LjgwNjA5MDBAc3RlcGhlbi1zbWl0aC5jby51az4=", 
        "referencesHeader": "PGUxazQzYitoMjhpQGVHcm91cHMuY29tPg=="
    }
}