{
    "topicId": 16487, 
    "postDate": "1144982008", 
    "spamInfo": {
        "reason": "12", 
        "isSpam": false
    }, 
    "from": "Stephen Smith &lt;steve@...&gt;", 
    "canDelete": false, 
    "replyTo": "LIST", 
    "senderId": "2FQ5Rojsq7V9ccWwAJQ-7Y83NhCMb3WMRjCza9ty120JDKK1dL2xz-XdP6gseiEAAmafAY_t1f5L5m8N-E7YMA-KMmLLtZt0PFRBqPrKvQM", 
    "nextInTime": 16495, 
    "userId": 231973488, 
    "prevInTime": 16493, 
    "prevInTopic": 16487, 
    "headers": {
        "inReplyToHeader": "PGUxazQzYitoMjhpQGVHcm91cHMuY29tPg==", 
        "messageIdInHeader": "PDQ0M0YwOUY4LjgwNjA5MDBAc3RlcGhlbi1zbWl0aC5jby51az4=", 
        "referencesHeader": "PGUxazQzYitoMjhpQGVHcm91cHMuY29tPg=="
    }, 
    "authorName": "Stephen Smith", 
    "numMessagesInTopic": 6, 
    "msgSnippet": "The clue is in your message subject... JUnit 3.8.x and JUnit 4.x do not understand one another. -- Stephen Smith, MEng (Wales). http://www.stephen-smith.co.uk/", 
    "contentTrasformed": false, 
    "msgId": 16494, 
    "nextInTopic": 16503, 
    "systemMessage": false, 
    "rawEmail": "Return-Path: &lt;steve@...&gt;\r\nX-Sender: steve@...\r\nX-Apparently-To: junit@yahoogroups.com\r\nReceived: (qmail 19180 invoked from network); 14 Apr 2006 06:39:48 -0000\r\nReceived: from unknown (66.218.66.172)\n  by m18.grp.scd.yahoo.com with QMQP; 14 Apr 2006 06:39:48 -0000\r\nReceived: from unknown (HELO smtp-out2.blueyonder.co.uk) (195.188.213.5)\n  by mta4.grp.scd.yahoo.com with SMTP; 14 Apr 2006 06:39:47 -0000\r\nReceived: from [172.23.170.146] (helo=anti-virus03-09)\n\tby smtp-out2.blueyonder.co.uk with smtp (Exim 4.52)\n\tid 1FUE7l-00042T-4J\n\tfor junit@yahoogroups.com; Fri, 14 Apr 2006 03:33:29 +0100\r\nReceived: from [82.35.18.99] (helo=[192.168.2.2])\n\tby asmtp-out4.blueyonder.co.uk with esmtpa (Exim 4.52)\n\tid 1FUE7k-0005P8-Fz\n\tfor junit@yahoogroups.com; Fri, 14 Apr 2006 03:33:28 +0100\r\nMessage-ID: &lt;443F09F8.8060900@...&gt;\r\nDate: Fri, 14 Apr 2006 03:33:28 +0100\r\nUser-Agent: Thunderbird 1.5 (Windows/20051201)\r\nMIME-Version: 1.0\r\nTo: junit@yahoogroups.com\r\nReferences: &lt;e1k43b+h28i@...&gt;\r\nIn-Reply-To: &lt;e1k43b+h28i@...&gt;\r\nContent-Type: text/plain; charset=ISO-8859-1; format=flowed\r\nContent-Transfer-Encoding: 7bit\r\nX-eGroups-Msg-Info: 1:12:0:0\r\nFrom: Stephen Smith &lt;steve@...&gt;\r\nReply-To: steve@...\r\nSubject: Re: [junit] Why can&#39;t the JUnit3 GUI Runner run JUnit4 tests?\r\nX-Yahoo-Group-Post: member; u=231973488\r\n\r\nThe clue is in your message subject... JUnit 3.8.x and JUnit 4.x do not \nunderstand one another.\n\n--\nStephen Smith, MEng (Wales).\nhttp://www.stephen-smith.co.uk/\n\ntietyt wrote:\n&gt; When i run my test case in junit3.8.2&#39;s junit.swingui.TestRunner \n&gt; runner, it fails saying: \n&gt; \n&gt; java.lang.Exception: No runnable methods\n&gt; \tat \n&gt; org.junit.internal.runners.TestClassMethodsRunner.testAborted\n&gt; (TestClassMethodsRunner.java:42)\n&gt; \tat org.junit.internal.runners.TestClassMethodsRunner.run\n&gt; (TestClassMethodsRunner.java:33)\n&gt; \tat org.junit.internal.runners.TestClassRunner$1.runUnprotected\n&gt; (TestClassRunner.java:42)\n&gt; \tat \n&gt; org.junit.internal.runners.BeforeAndAfterRunner.runProtected\n&gt; (BeforeAndAfterRunner.java:34)\n&gt; \tat org.junit.internal.runners.TestClassRunner.run\n&gt; (TestClassRunner.java:52)\n&gt; \tat junit.framework.JUnit4TestAdapter.run\n&gt; (JUnit4TestAdapter.java:32)\n&gt; \n&gt; This is my test case (I made it all in one class, but originally i \n&gt; had the class I was testing and my tests completely separate.  The \n&gt; error doesn&#39;t change either way):\n&gt; \n&gt; //////////////////// START CODE //////////////////////\n&gt; package tests;\n&gt; \n&gt; import org.junit.Test;  //this imports the @Test annotation\n&gt; import org.junit.Assert;\n&gt; import org.junit.Before;    //this imports the @Before annotation\n&gt; import junit.framework.JUnit4TestAdapter;\n&gt; \n&gt; public class AdderTests {\n&gt;     private MyNumber one;\n&gt;     private MyNumber two;\n&gt; \n&gt;     @Before\n&gt;     public void doThisForEachTest() {\n&gt;         one = new MyNumber(1);\n&gt;         two = new MyNumber(2);\n&gt;     }\n&gt; \n&gt;     @Test\n&gt;     public void successfulTest() {\n&gt;         Assert.assertEquals(3, one.getValue() + two.getValue());\n&gt;     }\n&gt; \n&gt;     @Test\n&gt;     public void failedTest() {\n&gt;         Assert.assertEquals(5, one.getValue() + two.getValue());\n&gt;     }\n&gt; \n&gt;     public static junit.framework.Test suite() {\n&gt;         return new JUnit4TestAdapter(AdderTests.class); //this is so \n&gt; these tests will run on JUnit 3x Runners\n&gt;     }\n&gt; \n&gt;     public class MyNumber {\n&gt;         private int value;\n&gt; \n&gt;         public int getValue() {\n&gt;             return value;\n&gt;         }\n&gt; \n&gt;         public void setValue(int value) {\n&gt;             this.value = value;\n&gt;         }\n&gt; \n&gt;         public MyNumber(int i) {\n&gt;             value = i;\n&gt;         }\n&gt;     }\n&gt; }\n&gt; \n&gt; ///////////////////////// END CODE //////////////////////////\n&gt; \n&gt; Here is the command I&#39;m using to run the JUnit3 gui runner:\n&gt; /c/jdk1.5/bin/java -classpath &quot;../classes;junit.jar;junit-4.0.jar&quot; \n&gt; junit.swingui.TestRunner\n&gt; \n&gt; I&#39;m doing this from within my lib directory.  junit.jar refers to the \n&gt; the jar with junit3.8.2 code in it (including the gui runner).  I got \n&gt; the junit-4.0.jar today (4/12/2006) so it should be the latest \n&gt; version.  And ../classes refers to the directory with my TestCase in \n&gt; it.  \n&gt; \n&gt; It may be important to note that these tests run as they should when \n&gt; i use the JUnit4 textui.  Here&#39;s the command I use to run that runner:\n&gt; /c/jdk1.5/bin/java -classpath &quot;../classes;junit-4.0.jar&quot; \n&gt; junit.textui.TestRunner tests.AdderTests\n&gt; \n&gt; Here is the output of running that command:\n&gt; .E.\n&gt; Time: 0.031\n&gt; There was 1 error:\n&gt; 1) failedTest(tests.AdderTests)java.lang.AssertionError: expected:&lt;5&gt; \n&gt; but was:&lt;3&gt;\n&gt;         at org.junit.Assert.fail(Assert.java:58)\n&gt;         at org.junit.Assert.failNotEquals(Assert.java:259)\n&gt;         at org.junit.Assert.assertEquals(Assert.java:80)\n&gt;         at org.junit.Assert.assertEquals(Assert.java:88)\n&gt;         at tests.AdderTests.failedTest(AdderTests.java:25)\n&gt;         at sun.reflect.NativeMethodAccessorImpl.invoke0(Native Method)\n&gt;         at sun.reflect.NativeMethodAccessorImpl.invoke\n&gt; (NativeMethodAccessorImpl.java:39)\n&gt;         at sun.reflect.DelegatingMethodAccessorImpl.invoke\n&gt; (DelegatingMethodAccessorImpl.java:25)\n&gt;         at \n&gt; org.junit.internal.runners.TestMethodRunner.executeMethodBody\n&gt; (TestMethodRunner.java:99)\n&gt;         at org.junit.internal.runners.TestMethodRunner.runUnprotected\n&gt; (TestMethodRunner.java:81)\n&gt;         at \n&gt; org.junit.internal.runners.BeforeAndAfterRunner.runProtected\n&gt; (BeforeAndAfterRunner.java:34)\n&gt;         at org.junit.internal.runners.TestMethodRunner.runMethod\n&gt; (TestMethodRunner.java:75)\n&gt;         at org.junit.internal.runners.TestMethodRunner.run\n&gt; (TestMethodRunner.java:45)\n&gt;         at \n&gt; org.junit.internal.runners.TestClassMethodsRunner.invokeTestMethod\n&gt; (TestClassMethodsRunner.java:71)\n&gt;         at org.junit.internal.runners.TestClassMethodsRunner.run\n&gt; (TestClassMethodsRunner.java:35)\n&gt;         at org.junit.internal.runners.TestClassRunner$1.runUnprotected\n&gt; (TestClassRunner.java:42)\n&gt;         at \n&gt; org.junit.internal.runners.BeforeAndAfterRunner.runProtected\n&gt; (BeforeAndAfterRunner.java:34)\n&gt;         at org.junit.internal.runners.TestClassRunner.run\n&gt; (TestClassRunner.java:52)\n&gt;         at junit.framework.JUnit4TestAdapter.run\n&gt; (JUnit4TestAdapter.java:32)\n&gt; \n&gt; FAILURES!!!\n&gt; Tests run: 2,  Failures: 0,  Errors: 1\n&gt; \n&gt; Thanks for any help\n&gt; \n&gt; \n&gt; \n&gt; \n&gt; \n&gt; \n&gt; \n&gt;  \n&gt; Yahoo! Groups Links\n&gt; \n&gt; \n&gt; \n&gt;  \n&gt; \n&gt; \n&gt; \n&gt; \n\n\n", 
    "subject": "Re: [junit] Why can&#39;t the JUnit3 GUI Runner run JUnit4 tests?"
}