{
    "numMessagesInTopic": 6, 
    "nextInTime": 16504, 
    "senderId": "Fzt3YtpJQS6iV2HF1yN1yt7QTkmjFjNa5T6dGFgZt3ep7leFi_-yMPrOs5t4PmbnGX2xvnuGfdV3nznQXLxUm0wutygXC7TV", 
    "systemMessage": false, 
    "subject": "RE: [junit] Why can&#39;t the JUnit3 GUI Runner run JUnit4 tests?", 
    "from": "&quot;Kent Beck&quot; &lt;kentb@...&gt;", 
    "authorName": "Kent Beck", 
    "msgSnippet": "Stephen, JUnit 4 is intended to be backward compatible (correctly running 3.8.x tests) and forward compatible (correctly running via JUnit4TestAdapter in 3.8.x", 
    "msgId": 16503, 
    "rawEmail": "Return-Path: &lt;kentb@...&gt;\r\nX-Sender: kentb@...\r\nX-Apparently-To: junit@yahoogroups.com\r\nReceived: (qmail 98783 invoked from network); 16 Apr 2006 06:42:08 -0000\r\nReceived: from unknown (66.218.67.35)\n  by m35.grp.scd.yahoo.com with QMQP; 16 Apr 2006 06:42:08 -0000\r\nReceived: from unknown (HELO elasmtp-spurfowl.atl.sa.earthlink.net) (209.86.89.66)\n  by mta9.grp.scd.yahoo.com with SMTP; 16 Apr 2006 06:42:07 -0000\r\nReceived: from [67.131.9.243] (helo=T42)\n\tby elasmtp-spurfowl.atl.sa.earthlink.net with asmtp (Exim 4.34)\n\tid 1FV0xS-0002W4-QF\n\tfor junit@yahoogroups.com; Sun, 16 Apr 2006 02:42:07 -0400\r\nTo: &lt;junit@yahoogroups.com&gt;\r\nDate: Sat, 15 Apr 2006 23:41:54 -0700\r\nMIME-Version: 1.0\r\nContent-Type: text/plain;\n\tcharset=&quot;US-ASCII&quot;\r\nContent-Transfer-Encoding: 7bit\r\nX-Mailer: Microsoft Office Outlook, Build 11.0.5510\r\nX-MimeOLE: Produced By Microsoft MimeOLE V6.00.2900.2869\r\nIn-Reply-To: &lt;443F09F8.8060900@...&gt;\r\nThread-Index: AcZfjjz/w4YIK+9mSiu5FqPkzi5QiQAmXYgg\r\nMessage-ID: &lt;E1FV0xS-0002W4-QF@...&gt;\r\nX-ELNK-Trace: 6d780abf06d998e474bf435c0eb9d4789de090ecffd5a975630abb2b2d525366889f6cb857e2a485350badd9bab72f9c350badd9bab72f9c350badd9bab72f9c\r\nX-eGroups-Msg-Info: 1:12:0:0\r\nFrom: &quot;Kent Beck&quot; &lt;kentb@...&gt;\r\nSubject: RE: [junit] Why can&#39;t the JUnit3 GUI Runner run JUnit4 tests?\r\nX-Yahoo-Group-Post: member; u=173198504; y=OYuwjWEe6WN0LlFrUeWphaGJ79KRp9_gjnlkKn8zu_rE03uq\r\nX-Yahoo-Profile: kentlbeck\r\n\r\nStephen,\n\nJUnit 4 is intended to be backward compatible (correctly running 3.8.x\ntests) and forward compatible (correctly running via JUnit4TestAdapter in\n3.8.x runners). I don&#39;t know why the OP is having trouble with the Swing\nrunner.\n\nRegards,\n\nKent Beck\nThree Rivers Institute \n\n&gt; -----Original Message-----\n&gt; From: junit@yahoogroups.com [mailto:junit@yahoogroups.com] On \n&gt; Behalf Of Stephen Smith\n&gt; Sent: Thursday, April 13, 2006 7:33 PM\n&gt; To: junit@yahoogroups.com\n&gt; Subject: Re: [junit] Why can&#39;t the JUnit3 GUI Runner run JUnit4 tests?\n&gt; \n&gt; The clue is in your message subject... JUnit 3.8.x and JUnit \n&gt; 4.x do not \n&gt; understand one another.\n&gt; \n&gt; --\n&gt; Stephen Smith, MEng (Wales).\n&gt; http://www.stephen-smith.co.uk/\n&gt; \n&gt; tietyt wrote:\n&gt; &gt; When i run my test case in junit3.8.2&#39;s junit.swingui.TestRunner \n&gt; &gt; runner, it fails saying: \n&gt; &gt; \n&gt; &gt; java.lang.Exception: No runnable methods\n&gt; &gt; \tat \n&gt; &gt; org.junit.internal.runners.TestClassMethodsRunner.testAborted\n&gt; &gt; (TestClassMethodsRunner.java:42)\n&gt; &gt; \tat org.junit.internal.runners.TestClassMethodsRunner.run\n&gt; &gt; (TestClassMethodsRunner.java:33)\n&gt; &gt; \tat org.junit.internal.runners.TestClassRunner$1.runUnprotected\n&gt; &gt; (TestClassRunner.java:42)\n&gt; &gt; \tat \n&gt; &gt; org.junit.internal.runners.BeforeAndAfterRunner.runProtected\n&gt; &gt; (BeforeAndAfterRunner.java:34)\n&gt; &gt; \tat org.junit.internal.runners.TestClassRunner.run\n&gt; &gt; (TestClassRunner.java:52)\n&gt; &gt; \tat junit.framework.JUnit4TestAdapter.run\n&gt; &gt; (JUnit4TestAdapter.java:32)\n&gt; &gt; \n&gt; &gt; This is my test case (I made it all in one class, but originally i \n&gt; &gt; had the class I was testing and my tests completely separate.  The \n&gt; &gt; error doesn&#39;t change either way):\n&gt; &gt; \n&gt; &gt; //////////////////// START CODE //////////////////////\n&gt; &gt; package tests;\n&gt; &gt; \n&gt; &gt; import org.junit.Test;  //this imports the @Test annotation\n&gt; &gt; import org.junit.Assert;\n&gt; &gt; import org.junit.Before;    //this imports the @Before annotation\n&gt; &gt; import junit.framework.JUnit4TestAdapter;\n&gt; &gt; \n&gt; &gt; public class AdderTests {\n&gt; &gt;     private MyNumber one;\n&gt; &gt;     private MyNumber two;\n&gt; &gt; \n&gt; &gt;     @Before\n&gt; &gt;     public void doThisForEachTest() {\n&gt; &gt;         one = new MyNumber(1);\n&gt; &gt;         two = new MyNumber(2);\n&gt; &gt;     }\n&gt; &gt; \n&gt; &gt;     @Test\n&gt; &gt;     public void successfulTest() {\n&gt; &gt;         Assert.assertEquals(3, one.getValue() + two.getValue());\n&gt; &gt;     }\n&gt; &gt; \n&gt; &gt;     @Test\n&gt; &gt;     public void failedTest() {\n&gt; &gt;         Assert.assertEquals(5, one.getValue() + two.getValue());\n&gt; &gt;     }\n&gt; &gt; \n&gt; &gt;     public static junit.framework.Test suite() {\n&gt; &gt;         return new JUnit4TestAdapter(AdderTests.class); \n&gt; //this is so \n&gt; &gt; these tests will run on JUnit 3x Runners\n&gt; &gt;     }\n&gt; &gt; \n&gt; &gt;     public class MyNumber {\n&gt; &gt;         private int value;\n&gt; &gt; \n&gt; &gt;         public int getValue() {\n&gt; &gt;             return value;\n&gt; &gt;         }\n&gt; &gt; \n&gt; &gt;         public void setValue(int value) {\n&gt; &gt;             this.value = value;\n&gt; &gt;         }\n&gt; &gt; \n&gt; &gt;         public MyNumber(int i) {\n&gt; &gt;             value = i;\n&gt; &gt;         }\n&gt; &gt;     }\n&gt; &gt; }\n&gt; &gt; \n&gt; &gt; ///////////////////////// END CODE //////////////////////////\n&gt; &gt; \n&gt; &gt; Here is the command I&#39;m using to run the JUnit3 gui runner:\n&gt; &gt; /c/jdk1.5/bin/java -classpath &quot;../classes;junit.jar;junit-4.0.jar&quot; \n&gt; &gt; junit.swingui.TestRunner\n&gt; &gt; \n&gt; &gt; I&#39;m doing this from within my lib directory.  junit.jar \n&gt; refers to the \n&gt; &gt; the jar with junit3.8.2 code in it (including the gui \n&gt; runner).  I got \n&gt; &gt; the junit-4.0.jar today (4/12/2006) so it should be the latest \n&gt; &gt; version.  And ../classes refers to the directory with my \n&gt; TestCase in \n&gt; &gt; it.  \n&gt; &gt; \n&gt; &gt; It may be important to note that these tests run as they \n&gt; should when \n&gt; &gt; i use the JUnit4 textui.  Here&#39;s the command I use to run \n&gt; that runner:\n&gt; &gt; /c/jdk1.5/bin/java -classpath &quot;../classes;junit-4.0.jar&quot; \n&gt; &gt; junit.textui.TestRunner tests.AdderTests\n&gt; &gt; \n&gt; &gt; Here is the output of running that command:\n&gt; &gt; .E.\n&gt; &gt; Time: 0.031\n&gt; &gt; There was 1 error:\n&gt; &gt; 1) failedTest(tests.AdderTests)java.lang.AssertionError: \n&gt; expected:&lt;5&gt; \n&gt; &gt; but was:&lt;3&gt;\n&gt; &gt;         at org.junit.Assert.fail(Assert.java:58)\n&gt; &gt;         at org.junit.Assert.failNotEquals(Assert.java:259)\n&gt; &gt;         at org.junit.Assert.assertEquals(Assert.java:80)\n&gt; &gt;         at org.junit.Assert.assertEquals(Assert.java:88)\n&gt; &gt;         at tests.AdderTests.failedTest(AdderTests.java:25)\n&gt; &gt;         at \n&gt; sun.reflect.NativeMethodAccessorImpl.invoke0(Native Method)\n&gt; &gt;         at sun.reflect.NativeMethodAccessorImpl.invoke\n&gt; &gt; (NativeMethodAccessorImpl.java:39)\n&gt; &gt;         at sun.reflect.DelegatingMethodAccessorImpl.invoke\n&gt; &gt; (DelegatingMethodAccessorImpl.java:25)\n&gt; &gt;         at \n&gt; &gt; org.junit.internal.runners.TestMethodRunner.executeMethodBody\n&gt; &gt; (TestMethodRunner.java:99)\n&gt; &gt;         at \n&gt; org.junit.internal.runners.TestMethodRunner.runUnprotected\n&gt; &gt; (TestMethodRunner.java:81)\n&gt; &gt;         at \n&gt; &gt; org.junit.internal.runners.BeforeAndAfterRunner.runProtected\n&gt; &gt; (BeforeAndAfterRunner.java:34)\n&gt; &gt;         at org.junit.internal.runners.TestMethodRunner.runMethod\n&gt; &gt; (TestMethodRunner.java:75)\n&gt; &gt;         at org.junit.internal.runners.TestMethodRunner.run\n&gt; &gt; (TestMethodRunner.java:45)\n&gt; &gt;         at \n&gt; &gt; org.junit.internal.runners.TestClassMethodsRunner.invokeTestMethod\n&gt; &gt; (TestClassMethodsRunner.java:71)\n&gt; &gt;         at org.junit.internal.runners.TestClassMethodsRunner.run\n&gt; &gt; (TestClassMethodsRunner.java:35)\n&gt; &gt;         at \n&gt; org.junit.internal.runners.TestClassRunner$1.runUnprotected\n&gt; &gt; (TestClassRunner.java:42)\n&gt; &gt;         at \n&gt; &gt; org.junit.internal.runners.BeforeAndAfterRunner.runProtected\n&gt; &gt; (BeforeAndAfterRunner.java:34)\n&gt; &gt;         at org.junit.internal.runners.TestClassRunner.run\n&gt; &gt; (TestClassRunner.java:52)\n&gt; &gt;         at junit.framework.JUnit4TestAdapter.run\n&gt; &gt; (JUnit4TestAdapter.java:32)\n&gt; &gt; \n&gt; &gt; FAILURES!!!\n&gt; &gt; Tests run: 2,  Failures: 0,  Errors: 1\n&gt; &gt; \n&gt; &gt; Thanks for any help\n&gt; &gt; \n&gt; &gt; \n&gt; &gt; \n&gt; &gt; \n&gt; &gt; \n&gt; &gt; \n&gt; &gt; \n&gt; &gt;  \n&gt; &gt; Yahoo! Groups Links\n&gt; &gt; \n&gt; &gt; \n&gt; &gt; \n&gt; &gt;  \n&gt; &gt; \n&gt; &gt; \n&gt; &gt; \n&gt; &gt; \n&gt; \n&gt; \n&gt; \n&gt;  \n&gt; Yahoo! Groups Links\n&gt; \n&gt; \n&gt; \n&gt;  \n&gt; \n&gt; \n\n\n", 
    "profile": "kentlbeck", 
    "topicId": 16487, 
    "spamInfo": {
        "reason": "12", 
        "isSpam": false
    }, 
    "replyTo": "LIST", 
    "userId": 173198504, 
    "prevInTime": 16502, 
    "contentTrasformed": false, 
    "postDate": "1145169714", 
    "canDelete": false, 
    "nextInTopic": 16504, 
    "prevInTopic": 16494, 
    "headers": {
        "inReplyToHeader": "PDQ0M0YwOUY4LjgwNjA5MDBAc3RlcGhlbi1zbWl0aC5jby51az4=", 
        "messageIdInHeader": "PEUxRlYweFMtMDAwMlc0LVFGQGVsYXNtdHAtc3B1cmZvd2wuYXRsLnNhLmVhcnRobGluay5uZXQ+"
    }
}