{
    "numMessagesInTopic": 6, 
    "nextInTime": 16504, 
    "senderId": "FEikBIvw3zfzhmttz2YYMgI2-tsH5fduS8vTbMgQUcMVbkKz4gN5ePEjMLNn1nJoL1B_A-mkDvM11ELmYfDogHgPPvlvs_k-", 
    "systemMessage": false, 
    "subject": "RE: [junit] Why can&#39;t the JUnit3 GUI Runner run JUnit4 tests?", 
    "from": "&quot;Kent Beck&quot; &lt;kentb@...&gt;", 
    "authorName": "Kent Beck", 
    "msgSnippet": "Stephen, JUnit 4 is intended to be backward compatible (correctly running 3.8.x tests) and forward compatible (correctly running via JUnit4TestAdapter in 3.8.x", 
    "msgId": 16503, 
    "profile": "kentlbeck", 
    "topicId": 16487, 
    "spamInfo": {
        "reason": "12", 
        "isSpam": false
    }, 
    "replyTo": "LIST", 
    "userId": 173198504, 
    "messageBody": "<div id=\"ygrps-yiv-69794480\">Stephen,<br/>\n<br/>\nJUnit 4 is intended to be backward compatible (correctly running 3.8.x<br/>\ntests) and forward compatible (correctly running via JUnit4TestAdapter in<br/>\n3.8.x runners). I don&#39;t know why the OP is having trouble with the Swing<br/>\nrunner.<br/>\n<br/>\nRegards,<br/>\n<br/>\nKent Beck<br/>\nThree Rivers Institute <br/>\n<br/>\n<blockquote><span title=\"qreply\"> &gt; -----Original Message-----<br/>\n&gt; From: <a rel=\"nofollow\" target=\"_blank\" href=\"mailto:junit@yahoogroups.com\">junit@yahoogroups.com</a> [mailto:<a rel=\"nofollow\" target=\"_blank\" href=\"mailto:junit@yahoogroups.com\">junit@yahoogroups.com</a>] On <br/>\n&gt; Behalf Of Stephen Smith<br/>\n&gt; Sent: Thursday, April 13, 2006 7:33 PM<br/>\n&gt; To: <a rel=\"nofollow\" target=\"_blank\" href=\"mailto:junit@yahoogroups.com\">junit@yahoogroups.com</a><br/>\n&gt; Subject: Re: [junit] Why can&#39;t the JUnit3 GUI Runner run JUnit4 tests?<br/>\n&gt; <br/>\n&gt; The clue is in your message subject... JUnit 3.8.x and JUnit <br/>\n&gt; 4.x do not <br/>\n&gt; understand one another.<br/>\n&gt; <br/>\n&gt; --<br/>\n&gt; Stephen Smith, MEng (Wales).<br/>\n&gt; <a rel=\"nofollow\" target=\"_blank\" href=\"http://www.stephen-smith.co.uk/\">http://www.stephen-smith.co.uk/</a><br/>\n&gt; <br/>\n&gt; tietyt wrote:<br/>\n&gt; &gt; When i run my test case in junit3.8.2&#39;s junit.swingui.TestRunner <br/>\n&gt; &gt; runner, it fails saying: <br/>\n&gt; &gt; <br/>\n&gt; &gt; java.lang.Exception: No runnable methods<br/>\n&gt; &gt; \tat <br/>\n&gt; &gt; org.junit.internal.runners.TestClassMethodsRunner.testAborted<br/>\n&gt; &gt; (TestClassMethodsRunner.java:42)<br/>\n&gt; &gt; \tat org.junit.internal.runners.TestClassMethodsRunner.run<br/>\n&gt; &gt; (TestClassMethodsRunner.java:33)<br/>\n&gt; &gt; \tat org.junit.internal.runners.TestClassRunner$1.runUnprotected<br/>\n&gt; &gt; (TestClassRunner.java:42)<br/>\n&gt; &gt; \tat <br/>\n&gt; &gt; org.junit.internal.runners.BeforeAndAfterRunner.runProtected<br/>\n&gt; &gt; (BeforeAndAfterRunner.java:34)<br/>\n&gt; &gt; \tat org.junit.internal.runners.TestClassRunner.run<br/>\n&gt; &gt; (TestClassRunner.java:52)<br/>\n&gt; &gt; \tat junit.framework.JUnit4TestAdapter.run<br/>\n&gt; &gt; (JUnit4TestAdapter.java:32)<br/>\n&gt; &gt; <br/>\n&gt; &gt; This is my test case (I made it all in one class, but originally i <br/>\n&gt; &gt; had the class I was testing and my tests completely separate.  The <br/>\n&gt; &gt; error doesn&#39;t change either way):<br/>\n&gt; &gt; <br/>\n&gt; &gt; //////////////////// START CODE //////////////////////<br/>\n&gt; &gt; package tests;<br/>\n&gt; &gt; <br/>\n&gt; &gt; import org.junit.Test;  //this imports the @Test annotation<br/>\n&gt; &gt; import org.junit.Assert;<br/>\n&gt; &gt; import org.junit.Before;    //this imports the @Before annotation<br/>\n&gt; &gt; import junit.framework.JUnit4TestAdapter;<br/>\n&gt; &gt; <br/>\n&gt; &gt; public class AdderTests {<br/>\n&gt; &gt;     private MyNumber one;<br/>\n&gt; &gt;     private MyNumber two;<br/>\n&gt; &gt; <br/>\n&gt; &gt;     @Before<br/>\n&gt; &gt;     public void doThisForEachTest() {<br/>\n&gt; &gt;         one = new MyNumber(1);<br/>\n&gt; &gt;         two = new MyNumber(2);<br/>\n&gt; &gt;     }<br/>\n&gt; &gt; <br/>\n&gt; &gt;     @Test<br/>\n&gt; &gt;     public void successfulTest() {<br/>\n&gt; &gt;         Assert.assertEquals(3, one.getValue() + two.getValue());<br/>\n&gt; &gt;     }<br/>\n&gt; &gt; <br/>\n&gt; &gt;     @Test<br/>\n&gt; &gt;     public void failedTest() {<br/>\n&gt; &gt;         Assert.assertEquals(5, one.getValue() + two.getValue());<br/>\n&gt; &gt;     }<br/>\n&gt; &gt; <br/>\n&gt; &gt;     public static junit.framework.Test suite() {<br/>\n&gt; &gt;         return new JUnit4TestAdapter(AdderTests.class); <br/>\n&gt; //this is so <br/>\n&gt; &gt; these tests will run on JUnit 3x Runners<br/>\n&gt; &gt;     }<br/>\n&gt; &gt; <br/>\n&gt; &gt;     public class MyNumber {<br/>\n&gt; &gt;         private int value;<br/>\n&gt; &gt; <br/>\n&gt; &gt;         public int getValue() {<br/>\n&gt; &gt;             return value;<br/>\n&gt; &gt;         }<br/>\n&gt; &gt; <br/>\n&gt; &gt;         public void setValue(int value) {<br/>\n&gt; &gt;             this.value = value;<br/>\n&gt; &gt;         }<br/>\n&gt; &gt; <br/>\n&gt; &gt;         public MyNumber(int i) {<br/>\n&gt; &gt;             value = i;<br/>\n&gt; &gt;         }<br/>\n&gt; &gt;     }<br/>\n&gt; &gt; }<br/>\n&gt; &gt; <br/>\n&gt; &gt; ///////////////////////// END CODE //////////////////////////<br/>\n&gt; &gt; <br/>\n&gt; &gt; Here is the command I&#39;m using to run the JUnit3 gui runner:<br/>\n&gt; &gt; /c/jdk1.5/bin/java -classpath &quot;../classes;junit.jar;junit-4.0.jar&quot; <br/>\n&gt; &gt; junit.swingui.TestRunner<br/>\n&gt; &gt; <br/>\n&gt; &gt; I&#39;m doing this from within my lib directory.  junit.jar <br/>\n&gt; refers to the <br/>\n&gt; &gt; the jar with junit3.8.2 code in it (including the gui <br/>\n&gt; runner).  I got <br/>\n&gt; &gt; the junit-4.0.jar today (4/12/2006) so it should be the latest <br/>\n&gt; &gt; version.  And ../classes refers to the directory with my <br/>\n&gt; TestCase in <br/>\n&gt; &gt; it.  <br/>\n&gt; &gt; <br/>\n&gt; &gt; It may be important to note that these tests run as they <br/>\n&gt; should when <br/>\n&gt; &gt; i use the JUnit4 textui.  Here&#39;s the command I use to run <br/>\n&gt; that runner:<br/>\n&gt; &gt; /c/jdk1.5/bin/java -classpath &quot;../classes;junit-4.0.jar&quot; <br/>\n&gt; &gt; junit.textui.TestRunner tests.AdderTests<br/>\n&gt; &gt; <br/>\n&gt; &gt; Here is the output of running that command:<br/>\n&gt; &gt; .E.<br/>\n&gt; &gt; Time: 0.031<br/>\n&gt; &gt; There was 1 error:<br/>\n&gt; &gt; 1) failedTest(tests.AdderTests)java.lang.AssertionError: <br/>\n&gt; expected:&lt;5&gt; <br/>\n&gt; &gt; but was:&lt;3&gt;<br/>\n&gt; &gt;         at org.junit.Assert.fail(Assert.java:58)<br/>\n&gt; &gt;         at org.junit.Assert.failNotEquals(Assert.java:259)<br/>\n&gt; &gt;         at org.junit.Assert.assertEquals(Assert.java:80)<br/>\n&gt; &gt;         at org.junit.Assert.assertEquals(Assert.java:88)<br/>\n&gt; &gt;         at tests.AdderTests.failedTest(AdderTests.java:25)<br/>\n&gt; &gt;         at <br/>\n&gt; sun.reflect.NativeMethodAccessorImpl.invoke0(Native Method)<br/>\n&gt; &gt;         at sun.reflect.NativeMethodAccessorImpl.invoke<br/>\n&gt; &gt; (NativeMethodAccessorImpl.java:39)<br/>\n&gt; &gt;         at sun.reflect.DelegatingMethodAccessorImpl.invoke<br/>\n&gt; &gt; (DelegatingMethodAccessorImpl.java:25)<br/>\n&gt; &gt;         at <br/>\n&gt; &gt; org.junit.internal.runners.TestMethodRunner.executeMethodBody<br/>\n&gt; &gt; (TestMethodRunner.java:99)<br/>\n&gt; &gt;         at <br/>\n&gt; org.junit.internal.runners.TestMethodRunner.runUnprotected<br/>\n&gt; &gt; (TestMethodRunner.java:81)<br/>\n&gt; &gt;         at <br/>\n&gt; &gt; org.junit.internal.runners.BeforeAndAfterRunner.runProtected<br/>\n&gt; &gt; (BeforeAndAfterRunner.java:34)<br/>\n&gt; &gt;         at org.junit.internal.runners.TestMethodRunner.runMethod<br/>\n&gt; &gt; (TestMethodRunner.java:75)<br/>\n&gt; &gt;         at org.junit.internal.runners.TestMethodRunner.run<br/>\n&gt; &gt; (TestMethodRunner.java:45)<br/>\n&gt; &gt;         at <br/>\n&gt; &gt; org.junit.internal.runners.TestClassMethodsRunner.invokeTestMethod<br/>\n&gt; &gt; (TestClassMethodsRunner.java:71)<br/>\n&gt; &gt;         at org.junit.internal.runners.TestClassMethodsRunner.run<br/>\n&gt; &gt; (TestClassMethodsRunner.java:35)<br/>\n&gt; &gt;         at <br/>\n&gt; org.junit.internal.runners.TestClassRunner$1.runUnprotected<br/>\n&gt; &gt; (TestClassRunner.java:42)<br/>\n&gt; &gt;         at <br/>\n&gt; &gt; org.junit.internal.runners.BeforeAndAfterRunner.runProtected<br/>\n&gt; &gt; (BeforeAndAfterRunner.java:34)<br/>\n&gt; &gt;         at org.junit.internal.runners.TestClassRunner.run<br/>\n&gt; &gt; (TestClassRunner.java:52)<br/>\n&gt; &gt;         at junit.framework.JUnit4TestAdapter.run<br/>\n&gt; &gt; (JUnit4TestAdapter.java:32)<br/>\n&gt; &gt; <br/>\n&gt; &gt; FAILURES!!!<br/>\n&gt; &gt; Tests run: 2,  Failures: 0,  Errors: 1<br/>\n&gt; &gt; <br/>\n&gt; &gt; Thanks for any help<br/>\n&gt; &gt; <br/>\n&gt; &gt; <br/>\n&gt; &gt; <br/>\n&gt; &gt; <br/>\n&gt; &gt; <br/>\n&gt; &gt; <br/>\n&gt; &gt; <br/>\n&gt; &gt;  <br/>\n&gt; &gt; Yahoo! Groups Links<br/>\n&gt; &gt; <br/>\n&gt; &gt; <br/>\n&gt; &gt; <br/>\n&gt; &gt;  <br/>\n&gt; &gt; <br/>\n&gt; &gt; <br/>\n&gt; &gt; <br/>\n&gt; &gt; <br/>\n&gt; <br/>\n&gt; <br/>\n&gt; <br/>\n&gt;  <br/>\n&gt; Yahoo! Groups Links<br/>\n&gt; <br/>\n&gt; <br/>\n&gt; <br/>\n&gt;  <br/>\n&gt; <br/>\n&gt; </span></blockquote></div>", 
    "prevInTime": 16502, 
    "specialLinks": [], 
    "contentTrasformed": false, 
    "postDate": "1145169714", 
    "canDelete": false, 
    "nextInTopic": 16504, 
    "prevInTopic": 16494, 
    "headers": {
        "inReplyToHeader": "PDQ0M0YwOUY4LjgwNjA5MDBAc3RlcGhlbi1zbWl0aC5jby51az4=", 
        "messageIdInHeader": "PEUxRlYweFMtMDAwMlc0LVFGQGVsYXNtdHAtc3B1cmZvd2wuYXRsLnNhLmVhcnRobGluay5uZXQ+"
    }
}