{
    "topicId": 16487, 
    "postDate": "1145300671", 
    "spamInfo": {
        "reason": "12", 
        "isSpam": false
    }, 
    "from": "Stephen Smith &lt;steve@...&gt;", 
    "canDelete": false, 
    "replyTo": "LIST", 
    "senderId": "FcTgj2s09y54dWdnLGcONdYm831Co0reE3gLdPb8XYkzTUAgHjSy4aykhiL67X4FZQF4K68ThiYI0negGFfevFtaBA2YxuetOyK6pTr00_o", 
    "nextInTime": 16516, 
    "userId": 231973488, 
    "prevInTime": 16514, 
    "prevInTopic": 16514, 
    "headers": {
        "inReplyToHeader": "PEUxRlYweFMtMDAwMlc0LVFGQGVsYXNtdHAtc3B1cmZvd2wuYXRsLnNhLmVhcnRobGluay5uZXQ+", 
        "messageIdInHeader": "PDQ0NDNFNkJGLjIwNjAxQHN0ZXBoZW4tc21pdGguY28udWs+", 
        "referencesHeader": "PEUxRlYweFMtMDAwMlc0LVFGQGVsYXNtdHAtc3B1cmZvd2wuYXRsLnNhLmVhcnRobGluay5uZXQ+"
    }, 
    "authorName": "Stephen Smith", 
    "numMessagesInTopic": 6, 
    "msgSnippet": "Hi Kent, I was referring to JUnit 3.8.x being JSE 1.4 specific, as opposed to JUnit 4.x using JSE 1.5 features, although I could have made it a lot clearer.", 
    "contentTrasformed": false, 
    "msgId": 16515, 
    "nextInTopic": 0, 
    "systemMessage": false, 
    "rawEmail": "Return-Path: &lt;steve@...&gt;\r\nX-Sender: steve@...\r\nX-Apparently-To: junit@yahoogroups.com\r\nReceived: (qmail 81495 invoked from network); 17 Apr 2006 19:05:48 -0000\r\nReceived: from unknown (66.218.66.166)\n  by m34.grp.scd.yahoo.com with QMQP; 17 Apr 2006 19:05:48 -0000\r\nReceived: from unknown (HELO smtp-out3.blueyonder.co.uk) (195.188.213.6)\n  by mta5.grp.scd.yahoo.com with SMTP; 17 Apr 2006 19:05:48 -0000\r\nReceived: from [172.23.170.140] (helo=anti-virus02-07)\n\tby smtp-out3.blueyonder.co.uk with smtp (Exim 4.52)\n\tid 1FVZ13-0004lH-J6\n\tfor junit@yahoogroups.com; Mon, 17 Apr 2006 20:04:08 +0100\r\nReceived: from [82.35.18.99] (helo=[192.168.2.2])\n\tby asmtp-out5.blueyonder.co.uk with esmtpa (Exim 4.52)\n\tid 1FVZ12-0004lS-Ov\n\tfor junit@yahoogroups.com; Mon, 17 Apr 2006 20:04:04 +0100\r\nMessage-ID: &lt;4443E6BF.20601@...&gt;\r\nDate: Mon, 17 Apr 2006 20:04:31 +0100\r\nUser-Agent: Thunderbird 1.5 (Windows/20051201)\r\nMIME-Version: 1.0\r\nTo: junit@yahoogroups.com\r\nReferences: &lt;E1FV0xS-0002W4-QF@...&gt;\r\nIn-Reply-To: &lt;E1FV0xS-0002W4-QF@...&gt;\r\nContent-Type: text/plain; charset=ISO-8859-1; format=flowed\r\nContent-Transfer-Encoding: 7bit\r\nX-eGroups-Msg-Info: 1:12:0:0\r\nFrom: Stephen Smith &lt;steve@...&gt;\r\nReply-To: steve@...\r\nSubject: Re: [junit] Why can&#39;t the JUnit3 GUI Runner run JUnit4 tests?\r\nX-Yahoo-Group-Post: member; u=231973488\r\n\r\nHi Kent,\n\nI was referring to JUnit 3.8.x being JSE 1.4 specific, as opposed to \nJUnit 4.x using JSE 1.5 features, although I could have made it a lot \nclearer. Thanks as ever for the clarification.\n\nRegards,\n\nSteve.\n--\nStephen Smith, MEng (Wales).\nhttp://www.stephen-smith.co.uk/\n\nKent Beck wrote:\n&gt; Stephen,\n&gt; \n&gt; JUnit 4 is intended to be backward compatible (correctly running 3.8.x\n&gt; tests) and forward compatible (correctly running via JUnit4TestAdapter in\n&gt; 3.8.x runners). I don&#39;t know why the OP is having trouble with the Swing\n&gt; runner.\n&gt; \n&gt; Regards,\n&gt; \n&gt; Kent Beck\n&gt; Three Rivers Institute \n&gt; \n&gt;&gt; -----Original Message-----\n&gt;&gt; From: junit@yahoogroups.com [mailto:junit@yahoogroups.com] On \n&gt;&gt; Behalf Of Stephen Smith\n&gt;&gt; Sent: Thursday, April 13, 2006 7:33 PM\n&gt;&gt; To: junit@yahoogroups.com\n&gt;&gt; Subject: Re: [junit] Why can&#39;t the JUnit3 GUI Runner run JUnit4 tests?\n&gt;&gt;\n&gt;&gt; The clue is in your message subject... JUnit 3.8.x and JUnit \n&gt;&gt; 4.x do not \n&gt;&gt; understand one another.\n&gt;&gt;\n&gt;&gt; --\n&gt;&gt; Stephen Smith, MEng (Wales).\n&gt;&gt; http://www.stephen-smith.co.uk/\n&gt;&gt;\n&gt;&gt; tietyt wrote:\n&gt;&gt;&gt; When i run my test case in junit3.8.2&#39;s junit.swingui.TestRunner \n&gt;&gt;&gt; runner, it fails saying: \n&gt;&gt;&gt;\n&gt;&gt;&gt; java.lang.Exception: No runnable methods\n&gt;&gt;&gt; \tat \n&gt;&gt;&gt; org.junit.internal.runners.TestClassMethodsRunner.testAborted\n&gt;&gt;&gt; (TestClassMethodsRunner.java:42)\n&gt;&gt;&gt; \tat org.junit.internal.runners.TestClassMethodsRunner.run\n&gt;&gt;&gt; (TestClassMethodsRunner.java:33)\n&gt;&gt;&gt; \tat org.junit.internal.runners.TestClassRunner$1.runUnprotected\n&gt;&gt;&gt; (TestClassRunner.java:42)\n&gt;&gt;&gt; \tat \n&gt;&gt;&gt; org.junit.internal.runners.BeforeAndAfterRunner.runProtected\n&gt;&gt;&gt; (BeforeAndAfterRunner.java:34)\n&gt;&gt;&gt; \tat org.junit.internal.runners.TestClassRunner.run\n&gt;&gt;&gt; (TestClassRunner.java:52)\n&gt;&gt;&gt; \tat junit.framework.JUnit4TestAdapter.run\n&gt;&gt;&gt; (JUnit4TestAdapter.java:32)\n&gt;&gt;&gt;\n&gt;&gt;&gt; This is my test case (I made it all in one class, but originally i \n&gt;&gt;&gt; had the class I was testing and my tests completely separate.  The \n&gt;&gt;&gt; error doesn&#39;t change either way):\n&gt;&gt;&gt;\n&gt;&gt;&gt; //////////////////// START CODE //////////////////////\n&gt;&gt;&gt; package tests;\n&gt;&gt;&gt;\n&gt;&gt;&gt; import org.junit.Test;  //this imports the @Test annotation\n&gt;&gt;&gt; import org.junit.Assert;\n&gt;&gt;&gt; import org.junit.Before;    //this imports the @Before annotation\n&gt;&gt;&gt; import junit.framework.JUnit4TestAdapter;\n&gt;&gt;&gt;\n&gt;&gt;&gt; public class AdderTests {\n&gt;&gt;&gt;     private MyNumber one;\n&gt;&gt;&gt;     private MyNumber two;\n&gt;&gt;&gt;\n&gt;&gt;&gt;     @Before\n&gt;&gt;&gt;     public void doThisForEachTest() {\n&gt;&gt;&gt;         one = new MyNumber(1);\n&gt;&gt;&gt;         two = new MyNumber(2);\n&gt;&gt;&gt;     }\n&gt;&gt;&gt;\n&gt;&gt;&gt;     @Test\n&gt;&gt;&gt;     public void successfulTest() {\n&gt;&gt;&gt;         Assert.assertEquals(3, one.getValue() + two.getValue());\n&gt;&gt;&gt;     }\n&gt;&gt;&gt;\n&gt;&gt;&gt;     @Test\n&gt;&gt;&gt;     public void failedTest() {\n&gt;&gt;&gt;         Assert.assertEquals(5, one.getValue() + two.getValue());\n&gt;&gt;&gt;     }\n&gt;&gt;&gt;\n&gt;&gt;&gt;     public static junit.framework.Test suite() {\n&gt;&gt;&gt;         return new JUnit4TestAdapter(AdderTests.class); \n&gt;&gt; //this is so \n&gt;&gt;&gt; these tests will run on JUnit 3x Runners\n&gt;&gt;&gt;     }\n&gt;&gt;&gt;\n&gt;&gt;&gt;     public class MyNumber {\n&gt;&gt;&gt;         private int value;\n&gt;&gt;&gt;\n&gt;&gt;&gt;         public int getValue() {\n&gt;&gt;&gt;             return value;\n&gt;&gt;&gt;         }\n&gt;&gt;&gt;\n&gt;&gt;&gt;         public void setValue(int value) {\n&gt;&gt;&gt;             this.value = value;\n&gt;&gt;&gt;         }\n&gt;&gt;&gt;\n&gt;&gt;&gt;         public MyNumber(int i) {\n&gt;&gt;&gt;             value = i;\n&gt;&gt;&gt;         }\n&gt;&gt;&gt;     }\n&gt;&gt;&gt; }\n&gt;&gt;&gt;\n&gt;&gt;&gt; ///////////////////////// END CODE //////////////////////////\n&gt;&gt;&gt;\n&gt;&gt;&gt; Here is the command I&#39;m using to run the JUnit3 gui runner:\n&gt;&gt;&gt; /c/jdk1.5/bin/java -classpath &quot;../classes;junit.jar;junit-4.0.jar&quot; \n&gt;&gt;&gt; junit.swingui.TestRunner\n&gt;&gt;&gt;\n&gt;&gt;&gt; I&#39;m doing this from within my lib directory.  junit.jar \n&gt;&gt; refers to the \n&gt;&gt;&gt; the jar with junit3.8.2 code in it (including the gui \n&gt;&gt; runner).  I got \n&gt;&gt;&gt; the junit-4.0.jar today (4/12/2006) so it should be the latest \n&gt;&gt;&gt; version.  And ../classes refers to the directory with my \n&gt;&gt; TestCase in \n&gt;&gt;&gt; it.  \n&gt;&gt;&gt;\n&gt;&gt;&gt; It may be important to note that these tests run as they \n&gt;&gt; should when \n&gt;&gt;&gt; i use the JUnit4 textui.  Here&#39;s the command I use to run \n&gt;&gt; that runner:\n&gt;&gt;&gt; /c/jdk1.5/bin/java -classpath &quot;../classes;junit-4.0.jar&quot; \n&gt;&gt;&gt; junit.textui.TestRunner tests.AdderTests\n&gt;&gt;&gt;\n&gt;&gt;&gt; Here is the output of running that command:\n&gt;&gt;&gt; .E.\n&gt;&gt;&gt; Time: 0.031\n&gt;&gt;&gt; There was 1 error:\n&gt;&gt;&gt; 1) failedTest(tests.AdderTests)java.lang.AssertionError: \n&gt;&gt; expected:&lt;5&gt; \n&gt;&gt;&gt; but was:&lt;3&gt;\n&gt;&gt;&gt;         at org.junit.Assert.fail(Assert.java:58)\n&gt;&gt;&gt;         at org.junit.Assert.failNotEquals(Assert.java:259)\n&gt;&gt;&gt;         at org.junit.Assert.assertEquals(Assert.java:80)\n&gt;&gt;&gt;         at org.junit.Assert.assertEquals(Assert.java:88)\n&gt;&gt;&gt;         at tests.AdderTests.failedTest(AdderTests.java:25)\n&gt;&gt;&gt;         at \n&gt;&gt; sun.reflect.NativeMethodAccessorImpl.invoke0(Native Method)\n&gt;&gt;&gt;         at sun.reflect.NativeMethodAccessorImpl.invoke\n&gt;&gt;&gt; (NativeMethodAccessorImpl.java:39)\n&gt;&gt;&gt;         at sun.reflect.DelegatingMethodAccessorImpl.invoke\n&gt;&gt;&gt; (DelegatingMethodAccessorImpl.java:25)\n&gt;&gt;&gt;         at \n&gt;&gt;&gt; org.junit.internal.runners.TestMethodRunner.executeMethodBody\n&gt;&gt;&gt; (TestMethodRunner.java:99)\n&gt;&gt;&gt;         at \n&gt;&gt; org.junit.internal.runners.TestMethodRunner.runUnprotected\n&gt;&gt;&gt; (TestMethodRunner.java:81)\n&gt;&gt;&gt;         at \n&gt;&gt;&gt; org.junit.internal.runners.BeforeAndAfterRunner.runProtected\n&gt;&gt;&gt; (BeforeAndAfterRunner.java:34)\n&gt;&gt;&gt;         at org.junit.internal.runners.TestMethodRunner.runMethod\n&gt;&gt;&gt; (TestMethodRunner.java:75)\n&gt;&gt;&gt;         at org.junit.internal.runners.TestMethodRunner.run\n&gt;&gt;&gt; (TestMethodRunner.java:45)\n&gt;&gt;&gt;         at \n&gt;&gt;&gt; org.junit.internal.runners.TestClassMethodsRunner.invokeTestMethod\n&gt;&gt;&gt; (TestClassMethodsRunner.java:71)\n&gt;&gt;&gt;         at org.junit.internal.runners.TestClassMethodsRunner.run\n&gt;&gt;&gt; (TestClassMethodsRunner.java:35)\n&gt;&gt;&gt;         at \n&gt;&gt; org.junit.internal.runners.TestClassRunner$1.runUnprotected\n&gt;&gt;&gt; (TestClassRunner.java:42)\n&gt;&gt;&gt;         at \n&gt;&gt;&gt; org.junit.internal.runners.BeforeAndAfterRunner.runProtected\n&gt;&gt;&gt; (BeforeAndAfterRunner.java:34)\n&gt;&gt;&gt;         at org.junit.internal.runners.TestClassRunner.run\n&gt;&gt;&gt; (TestClassRunner.java:52)\n&gt;&gt;&gt;         at junit.framework.JUnit4TestAdapter.run\n&gt;&gt;&gt; (JUnit4TestAdapter.java:32)\n&gt;&gt;&gt;\n&gt;&gt;&gt; FAILURES!!!\n&gt;&gt;&gt; Tests run: 2,  Failures: 0,  Errors: 1\n&gt;&gt;&gt;\n&gt;&gt;&gt; Thanks for any help\n&gt;&gt;&gt;\n&gt;&gt;&gt;\n&gt;&gt;&gt;\n&gt;&gt;&gt;\n&gt;&gt;&gt;\n&gt;&gt;&gt;\n&gt;&gt;&gt;\n&gt;&gt;&gt;  \n&gt;&gt;&gt; Yahoo! Groups Links\n&gt;&gt;&gt;\n&gt;&gt;&gt;\n&gt;&gt;&gt;\n&gt;&gt;&gt;  \n&gt;&gt;&gt;\n&gt;&gt;&gt;\n&gt;&gt;&gt;\n&gt;&gt;&gt;\n&gt;&gt;\n&gt;&gt;\n&gt;&gt;  \n&gt;&gt; Yahoo! Groups Links\n&gt;&gt;\n&gt;&gt;\n&gt;&gt;\n&gt;&gt;  \n&gt;&gt;\n&gt;&gt;\n&gt; \n&gt; \n&gt; \n&gt;  \n&gt; Yahoo! Groups Links\n&gt; \n&gt; \n&gt; \n&gt;  \n&gt; \n&gt; \n&gt; \n&gt; \n\n\n", 
    "subject": "Re: [junit] Why can&#39;t the JUnit3 GUI Runner run JUnit4 tests?"
}