{
    "numMessagesInTopic": 6, 
    "nextInTime": 16516, 
    "senderId": "R8QRMwa6UH3pnK-ilxRZYrtv465W-gGRXSh05qRqZiuXcOcbnkP0kBu7vl6l6w9wQnLqbAQcF3erI9jOKs6cUOtHX_SF6chDv-Dit0FjrVI", 
    "systemMessage": false, 
    "subject": "Re: [junit] Why can&#39;t the JUnit3 GUI Runner run JUnit4 tests?", 
    "from": "Stephen Smith &lt;steve@...&gt;", 
    "authorName": "Stephen Smith", 
    "msgSnippet": "Hi Kent, I was referring to JUnit 3.8.x being JSE 1.4 specific, as opposed to JUnit 4.x using JSE 1.5 features, although I could have made it a lot clearer.", 
    "msgId": 16515, 
    "topicId": 16487, 
    "spamInfo": {
        "reason": "12", 
        "isSpam": false
    }, 
    "replyTo": "LIST", 
    "userId": 231973488, 
    "messageBody": "<div id=\"ygrps-yiv-2074156084\">Hi Kent,<br/>\n<br/>\nI was referring to JUnit 3.8.x being JSE 1.4 specific, as opposed to <br/>\nJUnit 4.x using JSE 1.5 features, although I could have made it a lot <br/>\nclearer. Thanks as ever for the clarification.<br/>\n<br/>\nRegards,<br/>\n<br/>\nSteve.<br/>\n--<br/>\nStephen Smith, MEng (Wales).<br/>\n<a rel=\"nofollow\" target=\"_blank\" href=\"http://www.stephen-smith.co.uk/\">http://www.stephen-smith.co.uk/</a><br/>\n<br/>\nKent Beck wrote:<br/>\n<blockquote><span title=\"qreply\"> &gt; Stephen,<br/>\n&gt; <br/>\n&gt; JUnit 4 is intended to be backward compatible (correctly running 3.8.x<br/>\n&gt; tests) and forward compatible (correctly running via JUnit4TestAdapter in<br/>\n&gt; 3.8.x runners). I don&#39;t know why the OP is having trouble with the Swing<br/>\n&gt; runner.<br/>\n&gt; <br/>\n&gt; Regards,<br/>\n&gt; <br/>\n&gt; Kent Beck<br/>\n&gt; Three Rivers Institute <br/>\n&gt; <br/>\n&gt;&gt; -----Original Message-----<br/>\n&gt;&gt; From: <a rel=\"nofollow\" target=\"_blank\" href=\"mailto:junit@yahoogroups.com\">junit@yahoogroups.com</a> [mailto:<a rel=\"nofollow\" target=\"_blank\" href=\"mailto:junit@yahoogroups.com\">junit@yahoogroups.com</a>] On <br/>\n&gt;&gt; Behalf Of Stephen Smith<br/>\n&gt;&gt; Sent: Thursday, April 13, 2006 7:33 PM<br/>\n&gt;&gt; To: <a rel=\"nofollow\" target=\"_blank\" href=\"mailto:junit@yahoogroups.com\">junit@yahoogroups.com</a><br/>\n&gt;&gt; Subject: Re: [junit] Why can&#39;t the JUnit3 GUI Runner run JUnit4 tests?<br/>\n&gt;&gt;<br/>\n&gt;&gt; The clue is in your message subject... JUnit 3.8.x and JUnit <br/>\n&gt;&gt; 4.x do not <br/>\n&gt;&gt; understand one another.<br/>\n&gt;&gt;<br/>\n&gt;&gt; --<br/>\n&gt;&gt; Stephen Smith, MEng (Wales).<br/>\n&gt;&gt; <a rel=\"nofollow\" target=\"_blank\" href=\"http://www.stephen-smith.co.uk/\">http://www.stephen-smith.co.uk/</a><br/>\n&gt;&gt;<br/>\n&gt;&gt; tietyt wrote:<br/>\n&gt;&gt;&gt; When i run my test case in junit3.8.2&#39;s junit.swingui.TestRunner <br/>\n&gt;&gt;&gt; runner, it fails saying: <br/>\n&gt;&gt;&gt;<br/>\n&gt;&gt;&gt; java.lang.Exception: No runnable methods<br/>\n&gt;&gt;&gt; \tat <br/>\n&gt;&gt;&gt; org.junit.internal.runners.TestClassMethodsRunner.testAborted<br/>\n&gt;&gt;&gt; (TestClassMethodsRunner.java:42)<br/>\n&gt;&gt;&gt; \tat org.junit.internal.runners.TestClassMethodsRunner.run<br/>\n&gt;&gt;&gt; (TestClassMethodsRunner.java:33)<br/>\n&gt;&gt;&gt; \tat org.junit.internal.runners.TestClassRunner$1.runUnprotected<br/>\n&gt;&gt;&gt; (TestClassRunner.java:42)<br/>\n&gt;&gt;&gt; \tat <br/>\n&gt;&gt;&gt; org.junit.internal.runners.BeforeAndAfterRunner.runProtected<br/>\n&gt;&gt;&gt; (BeforeAndAfterRunner.java:34)<br/>\n&gt;&gt;&gt; \tat org.junit.internal.runners.TestClassRunner.run<br/>\n&gt;&gt;&gt; (TestClassRunner.java:52)<br/>\n&gt;&gt;&gt; \tat junit.framework.JUnit4TestAdapter.run<br/>\n&gt;&gt;&gt; (JUnit4TestAdapter.java:32)<br/>\n&gt;&gt;&gt;<br/>\n&gt;&gt;&gt; This is my test case (I made it all in one class, but originally i <br/>\n&gt;&gt;&gt; had the class I was testing and my tests completely separate.  The <br/>\n&gt;&gt;&gt; error doesn&#39;t change either way):<br/>\n&gt;&gt;&gt;<br/>\n&gt;&gt;&gt; //////////////////// START CODE //////////////////////<br/>\n&gt;&gt;&gt; package tests;<br/>\n&gt;&gt;&gt;<br/>\n&gt;&gt;&gt; import org.junit.Test;  //this imports the @Test annotation<br/>\n&gt;&gt;&gt; import org.junit.Assert;<br/>\n&gt;&gt;&gt; import org.junit.Before;    //this imports the @Before annotation<br/>\n&gt;&gt;&gt; import junit.framework.JUnit4TestAdapter;<br/>\n&gt;&gt;&gt;<br/>\n&gt;&gt;&gt; public class AdderTests {<br/>\n&gt;&gt;&gt;     private MyNumber one;<br/>\n&gt;&gt;&gt;     private MyNumber two;<br/>\n&gt;&gt;&gt;<br/>\n&gt;&gt;&gt;     @Before<br/>\n&gt;&gt;&gt;     public void doThisForEachTest() {<br/>\n&gt;&gt;&gt;         one = new MyNumber(1);<br/>\n&gt;&gt;&gt;         two = new MyNumber(2);<br/>\n&gt;&gt;&gt;     }<br/>\n&gt;&gt;&gt;<br/>\n&gt;&gt;&gt;     @Test<br/>\n&gt;&gt;&gt;     public void successfulTest() {<br/>\n&gt;&gt;&gt;         Assert.assertEquals(3, one.getValue() + two.getValue());<br/>\n&gt;&gt;&gt;     }<br/>\n&gt;&gt;&gt;<br/>\n&gt;&gt;&gt;     @Test<br/>\n&gt;&gt;&gt;     public void failedTest() {<br/>\n&gt;&gt;&gt;         Assert.assertEquals(5, one.getValue() + two.getValue());<br/>\n&gt;&gt;&gt;     }<br/>\n&gt;&gt;&gt;<br/>\n&gt;&gt;&gt;     public static junit.framework.Test suite() {<br/>\n&gt;&gt;&gt;         return new JUnit4TestAdapter(AdderTests.class); <br/>\n&gt;&gt; //this is so <br/>\n&gt;&gt;&gt; these tests will run on JUnit 3x Runners<br/>\n&gt;&gt;&gt;     }<br/>\n&gt;&gt;&gt;<br/>\n&gt;&gt;&gt;     public class MyNumber {<br/>\n&gt;&gt;&gt;         private int value;<br/>\n&gt;&gt;&gt;<br/>\n&gt;&gt;&gt;         public int getValue() {<br/>\n&gt;&gt;&gt;             return value;<br/>\n&gt;&gt;&gt;         }<br/>\n&gt;&gt;&gt;<br/>\n&gt;&gt;&gt;         public void setValue(int value) {<br/>\n&gt;&gt;&gt;             this.value = value;<br/>\n&gt;&gt;&gt;         }<br/>\n&gt;&gt;&gt;<br/>\n&gt;&gt;&gt;         public MyNumber(int i) {<br/>\n&gt;&gt;&gt;             value = i;<br/>\n&gt;&gt;&gt;         }<br/>\n&gt;&gt;&gt;     }<br/>\n&gt;&gt;&gt; }<br/>\n&gt;&gt;&gt;<br/>\n&gt;&gt;&gt; ///////////////////////// END CODE //////////////////////////<br/>\n&gt;&gt;&gt;<br/>\n&gt;&gt;&gt; Here is the command I&#39;m using to run the JUnit3 gui runner:<br/>\n&gt;&gt;&gt; /c/jdk1.5/bin/java -classpath &quot;../classes;junit.jar;junit-4.0.jar&quot; <br/>\n&gt;&gt;&gt; junit.swingui.TestRunner<br/>\n&gt;&gt;&gt;<br/>\n&gt;&gt;&gt; I&#39;m doing this from within my lib directory.  junit.jar <br/>\n&gt;&gt; refers to the <br/>\n&gt;&gt;&gt; the jar with junit3.8.2 code in it (including the gui <br/>\n&gt;&gt; runner).  I got <br/>\n&gt;&gt;&gt; the junit-4.0.jar today (4/12/2006) so it should be the latest <br/>\n&gt;&gt;&gt; version.  And ../classes refers to the directory with my <br/>\n&gt;&gt; TestCase in <br/>\n&gt;&gt;&gt; it.  <br/>\n&gt;&gt;&gt;<br/>\n&gt;&gt;&gt; It may be important to note that these tests run as they <br/>\n&gt;&gt; should when <br/>\n&gt;&gt;&gt; i use the JUnit4 textui.  Here&#39;s the command I use to run <br/>\n&gt;&gt; that runner:<br/>\n&gt;&gt;&gt; /c/jdk1.5/bin/java -classpath &quot;../classes;junit-4.0.jar&quot; <br/>\n&gt;&gt;&gt; junit.textui.TestRunner tests.AdderTests<br/>\n&gt;&gt;&gt;<br/>\n&gt;&gt;&gt; Here is the output of running that command:<br/>\n&gt;&gt;&gt; .E.<br/>\n&gt;&gt;&gt; Time: 0.031<br/>\n&gt;&gt;&gt; There was 1 error:<br/>\n&gt;&gt;&gt; 1) failedTest(tests.AdderTests)java.lang.AssertionError: <br/>\n&gt;&gt; expected:&lt;5&gt; <br/>\n&gt;&gt;&gt; but was:&lt;3&gt;<br/>\n&gt;&gt;&gt;         at org.junit.Assert.fail(Assert.java:58)<br/>\n&gt;&gt;&gt;         at org.junit.Assert.failNotEquals(Assert.java:259)<br/>\n&gt;&gt;&gt;         at org.junit.Assert.assertEquals(Assert.java:80)<br/>\n&gt;&gt;&gt;         at org.junit.Assert.assertEquals(Assert.java:88)<br/>\n&gt;&gt;&gt;         at tests.AdderTests.failedTest(AdderTests.java:25)<br/>\n&gt;&gt;&gt;         at <br/>\n&gt;&gt; sun.reflect.NativeMethodAccessorImpl.invoke0(Native Method)<br/>\n&gt;&gt;&gt;         at sun.reflect.NativeMethodAccessorImpl.invoke<br/>\n&gt;&gt;&gt; (NativeMethodAccessorImpl.java:39)<br/>\n&gt;&gt;&gt;         at sun.reflect.DelegatingMethodAccessorImpl.invoke<br/>\n&gt;&gt;&gt; (DelegatingMethodAccessorImpl.java:25)<br/>\n&gt;&gt;&gt;         at <br/>\n&gt;&gt;&gt; org.junit.internal.runners.TestMethodRunner.executeMethodBody<br/>\n&gt;&gt;&gt; (TestMethodRunner.java:99)<br/>\n&gt;&gt;&gt;         at <br/>\n&gt;&gt; org.junit.internal.runners.TestMethodRunner.runUnprotected<br/>\n&gt;&gt;&gt; (TestMethodRunner.java:81)<br/>\n&gt;&gt;&gt;         at <br/>\n&gt;&gt;&gt; org.junit.internal.runners.BeforeAndAfterRunner.runProtected<br/>\n&gt;&gt;&gt; (BeforeAndAfterRunner.java:34)<br/>\n&gt;&gt;&gt;         at org.junit.internal.runners.TestMethodRunner.runMethod<br/>\n&gt;&gt;&gt; (TestMethodRunner.java:75)<br/>\n&gt;&gt;&gt;         at org.junit.internal.runners.TestMethodRunner.run<br/>\n&gt;&gt;&gt; (TestMethodRunner.java:45)<br/>\n&gt;&gt;&gt;         at <br/>\n&gt;&gt;&gt; org.junit.internal.runners.TestClassMethodsRunner.invokeTestMethod<br/>\n&gt;&gt;&gt; (TestClassMethodsRunner.java:71)<br/>\n&gt;&gt;&gt;         at org.junit.internal.runners.TestClassMethodsRunner.run<br/>\n&gt;&gt;&gt; (TestClassMethodsRunner.java:35)<br/>\n&gt;&gt;&gt;         at <br/>\n&gt;&gt; org.junit.internal.runners.TestClassRunner$1.runUnprotected<br/>\n&gt;&gt;&gt; (TestClassRunner.java:42)<br/>\n&gt;&gt;&gt;         at <br/>\n&gt;&gt;&gt; org.junit.internal.runners.BeforeAndAfterRunner.runProtected<br/>\n&gt;&gt;&gt; (BeforeAndAfterRunner.java:34)<br/>\n&gt;&gt;&gt;         at org.junit.internal.runners.TestClassRunner.run<br/>\n&gt;&gt;&gt; (TestClassRunner.java:52)<br/>\n&gt;&gt;&gt;         at junit.framework.JUnit4TestAdapter.run<br/>\n&gt;&gt;&gt; (JUnit4TestAdapter.java:32)<br/>\n&gt;&gt;&gt;<br/>\n&gt;&gt;&gt; FAILURES!!!<br/>\n&gt;&gt;&gt; Tests run: 2,  Failures: 0,  Errors: 1<br/>\n&gt;&gt;&gt;<br/>\n&gt;&gt;&gt; Thanks for any help<br/>\n&gt;&gt;&gt;<br/>\n&gt;&gt;&gt;<br/>\n&gt;&gt;&gt;<br/>\n&gt;&gt;&gt;<br/>\n&gt;&gt;&gt;<br/>\n&gt;&gt;&gt;<br/>\n&gt;&gt;&gt;<br/>\n&gt;&gt;&gt;  <br/>\n&gt;&gt;&gt; Yahoo! Groups Links<br/>\n&gt;&gt;&gt;<br/>\n&gt;&gt;&gt;<br/>\n&gt;&gt;&gt;<br/>\n&gt;&gt;&gt;  <br/>\n&gt;&gt;&gt;<br/>\n&gt;&gt;&gt;<br/>\n&gt;&gt;&gt;<br/>\n&gt;&gt;&gt;<br/>\n&gt;&gt;<br/>\n&gt;&gt;<br/>\n&gt;&gt;  <br/>\n&gt;&gt; Yahoo! Groups Links<br/>\n&gt;&gt;<br/>\n&gt;&gt;<br/>\n&gt;&gt;<br/>\n&gt;&gt;  <br/>\n&gt;&gt;<br/>\n&gt;&gt;<br/>\n&gt; <br/>\n&gt; <br/>\n&gt; <br/>\n&gt;  <br/>\n&gt; Yahoo! Groups Links<br/>\n&gt; <br/>\n&gt; <br/>\n&gt; <br/>\n&gt;  <br/>\n&gt; <br/>\n&gt; <br/>\n&gt; <br/>\n&gt; </span></blockquote></div>", 
    "prevInTime": 16514, 
    "specialLinks": [], 
    "contentTrasformed": false, 
    "postDate": "1145300671", 
    "canDelete": false, 
    "nextInTopic": 0, 
    "prevInTopic": 16514, 
    "headers": {
        "inReplyToHeader": "PEUxRlYweFMtMDAwMlc0LVFGQGVsYXNtdHAtc3B1cmZvd2wuYXRsLnNhLmVhcnRobGluay5uZXQ+", 
        "messageIdInHeader": "PDQ0NDNFNkJGLjIwNjAxQHN0ZXBoZW4tc21pdGguY28udWs+", 
        "referencesHeader": "PEUxRlYweFMtMDAwMlc0LVFGQGVsYXNtdHAtc3B1cmZvd2wuYXRsLnNhLmVhcnRobGluay5uZXQ+"
    }
}