{
    "numMessagesInTopic": 4, 
    "nextInTime": 17133, 
    "senderId": "yOT4dqhaH16AMmj5QagV0-sWpV-F8BPfvfwOuPacILjq5pjEBIWCz2k4RkPhe8SG9TEF8Ho1k87Ieuw1DvysahbV7cZ0sLWi", 
    "systemMessage": false, 
    "subject": "RE: [junit] newbee: junit 4.1 tests fail", 
    "from": "&quot;Kent Beck&quot; &lt;kentb@...&gt;", 
    "authorName": "Kent Beck", 
    "msgSnippet": "Patrick, There is already a defect on SourceForge for this. It works on Windows, but not on Linux or OS X. If I start a VM on those OSes and the child VM", 
    "msgId": 17132, 
    "rawEmail": "Return-Path: &lt;kentb@...&gt;\r\nX-Sender: kentb@...\r\nX-Apparently-To: junit@yahoogroups.com\r\nReceived: (qmail 29121 invoked from network); 14 Jul 2006 16:49:54 -0000\r\nReceived: from unknown (66.218.66.218)\n  by m29.grp.scd.yahoo.com with QMQP; 14 Jul 2006 16:49:54 -0000\r\nReceived: from unknown (HELO elasmtp-dupuy.atl.sa.earthlink.net) (209.86.89.62)\n  by mta3.grp.scd.yahoo.com with SMTP; 14 Jul 2006 16:49:54 -0000\r\nReceived: from [67.131.9.243] (helo=T42)\n\tby elasmtp-dupuy.atl.sa.earthlink.net with asmtp (Exim 4.34)\n\tid 1G1Qpi-0006ji-6H\n\tfor junit@yahoogroups.com; Fri, 14 Jul 2006 12:48:07 -0400\r\nTo: &lt;junit@yahoogroups.com&gt;\r\nDate: Fri, 14 Jul 2006 09:47:39 -0700\r\nMessage-ID: &lt;019601c6a765$3c7369d0$6401a8c0@T42&gt;\r\nMIME-Version: 1.0\r\nX-Mailer: Microsoft Office Outlook 11\r\nThread-Index: AcameAu/hHw6WyM9RGCecNPY2WoBigAVR3uw\r\nIn-Reply-To: &lt;m2k66hss8z.fsf@...&gt;\r\nX-MimeOLE: Produced By Microsoft MimeOLE V6.00.2900.2869\r\nX-ELNK-Trace: 6d780abf06d998e474bf435c0eb9d4781dbd447b997114ed74ce81f0b7e47ef90ea93db5e794edc7350badd9bab72f9c350badd9bab72f9c350badd9bab72f9c\r\nX-eGroups-Msg-Info: 1:0:0:0\r\nFrom: &quot;Kent Beck&quot; &lt;kentb@...&gt;\r\nSubject: RE: [junit] newbee: junit 4.1 tests fail\r\nX-Yahoo-Group-Post: member; u=173198504; y=DC7UkOf43KyAatlav36yfh3qpkUhtytd1opXds1o684GY-ng\r\nX-Yahoo-Profile: kentlbeck\r\nContent-Type: text/plain; charset=US-ASCII\r\nContent-Transfer-Encoding: 7bit\r\n\r\nPatrick,\n \nThere is already a defect on SourceForge for this. It works on Windows, but\nnot on Linux or OS X. If I start a VM on those OSes and the child VM invokes\nSystem.exit(n), then the parent VM doesn&#39;t necessarily get n back when it\ncalls waitFor() on the Process.\n \nDoes anyone know how to portably communicate a termination code?\n \nRegards,\n \nKent Beck\nThree Rivers Institute\n\n\n  _____  \n\nFrom: junit@yahoogroups.com [mailto:junit@yahoogroups.com] On Behalf Of\nPatrick Gundlach\nSent: Thursday, July 13, 2006 3:40 AM\nTo: junit@yahoogroups.com\nSubject: [junit] newbee: junit 4.1 tests fail\n\n\n\nHi,\n\nI am a complete newbee to junit (and my java is rusted, as well): I\ndownloaded junit 4.1 and ran the test, but they fail (see below). Do I\nhave to be worried? What am I doing wrong? I Tried on Mac OS X and Linux.\n\nPatrick\n--------------------------------------------------\n\njava version &quot;1.5.0_06&quot;\nJava(TM) 2 Runtime Environment, Standard Edition (build 1.5.0_06-112)\nJava HotSpot(TM) Client VM (build 1.5.0_06-64, mixed mode, sharing)\n\n--------------------------------------------------\nCLASSPATH is:\n:/Users/pg/java/junit4.1/junit-4.1.jar\n\n--------------------------------------------------\n\n~/java/junit4.1$ java org.junit.runner.JUnitCore org.junit.tests.AllTests\nJUnit version 4.1\n...............................................I............................\n............................................................................\n............................................................................\n....I.............................E.\nTime: 7,177\nThere was 1 failure:\n1) failureCausesExitCodeOf1(org.junit.tests.JUnitCoreTest)\njava.lang.AssertionError: expected:&lt;1&gt; but was:&lt;0&gt;\nat org.junit.Assert.fail(Assert.java:69)\nat org.junit.Assert.failNotEquals(Assert.java:314)\nat org.junit.Assert.assertEquals(Assert.java:94)\nat org.junit.Assert.assertEquals(Assert.java:104)\nat org.junit.tests.JUnitCoreTest.runClass(JUnitCoreTest.java:41)\nat\norg.junit.tests.JUnitCoreTest.failureCausesExitCodeOf1(JUnitCoreTest.java:22\n)\nat sun.reflect.NativeMethodAccessorImpl.invoke0(Native Method)\nat\nsun.reflect.NativeMethodAccessorImpl.invoke(NativeMethodAccessorImpl.java:39\n)\nat\nsun.reflect.DelegatingMethodAccessorImpl.invoke(DelegatingMethodAccessorImpl\n.java:25)\nat java.lang.reflect.Method.invoke(Method.java:585)\nat\norg.junit.internal.runners.TestMethodRunner.executeMethodBody(TestMethodRunn\ner.java:99)\nat\norg.junit.internal.runners.TestMethodRunner.runUnprotected(TestMethodRunner.\njava:81)\nat\norg.junit.internal.runners.BeforeAndAfterRunner.runProtected(BeforeAndAfterR\nunner.java:34)\nat\norg.junit.internal.runners.TestMethodRunner.runMethod(TestMethodRunner.java:\n75)\nat org.junit.internal.runners.TestMethodRunner.run(TestMethodRunner.java:45)\nat\norg.junit.internal.runners.TestClassMethodsRunner.invokeTestMethod(TestClass\nMethodsRunner.java:71)\nat\norg.junit.internal.runners.TestClassMethodsRunner.run(TestClassMethodsRunner\n.java:35)\nat\norg.junit.internal.runners.TestClassRunner$1.runUnprotected(TestClassRunner.\njava:42)\nat\norg.junit.internal.runners.BeforeAndAfterRunner.runProtected(BeforeAndAfterR\nunner.java:34)\nat org.junit.internal.runners.TestClassRunner.run(TestClassRunner.java:52)\nat org.junit.internal.runners.CompositeRunner.run(CompositeRunner.java:29)\nat\norg.junit.internal.runners.TestClassRunner$1.runUnprotected(TestClassRunner.\njava:42)\nat\norg.junit.internal.runners.BeforeAndAfterRunner.runProtected(BeforeAndAfterR\nunner.java:34)\nat org.junit.internal.runners.TestClassRunner.run(TestClassRunner.java:52)\nat org.junit.internal.runners.CompositeRunner.run(CompositeRunner.java:29)\nat org.junit.runner.JUnitCore.run(JUnitCore.java:121)\nat org.junit.runner.JUnitCore.run(JUnitCore.java:100)\nat org.junit.runner.JUnitCore.run(JUnitCore.java:91)\nat org.junit.runner.JUnitCore.runMain(JUnitCore.java:75)\nat org.junit.runner.JUnitCore.main(JUnitCore.java:42)\n\nFAILURES!!!\nTests run: 261, Failures: 1\n\n\n \n\n\n\n[Non-text portions of this message have been removed]\n\n\n", 
    "profile": "kentlbeck", 
    "topicId": 17131, 
    "spamInfo": {
        "reason": "0", 
        "isSpam": false
    }, 
    "replyTo": "LIST", 
    "userId": 173198504, 
    "prevInTime": 17131, 
    "contentTrasformed": false, 
    "postDate": "1152895659", 
    "canDelete": false, 
    "nextInTopic": 17135, 
    "prevInTopic": 17131, 
    "headers": {
        "inReplyToHeader": "PG0yazY2aHNzOHouZnNmQGxldmFuYS5kZT4=", 
        "messageIdInHeader": "PDAxOTYwMWM2YTc2NSQzYzczNjlkMCQ2NDAxYThjMEBUNDI+"
    }
}