{
    "numMessagesInTopic": 4, 
    "nextInTime": 17133, 
    "senderId": "cPBTGb9S8SNnZO2TVnF30z7RiCwV5d2r6ZKCPX6pw_-0FyzQ04-fJVUsM-Uw7HSI3iHIhGhsSnmpTWVtnIK64uMZqo-C4U-K", 
    "systemMessage": false, 
    "subject": "RE: [junit] newbee: junit 4.1 tests fail", 
    "from": "&quot;Kent Beck&quot; &lt;kentb@...&gt;", 
    "authorName": "Kent Beck", 
    "msgSnippet": "Patrick, There is already a defect on SourceForge for this. It works on Windows, but not on Linux or OS X. If I start a VM on those OSes and the child VM", 
    "msgId": 17132, 
    "profile": "kentlbeck", 
    "topicId": 17131, 
    "spamInfo": {
        "reason": "0", 
        "isSpam": false
    }, 
    "replyTo": "LIST", 
    "userId": 173198504, 
    "messageBody": "<div id=\"ygrps-yiv-1465607508\">Patrick,<br/>\n <br/>\nThere is already a defect on SourceForge for this. It works on Windows, but<br/>\nnot on Linux or OS X. If I start a VM on those OSes and the child VM invokes<br/>\nSystem.exit(n), then the parent VM doesn&#39;t necessarily get n back when it<br/>\ncalls waitFor() on the Process.<br/>\n <br/>\nDoes anyone know how to portably communicate a termination code?<br/>\n <br/>\nRegards,<br/>\n <br/>\nKent Beck<br/>\nThree Rivers Institute<br/>\n<br/>\n<br/>\n  _____  <br/>\n<br/>\nFrom: <a rel=\"nofollow\" target=\"_blank\" href=\"mailto:junit@yahoogroups.com\">junit@yahoogroups.com</a> [mailto:<a rel=\"nofollow\" target=\"_blank\" href=\"mailto:junit@yahoogroups.com\">junit@yahoogroups.com</a>] On Behalf Of<br/>\nPatrick Gundlach<br/>\nSent: Thursday, July 13, 2006 3:40 AM<br/>\nTo: <a rel=\"nofollow\" target=\"_blank\" href=\"mailto:junit@yahoogroups.com\">junit@yahoogroups.com</a><br/>\nSubject: [junit] newbee: junit 4.1 tests fail<br/>\n<br/>\n<br/>\n<br/>\nHi,<br/>\n<br/>\nI am a complete newbee to junit (and my java is rusted, as well): I<br/>\ndownloaded junit 4.1 and ran the test, but they fail (see below). Do I<br/>\nhave to be worried? What am I doing wrong? I Tried on Mac OS X and Linux.<br/>\n<br/>\nPatrick<br/>\n--------------------------------------------------<br/>\n<br/>\njava version &quot;1.5.0_06&quot;<br/>\nJava(TM) 2 Runtime Environment, Standard Edition (build 1.5.0_06-112)<br/>\nJava HotSpot(TM) Client VM (build 1.5.0_06-64, mixed mode, sharing)<br/>\n<br/>\n--------------------------------------------------<br/>\nCLASSPATH is:<br/>\n:/Users/pg/java/junit4.1/junit-4.1.jar<br/>\n<br/>\n--------------------------------------------------<br/>\n<br/>\n~/java/junit4.1$ java org.junit.runner.JUnitCore org.junit.tests.AllTests<br/>\nJUnit version 4.1<br/>\n...............................................I............................<br/>\n............................................................................<br/>\n............................................................................<br/>\n....I.............................E.<br/>\nTime: 7,177<br/>\nThere was 1 failure:<br/>\n1) failureCausesExitCodeOf1(org.junit.tests.JUnitCoreTest)<br/>\njava.lang.AssertionError: expected:&lt;1&gt; but was:&lt;0&gt;<br/>\nat org.junit.Assert.fail(Assert.java:69)<br/>\nat org.junit.Assert.failNotEquals(Assert.java:314)<br/>\nat org.junit.Assert.assertEquals(Assert.java:94)<br/>\nat org.junit.Assert.assertEquals(Assert.java:104)<br/>\nat org.junit.tests.JUnitCoreTest.runClass(JUnitCoreTest.java:41)<br/>\nat<br/>\norg.junit.tests.JUnitCoreTest.failureCausesExitCodeOf1(JUnitCoreTest.java:22<br/>\n)<br/>\nat sun.reflect.NativeMethodAccessorImpl.invoke0(Native Method)<br/>\nat<br/>\nsun.reflect.NativeMethodAccessorImpl.invoke(NativeMethodAccessorImpl.java:39<br/>\n)<br/>\nat<br/>\nsun.reflect.DelegatingMethodAccessorImpl.invoke(DelegatingMethodAccessorImpl<br/>\n.java:25)<br/>\nat java.lang.reflect.Method.invoke(Method.java:585)<br/>\nat<br/>\norg.junit.internal.runners.TestMethodRunner.executeMethodBody(TestMethodRunn<br/>\ner.java:99)<br/>\nat<br/>\norg.junit.internal.runners.TestMethodRunner.runUnprotected(TestMethodRunner.<br/>\njava:81)<br/>\nat<br/>\norg.junit.internal.runners.BeforeAndAfterRunner.runProtected(BeforeAndAfterR<br/>\nunner.java:34)<br/>\nat<br/>\norg.junit.internal.runners.TestMethodRunner.runMethod(TestMethodRunner.java:<br/>\n75)<br/>\nat org.junit.internal.runners.TestMethodRunner.run(TestMethodRunner.java:45)<br/>\nat<br/>\norg.junit.internal.runners.TestClassMethodsRunner.invokeTestMethod(TestClass<br/>\nMethodsRunner.java:71)<br/>\nat<br/>\norg.junit.internal.runners.TestClassMethodsRunner.run(TestClassMethodsRunner<br/>\n.java:35)<br/>\nat<br/>\norg.junit.internal.runners.TestClassRunner$1.runUnprotected(TestClassRunner.<br/>\njava:42)<br/>\nat<br/>\norg.junit.internal.runners.BeforeAndAfterRunner.runProtected(BeforeAndAfterR<br/>\nunner.java:34)<br/>\nat org.junit.internal.runners.TestClassRunner.run(TestClassRunner.java:52)<br/>\nat org.junit.internal.runners.CompositeRunner.run(CompositeRunner.java:29)<br/>\nat<br/>\norg.junit.internal.runners.TestClassRunner$1.runUnprotected(TestClassRunner.<br/>\njava:42)<br/>\nat<br/>\norg.junit.internal.runners.BeforeAndAfterRunner.runProtected(BeforeAndAfterR<br/>\nunner.java:34)<br/>\nat org.junit.internal.runners.TestClassRunner.run(TestClassRunner.java:52)<br/>\nat org.junit.internal.runners.CompositeRunner.run(CompositeRunner.java:29)<br/>\nat org.junit.runner.JUnitCore.run(JUnitCore.java:121)<br/>\nat org.junit.runner.JUnitCore.run(JUnitCore.java:100)<br/>\nat org.junit.runner.JUnitCore.run(JUnitCore.java:91)<br/>\nat org.junit.runner.JUnitCore.runMain(JUnitCore.java:75)<br/>\nat org.junit.runner.JUnitCore.main(JUnitCore.java:42)<br/>\n<br/>\nFAILURES!!!<br/>\nTests run: 261, Failures: 1<br/>\n<br/>\n<br/>\n <br/>\n<br/>\n<br/>\n<br/>\n[Non-text portions of this message have been removed]</div>", 
    "prevInTime": 17131, 
    "specialLinks": [], 
    "contentTrasformed": false, 
    "postDate": "1152895659", 
    "canDelete": false, 
    "nextInTopic": 17135, 
    "prevInTopic": 17131, 
    "headers": {
        "inReplyToHeader": "PG0yazY2aHNzOHouZnNmQGxldmFuYS5kZT4=", 
        "messageIdInHeader": "PDAxOTYwMWM2YTc2NSQzYzczNjlkMCQ2NDAxYThjMEBUNDI+"
    }
}