{
    "numMessagesInTopic": 4, 
    "nextInTime": 17132, 
    "senderId": "KI0nDvtNT0xpFc5EHI19ht30cI3YMGlgCmr2AuAmBbNPalZAabz1X8F8RCZB53flV8lOMu32jRjc3fv-S6RB8pxv9UR5EA", 
    "systemMessage": false, 
    "subject": "newbee: junit 4.1 tests fail", 
    "from": "Patrick Gundlach &lt;pg@...&gt;", 
    "authorName": "Patrick Gundlach", 
    "msgSnippet": "Hi, I am a complete newbee to junit (and my java is rusted, as well): I downloaded junit 4.1 and ran the test, but they fail (see below). Do I have to be", 
    "msgId": 17131, 
    "rawEmail": "Return-Path: &lt;pg@...&gt;\r\nReceived: (qmail 72338 invoked by uid 7800); 13 Jul 2006 12:21:34 -0000\r\nX-Sender: pg@...\r\nX-Apparently-To: junit@yahoogroups.com\r\nReceived: (qmail 87545 invoked from network); 13 Jul 2006 10:41:09 -0000\r\nReceived: from unknown (66.218.67.35)\n  by m35.grp.scd.yahoo.com with QMQP; 13 Jul 2006 10:41:09 -0000\r\nReceived: from unknown (HELO unimail.uni-dortmund.de) (129.217.128.51)\n  by mta9.grp.scd.yahoo.com with SMTP; 13 Jul 2006 10:41:08 -0000\r\nReceived: from silver.local (pd95b0fdb.dip0.t-ipconnect.de [217.91.15.219])\n\t(authenticated bits=0)\n\tby unimail.uni-dortmund.de (8.13.7/8.13.7) with ESMTP id k6DAdx3e027450;\n\tThu, 13 Jul 2006 12:40:05 +0200 (CEST)\r\nTo: junit@yahoogroups.com\r\nOrganization: chaos\r\nX-Lieblings-Musik: the_capricorns\r\nDate: Thu, 13 Jul 2006 12:39:56 +0200\r\nMessage-ID: &lt;m2k66hss8z.fsf@...&gt;\r\nUser-Agent: Gnus/5.11 (Gnus v5.11) Emacs/22.0.50 (darwin)\r\nMIME-Version: 1.0\r\nContent-Type: text/plain; charset=us-ascii\r\nX-MailScanner-Information: UniDo-UniMail\r\nX-MailScanner: Found to be clean\r\nX-MailScanner-SpamCheck: not spam, SpamAssassin (nicht zwischen gespeichert,\n\tWertung=-3.942, benoetigt 5, autolearn=not spam, ALL_TRUSTED, AWL,\n\tBAYES_00)\r\nX-MailScanner-From: pg@...\r\nX-Spam-Status: No\r\nX-eGroups-Msg-Info: 1:0:0:0\r\nFrom: Patrick Gundlach &lt;pg@...&gt;\r\nSubject: newbee: junit 4.1 tests fail\r\nX-Yahoo-Group-Post: member; u=162112006; y=484tI3Pn-B_aXV4u_jwIyh7K89lreK4ipp8PiKzzoCgEt5spq_gLURFnMA\r\nX-Yahoo-Profile: patrick_gundlach\r\nX-eGroups-Approved-By: dijdoss &lt;didoss@...&gt; via email; 13 Jul 2006 12:21:33 -0000\r\n\r\nHi,\n\nI am a complete newbee to junit (and my java is rusted, as well): I\ndownloaded junit 4.1 and ran the test, but they fail (see below). Do I\nhave to be worried? What am I doing wrong? I Tried on Mac OS X and Linux.\n\nPatrick\n--------------------------------------------------\n\njava version &quot;1.5.0_06&quot;\nJava(TM) 2 Runtime Environment, Standard Edition (build 1.5.0_06-112)\nJava HotSpot(TM) Client VM (build 1.5.0_06-64, mixed mode, sharing)\n\n--------------------------------------------------\nCLASSPATH is:\n:/Users/pg/java/junit4.1/junit-4.1.jar\n\n--------------------------------------------------\n\n~/java/junit4.1$ java org.junit.runner.JUnitCore org.junit.tests.AllTests\nJUnit version 4.1\n...............................................I........................................................................................................................................................................................I.............................E.\nTime: 7,177\nThere was 1 failure:\n1) failureCausesExitCodeOf1(org.junit.tests.JUnitCoreTest)\njava.lang.AssertionError: expected:&lt;1&gt; but was:&lt;0&gt;\n        at org.junit.Assert.fail(Assert.java:69)\n        at org.junit.Assert.failNotEquals(Assert.java:314)\n        at org.junit.Assert.assertEquals(Assert.java:94)\n        at org.junit.Assert.assertEquals(Assert.java:104)\n        at org.junit.tests.JUnitCoreTest.runClass(JUnitCoreTest.java:41)\n        at org.junit.tests.JUnitCoreTest.failureCausesExitCodeOf1(JUnitCoreTest.java:22)\n        at sun.reflect.NativeMethodAccessorImpl.invoke0(Native Method)\n        at sun.reflect.NativeMethodAccessorImpl.invoke(NativeMethodAccessorImpl.java:39)\n        at sun.reflect.DelegatingMethodAccessorImpl.invoke(DelegatingMethodAccessorImpl.java:25)\n        at java.lang.reflect.Method.invoke(Method.java:585)\n        at org.junit.internal.runners.TestMethodRunner.executeMethodBody(TestMethodRunner.java:99)\n        at org.junit.internal.runners.TestMethodRunner.runUnprotected(TestMethodRunner.java:81)\n        at org.junit.internal.runners.BeforeAndAfterRunner.runProtected(BeforeAndAfterRunner.java:34)\n        at org.junit.internal.runners.TestMethodRunner.runMethod(TestMethodRunner.java:75)\n        at org.junit.internal.runners.TestMethodRunner.run(TestMethodRunner.java:45)\n        at org.junit.internal.runners.TestClassMethodsRunner.invokeTestMethod(TestClassMethodsRunner.java:71)\n        at org.junit.internal.runners.TestClassMethodsRunner.run(TestClassMethodsRunner.java:35)\n        at org.junit.internal.runners.TestClassRunner$1.runUnprotected(TestClassRunner.java:42)\n        at org.junit.internal.runners.BeforeAndAfterRunner.runProtected(BeforeAndAfterRunner.java:34)\n        at org.junit.internal.runners.TestClassRunner.run(TestClassRunner.java:52)\n        at org.junit.internal.runners.CompositeRunner.run(CompositeRunner.java:29)\n        at org.junit.internal.runners.TestClassRunner$1.runUnprotected(TestClassRunner.java:42)\n        at org.junit.internal.runners.BeforeAndAfterRunner.runProtected(BeforeAndAfterRunner.java:34)\n        at org.junit.internal.runners.TestClassRunner.run(TestClassRunner.java:52)\n        at org.junit.internal.runners.CompositeRunner.run(CompositeRunner.java:29)\n        at org.junit.runner.JUnitCore.run(JUnitCore.java:121)\n        at org.junit.runner.JUnitCore.run(JUnitCore.java:100)\n        at org.junit.runner.JUnitCore.run(JUnitCore.java:91)\n        at org.junit.runner.JUnitCore.runMain(JUnitCore.java:75)\n        at org.junit.runner.JUnitCore.main(JUnitCore.java:42)\n\nFAILURES!!!\nTests run: 261,  Failures: 1\n\n", 
    "profile": "patrick_gundlach", 
    "topicId": 17131, 
    "spamInfo": {
        "reason": "0", 
        "isSpam": false
    }, 
    "replyTo": "LIST", 
    "userId": 162112006, 
    "prevInTime": 17130, 
    "contentTrasformed": false, 
    "postDate": "1152787196", 
    "canDelete": false, 
    "nextInTopic": 17132, 
    "prevInTopic": 0, 
    "headers": {
        "messageIdInHeader": "PG0yazY2aHNzOHouZnNmQGxldmFuYS5kZT4="
    }
}