{
    "numMessagesInTopic": 4, 
    "nextInTime": 17132, 
    "senderId": "aImZwruOR_c8_w0xkMADBZa7GZZYbZ8d1HJB5QyzPQzrFh-kwRm49s5YN-TsZ_BFKfpLKd4mAGf1lZGXF1wvH6HBcEvWgQ", 
    "systemMessage": false, 
    "subject": "newbee: junit 4.1 tests fail", 
    "from": "Patrick Gundlach &lt;pg@...&gt;", 
    "authorName": "Patrick Gundlach", 
    "msgSnippet": "Hi, I am a complete newbee to junit (and my java is rusted, as well): I downloaded junit 4.1 and ran the test, but they fail (see below). Do I have to be", 
    "msgId": 17131, 
    "profile": "patrick_gundlach", 
    "topicId": 17131, 
    "spamInfo": {
        "reason": "0", 
        "isSpam": false
    }, 
    "replyTo": "LIST", 
    "userId": 162112006, 
    "messageBody": "<div id=\"ygrps-yiv-537013073\">Hi,<br/>\n<br/>\nI am a complete newbee to junit (and my java is rusted, as well): I<br/>\ndownloaded junit 4.1 and ran the test, but they fail (see below). Do I<br/>\nhave to be worried? What am I doing wrong? I Tried on Mac OS X and Linux.<br/>\n<br/>\nPatrick<br/>\n--------------------------------------------------<br/>\n<br/>\njava version &quot;1.5.0_06&quot;<br/>\nJava(TM) 2 Runtime Environment, Standard Edition (build 1.5.0_06-112)<br/>\nJava HotSpot(TM) Client VM (build 1.5.0_06-64, mixed mode, sharing)<br/>\n<br/>\n--------------------------------------------------<br/>\nCLASSPATH is:<br/>\n:/Users/pg/java/junit4.1/junit-4.1.jar<br/>\n<br/>\n--------------------------------------------------<br/>\n<br/>\n~/java/junit4.1$ java org.junit.runner.JUnitCore org.junit.tests.AllTests<br/>\nJUnit version 4.1<br/>\n...............................................I........................................................................................................................................................................................I.............................E.<br/>\nTime: 7,177<br/>\nThere was 1 failure:<br/>\n1) failureCausesExitCodeOf1(org.junit.tests.JUnitCoreTest)<br/>\njava.lang.AssertionError: expected:&lt;1&gt; but was:&lt;0&gt;<br/>\n        at org.junit.Assert.fail(Assert.java:69)<br/>\n        at org.junit.Assert.failNotEquals(Assert.java:314)<br/>\n        at org.junit.Assert.assertEquals(Assert.java:94)<br/>\n        at org.junit.Assert.assertEquals(Assert.java:104)<br/>\n        at org.junit.tests.JUnitCoreTest.runClass(JUnitCoreTest.java:41)<br/>\n        at org.junit.tests.JUnitCoreTest.failureCausesExitCodeOf1(JUnitCoreTest.java:22)<br/>\n        at sun.reflect.NativeMethodAccessorImpl.invoke0(Native Method)<br/>\n        at sun.reflect.NativeMethodAccessorImpl.invoke(NativeMethodAccessorImpl.java:39)<br/>\n        at sun.reflect.DelegatingMethodAccessorImpl.invoke(DelegatingMethodAccessorImpl.java:25)<br/>\n        at java.lang.reflect.Method.invoke(Method.java:585)<br/>\n        at org.junit.internal.runners.TestMethodRunner.executeMethodBody(TestMethodRunner.java:99)<br/>\n        at org.junit.internal.runners.TestMethodRunner.runUnprotected(TestMethodRunner.java:81)<br/>\n        at org.junit.internal.runners.BeforeAndAfterRunner.runProtected(BeforeAndAfterRunner.java:34)<br/>\n        at org.junit.internal.runners.TestMethodRunner.runMethod(TestMethodRunner.java:75)<br/>\n        at org.junit.internal.runners.TestMethodRunner.run(TestMethodRunner.java:45)<br/>\n        at org.junit.internal.runners.TestClassMethodsRunner.invokeTestMethod(TestClassMethodsRunner.java:71)<br/>\n        at org.junit.internal.runners.TestClassMethodsRunner.run(TestClassMethodsRunner.java:35)<br/>\n        at org.junit.internal.runners.TestClassRunner$1.runUnprotected(TestClassRunner.java:42)<br/>\n        at org.junit.internal.runners.BeforeAndAfterRunner.runProtected(BeforeAndAfterRunner.java:34)<br/>\n        at org.junit.internal.runners.TestClassRunner.run(TestClassRunner.java:52)<br/>\n        at org.junit.internal.runners.CompositeRunner.run(CompositeRunner.java:29)<br/>\n        at org.junit.internal.runners.TestClassRunner$1.runUnprotected(TestClassRunner.java:42)<br/>\n        at org.junit.internal.runners.BeforeAndAfterRunner.runProtected(BeforeAndAfterRunner.java:34)<br/>\n        at org.junit.internal.runners.TestClassRunner.run(TestClassRunner.java:52)<br/>\n        at org.junit.internal.runners.CompositeRunner.run(CompositeRunner.java:29)<br/>\n        at org.junit.runner.JUnitCore.run(JUnitCore.java:121)<br/>\n        at org.junit.runner.JUnitCore.run(JUnitCore.java:100)<br/>\n        at org.junit.runner.JUnitCore.run(JUnitCore.java:91)<br/>\n        at org.junit.runner.JUnitCore.runMain(JUnitCore.java:75)<br/>\n        at org.junit.runner.JUnitCore.main(JUnitCore.java:42)<br/>\n<br/>\nFAILURES!!!<br/>\nTests run: 261,  Failures: 1</div>", 
    "prevInTime": 17130, 
    "specialLinks": [], 
    "contentTrasformed": false, 
    "postDate": "1152787196", 
    "canDelete": false, 
    "nextInTopic": 17132, 
    "prevInTopic": 0, 
    "headers": {
        "messageIdInHeader": "PG0yazY2aHNzOHouZnNmQGxldmFuYS5kZT4="
    }
}