{
    "numMessagesInTopic": 8, 
    "nextInTime": 1718, 
    "senderId": "HQHbUBnHfzk9tR0n_VTh2UsuAPB5rsTw4fyBUizIx9Gzw2YBumvDJYTvSMNzNOeGKnP1x50Hf-_n7qE", 
    "systemMessage": false, 
    "subject": "CreateProcess error (JUnit and Visual J++)", 
    "from": "kr1shnak@...", 
    "authorName": "kr1shnak@hotmail.com", 
    "msgSnippet": "Hi, I am trying to use JUnit 3.7 with Visual J++ on Windows 2000. When trying to run junit.samples.AllTests I get java.io.IOException: CreateProcess exceptions", 
    "msgId": 1717, 
    "topicId": 1716, 
    "spamInfo": {
        "reason": "0", 
        "isSpam": false
    }, 
    "replyTo": "LIST", 
    "userId": 0, 
    "messageBody": "<div id=\"ygrps-yiv-383514349\">Hi,<br/>\n<br/>\nI am trying to use JUnit 3.7 with Visual J++ on Windows 2000.<br/>\n<br/>\nWhen trying to run junit.samples.AllTests I get java.io.IOException: <br/>\nCreateProcess exceptions (actual output is at the end of this <br/>\nmessage).<br/>\n<br/>\nDoes anyone have idea what is going wrong? Any help would be greatly <br/>\nappreciated.<br/>\n<br/>\nRegards,<br/>\n<br/>\nKrishna<br/>\n<br/>\n<br/>\n-------------------------<br/>\n<br/>\njview junit.textui.TestRunner -c junit.samples.AllTests <br/>\n<br/>\n<br/>\n.........................................<br/>\n.........................................<br/>\n....E.E.E<br/>\nTime: 0.765<br/>\nThere were 3 errors:<br/>\n1) testError(junit.tests.TextRunnerTest)<br/>\njava.io.IOException: CreateProcess<br/>\n        at java/lang/Win32Process.shellExec (Win32Process.java)<br/>\n        at java/lang/Win32Process.&lt;init&gt; (Win32Process.java)<br/>\n        at java/lang/Runtime.execInternal (Runtime.java)<br/>\n        at java/lang/Runtime.exec (Runtime.java)<br/>\n        at java/lang/Runtime.exec (Runtime.java)<br/>\n        at junit/tests/TextRunnerTest.execTest <br/>\n(TextRunnerTest.java:28)<br/>\n        at junit/tests/TextRunnerTest.testError <br/>\n(TextRunnerTest.java:19)<br/>\n        at java/lang/reflect/Method.invoke (Method.java)<br/>\n        at junit/framework/TestCase.runTest (TestCase.java:165)<br/>\n        at junit/framework/TestCase.runBare (TestCase.java:139)<br/>\n        at junit/framework/TestResult$1.protect (TestResult.java:105)<br/>\n        at junit/framework/TestResult.runProtected <br/>\n(TestResult.java:123)<br/>\n        at junit/framework/TestResult.run (TestResult.java:111)<br/>\n        at junit/framework/TestCase.run (TestCase.java:130)<br/>\n        at junit/framework/TestSuite.runTest (TestSuite.java:172)<br/>\n        at junit/framework/TestSuite.run (TestSuite.java:164)<br/>\n        at junit/framework/TestSuite.runTest (TestSuite.java:172)<br/>\n        at junit/framework/TestSuite.run (TestSuite.java:164)<br/>\n        at junit/framework/TestSuite.runTest (TestSuite.java:172)<br/>\n        at junit/framework/TestSuite.run (TestSuite.java:164)<br/>\n        at junit/textui/TestRunner.doRun (TestRunner.java:75)<br/>\n        at junit/textui/TestRunner.start (TestRunner.java:234)<br/>\n        at junit/textui/TestRunner.main (TestRunner.java:112)<br/>\n2) testFailure(junit.tests.TextRunnerTest)<br/>\njava.io.IOException: CreateProcess<br/>\n        at java/lang/Win32Process.shellExec (Win32Process.java)<br/>\n        at java/lang/Win32Process.&lt;init&gt; (Win32Process.java)<br/>\n        at java/lang/Runtime.execInternal (Runtime.java)<br/>\n        at java/lang/Runtime.exec (Runtime.java)<br/>\n        at java/lang/Runtime.exec (Runtime.java)<br/>\n        at junit/tests/TextRunnerTest.execTest <br/>\n(TextRunnerTest.java:28)<br/>\n        at junit/tests/TextRunnerTest.testFailure <br/>\n(TextRunnerTest.java:11)<br/>\n        at java/lang/reflect/Method.invoke (Method.java)<br/>\n        at junit/framework/TestCase.runTest (TestCase.java:165)<br/>\n        at junit/framework/TestCase.runBare (TestCase.java:139)<br/>\n        at junit/framework/TestResult$1.protect (TestResult.java:105)<br/>\n        at junit/framework/TestResult.runProtected <br/>\n(TestResult.java:123)<br/>\n        at junit/framework/TestResult.run (TestResult.java:111)<br/>\n        at junit/framework/TestCase.run (TestCase.java:130)<br/>\n        at junit/framework/TestSuite.runTest (TestSuite.java:172)<br/>\n        at junit/framework/TestSuite.run (TestSuite.java:164)<br/>\n        at junit/framework/TestSuite.runTest (TestSuite.java:172)<br/>\n        at junit/framework/TestSuite.run (TestSuite.java:164)<br/>\n        at junit/framework/TestSuite.runTest (TestSuite.java:172)<br/>\n        at junit/framework/TestSuite.run (TestSuite.java:164)<br/>\n        at junit/textui/TestRunner.doRun (TestRunner.java:75)<br/>\n        at junit/textui/TestRunner.start (TestRunner.java:234)<br/>\n        at junit/textui/TestRunner.main (TestRunner.java:112)<br/>\n3) testSuccess(junit.tests.TextRunnerTest)<br/>\njava.io.IOException: CreateProcess<br/>\n        at java/lang/Win32Process.shellExec (Win32Process.java)<br/>\n        at java/lang/Win32Process.&lt;init&gt; (Win32Process.java)<br/>\n        at java/lang/Runtime.execInternal (Runtime.java)<br/>\n        at java/lang/Runtime.exec (Runtime.java)<br/>\n        at java/lang/Runtime.exec (Runtime.java)<br/>\n        at junit/tests/TextRunnerTest.execTest <br/>\n(TextRunnerTest.java:28)<br/>\n        at junit/tests/TextRunnerTest.testSuccess <br/>\n(TextRunnerTest.java:15)<br/>\n        at java/lang/reflect/Method.invoke (Method.java)<br/>\n        at junit/framework/TestCase.runTest (TestCase.java:165)<br/>\n        at junit/framework/TestCase.runBare (TestCase.java:139)<br/>\n        at junit/framework/TestResult$1.protect (TestResult.java:105)<br/>\n        at junit/framework/TestResult.runProtected <br/>\n(TestResult.java:123)<br/>\n        at junit/framework/TestResult.run (TestResult.java:111)<br/>\n        at junit/framework/TestCase.run (TestCase.java:130)<br/>\n        at junit/framework/TestSuite.runTest (TestSuite.java:172)<br/>\n        at junit/framework/TestSuite.run (TestSuite.java:164)<br/>\n        at junit/framework/TestSuite.runTest (TestSuite.java:172)<br/>\n        at junit/framework/TestSuite.run (TestSuite.java:164)<br/>\n        at junit/framework/TestSuite.runTest (TestSuite.java:172)<br/>\n        at junit/framework/TestSuite.run (TestSuite.java:164)<br/>\n        at junit/textui/TestRunner.doRun (TestRunner.java:75)<br/>\n        at junit/textui/TestRunner.start (TestRunner.java:234)<br/>\n        at junit/textui/TestRunner.main (TestRunner.java:112)<br/>\n<br/>\nFAILURES!!!<br/>\nTests run: 88,  Failures: 0,  Errors: 3</div>", 
    "prevInTime": 1716, 
    "specialLinks": [], 
    "contentTrasformed": false, 
    "postDate": "993804194", 
    "canDelete": false, 
    "nextInTopic": 1718, 
    "prevInTopic": 1716, 
    "headers": {
        "messageIdInHeader": "PDloaGYzMituM2czQGVHcm91cHMuY29tPg=="
    }
}