{
    "topicId": 1716, 
    "postDate": "993804194", 
    "spamInfo": {
        "reason": "0", 
        "isSpam": false
    }, 
    "from": "kr1shnak@...", 
    "canDelete": false, 
    "replyTo": "LIST", 
    "senderId": "JtJJ_5pguL5BzqLwAVS_SP8pyT6tzWezeAgooFEcbwCa7BVHy_r57GY7ImvjXoTrK0ziFJ0pRHv43VQ", 
    "nextInTime": 1718, 
    "userId": 0, 
    "prevInTime": 1716, 
    "prevInTopic": 1716, 
    "headers": {
        "messageIdInHeader": "PDloaGYzMituM2czQGVHcm91cHMuY29tPg=="
    }, 
    "authorName": "kr1shnak@hotmail.com", 
    "numMessagesInTopic": 8, 
    "msgSnippet": "Hi, I am trying to use JUnit 3.7 with Visual J++ on Windows 2000. When trying to run junit.samples.AllTests I get java.io.IOException: CreateProcess exceptions", 
    "contentTrasformed": false, 
    "msgId": 1717, 
    "nextInTopic": 1718, 
    "systemMessage": false, 
    "rawEmail": "Return-Path: &lt;kr1shnak@...&gt;\r\nX-Sender: kr1shnak@...\r\nX-Apparently-To: junit@yahoogroups.com\r\nReceived: (EGP: mail-7_2_0); 29 Jun 2001 08:43:16 -0000\r\nReceived: (qmail 30360 invoked from network); 29 Jun 2001 08:43:16 -0000\r\nReceived: from unknown (10.1.10.26) by l10.egroups.com with QMQP; 29 Jun 2001 08:43:16 -0000\r\nReceived: from unknown (HELO ch.egroups.com) (10.1.10.51) by mta1 with SMTP; 29 Jun 2001 08:43:15 -0000\r\nX-eGroups-Return: kr1shnak@...\r\nReceived: from [10.1.10.106] by ch.egroups.com with NNFMP; 29 Jun 2001 08:43:15 -0000\r\nDate: Fri, 29 Jun 2001 08:43:14 -0000\r\nTo: junit@yahoogroups.com\r\nSubject: CreateProcess error (JUnit and Visual J++)\r\nMessage-ID: &lt;9hhf32+n3g3@...&gt;\r\nUser-Agent: eGroups-EW/0.82\r\nMIME-Version: 1.0\r\nContent-Type: text/plain; charset=ISO-8859-1\r\nContent-Length: 5171\r\nX-Mailer: eGroups Message Poster\r\nFrom: kr1shnak@...\r\n\r\nHi,\n\nI am trying to use JUnit 3.7 with Visual J++ on Windows 2000.\n\nWhen trying to run junit.samples.AllTests I get java.io.IOException: \nCreateProcess exceptions (actual output is at the end of this \nmessage).\n\nDoes anyone have idea what is going wrong? Any help would be greatly \nappreciated.\n\nRegards,\n\nKrishna\n\n\n-------------------------\n\njview junit.textui.TestRunner -c junit.samples.AllTests \n\n\n.........................................\n.........................................\n....E.E.E\nTime: 0.765\nThere were 3 errors:\n1) testError(junit.tests.TextRunnerTest)\njava.io.IOException: CreateProcess\n        at java/lang/Win32Process.shellExec (Win32Process.java)\n        at java/lang/Win32Process.&lt;init&gt; (Win32Process.java)\n        at java/lang/Runtime.execInternal (Runtime.java)\n        at java/lang/Runtime.exec (Runtime.java)\n        at java/lang/Runtime.exec (Runtime.java)\n        at junit/tests/TextRunnerTest.execTest \n(TextRunnerTest.java:28)\n        at junit/tests/TextRunnerTest.testError \n(TextRunnerTest.java:19)\n        at java/lang/reflect/Method.invoke (Method.java)\n        at junit/framework/TestCase.runTest (TestCase.java:165)\n        at junit/framework/TestCase.runBare (TestCase.java:139)\n        at junit/framework/TestResult$1.protect (TestResult.java:105)\n        at junit/framework/TestResult.runProtected \n(TestResult.java:123)\n        at junit/framework/TestResult.run (TestResult.java:111)\n        at junit/framework/TestCase.run (TestCase.java:130)\n        at junit/framework/TestSuite.runTest (TestSuite.java:172)\n        at junit/framework/TestSuite.run (TestSuite.java:164)\n        at junit/framework/TestSuite.runTest (TestSuite.java:172)\n        at junit/framework/TestSuite.run (TestSuite.java:164)\n        at junit/framework/TestSuite.runTest (TestSuite.java:172)\n        at junit/framework/TestSuite.run (TestSuite.java:164)\n        at junit/textui/TestRunner.doRun (TestRunner.java:75)\n        at junit/textui/TestRunner.start (TestRunner.java:234)\n        at junit/textui/TestRunner.main (TestRunner.java:112)\n2) testFailure(junit.tests.TextRunnerTest)\njava.io.IOException: CreateProcess\n        at java/lang/Win32Process.shellExec (Win32Process.java)\n        at java/lang/Win32Process.&lt;init&gt; (Win32Process.java)\n        at java/lang/Runtime.execInternal (Runtime.java)\n        at java/lang/Runtime.exec (Runtime.java)\n        at java/lang/Runtime.exec (Runtime.java)\n        at junit/tests/TextRunnerTest.execTest \n(TextRunnerTest.java:28)\n        at junit/tests/TextRunnerTest.testFailure \n(TextRunnerTest.java:11)\n        at java/lang/reflect/Method.invoke (Method.java)\n        at junit/framework/TestCase.runTest (TestCase.java:165)\n        at junit/framework/TestCase.runBare (TestCase.java:139)\n        at junit/framework/TestResult$1.protect (TestResult.java:105)\n        at junit/framework/TestResult.runProtected \n(TestResult.java:123)\n        at junit/framework/TestResult.run (TestResult.java:111)\n        at junit/framework/TestCase.run (TestCase.java:130)\n        at junit/framework/TestSuite.runTest (TestSuite.java:172)\n        at junit/framework/TestSuite.run (TestSuite.java:164)\n        at junit/framework/TestSuite.runTest (TestSuite.java:172)\n        at junit/framework/TestSuite.run (TestSuite.java:164)\n        at junit/framework/TestSuite.runTest (TestSuite.java:172)\n        at junit/framework/TestSuite.run (TestSuite.java:164)\n        at junit/textui/TestRunner.doRun (TestRunner.java:75)\n        at junit/textui/TestRunner.start (TestRunner.java:234)\n        at junit/textui/TestRunner.main (TestRunner.java:112)\n3) testSuccess(junit.tests.TextRunnerTest)\njava.io.IOException: CreateProcess\n        at java/lang/Win32Process.shellExec (Win32Process.java)\n        at java/lang/Win32Process.&lt;init&gt; (Win32Process.java)\n        at java/lang/Runtime.execInternal (Runtime.java)\n        at java/lang/Runtime.exec (Runtime.java)\n        at java/lang/Runtime.exec (Runtime.java)\n        at junit/tests/TextRunnerTest.execTest \n(TextRunnerTest.java:28)\n        at junit/tests/TextRunnerTest.testSuccess \n(TextRunnerTest.java:15)\n        at java/lang/reflect/Method.invoke (Method.java)\n        at junit/framework/TestCase.runTest (TestCase.java:165)\n        at junit/framework/TestCase.runBare (TestCase.java:139)\n        at junit/framework/TestResult$1.protect (TestResult.java:105)\n        at junit/framework/TestResult.runProtected \n(TestResult.java:123)\n        at junit/framework/TestResult.run (TestResult.java:111)\n        at junit/framework/TestCase.run (TestCase.java:130)\n        at junit/framework/TestSuite.runTest (TestSuite.java:172)\n        at junit/framework/TestSuite.run (TestSuite.java:164)\n        at junit/framework/TestSuite.runTest (TestSuite.java:172)\n        at junit/framework/TestSuite.run (TestSuite.java:164)\n        at junit/framework/TestSuite.runTest (TestSuite.java:172)\n        at junit/framework/TestSuite.run (TestSuite.java:164)\n        at junit/textui/TestRunner.doRun (TestRunner.java:75)\n        at junit/textui/TestRunner.start (TestRunner.java:234)\n        at junit/textui/TestRunner.main (TestRunner.java:112)\n\nFAILURES!!!\nTests run: 88,  Failures: 0,  Errors: 3\n\n\n", 
    "subject": "CreateProcess error (JUnit and Visual J++)"
}