{
    "numMessagesInTopic": 38, 
    "nextInTime": 17223, 
    "senderId": "N6F0hVCG6YJmOAxtuyiTzxm-eE_8JiwcO8sBsLgKbqITWqSrbLzQqypeyffCOjEHB5My1dL2s95ya8Bjr-CmCg", 
    "systemMessage": false, 
    "subject": "Re: [junit] setUp versus constructors", 
    "from": "David Saff &lt;saff@...&gt;", 
    "authorName": "David Saff", 
    "msgSnippet": "Robert, At first glance, that does look confusing.  Can you open a bug at sourceforge?  Thanks, David", 
    "msgId": 17222, 
    "profile": "dsaff", 
    "topicId": 17141, 
    "spamInfo": {
        "reason": "0", 
        "isSpam": false
    }, 
    "replyTo": "LIST", 
    "userId": 139771899, 
    "messageBody": "<div id=\"ygrps-yiv-1636359120\">Robert,<br/>\n<br/>\nAt first glance, that does look confusing.  Can you open a bug at <br/>\nsourceforge?  Thanks,<br/>\n<br/>\n    David<br/>\n<br/>\nRobert Wenner wrote:<br/>\n<blockquote><span title=\"qreply\"> &gt;&gt; You can rely on setUp() working tomorrow the way it does today. Not so <br/>\n&gt;&gt; for the constructor. Compare with NUnit.<br/>\n&gt;&gt;     <br/>\n&gt;<br/>\n&gt; I don&#39;t know how NUnit does this, but I find JUnit confusing here.<br/>\n&gt;<br/>\n&gt; If a constructor throws, you get a misleading message.<br/>\n&gt;<br/>\n&gt; import org.junit.*;<br/>\n&gt; import static org.junit.Assert.*;<br/>\n&gt;<br/>\n&gt; public class ThrowingCtor {<br/>\n&gt;     public ThrowingCtor() {<br/>\n&gt;         throw new RuntimeException(&quot;oops&quot;);<br/>\n&gt;     }<br/>\n&gt;<br/>\n&gt;     @Test<br/>\n&gt;     public void someTest() {<br/>\n&gt;         assertTrue(true);<br/>\n&gt;     }<br/>\n&gt; }<br/>\n&gt; robert@sauerbraten:~/Desktop/hrsn&gt; javac -cp .:../junit4.1/junit-4.1.jar ThrowingCtor.java && java -cp .:../junit4.1/junit-4.1.jar org.junit.runner.JUnitCore ThrowingCtor<br/>\n&gt; JUnit version 4.1<br/>\n&gt; .E<br/>\n&gt; Time: 0.009<br/>\n&gt; There was 1 failure:<br/>\n&gt; 1) someTest(ThrowingCtor)<br/>\n&gt; java.lang.Exception: No runnable methods<br/>\n&gt;         at org.junit.internal.runners.TestClassMethodsRunner.testAborted(TestClassMethodsRunner.java:42)<br/>\n&gt;         at org.junit.internal.runners.TestClassMethodsRunner.invokeTestMethod(TestClassMethodsRunner.java:68)<br/>\n&gt;         at org.junit.internal.runners.TestClassMethodsRunner.run(TestClassMethodsRunner.java:35)<br/>\n&gt;         at org.junit.internal.runners.TestClassRunner$1.runUnprotected(TestClassRunner.java:42)<br/>\n&gt;         at org.junit.internal.runners.BeforeAndAfterRunner.runProtected(BeforeAndAfterRunner.java:34)<br/>\n&gt;         at org.junit.internal.runners.TestClassRunner.run(TestClassRunner.java:52)<br/>\n&gt;         at org.junit.internal.runners.CompositeRunner.run(CompositeRunner.java:29)<br/>\n&gt;         at org.junit.runner.JUnitCore.run(JUnitCore.java:121)<br/>\n&gt;         at org.junit.runner.JUnitCore.run(JUnitCore.java:100)<br/>\n&gt;         at org.junit.runner.JUnitCore.run(JUnitCore.java:91)<br/>\n&gt;         at org.junit.runner.JUnitCore.runMain(JUnitCore.java:75)<br/>\n&gt;         at org.junit.runner.JUnitCore.main(JUnitCore.java:42)<br/>\n&gt;<br/>\n&gt; FAILURES!!!<br/>\n&gt; Tests run: 1,  Failures: 1<br/>\n&gt;<br/>\n&gt; With a throwing @Before method, things are way clearer (at least to me)<br/>\n&gt; because JUnit just prints the exception message rather than saying <br/>\n&gt; it found no tests.<br/>\n&gt;<br/>\n&gt; import org.junit.*;<br/>\n&gt; import static org.junit.Assert.*;<br/>\n&gt;<br/>\n&gt; public class ThrowingSetup {<br/>\n&gt;     @Before<br/>\n&gt;     public void setUp() {<br/>\n&gt;         throw new RuntimeException(&quot;oops&quot;);<br/>\n&gt;     }<br/>\n&gt;<br/>\n&gt;     @Test<br/>\n&gt;     public void someTest() {<br/>\n&gt;         assertTrue(true);<br/>\n&gt;     }<br/>\n&gt; }<br/>\n&gt;<br/>\n&gt; robert@sauerbraten:~/Desktop/hrsn&gt; javac -cp .:../junit4.1/junit-4.1.jar ThrowingSetup.java && java -cp .:../junit4.1/junit-4.1.jar org.junit.runner.JUnitCore ThrowingSetup<br/>\n&gt; JUnit version 4.1<br/>\n&gt; .E<br/>\n&gt; Time: 0.01<br/>\n&gt; There was 1 failure:<br/>\n&gt; 1) someTest(ThrowingSetup)<br/>\n&gt; java.lang.RuntimeException: oops<br/>\n&gt;         at ThrowingSetup.setUp(ThrowingSetup.java:7)<br/>\n&gt;         at sun.reflect.NativeMethodAccessorImpl.invoke0(Native Method)<br/>\n&gt;         at sun.reflect.NativeMethodAccessorImpl.invoke(NativeMethodAccessorImpl.java:39)<br/>\n&gt;         at sun.reflect.DelegatingMethodAccessorImpl.invoke(DelegatingMethodAccessorImpl.java:25)<br/>\n&gt;         at java.lang.reflect.Method.invoke(Method.java:585)<br/>\n&gt;         at org.junit.internal.runners.BeforeAndAfterRunner.invokeMethod(BeforeAndAfterRunner.java:74)<br/>\n&gt;         at org.junit.internal.runners.BeforeAndAfterRunner.runBefores(BeforeAndAfterRunner.java:50)<br/>\n&gt;         at org.junit.internal.runners.BeforeAndAfterRunner.runProtected(BeforeAndAfterRunner.java:33)<br/>\n&gt;         at org.junit.internal.runners.TestMethodRunner.runMethod(TestMethodRunner.java:75)<br/>\n&gt;         at org.junit.internal.runners.TestMethodRunner.run(TestMethodRunner.java:45)<br/>\n&gt;         at org.junit.internal.runners.TestClassMethodsRunner.invokeTestMethod(TestClassMethodsRunner.java:71)<br/>\n&gt;         at org.junit.internal.runners.TestClassMethodsRunner.run(TestClassMethodsRunner.java:35)<br/>\n&gt;         at org.junit.internal.runners.TestClassRunner$1.runUnprotected(TestClassRunner.java:42)<br/>\n&gt;         at org.junit.internal.runners.BeforeAndAfterRunner.runProtected(BeforeAndAfterRunner.java:34)<br/>\n&gt;         at org.junit.internal.runners.TestClassRunner.run(TestClassRunner.java:52)<br/>\n&gt;         at org.junit.internal.runners.CompositeRunner.run(CompositeRunner.java:29)<br/>\n&gt;         at org.junit.runner.JUnitCore.run(JUnitCore.java:121)<br/>\n&gt;         at org.junit.runner.JUnitCore.run(JUnitCore.java:100)<br/>\n&gt;         at org.junit.runner.JUnitCore.run(JUnitCore.java:91)<br/>\n&gt;         at org.junit.runner.JUnitCore.runMain(JUnitCore.java:75)<br/>\n&gt;         at org.junit.runner.JUnitCore.main(JUnitCore.java:42)<br/>\n&gt;<br/>\n&gt; FAILURES!!!<br/>\n&gt; Tests run: 1,  Failures: 1<br/>\n&gt;<br/>\n&gt; Robert<br/>\n&gt;<br/>\n&gt; </span></blockquote></div>", 
    "prevInTime": 17221, 
    "specialLinks": [], 
    "contentTrasformed": false, 
    "postDate": "1153938044", 
    "canDelete": false, 
    "nextInTopic": 17227, 
    "prevInTopic": 17220, 
    "headers": {
        "inReplyToHeader": "PDIwMDYwNzI2MTc0NTQ1LjIyOTMxMEBnbXgubmV0Pg==", 
        "messageIdInHeader": "PDQ0QzdCMjdDLjcwNzAxMDNAbWl0LmVkdT4=", 
        "referencesHeader": "PDNGQjA4RDZBMjFCM0VDNEQ4NzQ5RUY2RDlFNjI2Mjc4NDRBOTZGQFdEQ0NQTUFJTDAxLm1hcmtldHRvb2xzLmNvbT4JIDw0NEJEOTlFQy45MDgwMkByb2dlcnMuY29tPiA8Yjg2YjZhOWMwNjA3MjAwODU4azE0OTAzZDgwdzM3MWNkNjM3OGY0NTAxY2RAbWFpbC5nb29nbGUuY29tPiA8NDRDMjY1MDYuNTAxMDcwM0Byb2dlcnMuY29tPiA8MjAwNjA3MjYxNzQ1NDUuMjI5MzEwQGdteC5uZXQ+"
    }
}