{
    "numMessagesInTopic": 38, 
    "nextInTime": 17221, 
    "senderId": "IcAEWhCAVdpyCIPAYQShNDJ_wF7XrL1V-v3UmKYg3vkyZ6zXzBcvkw8nMwCnR4eYQUVEIsHff7FK196jCURcQhDeqY_sE6Hb4QNOXZI", 
    "systemMessage": false, 
    "subject": "Re: [junit] setUp versus constructors", 
    "from": "&quot;Robert Wenner&quot; &lt;robert.wenner@...&gt;", 
    "authorName": "Robert Wenner", 
    "msgSnippet": "... I don t know how NUnit does this, but I find JUnit confusing here. If a constructor throws, you get a misleading message. import org.junit.*; import static", 
    "msgId": 17220, 
    "rawEmail": "Return-Path: &lt;robert.wenner@...&gt;\r\nX-Sender: robert.wenner@...\r\nX-Apparently-To: junit@yahoogroups.com\r\nReceived: (qmail 14089 invoked from network); 26 Jul 2006 17:45:56 -0000\r\nReceived: from unknown (66.218.66.172)\n  by m38.grp.scd.yahoo.com with QMQP; 26 Jul 2006 17:45:56 -0000\r\nReceived: from unknown (HELO mail.gmx.net) (213.165.64.21)\n  by mta4.grp.scd.yahoo.com with SMTP; 26 Jul 2006 17:45:56 -0000\r\nReceived: (qmail 9881 invoked by uid 0); 26 Jul 2006 17:45:45 -0000\r\nReceived: from 216.201.228.115 by www091.gmx.net with HTTP;\n Wed, 26 Jul 2006 19:45:45 +0200 (CEST)\r\nContent-Type: text/plain; charset=&quot;iso-8859-1&quot;\r\nDate: Wed, 26 Jul 2006 19:45:45 +0200\r\nIn-Reply-To: &lt;44C26506.5010703@...&gt;\r\nMessage-ID: &lt;20060726174545.229310@...&gt;\r\nMIME-Version: 1.0\r\nReferences: &lt;3FB08D6A21B3EC4D8749EF6D9E62627844A96F@...&gt;\n\t &lt;44BD99EC.90802@...&gt;\n &lt;b86b6a9c0607200858k14903d80w371cd6378f4501cd@...&gt;\n &lt;44C26506.5010703@...&gt;\r\nTo: junit@yahoogroups.com\r\nX-Authenticated: #1286805\r\nX-Flags: 0001\r\nX-Mailer: WWW-Mail 6100 (Global Message Exchange)\r\nX-Priority: 3\r\nContent-Transfer-Encoding: 8bit\r\nX-eGroups-Msg-Info: 1:0:0:0\r\nFrom: &quot;Robert Wenner&quot; &lt;robert.wenner@...&gt;\r\nSubject: Re: [junit] setUp versus constructors\r\nX-Yahoo-Group-Post: member; u=115089258; y=kqys-PtLw4UXGLdFtPJunQEEUasnFCANNNs92zjSmK6MYCLGJPlF\r\nX-Yahoo-Profile: robertwenner\r\n\r\n&gt; You can rely on setUp() working tomorrow the way it does today. Not so \n&gt; for the constructor. Compare with NUnit.\n\nI don&#39;t know how NUnit does this, but I find JUnit confusing here.\n\nIf a constructor throws, you get a misleading message.\n\nimport org.junit.*;\nimport static org.junit.Assert.*;\n\npublic class ThrowingCtor {\n    public ThrowingCtor() {\n        throw new RuntimeException(&quot;oops&quot;);\n    }\n\n    @Test\n    public void someTest() {\n        assertTrue(true);\n    }\n}\nrobert@sauerbraten:~/Desktop/hrsn&gt; javac -cp .:../junit4.1/junit-4.1.jar ThrowingCtor.java && java -cp .:../junit4.1/junit-4.1.jar org.junit.runner.JUnitCore ThrowingCtor\nJUnit version 4.1\n.E\nTime: 0.009\nThere was 1 failure:\n1) someTest(ThrowingCtor)\njava.lang.Exception: No runnable methods\n        at org.junit.internal.runners.TestClassMethodsRunner.testAborted(TestClassMethodsRunner.java:42)\n        at org.junit.internal.runners.TestClassMethodsRunner.invokeTestMethod(TestClassMethodsRunner.java:68)\n        at org.junit.internal.runners.TestClassMethodsRunner.run(TestClassMethodsRunner.java:35)\n        at org.junit.internal.runners.TestClassRunner$1.runUnprotected(TestClassRunner.java:42)\n        at org.junit.internal.runners.BeforeAndAfterRunner.runProtected(BeforeAndAfterRunner.java:34)\n        at org.junit.internal.runners.TestClassRunner.run(TestClassRunner.java:52)\n        at org.junit.internal.runners.CompositeRunner.run(CompositeRunner.java:29)\n        at org.junit.runner.JUnitCore.run(JUnitCore.java:121)\n        at org.junit.runner.JUnitCore.run(JUnitCore.java:100)\n        at org.junit.runner.JUnitCore.run(JUnitCore.java:91)\n        at org.junit.runner.JUnitCore.runMain(JUnitCore.java:75)\n        at org.junit.runner.JUnitCore.main(JUnitCore.java:42)\n\nFAILURES!!!\nTests run: 1,  Failures: 1\n\nWith a throwing @Before method, things are way clearer (at least to me)\nbecause JUnit just prints the exception message rather than saying \nit found no tests.\n\nimport org.junit.*;\nimport static org.junit.Assert.*;\n\npublic class ThrowingSetup {\n    @Before\n    public void setUp() {\n        throw new RuntimeException(&quot;oops&quot;);\n    }\n\n    @Test\n    public void someTest() {\n        assertTrue(true);\n    }\n}\n\nrobert@sauerbraten:~/Desktop/hrsn&gt; javac -cp .:../junit4.1/junit-4.1.jar ThrowingSetup.java && java -cp .:../junit4.1/junit-4.1.jar org.junit.runner.JUnitCore ThrowingSetup\nJUnit version 4.1\n.E\nTime: 0.01\nThere was 1 failure:\n1) someTest(ThrowingSetup)\njava.lang.RuntimeException: oops\n        at ThrowingSetup.setUp(ThrowingSetup.java:7)\n        at sun.reflect.NativeMethodAccessorImpl.invoke0(Native Method)\n        at sun.reflect.NativeMethodAccessorImpl.invoke(NativeMethodAccessorImpl.java:39)\n        at sun.reflect.DelegatingMethodAccessorImpl.invoke(DelegatingMethodAccessorImpl.java:25)\n        at java.lang.reflect.Method.invoke(Method.java:585)\n        at org.junit.internal.runners.BeforeAndAfterRunner.invokeMethod(BeforeAndAfterRunner.java:74)\n        at org.junit.internal.runners.BeforeAndAfterRunner.runBefores(BeforeAndAfterRunner.java:50)\n        at org.junit.internal.runners.BeforeAndAfterRunner.runProtected(BeforeAndAfterRunner.java:33)\n        at org.junit.internal.runners.TestMethodRunner.runMethod(TestMethodRunner.java:75)\n        at org.junit.internal.runners.TestMethodRunner.run(TestMethodRunner.java:45)\n        at org.junit.internal.runners.TestClassMethodsRunner.invokeTestMethod(TestClassMethodsRunner.java:71)\n        at org.junit.internal.runners.TestClassMethodsRunner.run(TestClassMethodsRunner.java:35)\n        at org.junit.internal.runners.TestClassRunner$1.runUnprotected(TestClassRunner.java:42)\n        at org.junit.internal.runners.BeforeAndAfterRunner.runProtected(BeforeAndAfterRunner.java:34)\n        at org.junit.internal.runners.TestClassRunner.run(TestClassRunner.java:52)\n        at org.junit.internal.runners.CompositeRunner.run(CompositeRunner.java:29)\n        at org.junit.runner.JUnitCore.run(JUnitCore.java:121)\n        at org.junit.runner.JUnitCore.run(JUnitCore.java:100)\n        at org.junit.runner.JUnitCore.run(JUnitCore.java:91)\n        at org.junit.runner.JUnitCore.runMain(JUnitCore.java:75)\n        at org.junit.runner.JUnitCore.main(JUnitCore.java:42)\n\nFAILURES!!!\nTests run: 1,  Failures: 1\n\nRobert\n\n-- \n\n\nEchte DSL-Flatrate dauerhaft fï¿½r 0,- Euro*. Nur noch kurze Zeit!\n&quot;Feel free&quot; mit GMX DSL: http://www.gmx.net/de/go/dsl\n\n", 
    "profile": "robertwenner", 
    "topicId": 17141, 
    "spamInfo": {
        "reason": "0", 
        "isSpam": false
    }, 
    "replyTo": "LIST", 
    "userId": 115089258, 
    "prevInTime": 17219, 
    "contentTrasformed": false, 
    "postDate": "1153935945", 
    "canDelete": false, 
    "nextInTopic": 17222, 
    "prevInTopic": 17208, 
    "headers": {
        "inReplyToHeader": "PDQ0QzI2NTA2LjUwMTA3MDNAcm9nZXJzLmNvbT4=", 
        "messageIdInHeader": "PDIwMDYwNzI2MTc0NTQ1LjIyOTMxMEBnbXgubmV0Pg==", 
        "referencesHeader": "PDNGQjA4RDZBMjFCM0VDNEQ4NzQ5RUY2RDlFNjI2Mjc4NDRBOTZGQFdEQ0NQTUFJTDAxLm1hcmtldHRvb2xzLmNvbT4JIDw0NEJEOTlFQy45MDgwMkByb2dlcnMuY29tPiA8Yjg2YjZhOWMwNjA3MjAwODU4azE0OTAzZDgwdzM3MWNkNjM3OGY0NTAxY2RAbWFpbC5nb29nbGUuY29tPiA8NDRDMjY1MDYuNTAxMDcwM0Byb2dlcnMuY29tPg=="
    }
}