{
    "numMessagesInTopic": 38, 
    "nextInTime": 17223, 
    "senderId": "FptgBjDKTtJrsT9p1KfXyTAqWFIgKXRQ3xXdBF2qU-V4fimb4UJpzKLbxMX2lcQ790xKXb7sF3aIeDl1U6JcIA", 
    "systemMessage": false, 
    "subject": "Re: [junit] setUp versus constructors", 
    "from": "David Saff &lt;saff@...&gt;", 
    "authorName": "David Saff", 
    "msgSnippet": "Robert, At first glance, that does look confusing.  Can you open a bug at sourceforge?  Thanks, David", 
    "msgId": 17222, 
    "rawEmail": "Return-Path: &lt;saff@...&gt;\r\nX-Sender: saff@...\r\nX-Apparently-To: junit@yahoogroups.com\r\nReceived: (qmail 3911 invoked from network); 26 Jul 2006 18:28:08 -0000\r\nReceived: from unknown (66.218.66.218)\n  by m35.grp.scd.yahoo.com with QMQP; 26 Jul 2006 18:28:08 -0000\r\nReceived: from unknown (HELO rozz.csail.mit.edu) (128.30.2.16)\n  by mta3.grp.scd.yahoo.com with SMTP; 26 Jul 2006 18:28:08 -0000\r\nReceived: from c-65-96-183-74.hsd1.ma.comcast.net ([65.96.183.74] helo=[192.168.0.100])\n\tby rozz.csail.mit.edu with esmtpsa (TLSv1:AES256-SHA:256)\n\t(Exim 4.50)\n\tid 1G5o0G-0005el-Ab\n\tfor junit@yahoogroups.com; Wed, 26 Jul 2006 14:21:04 -0400\r\nMessage-ID: &lt;44C7B27C.7070103@...&gt;\r\nDate: Wed, 26 Jul 2006 14:20:44 -0400\r\nUser-Agent: Thunderbird 1.5.0.4 (Windows/20060516)\r\nMIME-Version: 1.0\r\nTo: junit@yahoogroups.com\r\nReferences: &lt;3FB08D6A21B3EC4D8749EF6D9E62627844A96F@...&gt;\t &lt;44BD99EC.90802@...&gt; &lt;b86b6a9c0607200858k14903d80w371cd6378f4501cd@...&gt; &lt;44C26506.5010703@...&gt; &lt;20060726174545.229310@...&gt;\r\nIn-Reply-To: &lt;20060726174545.229310@...&gt;\r\nContent-Type: text/plain; charset=ISO-8859-1; format=flowed\r\nContent-Transfer-Encoding: 7bit\r\nX-eGroups-Msg-Info: 1:0:0:0\r\nFrom: David Saff &lt;saff@...&gt;\r\nSubject: Re: [junit] setUp versus constructors\r\nX-Yahoo-Group-Post: member; u=139771899; y=EiUgsNEOJyacRwlOQRi49JInzEBLGD4qVZeK3njxldA\r\nX-Yahoo-Profile: dsaff\r\n\r\nRobert,\n\nAt first glance, that does look confusing.  Can you open a bug at \nsourceforge?  Thanks,\n\n    David\n\nRobert Wenner wrote:\n&gt;&gt; You can rely on setUp() working tomorrow the way it does today. Not so \n&gt;&gt; for the constructor. Compare with NUnit.\n&gt;&gt;     \n&gt;\n&gt; I don&#39;t know how NUnit does this, but I find JUnit confusing here.\n&gt;\n&gt; If a constructor throws, you get a misleading message.\n&gt;\n&gt; import org.junit.*;\n&gt; import static org.junit.Assert.*;\n&gt;\n&gt; public class ThrowingCtor {\n&gt;     public ThrowingCtor() {\n&gt;         throw new RuntimeException(&quot;oops&quot;);\n&gt;     }\n&gt;\n&gt;     @Test\n&gt;     public void someTest() {\n&gt;         assertTrue(true);\n&gt;     }\n&gt; }\n&gt; robert@sauerbraten:~/Desktop/hrsn&gt; javac -cp .:../junit4.1/junit-4.1.jar ThrowingCtor.java && java -cp .:../junit4.1/junit-4.1.jar org.junit.runner.JUnitCore ThrowingCtor\n&gt; JUnit version 4.1\n&gt; .E\n&gt; Time: 0.009\n&gt; There was 1 failure:\n&gt; 1) someTest(ThrowingCtor)\n&gt; java.lang.Exception: No runnable methods\n&gt;         at org.junit.internal.runners.TestClassMethodsRunner.testAborted(TestClassMethodsRunner.java:42)\n&gt;         at org.junit.internal.runners.TestClassMethodsRunner.invokeTestMethod(TestClassMethodsRunner.java:68)\n&gt;         at org.junit.internal.runners.TestClassMethodsRunner.run(TestClassMethodsRunner.java:35)\n&gt;         at org.junit.internal.runners.TestClassRunner$1.runUnprotected(TestClassRunner.java:42)\n&gt;         at org.junit.internal.runners.BeforeAndAfterRunner.runProtected(BeforeAndAfterRunner.java:34)\n&gt;         at org.junit.internal.runners.TestClassRunner.run(TestClassRunner.java:52)\n&gt;         at org.junit.internal.runners.CompositeRunner.run(CompositeRunner.java:29)\n&gt;         at org.junit.runner.JUnitCore.run(JUnitCore.java:121)\n&gt;         at org.junit.runner.JUnitCore.run(JUnitCore.java:100)\n&gt;         at org.junit.runner.JUnitCore.run(JUnitCore.java:91)\n&gt;         at org.junit.runner.JUnitCore.runMain(JUnitCore.java:75)\n&gt;         at org.junit.runner.JUnitCore.main(JUnitCore.java:42)\n&gt;\n&gt; FAILURES!!!\n&gt; Tests run: 1,  Failures: 1\n&gt;\n&gt; With a throwing @Before method, things are way clearer (at least to me)\n&gt; because JUnit just prints the exception message rather than saying \n&gt; it found no tests.\n&gt;\n&gt; import org.junit.*;\n&gt; import static org.junit.Assert.*;\n&gt;\n&gt; public class ThrowingSetup {\n&gt;     @Before\n&gt;     public void setUp() {\n&gt;         throw new RuntimeException(&quot;oops&quot;);\n&gt;     }\n&gt;\n&gt;     @Test\n&gt;     public void someTest() {\n&gt;         assertTrue(true);\n&gt;     }\n&gt; }\n&gt;\n&gt; robert@sauerbraten:~/Desktop/hrsn&gt; javac -cp .:../junit4.1/junit-4.1.jar ThrowingSetup.java && java -cp .:../junit4.1/junit-4.1.jar org.junit.runner.JUnitCore ThrowingSetup\n&gt; JUnit version 4.1\n&gt; .E\n&gt; Time: 0.01\n&gt; There was 1 failure:\n&gt; 1) someTest(ThrowingSetup)\n&gt; java.lang.RuntimeException: oops\n&gt;         at ThrowingSetup.setUp(ThrowingSetup.java:7)\n&gt;         at sun.reflect.NativeMethodAccessorImpl.invoke0(Native Method)\n&gt;         at sun.reflect.NativeMethodAccessorImpl.invoke(NativeMethodAccessorImpl.java:39)\n&gt;         at sun.reflect.DelegatingMethodAccessorImpl.invoke(DelegatingMethodAccessorImpl.java:25)\n&gt;         at java.lang.reflect.Method.invoke(Method.java:585)\n&gt;         at org.junit.internal.runners.BeforeAndAfterRunner.invokeMethod(BeforeAndAfterRunner.java:74)\n&gt;         at org.junit.internal.runners.BeforeAndAfterRunner.runBefores(BeforeAndAfterRunner.java:50)\n&gt;         at org.junit.internal.runners.BeforeAndAfterRunner.runProtected(BeforeAndAfterRunner.java:33)\n&gt;         at org.junit.internal.runners.TestMethodRunner.runMethod(TestMethodRunner.java:75)\n&gt;         at org.junit.internal.runners.TestMethodRunner.run(TestMethodRunner.java:45)\n&gt;         at org.junit.internal.runners.TestClassMethodsRunner.invokeTestMethod(TestClassMethodsRunner.java:71)\n&gt;         at org.junit.internal.runners.TestClassMethodsRunner.run(TestClassMethodsRunner.java:35)\n&gt;         at org.junit.internal.runners.TestClassRunner$1.runUnprotected(TestClassRunner.java:42)\n&gt;         at org.junit.internal.runners.BeforeAndAfterRunner.runProtected(BeforeAndAfterRunner.java:34)\n&gt;         at org.junit.internal.runners.TestClassRunner.run(TestClassRunner.java:52)\n&gt;         at org.junit.internal.runners.CompositeRunner.run(CompositeRunner.java:29)\n&gt;         at org.junit.runner.JUnitCore.run(JUnitCore.java:121)\n&gt;         at org.junit.runner.JUnitCore.run(JUnitCore.java:100)\n&gt;         at org.junit.runner.JUnitCore.run(JUnitCore.java:91)\n&gt;         at org.junit.runner.JUnitCore.runMain(JUnitCore.java:75)\n&gt;         at org.junit.runner.JUnitCore.main(JUnitCore.java:42)\n&gt;\n&gt; FAILURES!!!\n&gt; Tests run: 1,  Failures: 1\n&gt;\n&gt; Robert\n&gt;\n&gt;   \n\n\n", 
    "profile": "dsaff", 
    "topicId": 17141, 
    "spamInfo": {
        "reason": "0", 
        "isSpam": false
    }, 
    "replyTo": "LIST", 
    "userId": 139771899, 
    "prevInTime": 17221, 
    "contentTrasformed": false, 
    "postDate": "1153938044", 
    "canDelete": false, 
    "nextInTopic": 17227, 
    "prevInTopic": 17220, 
    "headers": {
        "inReplyToHeader": "PDIwMDYwNzI2MTc0NTQ1LjIyOTMxMEBnbXgubmV0Pg==", 
        "messageIdInHeader": "PDQ0QzdCMjdDLjcwNzAxMDNAbWl0LmVkdT4=", 
        "referencesHeader": "PDNGQjA4RDZBMjFCM0VDNEQ4NzQ5RUY2RDlFNjI2Mjc4NDRBOTZGQFdEQ0NQTUFJTDAxLm1hcmtldHRvb2xzLmNvbT4JIDw0NEJEOTlFQy45MDgwMkByb2dlcnMuY29tPiA8Yjg2YjZhOWMwNjA3MjAwODU4azE0OTAzZDgwdzM3MWNkNjM3OGY0NTAxY2RAbWFpbC5nb29nbGUuY29tPiA8NDRDMjY1MDYuNTAxMDcwM0Byb2dlcnMuY29tPiA8MjAwNjA3MjYxNzQ1NDUuMjI5MzEwQGdteC5uZXQ+"
    }
}