{
    "numMessagesInTopic": 287, 
    "nextInTime": 17295, 
    "senderId": "mXyBljApCmQtGinBN_yDEyk4ltk64RVmBIkPw-H1kIbcmkA46hXzuarRvngWoJypkfQPKyrLc5fvwfGfs7vRcR4gZcGuig", 
    "systemMessage": false, 
    "subject": "Re: [junit] plz help me", 
    "from": "Ravi k &lt;c_itsreddy@...&gt;", 
    "authorName": "Ravi k", 
    "msgSnippet": "Hi Iam trying to execute simple test case from eclipse3.1 IDE using ant build.xml. I have written for that  ", 
    "msgId": 17294, 
    "rawEmail": "Return-Path: &lt;c_itsreddy@...&gt;\r\nReceived: (qmail 97935 invoked by uid 7800); 3 Aug 2006 14:12:42 -0000\r\nX-Sender: c_itsreddy@...\r\nX-Apparently-To: junit@yahoogroups.com\r\nReceived: (qmail 15179 invoked from network); 3 Aug 2006 11:15:59 -0000\r\nReceived: from unknown (66.218.66.167)\n  by m40.grp.scd.yahoo.com with QMQP; 3 Aug 2006 11:15:59 -0000\r\nReceived: from unknown (HELO web8504.mail.in.yahoo.com) (202.43.219.166)\n  by mta6.grp.scd.yahoo.com with SMTP; 3 Aug 2006 11:15:58 -0000\r\nReceived: (qmail 28713 invoked by uid 60001); 3 Aug 2006 10:42:09 -0000\r\nMessage-ID: &lt;20060803104209.28711.qmail@...&gt;\r\nReceived: from [220.225.70.2] by web8504.mail.in.yahoo.com via HTTP; Thu, 03 Aug 2006 11:42:09 BST\r\nDate: Thu, 3 Aug 2006 11:42:09 +0100 (BST)\r\nTo: junit@yahoogroups.com\r\nIn-Reply-To: &lt;20060803044504.69032.qmail@...&gt;\r\nMIME-Version: 1.0\r\nX-eGroups-Msg-Info: 1:0:0:0\r\nFrom: Ravi k &lt;c_itsreddy@...&gt;\r\nSubject: Re: [junit] plz help me\r\nX-Yahoo-Group-Post: member; u=252933590; y=vIY-h3KHW7za2hwD5zaOaTrlacP33WnQA5kNGRnj5EvBIW0GXA\r\nX-Yahoo-Profile: c_itsreddy\r\nContent-Type: text/plain; charset=ISO-8859-1\r\nContent-Transfer-Encoding: quoted-printable\r\nX-eGroups-Approved-By: dijdoss &lt;didoss@...&gt; via email; 3 Aug 2006 14:12:42 -0000\r\n\r\n      Hi\n\nIam trying to execute simple test case from eclipse3.1 IDE using =\r\nant build.xml.\n\nI have written for that\n\n&lt;!-- Setup Junit framework --&gt; \n&lt;t=\r\narget name=3D&quot;JUNIT&quot; &gt;\n&lt;available property=3D&quot;junit.present&quot; classname=3D&quot;j=\r\nunit.framework.TestCase&quot; classpathref=3D&quot;classpath&quot;/&gt;\n&lt;/target&gt;\n\n\n&lt;!-- Comp=\r\nile the application test classes --&gt;\n&lt;target name=3D&quot;compile-tests&quot; depends=\r\n=3D&quot;JUNIT&quot;&gt;\n&lt;mkdir dir=3D&quot;${build.dir}&quot; /&gt; \n&lt;javac srcdir=3D&quot;${testsrc.dir}=\r\n&quot; destdir=3D&quot;${build.dir}&quot;&gt;\n&lt;classpath refid=3D&quot;classpath&quot;/&gt;\n&lt;include name=\r\n=3D&quot;**_/*Test.java&quot;/&gt;\n&lt;/javac&gt;\n\n&lt;/target&gt;\n\n&lt;!-- Run the application test cl=\r\nasses --&gt;\n&lt;target name=3D&quot;runtest&quot; depends=3D&quot;compile-tests&quot; if=3D&quot;junit.pr=\r\nesent&quot;&gt; \n&lt;junit&gt; \n&lt;formatter type=3D&quot;plain&quot; usefile=3D&quot;false&quot; /&gt; \n&lt;classpat=\r\nh refid=3D&quot;classpath&quot;/&gt;\n&lt;test name=3D&quot;NumTest&quot;/&gt;\n&lt;/junit&gt; \n&lt;/target&gt; \n\nwhen=\r\n i run this test case iam getting following error as follows:\n\n\nBuildfile: =\r\nE:&#92;TestApp&#92;Build.xml\nJUNIT:\ncompile-tests:\n[javac] Compiling 1 source file =\r\nto E:&#92;TestApp&#92;testcases\nruntest:\n[junit] Testsuite: ./testcases/test/NumTes=\r\nt.class\n[junit] Tests run: 1, Failures: 0, Errors: 1, Time elapsed: 0 sec\n[=\r\njunit] Caused an ERROR\n[junit] ./testcases/test/NumTest.class\n[junit] java.=\r\nlang.ClassNotFoundException: ./testcases/test/NumTest.class\n[junit] at java=\r\n.lang.Class.forName0(Native Method)\n[junit] at java.lang.Class.forName(Unkn=\r\nown Source)\n[junit] at org.eclipse.ant.internal.ui.antsupport.EclipseDefaul=\r\ntExecutor.executeTargets(EclipseDefaultExecutor.java:32)\n[junit] at org.ecl=\r\nipse.ant.internal.ui.antsupport.InternalAntRunner.run(InternalAntRunner.jav=\r\na:423)\n[junit] at org.eclipse.ant.internal.ui.antsupport.InternalAntRunner.=\r\nmain(InternalAntRunner.java:137)\n[junit] Test ./testcases/test/NumTest.clas=\r\ns FAILED\nBUILD SUCCESSFUL\nTotal time: 1 second\n\n\n\nplz if you find solution =\r\nfor this help me.\n\n\n\n\n\n\n\nRavi k &lt;c_itsreddy@...&gt; wrote:          Hi=\r\n\n\nIam trying to execute simple test case from eclipse3.1 IDE using ant buil=\r\nd.xml.\n\nI have written for that\n\n&lt;!-- Setup Junit framework --&gt; \n&lt;target na=\r\nme=3D&quot;JUNIT&quot; &gt;\n&lt;available property=3D&quot;junit.present&quot; classname=3D&quot;junit.fra=\r\nmework.TestCase&quot; classpathref=3D&quot;classpath&quot;/&gt;\n&lt;/target&gt;\n\n\n&lt;!-- Compile the =\r\napplication test classes --&gt;\n&lt;target name=3D&quot;compile-tests&quot; depends=3D&quot;JUNI=\r\nT&quot;&gt;\n&lt;mkdir dir=3D&quot;${build.dir}&quot; /&gt; \n&lt;javac srcdir=3D&quot;${testsrc.dir}&quot; destdi=\r\nr=3D&quot;${build.dir}&quot;&gt;\n&lt;classpath refid=3D&quot;classpath&quot;/&gt;\n&lt;include name=3D&quot;**/*T=\r\nest.java&quot;/&gt;\n&lt;/javac&gt;\n\n&lt;/target&gt;\n\n&lt;!-- Run the application test classes --&gt;\n=\r\n&lt;target name=3D&quot;runtest&quot; depends=3D&quot;compile-tests&quot; if=3D&quot;junit.present&quot;&gt; \n&lt;=\r\njunit&gt; \n&lt;formatter type=3D&quot;plain&quot; usefile=3D&quot;false&quot; /&gt; \n&lt;classpath refid=3D=\r\n&quot;classpath&quot;/&gt;\n&lt;test name=3D&quot;NumTest&quot;/&gt;\n&lt;/junit&gt; \n&lt;/target&gt; \n\nwhen i run thi=\r\ns test case iam getting following error as follows:\n\n\nBuildfile: E:&#92;TestApp=\r\n&#92;Build.xml\nJUNIT:\ncompile-tests:\n[javac] Compiling 1 source file to E:&#92;Test=\r\nApp&#92;testcases\nruntest:\n[junit] Testsuite: ./testcases/test/NumTest.class\n[j=\r\nunit] Tests run: 1, Failures: 0, Errors: 1, Time elapsed: 0 sec\n[junit] Cau=\r\nsed an ERROR\n[junit] ./testcases/test/NumTest.class\n[junit] java.lang.Class=\r\nNotFoundException: ./testcases/test/NumTest.class\n[junit] at java.lang.Clas=\r\ns.forName0(Native Method)\n[junit] at java.lang.Class.forName(Unknown Source=\r\n)\n[junit] at org.eclipse.ant.internal.ui.antsupport.EclipseDefaultExecutor.=\r\nexecuteTargets(EclipseDefaultExecutor.java:32)\n[junit] at org.eclipse.ant.i=\r\nnternal.ui.antsupport.InternalAntRunner.run(InternalAntRunner.java:423)\n[ju=\r\nnit] at org.eclipse.ant.internal.ui.antsupport.InternalAntRunner.main(Inter=\r\nnalAntRunner.java:137)\n[junit] Test ./testcases/test/NumTest.class FAILED\nB=\r\nUILD SUCCESSFUL\nTotal time: 1 second\n\n\n\nplz if you find solution for this h=\r\nelp me.\n\n\n\n\n\n\nMichael Feathers &lt;mfeathers@...&gt; wrote:\nC=C3=A9dri=\r\nc Beust =E2=99=94 wrote:\n\n&gt;\n&gt;You seem to imply that there are only two kind=\r\ns of code:\n&gt;\n&gt; - Code that is tested and works\n&gt; - Code that is not tested =\r\nand doesn&#39;t work\n&gt;\n&gt;There is actually something in the middle: it&#39;s called =\r\n&quot;Code that is not\n&gt;tested but that works&quot;.\n&gt; \n&gt;\nHow do you know? ;-)\n\nMicha=\r\nel Feathers\nwww.objectmentor.com\n\n\n---------------------------------\nHere=\r\n=92s a new way to find what you&#39;re looking for - Yahoo! Answers \n\n[Non-text=\r\n portions of this message have been removed]\n\n\n\n         \n\n \t\t\t\t\n----------=\r\n-----------------------\n Here=92s a new way to find what you&#39;re looking for=\r\n - Yahoo! Answers \n\n[Non-text portions of this message have been removed]\n\n=\r\n\n", 
    "profile": "c_itsreddy", 
    "topicId": 17266, 
    "spamInfo": {
        "reason": "0", 
        "isSpam": false
    }, 
    "replyTo": "LIST", 
    "userId": 252933590, 
    "prevInTime": 17293, 
    "contentTrasformed": false, 
    "postDate": "1154601729", 
    "canDelete": false, 
    "nextInTopic": 17296, 
    "prevInTopic": 17293, 
    "headers": {
        "inReplyToHeader": "PDIwMDYwODAzMDQ0NTA0LjY5MDMyLnFtYWlsQHdlYjg1MTQubWFpbC5pbi55YWhvby5jb20+", 
        "messageIdInHeader": "PDIwMDYwODAzMTA0MjA5LjI4NzExLnFtYWlsQHdlYjg1MDQubWFpbC5pbi55YWhvby5jb20+"
    }
}