{
    "numMessagesInTopic": 287, 
    "nextInTime": 17295, 
    "senderId": "YrdkAZRqWQMtT93zQnVJcejTvN6nppemdNVrFJxDSEz-btdsbKyi_wPgVzHiNqQw-GtAJw1En-U0hQs7zi6UWTCI5eMCPw", 
    "systemMessage": false, 
    "subject": "Re: [junit] plz help me", 
    "from": "Ravi k &lt;c_itsreddy@...&gt;", 
    "authorName": "Ravi k", 
    "msgSnippet": "Hi Iam trying to execute simple test case from eclipse3.1 IDE using ant build.xml. I have written for that  ", 
    "msgId": 17294, 
    "profile": "c_itsreddy", 
    "topicId": 17266, 
    "spamInfo": {
        "reason": "0", 
        "isSpam": false
    }, 
    "replyTo": "LIST", 
    "userId": 252933590, 
    "messageBody": "<div id=\"ygrps-yiv-1712634292\">Hi<br/>\n<br/>\nIam trying to execute simple test case from eclipse3.1 IDE using ant build.xml.<br/>\n<br/>\nI have written for that<br/>\n<br/>\n&lt;!-- Setup Junit framework --&gt; <br/>\n&lt;target name=&quot;JUNIT&quot; &gt;<br/>\n&lt;available property=&quot;junit.present&quot; classname=&quot;junit.framework.TestCase&quot; classpathref=&quot;classpath&quot;/&gt;<br/>\n&lt;/target&gt;<br/>\n<br/>\n<br/>\n&lt;!-- Compile the application test classes --&gt;<br/>\n&lt;target name=&quot;compile-tests&quot; depends=&quot;JUNIT&quot;&gt;<br/>\n&lt;mkdir dir=&quot;${build.dir}&quot; /&gt; <br/>\n&lt;javac srcdir=&quot;${testsrc.dir}&quot; destdir=&quot;${build.dir}&quot;&gt;<br/>\n&lt;classpath refid=&quot;classpath&quot;/&gt;<br/>\n&lt;include name=&quot;**_/*Test.java&quot;/&gt;<br/>\n&lt;/javac&gt;<br/>\n<br/>\n&lt;/target&gt;<br/>\n<br/>\n&lt;!-- Run the application test classes --&gt;<br/>\n&lt;target name=&quot;runtest&quot; depends=&quot;compile-tests&quot; if=&quot;junit.present&quot;&gt; <br/>\n&lt;junit&gt; <br/>\n&lt;formatter type=&quot;plain&quot; usefile=&quot;false&quot; /&gt; <br/>\n&lt;classpath refid=&quot;classpath&quot;/&gt;<br/>\n&lt;test name=&quot;NumTest&quot;/&gt;<br/>\n&lt;/junit&gt; <br/>\n&lt;/target&gt; <br/>\n<br/>\nwhen i run this test case iam getting following error as follows:<br/>\n<br/>\n<br/>\nBuildfile: E:&#92;TestApp&#92;Build.xml<br/>\nJUNIT:<br/>\ncompile-tests:<br/>\n[javac] Compiling 1 source file to E:&#92;TestApp&#92;testcases<br/>\nruntest:<br/>\n[junit] Testsuite: ./testcases/test/NumTest.class<br/>\n[junit] Tests run: 1, Failures: 0, Errors: 1, Time elapsed: 0 sec<br/>\n[junit] Caused an ERROR<br/>\n[junit] ./testcases/test/NumTest.class<br/>\n[junit] java.lang.ClassNotFoundException: ./testcases/test/NumTest.class<br/>\n[junit] at java.lang.Class.forName0(Native Method)<br/>\n[junit] at java.lang.Class.forName(Unknown Source)<br/>\n[junit] at org.eclipse.ant.internal.ui.antsupport.EclipseDefaultExecutor.executeTargets(EclipseDefaultExecutor.java:32)<br/>\n[junit] at org.eclipse.ant.internal.ui.antsupport.InternalAntRunner.run(InternalAntRunner.java:423)<br/>\n[junit] at org.eclipse.ant.internal.ui.antsupport.InternalAntRunner.main(InternalAntRunner.java:137)<br/>\n[junit] Test ./testcases/test/NumTest.class FAILED<br/>\nBUILD SUCCESSFUL<br/>\nTotal time: 1 second<br/>\n<br/>\n<br/>\n<br/>\nplz if you find solution for this help me.<br/>\n<br/>\n<br/>\n<br/>\n<br/>\n<br/>\n<br/>\n<br/>\nRavi k &lt;<a rel=\"nofollow\" target=\"_blank\" href=\"mailto:c_itsreddy@...\">c_itsreddy@...</a>&gt; wrote:          Hi<br/>\n<br/>\nIam trying to execute simple test case from eclipse3.1 IDE using ant build.xml.<br/>\n<br/>\nI have written for that<br/>\n<br/>\n&lt;!-- Setup Junit framework --&gt; <br/>\n&lt;target name=&quot;JUNIT&quot; &gt;<br/>\n&lt;available property=&quot;junit.present&quot; classname=&quot;junit.framework.TestCase&quot; classpathref=&quot;classpath&quot;/&gt;<br/>\n&lt;/target&gt;<br/>\n<br/>\n<br/>\n&lt;!-- Compile the application test classes --&gt;<br/>\n&lt;target name=&quot;compile-tests&quot; depends=&quot;JUNIT&quot;&gt;<br/>\n&lt;mkdir dir=&quot;${build.dir}&quot; /&gt; <br/>\n&lt;javac srcdir=&quot;${testsrc.dir}&quot; destdir=&quot;${build.dir}&quot;&gt;<br/>\n&lt;classpath refid=&quot;classpath&quot;/&gt;<br/>\n&lt;include name=&quot;**/*Test.java&quot;/&gt;<br/>\n&lt;/javac&gt;<br/>\n<br/>\n&lt;/target&gt;<br/>\n<br/>\n&lt;!-- Run the application test classes --&gt;<br/>\n&lt;target name=&quot;runtest&quot; depends=&quot;compile-tests&quot; if=&quot;junit.present&quot;&gt; <br/>\n&lt;junit&gt; <br/>\n&lt;formatter type=&quot;plain&quot; usefile=&quot;false&quot; /&gt; <br/>\n&lt;classpath refid=&quot;classpath&quot;/&gt;<br/>\n&lt;test name=&quot;NumTest&quot;/&gt;<br/>\n&lt;/junit&gt; <br/>\n&lt;/target&gt; <br/>\n<br/>\nwhen i run this test case iam getting following error as follows:<br/>\n<br/>\n<br/>\nBuildfile: E:&#92;TestApp&#92;Build.xml<br/>\nJUNIT:<br/>\ncompile-tests:<br/>\n[javac] Compiling 1 source file to E:&#92;TestApp&#92;testcases<br/>\nruntest:<br/>\n[junit] Testsuite: ./testcases/test/NumTest.class<br/>\n[junit] Tests run: 1, Failures: 0, Errors: 1, Time elapsed: 0 sec<br/>\n[junit] Caused an ERROR<br/>\n[junit] ./testcases/test/NumTest.class<br/>\n[junit] java.lang.ClassNotFoundException: ./testcases/test/NumTest.class<br/>\n[junit] at java.lang.Class.forName0(Native Method)<br/>\n[junit] at java.lang.Class.forName(Unknown Source)<br/>\n[junit] at org.eclipse.ant.internal.ui.antsupport.EclipseDefaultExecutor.executeTargets(EclipseDefaultExecutor.java:32)<br/>\n[junit] at org.eclipse.ant.internal.ui.antsupport.InternalAntRunner.run(InternalAntRunner.java:423)<br/>\n[junit] at org.eclipse.ant.internal.ui.antsupport.InternalAntRunner.main(InternalAntRunner.java:137)<br/>\n[junit] Test ./testcases/test/NumTest.class FAILED<br/>\nBUILD SUCCESSFUL<br/>\nTotal time: 1 second<br/>\n<br/>\n<br/>\n<br/>\nplz if you find solution for this help me.<br/>\n<br/>\n<br/>\n<br/>\n<br/>\n<br/>\n<br/>\nMichael Feathers &lt;<a rel=\"nofollow\" target=\"_blank\" href=\"mailto:mfeathers@...\">mfeathers@...</a>&gt; wrote:<br/>\nCÃ©dric Beust â wrote:<br/>\n<br/>\n<blockquote><span title=\"ireply\"> &gt;<br/>\n&gt;You seem to imply that there are only two kinds of code:<br/>\n&gt;<br/>\n&gt; - Code that is tested and works<br/>\n&gt; - Code that is not tested and doesn&#39;t work<br/>\n&gt;<br/>\n&gt;There is actually something in the middle: it&#39;s called &quot;Code that is not<br/>\n&gt;tested but that works&quot;.<br/>\n&gt; <br/>\n&gt;<br/>\n </span></blockquote>How do you know? ;-)<br/>\n<br/>\nMichael Feathers<br/>\nwww.objectmentor.com<br/>\n<br/>\n<br/>\n---------------------------------<br/>\nHeres a new way to find what you&#39;re looking for - Yahoo! Answers <br/>\n<br/>\n[Non-text portions of this message have been removed]<br/>\n<br/>\n<br/>\n<br/>\n         <br/>\n<br/>\n \t\t\t\t<br/>\n---------------------------------<br/>\n Heres a new way to find what you&#39;re looking for - Yahoo! Answers <br/>\n<br/>\n[Non-text portions of this message have been removed]</div>", 
    "prevInTime": 17293, 
    "specialLinks": [], 
    "contentTrasformed": false, 
    "postDate": "1154601729", 
    "canDelete": false, 
    "nextInTopic": 17296, 
    "prevInTopic": 17293, 
    "headers": {
        "inReplyToHeader": "PDIwMDYwODAzMDQ0NTA0LjY5MDMyLnFtYWlsQHdlYjg1MTQubWFpbC5pbi55YWhvby5jb20+", 
        "messageIdInHeader": "PDIwMDYwODAzMTA0MjA5LjI4NzExLnFtYWlsQHdlYjg1MDQubWFpbC5pbi55YWhvby5jb20+"
    }
}