{
    "numMessagesInTopic": 2, 
    "nextInTime": 17336, 
    "senderId": "k3YNWELcWRC_DMTWlcaczc-0oNHudRGPzcpEPhZQ9xUKVZtbzbt0AIPw3y6Cnu9t8AZjW3pmdRg5t2lOD5Gz9-V_Ab2tuvWJmEM9ZrsJ0Ts", 
    "systemMessage": false, 
    "subject": "Re: [junit] JUnit 4.1 ant script on a Mac?", 
    "from": "&quot;Lasse Koskela&quot; &lt;lasse.koskela@...&gt;", 
    "authorName": "Lasse Koskela", 
    "msgSnippet": "Hi David, I just downloaded junit4.1.zip, extracted it, extracted the src.jar, and ran the default target for the build.xml. I didn t get the same error as the", 
    "msgId": 17335, 
    "rawEmail": "Return-Path: &lt;lasse.koskela@...&gt;\r\nX-Sender: lasse.koskela@...\r\nX-Apparently-To: junit@yahoogroups.com\r\nReceived: (qmail 28623 invoked from network); 7 Aug 2006 21:27:37 -0000\r\nReceived: from unknown (66.218.67.34)\n  by m37.grp.scd.yahoo.com with QMQP; 7 Aug 2006 21:27:36 -0000\r\nReceived: from unknown (HELO py-out-1112.google.com) (64.233.166.180)\n  by mta8.grp.scd.yahoo.com with SMTP; 7 Aug 2006 21:27:36 -0000\r\nReceived: by py-out-1112.google.com with SMTP id d42so243272pyd\n        for &lt;junit@yahoogroups.com&gt;; Mon, 07 Aug 2006 14:27:34 -0700 (PDT)\r\nReceived: by 10.65.176.7 with SMTP id d7mr8704899qbp;\n        Mon, 07 Aug 2006 14:27:33 -0700 (PDT)\r\nReceived: by 10.64.112.3 with HTTP; Mon, 7 Aug 2006 14:27:33 -0700 (PDT)\r\nMessage-ID: &lt;3975e2d10608071427t18395b88p47bf8eda74721457@...&gt;\r\nDate: Tue, 8 Aug 2006 00:27:33 +0300\r\nTo: junit@yahoogroups.com\r\nIn-Reply-To: &lt;44D2634A.60901@...&gt;\r\nMIME-Version: 1.0\r\nContent-Type: text/plain; charset=ISO-8859-1; format=flowed\r\nContent-Transfer-Encoding: 7bit\r\nContent-Disposition: inline\r\nReferences: &lt;44D2634A.60901@...&gt;\r\nX-eGroups-Msg-Info: 1:0:0:0\r\nFrom: &quot;Lasse Koskela&quot; &lt;lasse.koskela@...&gt;\r\nSubject: Re: [junit] JUnit 4.1 ant script on a Mac?\r\nX-Yahoo-Group-Post: member; u=190530936; y=dfE3c0RNJdqhlB0YQIBOHq16RBsckGNT3I3q9Sfd8BFJ_EW2zPyQ\r\nX-Yahoo-Profile: lassekoskela\r\n\r\nHi David,\n\nI just downloaded junit4.1.zip, extracted it, extracted the src.jar,\nand ran the default target for the build.xml. I didn&#39;t get the same\nerror as the OP for the ticket you linked to but I did get a test\nfailure. I proceeded to do a &quot;ant clean&quot; and re-ran the default target\ngetting the same test failure.\n\nBelow is the output from running those commands:\n\n\nlkoskela@MACDONALDS:~/junit-1533332 $ uname -a\nDarwin MACDONALDS.local 8.7.1 Darwin Kernel Version 8.7.1: Wed Jun  7\n16:19:56 PDT 2006; root:xnu-792.9.72.obj~2/RELEASE_I386 i386 i386\n\nlkoskela@MACDONALDS:~/junit-1533332 $ java -version\njava version &quot;1.5.0_06&quot;\nJava(TM) 2 Runtime Environment, Standard Edition (build 1.5.0_06-112)\nJava HotSpot(TM) Client VM (build 1.5.0_06-64, mixed mode, sharing)\n\nlkoskela@MACDONALDS:~/junit-1533332 $ ant -version\nApache Ant version 1.6.5 compiled on January 14 2006\n\nlkoskela@MACDONALDS:~/junit-1533332 $ ant clean\nBuildfile: build.xml\n\nclean:\n   [delete] Deleting directory /Users/lkoskela/junit-1533332/junit4.1\n   [delete] Deleting 342 files from /Users/lkoskela/junit-1533332\n\nBUILD SUCCESSFUL\nTotal time: 1 second\nlkoskela@MACDONALDS:~/junit-1533332 $ ant\nBuildfile: build.xml\n\ninit:\n\nversiontag:\n     [copy] Copying 1 file to /Users/lkoskela/junit-1533332/junit/runner\n\nbuild:\n    [javac] Compiling 160 source files to /Users/lkoskela/junit-1533332\n    [javac] /Users/lkoskela/junit-1533332/junit/tests/framework/SuiteTest.java:93:\nwarning: [unchecked] unchecked generic array creation of type\njava.lang.Class&lt;? extends junit.framework.TestCase&gt;[] for varargs\nparameter\n    [javac]             TestSuite suite = new\nTestSuite(OneTestCase.class, DoublePrecisionAssertTest.class);\n    [javac]                                   ^\n    [javac] 1 warning\n\ndist:\n    [mkdir] Created dir: /Users/lkoskela/junit-1533332/junit4.1\n      [jar] Building jar:\n/Users/lkoskela/junit-1533332/junit4.1/junit-4.1-src.jar\n      [jar] Building jar: /Users/lkoskela/junit-1533332/junit4.1/junit-4.1.jar\n\ndistributeTestsAndExamples:\n     [copy] Copying 121 files to /Users/lkoskela/junit-1533332/junit4.1\n\ndistributeTestsAndExamples:\n     [copy] Copying 208 files to /Users/lkoskela/junit-1533332/junit4.1/org\n    [mkdir] Created dir: /Users/lkoskela/junit-1533332/junit4.1/javadoc\n  [javadoc] Generating Javadoc\n  [javadoc] Javadoc execution\n  [javadoc] Loading source files for package org.junit...\n  [javadoc] Loading source files for package org.junit.runner...\n  [javadoc] Loading source files for package org.junit.runner.manipulation...\n  [javadoc] Loading source files for package org.junit.runner.notification...\n  [javadoc] Loading source files for package org.junit.runners...\n  [javadoc] Constructing Javadoc information...\n  [javadoc] Standard Doclet version 1.5.0_06\n  [javadoc] Building tree for all the packages and classes...\n  [javadoc] Generating\n/Users/lkoskela/junit-1533332/junit4.1/javadoc/serialized-form.html...\n  [javadoc] Copying file /Users/lkoskela/junit-1533332/stylesheet.css\nto file /Users/lkoskela/junit-1533332/junit4.1/javadoc/stylesheet.css...\n  [javadoc] Building index for all the packages and classes...\n  [javadoc] Building index for all classes...\n     [copy] Copying 17 files to /Users/lkoskela/junit-1533332/junit4.1/doc\n     [copy] Copying 1 file to /Users/lkoskela/junit-1533332/junit4.1\n     [copy] Copying 1 file to /Users/lkoskela/junit-1533332/junit4.1\n     [java] JUnit version 4.1\n     [java] ...............................................I........................................................................................................................................................................................I.............................E.\n     [java] Time: 3.103\n     [java] There was 1 failure:\n     [java] 1) failureCausesExitCodeOf1(org.junit.tests.JUnitCoreTest)\n     [java] java.lang.AssertionError: expected:&lt;1&gt; but was:&lt;0&gt;\n     [java]     at org.junit.Assert.fail(Assert.java:69)\n     [java]     at org.junit.Assert.failNotEquals(Assert.java:314)\n     [java]     at org.junit.Assert.assertEquals(Assert.java:94)\n     [java]     at org.junit.Assert.assertEquals(Assert.java:104)\n     [java]     at org.junit.tests.JUnitCoreTest.runClass(JUnitCoreTest.java:41)\n     [java]     at\norg.junit.tests.JUnitCoreTest.failureCausesExitCodeOf1(JUnitCoreTest.java:22)\n     [java]     at sun.reflect.NativeMethodAccessorImpl.invoke0(Native Method)\n     [java]     at\nsun.reflect.NativeMethodAccessorImpl.invoke(NativeMethodAccessorImpl.java:39)\n     [java]     at\nsun.reflect.DelegatingMethodAccessorImpl.invoke(DelegatingMethodAccessorImpl.java:25)\n     [java]     at java.lang.reflect.Method.invoke(Method.java:585)\n     [java]     at\norg.junit.internal.runners.TestMethodRunner.executeMethodBody(TestMethodRunner.java:99)\n     [java]     at\norg.junit.internal.runners.TestMethodRunner.runUnprotected(TestMethodRunner.java:81)\n     [java]     at\norg.junit.internal.runners.BeforeAndAfterRunner.runProtected(BeforeAndAfterRunner.java:34)\n     [java]     at\norg.junit.internal.runners.TestMethodRunner.runMethod(TestMethodRunner.java:75)\n     [java]     at\norg.junit.internal.runners.TestMethodRunner.run(TestMethodRunner.java:45)\n     [java]     at\norg.junit.internal.runners.TestClassMethodsRunner.invokeTestMethod(TestClassMethodsRunner.java:71)\n     [java]     at\norg.junit.internal.runners.TestClassMethodsRunner.run(TestClassMethodsRunner.java:35)\n     [java]     at\norg.junit.internal.runners.TestClassRunner$1.runUnprotected(TestClassRunner.java:42)\n     [java]     at\norg.junit.internal.runners.BeforeAndAfterRunner.runProtected(BeforeAndAfterRunner.java:34)\n     [java]     at\norg.junit.internal.runners.TestClassRunner.run(TestClassRunner.java:52)\n     [java]     at\norg.junit.internal.runners.CompositeRunner.run(CompositeRunner.java:29)\n     [java]     at\norg.junit.internal.runners.TestClassRunner$1.runUnprotected(TestClassRunner.java:42)\n     [java]     at\norg.junit.internal.runners.BeforeAndAfterRunner.runProtected(BeforeAndAfterRunner.java:34)\n     [java]     at\norg.junit.internal.runners.TestClassRunner.run(TestClassRunner.java:52)\n     [java]     at\norg.junit.internal.runners.CompositeRunner.run(CompositeRunner.java:29)\n     [java]     at org.junit.runner.JUnitCore.run(JUnitCore.java:121)\n     [java]     at org.junit.runner.JUnitCore.run(JUnitCore.java:100)\n     [java]     at org.junit.runner.JUnitCore.run(JUnitCore.java:91)\n     [java]     at org.junit.runner.JUnitCore.runMain(JUnitCore.java:75)\n     [java]     at org.junit.runner.JUnitCore.main(JUnitCore.java:42)\n\n     [java] FAILURES!!!\n     [java] Tests run: 261,  Failures: 1\n\n\nBUILD FAILED\n/Users/lkoskela/junit-1533332/build.xml:77: Java returned: 1\n\nTotal time: 9 seconds\n\n\n\n\nOn 8/3/06, David Saff &lt;saff@...&gt; wrote:\n&gt; All,\n&gt;\n&gt;  Has anyone out there run the JUnit 4.1 build.xml script on a Mac?  We&#39;re\n&gt;  looking into\n&gt;\n&gt;  http://sourceforge.net/tracker/index.php?func=detail&aid=1533332&group_id=15278&atid=215278\n&gt;\n&gt;  and I wonder if anyone&#39;s seen the same problem, or if anyone&#39;s run the\n&gt;  script without a hitch.  Thanks!\n&gt;\n&gt;  David Saff\n\n", 
    "profile": "lassekoskela", 
    "topicId": 17300, 
    "spamInfo": {
        "reason": "0", 
        "isSpam": false
    }, 
    "replyTo": "LIST", 
    "userId": 190530936, 
    "prevInTime": 17334, 
    "contentTrasformed": false, 
    "postDate": "1154986053", 
    "canDelete": false, 
    "nextInTopic": 0, 
    "prevInTopic": 17300, 
    "headers": {
        "inReplyToHeader": "PDQ0RDI2MzRBLjYwOTAxQG1pdC5lZHU+", 
        "messageIdInHeader": "PDM5NzVlMmQxMDYwODA3MTQyN3QxODM5NWI4OHA0N2JmOGVkYTc0NzIxNDU3QG1haWwuZ21haWwuY29tPg==", 
        "referencesHeader": "PDQ0RDI2MzRBLjYwOTAxQG1pdC5lZHU+"
    }
}