{
    "numMessagesInTopic": 2, 
    "nextInTime": 17336, 
    "senderId": "I2se_K2ZF-kGqO18JuIn0QyIpAfGQK0aKNuFLoTZFN65mrSfNXittCkKMbOnKDcSzHw9UMeEmQrDLCuvugSF46VuGdUqqg0M33FoqEbplWw", 
    "systemMessage": false, 
    "subject": "Re: [junit] JUnit 4.1 ant script on a Mac?", 
    "from": "&quot;Lasse Koskela&quot; &lt;lasse.koskela@...&gt;", 
    "authorName": "Lasse Koskela", 
    "msgSnippet": "Hi David, I just downloaded junit4.1.zip, extracted it, extracted the src.jar, and ran the default target for the build.xml. I didn t get the same error as the", 
    "msgId": 17335, 
    "profile": "lassekoskela", 
    "topicId": 17300, 
    "spamInfo": {
        "reason": "0", 
        "isSpam": false
    }, 
    "replyTo": "LIST", 
    "userId": 190530936, 
    "messageBody": "<div id=\"ygrps-yiv-1548071566\">Hi David,<br/>\n<br/>\nI just downloaded junit4.1.zip, extracted it, extracted the src.jar,<br/>\nand ran the default target for the build.xml. I didn&#39;t get the same<br/>\nerror as the OP for the ticket you linked to but I did get a test<br/>\nfailure. I proceeded to do a &quot;ant clean&quot; and re-ran the default target<br/>\ngetting the same test failure.<br/>\n<br/>\nBelow is the output from running those commands:<br/>\n<br/>\n<br/>\nlkoskela@MACDONALDS:~/junit-1533332 $ uname -a<br/>\nDarwin MACDONALDS.local 8.7.1 Darwin Kernel Version 8.7.1: Wed Jun  7<br/>\n16:19:56 PDT 2006; root:xnu-792.9.72.obj~2/RELEASE_I386 i386 i386<br/>\n<br/>\nlkoskela@MACDONALDS:~/junit-1533332 $ java -version<br/>\njava version &quot;1.5.0_06&quot;<br/>\nJava(TM) 2 Runtime Environment, Standard Edition (build 1.5.0_06-112)<br/>\nJava HotSpot(TM) Client VM (build 1.5.0_06-64, mixed mode, sharing)<br/>\n<br/>\nlkoskela@MACDONALDS:~/junit-1533332 $ ant -version<br/>\nApache Ant version 1.6.5 compiled on January 14 2006<br/>\n<br/>\nlkoskela@MACDONALDS:~/junit-1533332 $ ant clean<br/>\nBuildfile: build.xml<br/>\n<br/>\nclean:<br/>\n   [delete] Deleting directory /Users/lkoskela/junit-1533332/junit4.1<br/>\n   [delete] Deleting 342 files from /Users/lkoskela/junit-1533332<br/>\n<br/>\nBUILD SUCCESSFUL<br/>\nTotal time: 1 second<br/>\nlkoskela@MACDONALDS:~/junit-1533332 $ ant<br/>\nBuildfile: build.xml<br/>\n<br/>\ninit:<br/>\n<br/>\nversiontag:<br/>\n     [copy] Copying 1 file to /Users/lkoskela/junit-1533332/junit/runner<br/>\n<br/>\nbuild:<br/>\n    [javac] Compiling 160 source files to /Users/lkoskela/junit-1533332<br/>\n    [javac] /Users/lkoskela/junit-1533332/junit/tests/framework/SuiteTest.java:93:<br/>\nwarning: [unchecked] unchecked generic array creation of type<br/>\njava.lang.Class&lt;? extends junit.framework.TestCase&gt;[] for varargs<br/>\nparameter<br/>\n    [javac]             TestSuite suite = new<br/>\nTestSuite(OneTestCase.class, DoublePrecisionAssertTest.class);<br/>\n    [javac]                                   ^<br/>\n    [javac] 1 warning<br/>\n<br/>\ndist:<br/>\n    [mkdir] Created dir: /Users/lkoskela/junit-1533332/junit4.1<br/>\n      [jar] Building jar:<br/>\n/Users/lkoskela/junit-1533332/junit4.1/junit-4.1-src.jar<br/>\n      [jar] Building jar: /Users/lkoskela/junit-1533332/junit4.1/junit-4.1.jar<br/>\n<br/>\ndistributeTestsAndExamples:<br/>\n     [copy] Copying 121 files to /Users/lkoskela/junit-1533332/junit4.1<br/>\n<br/>\ndistributeTestsAndExamples:<br/>\n     [copy] Copying 208 files to /Users/lkoskela/junit-1533332/junit4.1/org<br/>\n    [mkdir] Created dir: /Users/lkoskela/junit-1533332/junit4.1/javadoc<br/>\n  [javadoc] Generating Javadoc<br/>\n  [javadoc] Javadoc execution<br/>\n  [javadoc] Loading source files for package org.junit...<br/>\n  [javadoc] Loading source files for package org.junit.runner...<br/>\n  [javadoc] Loading source files for package org.junit.runner.manipulation...<br/>\n  [javadoc] Loading source files for package org.junit.runner.notification...<br/>\n  [javadoc] Loading source files for package org.junit.runners...<br/>\n  [javadoc] Constructing Javadoc information...<br/>\n  [javadoc] Standard Doclet version 1.5.0_06<br/>\n  [javadoc] Building tree for all the packages and classes...<br/>\n  [javadoc] Generating<br/>\n/Users/lkoskela/junit-1533332/junit4.1/javadoc/serialized-form.html...<br/>\n  [javadoc] Copying file /Users/lkoskela/junit-1533332/stylesheet.css<br/>\nto file /Users/lkoskela/junit-1533332/junit4.1/javadoc/stylesheet.css...<br/>\n  [javadoc] Building index for all the packages and classes...<br/>\n  [javadoc] Building index for all classes...<br/>\n     [copy] Copying 17 files to /Users/lkoskela/junit-1533332/junit4.1/doc<br/>\n     [copy] Copying 1 file to /Users/lkoskela/junit-1533332/junit4.1<br/>\n     [copy] Copying 1 file to /Users/lkoskela/junit-1533332/junit4.1<br/>\n     [java] JUnit version 4.1<br/>\n     [java] ...............................................I........................................................................................................................................................................................I.............................E.<br/>\n     [java] Time: 3.103<br/>\n     [java] There was 1 failure:<br/>\n     [java] 1) failureCausesExitCodeOf1(org.junit.tests.JUnitCoreTest)<br/>\n     [java] java.lang.AssertionError: expected:&lt;1&gt; but was:&lt;0&gt;<br/>\n     [java]     at org.junit.Assert.fail(Assert.java:69)<br/>\n     [java]     at org.junit.Assert.failNotEquals(Assert.java:314)<br/>\n     [java]     at org.junit.Assert.assertEquals(Assert.java:94)<br/>\n     [java]     at org.junit.Assert.assertEquals(Assert.java:104)<br/>\n     [java]     at org.junit.tests.JUnitCoreTest.runClass(JUnitCoreTest.java:41)<br/>\n     [java]     at<br/>\norg.junit.tests.JUnitCoreTest.failureCausesExitCodeOf1(JUnitCoreTest.java:22)<br/>\n     [java]     at sun.reflect.NativeMethodAccessorImpl.invoke0(Native Method)<br/>\n     [java]     at<br/>\nsun.reflect.NativeMethodAccessorImpl.invoke(NativeMethodAccessorImpl.java:39)<br/>\n     [java]     at<br/>\nsun.reflect.DelegatingMethodAccessorImpl.invoke(DelegatingMethodAccessorImpl.java:25)<br/>\n     [java]     at java.lang.reflect.Method.invoke(Method.java:585)<br/>\n     [java]     at<br/>\norg.junit.internal.runners.TestMethodRunner.executeMethodBody(TestMethodRunner.java:99)<br/>\n     [java]     at<br/>\norg.junit.internal.runners.TestMethodRunner.runUnprotected(TestMethodRunner.java:81)<br/>\n     [java]     at<br/>\norg.junit.internal.runners.BeforeAndAfterRunner.runProtected(BeforeAndAfterRunner.java:34)<br/>\n     [java]     at<br/>\norg.junit.internal.runners.TestMethodRunner.runMethod(TestMethodRunner.java:75)<br/>\n     [java]     at<br/>\norg.junit.internal.runners.TestMethodRunner.run(TestMethodRunner.java:45)<br/>\n     [java]     at<br/>\norg.junit.internal.runners.TestClassMethodsRunner.invokeTestMethod(TestClassMethodsRunner.java:71)<br/>\n     [java]     at<br/>\norg.junit.internal.runners.TestClassMethodsRunner.run(TestClassMethodsRunner.java:35)<br/>\n     [java]     at<br/>\norg.junit.internal.runners.TestClassRunner$1.runUnprotected(TestClassRunner.java:42)<br/>\n     [java]     at<br/>\norg.junit.internal.runners.BeforeAndAfterRunner.runProtected(BeforeAndAfterRunner.java:34)<br/>\n     [java]     at<br/>\norg.junit.internal.runners.TestClassRunner.run(TestClassRunner.java:52)<br/>\n     [java]     at<br/>\norg.junit.internal.runners.CompositeRunner.run(CompositeRunner.java:29)<br/>\n     [java]     at<br/>\norg.junit.internal.runners.TestClassRunner$1.runUnprotected(TestClassRunner.java:42)<br/>\n     [java]     at<br/>\norg.junit.internal.runners.BeforeAndAfterRunner.runProtected(BeforeAndAfterRunner.java:34)<br/>\n     [java]     at<br/>\norg.junit.internal.runners.TestClassRunner.run(TestClassRunner.java:52)<br/>\n     [java]     at<br/>\norg.junit.internal.runners.CompositeRunner.run(CompositeRunner.java:29)<br/>\n     [java]     at org.junit.runner.JUnitCore.run(JUnitCore.java:121)<br/>\n     [java]     at org.junit.runner.JUnitCore.run(JUnitCore.java:100)<br/>\n     [java]     at org.junit.runner.JUnitCore.run(JUnitCore.java:91)<br/>\n     [java]     at org.junit.runner.JUnitCore.runMain(JUnitCore.java:75)<br/>\n     [java]     at org.junit.runner.JUnitCore.main(JUnitCore.java:42)<br/>\n<br/>\n     [java] FAILURES!!!<br/>\n     [java] Tests run: 261,  Failures: 1<br/>\n<br/>\n<br/>\nBUILD FAILED<br/>\n/Users/lkoskela/junit-1533332/build.xml:77: Java returned: 1<br/>\n<br/>\nTotal time: 9 seconds<br/>\n<br/>\n<br/>\n<br/>\n<br/>\n<blockquote><span title=\"qreply\"> On 8/3/06, David Saff &lt;<a rel=\"nofollow\" target=\"_blank\" href=\"mailto:saff@...\">saff@...</a>&gt; wrote:<br/>\n&gt; All,<br/>\n&gt;<br/>\n&gt;  Has anyone out there run the JUnit 4.1 build.xml script on a Mac?  We&#39;re<br/>\n&gt;  looking into<br/>\n&gt;<br/>\n&gt;  <a rel=\"nofollow\" target=\"_blank\" href=\"http://sourceforge.net/tracker/index.php?func=detail&aid=1533332&group_id=15278&atid=215278\">http://sourceforge.net/tracker/index.php?func=detail&aid=1533332&group_id=15278&atid=215278</a><br/>\n&gt;<br/>\n&gt;  and I wonder if anyone&#39;s seen the same problem, or if anyone&#39;s run the<br/>\n&gt;  script without a hitch.  Thanks!<br/>\n&gt;<br/>\n&gt;  David Saff </span></blockquote></div>", 
    "prevInTime": 17334, 
    "specialLinks": [], 
    "contentTrasformed": false, 
    "postDate": "1154986053", 
    "canDelete": false, 
    "nextInTopic": 0, 
    "prevInTopic": 17300, 
    "headers": {
        "inReplyToHeader": "PDQ0RDI2MzRBLjYwOTAxQG1pdC5lZHU+", 
        "messageIdInHeader": "PDM5NzVlMmQxMDYwODA3MTQyN3QxODM5NWI4OHA0N2JmOGVkYTc0NzIxNDU3QG1haWwuZ21haWwuY29tPg==", 
        "referencesHeader": "PDQ0RDI2MzRBLjYwOTAxQG1pdC5lZHU+"
    }
}