{
    "numMessagesInTopic": 3, 
    "nextInTime": 17983, 
    "senderId": "BVC3cc7p06PKvLNkRk9tlI2vxZXfOwIc2X01GnE8slh6zi1w-zhsX-1QKwQAqrqUtoSWIyy_Ff9TKtG8ZQWBik3LbrMokDUF6YGCtNrlB8pM2A", 
    "systemMessage": false, 
    "subject": "JUnit 4.1 fails AllTests with 2 errors", 
    "from": "&quot;robertkhenry&quot; &lt;robert.henry@...&gt;", 
    "authorName": "robertkhenry", 
    "msgSnippet": "I m trying to get started with JUnit 4.1. After installing JUnit, I typed the recommended command: java org.junit.runner.JUnitCore org.junit.tests.AllTests ", 
    "msgId": 17982, 
    "rawEmail": "Return-Path: &lt;robert.henry@...&gt;\r\nReceived: (qmail 2478 invoked by uid 7800); 20 Sep 2006 18:51:06 -0000\r\nX-Sender: robert.henry@...\r\nX-Apparently-To: junit@yahoogroups.com\r\nReceived: (qmail 44811 invoked from network); 20 Sep 2006 17:16:21 -0000\r\nReceived: from unknown (66.218.66.217)\n  by m35.grp.scd.yahoo.com with QMQP; 20 Sep 2006 17:16:21 -0000\r\nReceived: from unknown (HELO n18a.bullet.scd.yahoo.com) (66.94.237.47)\n  by mta2.grp.scd.yahoo.com with SMTP; 20 Sep 2006 17:16:21 -0000\r\nReceived: from [66.218.69.3] by n18.bullet.scd.yahoo.com with NNFMP; 20 Sep 2006 17:15:05 -0000\r\nReceived: from [66.218.66.80] by t3.bullet.scd.yahoo.com with NNFMP; 20 Sep 2006 17:15:05 -0000\r\nDate: Wed, 20 Sep 2006 17:15:03 -0000\r\nTo: junit@yahoogroups.com\r\nMessage-ID: &lt;eersun+dmkb@...&gt;\r\nUser-Agent: eGroups-EW/0.82\r\nMIME-Version: 1.0\r\nContent-Type: text/plain; charset=&quot;ISO-8859-1&quot;\r\nContent-Transfer-Encoding: quoted-printable\r\nX-Mailer: Yahoo Groups Message Poster\r\nX-Yahoo-Newman-Property: groups-compose\r\nFrom: &quot;robertkhenry&quot; &lt;robert.henry@...&gt;\r\nSubject: JUnit 4.1 fails AllTests with 2 errors\r\nX-Yahoo-Group-Post: member; u=283358742; y=vo-MPxL5POXxPg58pUFEKiOSJMjPDFAEFUz5aiWcki43OcBQ4ASM\r\nX-Yahoo-Profile: robertkhenry\r\nX-eGroups-Approved-By: ddoss_2006 &lt;didoss@...&gt; via email; 20 Sep 2006 18:51:06 -0000\r\n\r\nI&#39;m trying to get started with JUnit 4.1. After installing JUnit, I \ntyped =\r\nthe recommended command: \n\n&quot;java org.junit.runner.JUnitCore org.junit.tests=\r\n.AllTests&quot;\n\nThe instructions say that this should result in an &quot;OK&quot; message=\r\n. I&#39;m \ngetting this result: \n\nFAILURES!!!\nTests run: 261,  Failures: 2\n\nI&#39;m=\r\n including the exception stack below.\n\nJava is running on Windows XP,\njava =\r\nversion &quot;1.5.0_07&quot;\nJava(TM) 2 Runtime Environment, Standard Edition (build =\r\n1.5.0_07-b03)\nJava HotSpot(TM) Client VM (build 1.5.0_07-b03, mixed mode, s=\r\nharing)\n\nWhat am I overlooking?\n\nRK Henry\n\n------------------------\nThere w=\r\nere 2 failures:\n1) testSuccess(junit.tests.runner.TextRunnerTest)\njunit.fra=\r\nmework.AssertionFailedError: null\n        at junit.framework.Assert.fail(As=\r\nsert.java:47)\n        at junit.framework.Assert.assertTrue(Assert.java:20)\n=\r\n        at junit.framework.Assert.assertTrue(Assert.java:27)\n        at jun=\r\nit.tests.runner.TextRunnerTest.execTest \nTextRunnerTest.java:36)\n        at=\r\n junit.tests.runner.TextRunnerTest.testSuccess\n(TextRunnerTest.java:20)\n\n  =\r\n      at sun.reflect.NativeMethodAccessorImpl.invoke0(Native \nMethod)\n     =\r\n   at sun.reflect.NativeMethodAccessorImpl.invoke(Unknown \nSource)\n        =\r\nat sun.reflect.DelegatingMethodAccessorImpl.invoke(Unknown \nSource)\n       =\r\n at java.lang.reflect.Method.invoke(Unknown Source)\n        at junit.framew=\r\nork.TestCase.runTest(TestCase.java:164)\n        at junit.framework.TestCase=\r\n.runBare(TestCase.java:130)\n        at junit.framework.TestResult$1.protect=\r\n(TestResult.java:110)\n        at junit.framework.TestResult.runProtected\n(T=\r\nestResult.java:128)\n        at junit.framework.TestResult.run(TestResult.ja=\r\nva:113)\n        at junit.framework.TestCase.run(TestCase.java:120)\n        =\r\nat junit.framework.TestSuite.runTest(TestSuite.java:228)\n        at junit.f=\r\nramework.TestSuite.run(TestSuite.java:223)\n        at junit.framework.TestS=\r\nuite.runTest(TestSuite.java:228)\n        at junit.framework.TestSuite.run(T=\r\nestSuite.java:223)\n        at junit.framework.TestSuite.runTest(TestSuite.j=\r\nava:228)\n        at junit.framework.TestSuite.run(TestSuite.java:223)\n     =\r\n   at org.junit.internal.runners.OldTestClassRunner.run\n(OldTestClassRunner=\r\n.\njava:35)\n        at org.junit.internal.runners.CompositeRunner.run\n(Compo=\r\nsiteRunner.java:2\n9)\n        at \norg.junit.internal.runners.TestClassRunner=\r\n$1.runUnprotected(TestClass\nRunner.java:42)\n        at \norg.junit.internal.=\r\nrunners.BeforeAndAfterRunner.runProtected(BeforeAn\ndAfterRunner.java:34)\n  =\r\n      at org.junit.internal.runners.TestClassRunner.run\n(TestClassRunner.ja=\r\nva:5\n2)\n        at org.junit.internal.runners.CompositeRunner.run\n(Composit=\r\neRunner.java:2\n9)\n        at org.junit.runner.JUnitCore.run(JUnitCore.java:=\r\n121)\n        at org.junit.runner.JUnitCore.run(JUnitCore.java:100)\n        =\r\nat org.junit.runner.JUnitCore.run(JUnitCore.java:91)\n        at org.junit.r=\r\nunner.JUnitCore.runMain(JUnitCore.java:75)\n        at org.junit.runner.JUni=\r\ntCore.main(JUnitCore.java:42)\n2) successCausesExitCodeOf0(org.junit.tests.J=\r\nUnitCoreTest)\njava.lang.AssertionError: expected:&lt;0&gt; but was:&lt;1&gt;\n        at=\r\n org.junit.Assert.fail(Assert.java:69)\n        at org.junit.Assert.failNotE=\r\nquals(Assert.java:314)\n        at org.junit.Assert.assertEquals(Assert.java=\r\n:94)\n        at org.junit.Assert.assertEquals(Assert.java:104)\n        at o=\r\nrg.junit.tests.JUnitCoreTest.runClass\n(JUnitCoreTest.java:41)\n        at or=\r\ng.junit.tests.JUnitCoreTest.successCausesExitCodeOf0\n(JUnitCoreTest.\njava:3=\r\n1)\n        at sun.reflect.NativeMethodAccessorImpl.invoke0(Native \nMethod)\n=\r\n        at sun.reflect.NativeMethodAccessorImpl.invoke(Unknown \nSource)\n   =\r\n     at sun.reflect.DelegatingMethodAccessorImpl.invoke(Unknown \nSource)\n  =\r\n      at java.lang.reflect.Method.invoke(Unknown Source)\n        at \norg.ju=\r\nnit.internal.runners.TestMethodRunner.executeMethodBody(TestMet\nhodRunner.j=\r\nava:99)\n        at org.junit.internal.runners.TestMethodRunner.runUnprotect=\r\ned\n(TestMethod\nRunner.java:81)\n        at \norg.junit.internal.runners.Befor=\r\neAndAfterRunner.runProtected(BeforeAn\ndAfterRunner.java:34)\n        at org.=\r\njunit.internal.runners.TestMethodRunner.runMethod\n(TestMethodRunne\nr.java:7=\r\n5)\n        at org.junit.internal.runners.TestMethodRunner.run\n(TestMethodRu=\r\nnner.java\n:45)\n        at \norg.junit.internal.runners.TestClassMethodsRunne=\r\nr.invokeTestMethod(Te\nstClassMethodsRunner.java:71)\n        at org.junit.in=\r\nternal.runners.TestClassMethodsRunner.run\n(TestClassMethod\nsRunner.java:35)=\r\n\n        at \norg.junit.internal.runners.TestClassRunner$1.runUnprotected(Te=\r\nstClass\nRunner.java:42)\n        at \norg.junit.internal.runners.BeforeAndAft=\r\nerRunner.runProtected(BeforeAn\ndAfterRunner.java:34)\n        at org.junit.i=\r\nnternal.runners.TestClassRunner.run\n(TestClassRunner.java:5\n2)\n        at o=\r\nrg.junit.internal.runners.CompositeRunner.run\n(CompositeRunner.java:2\n9)\n  =\r\n      at \norg.junit.internal.runners.TestClassRunner$1.runUnprotected(TestC=\r\nlass\nRunner.java:42)\n        at \norg.junit.internal.runners.BeforeAndAfterR=\r\nunner.runProtected(BeforeAn\ndAfterRunner.java:34)\n        at org.junit.inte=\r\nrnal.runners.TestClassRunner.run\n(TestClassRunner.java:5\n2)\n        at org.=\r\njunit.internal.runners.CompositeRunner.run\n(CompositeRunner.java:2\n9)\n     =\r\n   at org.junit.runner.JUnitCore.run(JUnitCore.java:121)\n        at org.jun=\r\nit.runner.JUnitCore.run(JUnitCore.java:100)\n        at org.junit.runner.JUn=\r\nitCore.run(JUnitCore.java:91)\n        at org.junit.runner.JUnitCore.runMain=\r\n(JUnitCore.java:75)\n        at org.junit.runner.JUnitCore.main(JUnitCore.ja=\r\nva:42)\n\nFAILURES!!!\nTests run: 261,  Failures: 2\n\n\n\n\n", 
    "profile": "robertkhenry", 
    "topicId": 17982, 
    "spamInfo": {
        "reason": "0", 
        "isSpam": false
    }, 
    "replyTo": "LIST", 
    "userId": 283358742, 
    "prevInTime": 17981, 
    "contentTrasformed": false, 
    "postDate": "1158772503", 
    "canDelete": false, 
    "nextInTopic": 18021, 
    "prevInTopic": 0, 
    "headers": {
        "messageIdInHeader": "PGVlcnN1bitkbWtiQGVHcm91cHMuY29tPg=="
    }
}