{
    "numMessagesInTopic": 3, 
    "nextInTime": 17983, 
    "senderId": "2lv6h8_FyTKkq_fXaKR7JXPqkPnUqqBgzYgVTE1VgVYuibpIrrH0_HfbjikMvPs2P7rVUSzsJQ1OvdbomqeWfSf_kZ2z59qHHobL1PaiQYm7Pw", 
    "systemMessage": false, 
    "subject": "JUnit 4.1 fails AllTests with 2 errors", 
    "from": "&quot;robertkhenry&quot; &lt;robert.henry@...&gt;", 
    "authorName": "robertkhenry", 
    "msgSnippet": "I m trying to get started with JUnit 4.1. After installing JUnit, I typed the recommended command: java org.junit.runner.JUnitCore org.junit.tests.AllTests ", 
    "msgId": 17982, 
    "profile": "robertkhenry", 
    "topicId": 17982, 
    "spamInfo": {
        "reason": "0", 
        "isSpam": false
    }, 
    "replyTo": "LIST", 
    "userId": 283358742, 
    "messageBody": "<div id=\"ygrps-yiv-652809363\">I&#39;m trying to get started with JUnit 4.1. After installing JUnit, I <br/>\ntyped the recommended command: <br/>\n<br/>\n&quot;java org.junit.runner.JUnitCore org.junit.tests.AllTests&quot;<br/>\n<br/>\nThe instructions say that this should result in an &quot;OK&quot; message. I&#39;m <br/>\ngetting this result: <br/>\n<br/>\nFAILURES!!!<br/>\nTests run: 261,  Failures: 2<br/>\n<br/>\nI&#39;m including the exception stack below.<br/>\n<br/>\nJava is running on Windows XP,<br/>\njava version &quot;1.5.0_07&quot;<br/>\nJava(TM) 2 Runtime Environment, Standard Edition (build 1.5.0_07-b03)<br/>\nJava HotSpot(TM) Client VM (build 1.5.0_07-b03, mixed mode, sharing)<br/>\n<br/>\nWhat am I overlooking?<br/>\n<br/>\nRK Henry<br/>\n<br/>\n------------------------<br/>\nThere were 2 failures:<br/>\n1) testSuccess(junit.tests.runner.TextRunnerTest)<br/>\njunit.framework.AssertionFailedError: null<br/>\n        at junit.framework.Assert.fail(Assert.java:47)<br/>\n        at junit.framework.Assert.assertTrue(Assert.java:20)<br/>\n        at junit.framework.Assert.assertTrue(Assert.java:27)<br/>\n        at junit.tests.runner.TextRunnerTest.execTest <br/>\nTextRunnerTest.java:36)<br/>\n        at junit.tests.runner.TextRunnerTest.testSuccess<br/>\n(TextRunnerTest.java:20)<br/>\n<br/>\n        at sun.reflect.NativeMethodAccessorImpl.invoke0(Native <br/>\nMethod)<br/>\n        at sun.reflect.NativeMethodAccessorImpl.invoke(Unknown <br/>\nSource)<br/>\n        at sun.reflect.DelegatingMethodAccessorImpl.invoke(Unknown <br/>\nSource)<br/>\n        at java.lang.reflect.Method.invoke(Unknown Source)<br/>\n        at junit.framework.TestCase.runTest(TestCase.java:164)<br/>\n        at junit.framework.TestCase.runBare(TestCase.java:130)<br/>\n        at junit.framework.TestResult$1.protect(TestResult.java:110)<br/>\n        at junit.framework.TestResult.runProtected<br/>\n(TestResult.java:128)<br/>\n        at junit.framework.TestResult.run(TestResult.java:113)<br/>\n        at junit.framework.TestCase.run(TestCase.java:120)<br/>\n        at junit.framework.TestSuite.runTest(TestSuite.java:228)<br/>\n        at junit.framework.TestSuite.run(TestSuite.java:223)<br/>\n        at junit.framework.TestSuite.runTest(TestSuite.java:228)<br/>\n        at junit.framework.TestSuite.run(TestSuite.java:223)<br/>\n        at junit.framework.TestSuite.runTest(TestSuite.java:228)<br/>\n        at junit.framework.TestSuite.run(TestSuite.java:223)<br/>\n        at org.junit.internal.runners.OldTestClassRunner.run<br/>\n(OldTestClassRunner.<br/>\njava:35)<br/>\n        at org.junit.internal.runners.CompositeRunner.run<br/>\n(CompositeRunner.java:2<br/>\n9)<br/>\n        at <br/>\norg.junit.internal.runners.TestClassRunner$1.runUnprotected(TestClass<br/>\nRunner.java:42)<br/>\n        at <br/>\norg.junit.internal.runners.BeforeAndAfterRunner.runProtected(BeforeAn<br/>\ndAfterRunner.java:34)<br/>\n        at org.junit.internal.runners.TestClassRunner.run<br/>\n(TestClassRunner.java:5<br/>\n2)<br/>\n        at org.junit.internal.runners.CompositeRunner.run<br/>\n(CompositeRunner.java:2<br/>\n9)<br/>\n        at org.junit.runner.JUnitCore.run(JUnitCore.java:121)<br/>\n        at org.junit.runner.JUnitCore.run(JUnitCore.java:100)<br/>\n        at org.junit.runner.JUnitCore.run(JUnitCore.java:91)<br/>\n        at org.junit.runner.JUnitCore.runMain(JUnitCore.java:75)<br/>\n        at org.junit.runner.JUnitCore.main(JUnitCore.java:42)<br/>\n2) successCausesExitCodeOf0(org.junit.tests.JUnitCoreTest)<br/>\njava.lang.AssertionError: expected:&lt;0&gt; but was:&lt;1&gt;<br/>\n        at org.junit.Assert.fail(Assert.java:69)<br/>\n        at org.junit.Assert.failNotEquals(Assert.java:314)<br/>\n        at org.junit.Assert.assertEquals(Assert.java:94)<br/>\n        at org.junit.Assert.assertEquals(Assert.java:104)<br/>\n        at org.junit.tests.JUnitCoreTest.runClass<br/>\n(JUnitCoreTest.java:41)<br/>\n        at org.junit.tests.JUnitCoreTest.successCausesExitCodeOf0<br/>\n(JUnitCoreTest.<br/>\njava:31)<br/>\n        at sun.reflect.NativeMethodAccessorImpl.invoke0(Native <br/>\nMethod)<br/>\n        at sun.reflect.NativeMethodAccessorImpl.invoke(Unknown <br/>\nSource)<br/>\n        at sun.reflect.DelegatingMethodAccessorImpl.invoke(Unknown <br/>\nSource)<br/>\n        at java.lang.reflect.Method.invoke(Unknown Source)<br/>\n        at <br/>\norg.junit.internal.runners.TestMethodRunner.executeMethodBody(TestMet<br/>\nhodRunner.java:99)<br/>\n        at org.junit.internal.runners.TestMethodRunner.runUnprotected<br/>\n(TestMethod<br/>\nRunner.java:81)<br/>\n        at <br/>\norg.junit.internal.runners.BeforeAndAfterRunner.runProtected(BeforeAn<br/>\ndAfterRunner.java:34)<br/>\n        at org.junit.internal.runners.TestMethodRunner.runMethod<br/>\n(TestMethodRunne<br/>\nr.java:75)<br/>\n        at org.junit.internal.runners.TestMethodRunner.run<br/>\n(TestMethodRunner.java<br/>\n:45)<br/>\n        at <br/>\norg.junit.internal.runners.TestClassMethodsRunner.invokeTestMethod(Te<br/>\nstClassMethodsRunner.java:71)<br/>\n        at org.junit.internal.runners.TestClassMethodsRunner.run<br/>\n(TestClassMethod<br/>\nsRunner.java:35)<br/>\n        at <br/>\norg.junit.internal.runners.TestClassRunner$1.runUnprotected(TestClass<br/>\nRunner.java:42)<br/>\n        at <br/>\norg.junit.internal.runners.BeforeAndAfterRunner.runProtected(BeforeAn<br/>\ndAfterRunner.java:34)<br/>\n        at org.junit.internal.runners.TestClassRunner.run<br/>\n(TestClassRunner.java:5<br/>\n2)<br/>\n        at org.junit.internal.runners.CompositeRunner.run<br/>\n(CompositeRunner.java:2<br/>\n9)<br/>\n        at <br/>\norg.junit.internal.runners.TestClassRunner$1.runUnprotected(TestClass<br/>\nRunner.java:42)<br/>\n        at <br/>\norg.junit.internal.runners.BeforeAndAfterRunner.runProtected(BeforeAn<br/>\ndAfterRunner.java:34)<br/>\n        at org.junit.internal.runners.TestClassRunner.run<br/>\n(TestClassRunner.java:5<br/>\n2)<br/>\n        at org.junit.internal.runners.CompositeRunner.run<br/>\n(CompositeRunner.java:2<br/>\n9)<br/>\n        at org.junit.runner.JUnitCore.run(JUnitCore.java:121)<br/>\n        at org.junit.runner.JUnitCore.run(JUnitCore.java:100)<br/>\n        at org.junit.runner.JUnitCore.run(JUnitCore.java:91)<br/>\n        at org.junit.runner.JUnitCore.runMain(JUnitCore.java:75)<br/>\n        at org.junit.runner.JUnitCore.main(JUnitCore.java:42)<br/>\n<br/>\nFAILURES!!!<br/>\nTests run: 261,  Failures: 2</div>", 
    "prevInTime": 17981, 
    "specialLinks": [], 
    "contentTrasformed": false, 
    "postDate": "1158772503", 
    "canDelete": false, 
    "nextInTopic": 18021, 
    "prevInTopic": 0, 
    "headers": {
        "messageIdInHeader": "PGVlcnN1bitkbWtiQGVHcm91cHMuY29tPg=="
    }
}