{
    "numMessagesInTopic": 3, 
    "nextInTime": 18023, 
    "senderId": "uTgHhz2vTVu7ypjVsu4m0K09UQ7IDMvYlkZCFoPzI21k95U-dGbmSu96urANsp97VH92ixi-Z4SXuaAHTJeUZ_spvSRSMhveNpVLuTkeh-0Esg", 
    "systemMessage": true, 
    "subject": "Re: JUnit 4.1 fails AllTests with 2 errors", 
    "from": "&quot;robertkhenry&quot; &lt;robert.henry@...&gt;", 
    "authorName": "robertkhenry", 
    "msgSnippet": "Thank you. I ve begun playing with JUnit so I ve already started on option 1. I ll see what I can do with option 2. So far, whatever caused the AllTests", 
    "msgId": 18022, 
    "rawEmail": "Return-Path: &lt;robert.henry@...&gt;\r\nReceived: (qmail 43858 invoked from network); 26 Sep 2006 18:12:43 -0000\r\nReceived: from unknown (66.218.66.218)\n  by m24.grp.scd.yahoo.com with QMQP; 26 Sep 2006 18:12:43 -0000\r\nReceived: from unknown (HELO n25.bullet.scd.yahoo.com) (66.94.237.54)\n  by mta3.grp.scd.yahoo.com with SMTP; 26 Sep 2006 18:12:35 -0000\r\nReceived: from [66.218.69.6] by n25.bullet.scd.yahoo.com with NNFMP; 26 Sep 2006 18:11:31 -0000\r\nReceived: from [66.218.66.70] by t6.bullet.scd.yahoo.com with NNFMP; 26 Sep 2006 18:11:31 -0000\r\nX-Sender: robert.henry@...\r\nX-Apparently-To: junit@yahoogroups.com\r\nReceived: (qmail 69452 invoked from network); 26 Sep 2006 17:56:16 -0000\r\nReceived: from unknown (66.218.66.218)\n  by m25.grp.scd.yahoo.com with QMQP; 26 Sep 2006 17:56:16 -0000\r\nReceived: from unknown (HELO n17b.bullet.sc5.yahoo.com) (66.163.187.184)\n  by mta3.grp.scd.yahoo.com with SMTP; 26 Sep 2006 17:56:16 -0000\r\nReceived: from [66.163.187.120] by n17.bullet.sc5.yahoo.com with NNFMP; 26 Sep 2006 17:55:01 -0000\r\nReceived: from [66.218.69.1] by t1.bullet.sc5.yahoo.com with NNFMP; 26 Sep 2006 17:55:01 -0000\r\nReceived: from [66.218.66.70] by t1.bullet.scd.yahoo.com with NNFMP; 26 Sep 2006 17:55:01 -0000\r\nDate: Tue, 26 Sep 2006 17:55:01 -0000\r\nTo: junit@yahoogroups.com\r\nMessage-ID: &lt;efbphl+8ch3@...&gt;\r\nIn-Reply-To: &lt;451962C6.2000609@...&gt;\r\nUser-Agent: eGroups-EW/0.82\r\nMIME-Version: 1.0\r\nContent-Type: text/plain; charset=&quot;ISO-8859-1&quot;\r\nContent-Transfer-Encoding: quoted-printable\r\nX-Mailer: Yahoo Groups Message Poster\r\nX-Yahoo-Newman-Property: groups-system\r\nX-eGroups-Msg-Info: 1:6:0:0\r\nFrom: &quot;robertkhenry&quot; &lt;robert.henry@...&gt;\r\nSubject: Re: JUnit 4.1 fails AllTests with 2 errors\r\nX-Yahoo-Group-Post: member; u=283358742; y=U7o4xqQSEXShTV6VGkxLpYgHmHx25hWoo2gVKuYnORqsTpUSK-h8\r\nX-Yahoo-Profile: robertkhenry\r\nX-eGroups-Approved-By: spchappell &lt;simonpeterchappell@...&gt; via web; 26 Sep 2006 18:11:31 -0000\r\n\r\nThank you. I&#39;ve begun &quot;playing&quot; with JUnit so I&#39;ve already started \non opti=\r\non 1. I&#39;ll see what I can do with option 2.\n\nSo far, whatever caused the Al=\r\nlTests failures doesn&#39;t seem to be \ninterfering with my tests. \n\nRK Henry\n\n=\r\n--- In junit@yahoogroups.com, David Saff &lt;saff@...&gt; wrote:\n&gt;\n&gt; Robert,\n&gt; \n&gt;=\r\n The JUnit self-tests make an attempt to execute JUnit on the \ncommand \n&gt; l=\r\nine to make sure that the correct exit code is returned.  It \nappears \n&gt; th=\r\nat something in your configuration is causing all of these \n&gt; command-line =\r\nexecutions to fail.  This most likely is a conflict \nbetween \n&gt; your Java c=\r\nonfiguration and JUnit&#39;s self-test framework, and will \nlikely \n&gt; not preve=\r\nnt you from using JUnit for your own tests. You have two \noptions:\n&gt; \n&gt; 1) =\r\nIgnore the error and get started.\n&gt; 2) Help us out, by setting a breakpoint=\r\n at \nTextRunnerTest.execTest.  \n&gt; Figure out what command it&#39;s trying to ru=\r\nn, and see if it works on \na \n&gt; separate command line.  This will help to p=\r\ninpoint the problem.\n&gt; \n&gt; Thanks,\n&gt; \n&gt;     David Saff\n&gt; \n&gt; robertkhenry wro=\r\nte:\n&gt; &gt; I&#39;m trying to get started with JUnit 4.1. After installing \nJUnit, =\r\nI \n&gt; &gt; typed the recommended command: \n&gt; &gt;\n&gt; &gt; &quot;java org.junit.runner.JUnit=\r\nCore org.junit.tests.AllTests&quot;\n&gt; &gt;\n&gt; &gt; The instructions say that this shoul=\r\nd result in an &quot;OK&quot; message. \nI&#39;m \n&gt; &gt; getting this result: \n&gt; &gt;\n&gt; &gt; FAILUR=\r\nES!!!\n&gt; &gt; Tests run: 261,  Failures: 2\n&gt; &gt;\n&gt; &gt; I&#39;m including the exception =\r\nstack below.\n&gt; &gt;\n&gt; &gt; Java is running on Windows XP,\n&gt; &gt; java version &quot;1.5.0=\r\n_07&quot;\n&gt; &gt; Java(TM) 2 Runtime Environment, Standard Edition (build 1.5.0_07-\n=\r\nb03)\n&gt; &gt; Java HotSpot(TM) Client VM (build 1.5.0_07-b03, mixed mode, \nshari=\r\nng)\n&gt; &gt;\n&gt; &gt; What am I overlooking?\n&gt; &gt;\n&gt; &gt; RK Henry\n&gt; &gt;\n&gt; &gt; ---------------=\r\n---------\n&gt; &gt; There were 2 failures:\n&gt; &gt; 1) testSuccess(junit.tests.runner.=\r\nTextRunnerTest)\n&gt; &gt; junit.framework.AssertionFailedError: null\n&gt; &gt;         =\r\nat junit.framework.Assert.fail(Assert.java:47)\n&gt; &gt;         at junit.framewo=\r\nrk.Assert.assertTrue(Assert.java:20)\n&gt; &gt;         at junit.framework.Assert.=\r\nassertTrue(Assert.java:27)\n&gt; &gt;         at junit.tests.runner.TextRunnerTest=\r\n.execTest \n&gt; &gt; TextRunnerTest.java:36)\n&gt; &gt;         at junit.tests.runner.Te=\r\nxtRunnerTest.testSuccess\n&gt; &gt; (TextRunnerTest.java:20)\n&gt; &gt;\n&gt; &gt;         at su=\r\nn.reflect.NativeMethodAccessorImpl.invoke0(Native \n&gt; &gt; Method)\n&gt; &gt;         =\r\nat sun.reflect.NativeMethodAccessorImpl.invoke(Unknown \n&gt; &gt; Source)\n&gt; &gt;    =\r\n     at sun.reflect.DelegatingMethodAccessorImpl.invoke\n(Unknown \n&gt; &gt; Sourc=\r\ne)\n&gt; &gt;         at java.lang.reflect.Method.invoke(Unknown Source)\n&gt; &gt;      =\r\n   at junit.framework.TestCase.runTest(TestCase.java:164)\n&gt; &gt;         at ju=\r\nnit.framework.TestCase.runBare(TestCase.java:130)\n&gt; &gt;         at junit.fram=\r\nework.TestResult$1.protect\n(TestResult.java:110)\n&gt; &gt;         at junit.frame=\r\nwork.TestResult.runProtected\n&gt; &gt; (TestResult.java:128)\n&gt; &gt;         at junit=\r\n.framework.TestResult.run(TestResult.java:113)\n&gt; &gt;         at junit.framewo=\r\nrk.TestCase.run(TestCase.java:120)\n&gt; &gt;         at junit.framework.TestSuite=\r\n.runTest(TestSuite.java:228)\n&gt; &gt;         at junit.framework.TestSuite.run(T=\r\nestSuite.java:223)\n&gt; &gt;         at junit.framework.TestSuite.runTest(TestSui=\r\nte.java:228)\n&gt; &gt;         at junit.framework.TestSuite.run(TestSuite.java:22=\r\n3)\n&gt; &gt;         at junit.framework.TestSuite.runTest(TestSuite.java:228)\n&gt; &gt;=\r\n         at junit.framework.TestSuite.run(TestSuite.java:223)\n&gt; &gt;         a=\r\nt org.junit.internal.runners.OldTestClassRunner.run\n&gt; &gt; (OldTestClassRunner=\r\n.\n&gt; &gt; java:35)\n&gt; &gt;         at org.junit.internal.runners.CompositeRunner.ru=\r\nn\n&gt; &gt; (CompositeRunner.java:2\n&gt; &gt; 9)\n&gt; &gt;         at \n&gt; &gt; org.junit.internal=\r\n.runners.TestClassRunner$1.runUnprotected\n(TestClass\n&gt; &gt; Runner.java:42)\n&gt; =\r\n&gt;         at \n&gt; &gt; org.junit.internal.runners.BeforeAndAfterRunner.runProtec=\r\nted\n(BeforeAn\n&gt; &gt; dAfterRunner.java:34)\n&gt; &gt;         at org.junit.internal.r=\r\nunners.TestClassRunner.run\n&gt; &gt; (TestClassRunner.java:5\n&gt; &gt; 2)\n&gt; &gt;         a=\r\nt org.junit.internal.runners.CompositeRunner.run\n&gt; &gt; (CompositeRunner.java:=\r\n2\n&gt; &gt; 9)\n&gt; &gt;         at org.junit.runner.JUnitCore.run(JUnitCore.java:121)\n=\r\n&gt; &gt;         at org.junit.runner.JUnitCore.run(JUnitCore.java:100)\n&gt; &gt;      =\r\n   at org.junit.runner.JUnitCore.run(JUnitCore.java:91)\n&gt; &gt;         at org.=\r\njunit.runner.JUnitCore.runMain(JUnitCore.java:75)\n&gt; &gt;         at org.junit.=\r\nrunner.JUnitCore.main(JUnitCore.java:42)\n&gt; &gt; 2) successCausesExitCodeOf0(or=\r\ng.junit.tests.JUnitCoreTest)\n&gt; &gt; java.lang.AssertionError: expected:&lt;0&gt; but=\r\n was:&lt;1&gt;\n&gt; &gt;         at org.junit.Assert.fail(Assert.java:69)\n&gt; &gt;         a=\r\nt org.junit.Assert.failNotEquals(Assert.java:314)\n&gt; &gt;         at org.junit.=\r\nAssert.assertEquals(Assert.java:94)\n&gt; &gt;         at org.junit.Assert.assertE=\r\nquals(Assert.java:104)\n&gt; &gt;         at org.junit.tests.JUnitCoreTest.runClas=\r\ns\n&gt; &gt; (JUnitCoreTest.java:41)\n&gt; &gt;         at org.junit.tests.JUnitCoreTest.=\r\nsuccessCausesExitCodeOf0\n&gt; &gt; (JUnitCoreTest.\n&gt; &gt; java:31)\n&gt; &gt;         at su=\r\nn.reflect.NativeMethodAccessorImpl.invoke0(Native \n&gt; &gt; Method)\n&gt; &gt;         =\r\nat sun.reflect.NativeMethodAccessorImpl.invoke(Unknown \n&gt; &gt; Source)\n&gt; &gt;    =\r\n     at sun.reflect.DelegatingMethodAccessorImpl.invoke\n(Unknown \n&gt; &gt; Sourc=\r\ne)\n&gt; &gt;         at java.lang.reflect.Method.invoke(Unknown Source)\n&gt; &gt;      =\r\n   at \n&gt; &gt; org.junit.internal.runners.TestMethodRunner.executeMethodBody\n(T=\r\nestMet\n&gt; &gt; hodRunner.java:99)\n&gt; &gt;         at \norg.junit.internal.runners.Te=\r\nstMethodRunner.runUnprotected\n&gt; &gt; (TestMethod\n&gt; &gt; Runner.java:81)\n&gt; &gt;      =\r\n   at \n&gt; &gt; org.junit.internal.runners.BeforeAndAfterRunner.runProtected\n(Be=\r\nforeAn\n&gt; &gt; dAfterRunner.java:34)\n&gt; &gt;         at org.junit.internal.runners.=\r\nTestMethodRunner.runMethod\n&gt; &gt; (TestMethodRunne\n&gt; &gt; r.java:75)\n&gt; &gt;         =\r\nat org.junit.internal.runners.TestMethodRunner.run\n&gt; &gt; (TestMethodRunner.ja=\r\nva\n&gt; &gt; :45)\n&gt; &gt;         at \n&gt; &gt; \norg.junit.internal.runners.TestClassMethod=\r\nsRunner.invokeTestMethod(Te\n&gt; &gt; stClassMethodsRunner.java:71)\n&gt; &gt;         a=\r\nt org.junit.internal.runners.TestClassMethodsRunner.run\n&gt; &gt; (TestClassMetho=\r\nd\n&gt; &gt; sRunner.java:35)\n&gt; &gt;         at \n&gt; &gt; org.junit.internal.runners.TestC=\r\nlassRunner$1.runUnprotected\n(TestClass\n&gt; &gt; Runner.java:42)\n&gt; &gt;         at \n=\r\n&gt; &gt; org.junit.internal.runners.BeforeAndAfterRunner.runProtected\n(BeforeAn\n=\r\n&gt; &gt; dAfterRunner.java:34)\n&gt; &gt;         at org.junit.internal.runners.TestCla=\r\nssRunner.run\n&gt; &gt; (TestClassRunner.java:5\n&gt; &gt; 2)\n&gt; &gt;         at org.junit.in=\r\nternal.runners.CompositeRunner.run\n&gt; &gt; (CompositeRunner.java:2\n&gt; &gt; 9)\n&gt; &gt;  =\r\n       at \n&gt; &gt; org.junit.internal.runners.TestClassRunner$1.runUnprotected\n=\r\n(TestClass\n&gt; &gt; Runner.java:42)\n&gt; &gt;         at \n&gt; &gt; org.junit.internal.runne=\r\nrs.BeforeAndAfterRunner.runProtected\n(BeforeAn\n&gt; &gt; dAfterRunner.java:34)\n&gt; =\r\n&gt;         at org.junit.internal.runners.TestClassRunner.run\n&gt; &gt; (TestClassR=\r\nunner.java:5\n&gt; &gt; 2)\n&gt; &gt;         at org.junit.internal.runners.CompositeRunn=\r\ner.run\n&gt; &gt; (CompositeRunner.java:2\n&gt; &gt; 9)\n&gt; &gt;         at org.junit.runner.J=\r\nUnitCore.run(JUnitCore.java:121)\n&gt; &gt;         at org.junit.runner.JUnitCore.=\r\nrun(JUnitCore.java:100)\n&gt; &gt;         at org.junit.runner.JUnitCore.run(JUnit=\r\nCore.java:91)\n&gt; &gt;         at org.junit.runner.JUnitCore.runMain(JUnitCore.j=\r\nava:75)\n&gt; &gt;         at org.junit.runner.JUnitCore.main(JUnitCore.java:42)\n&gt;=\r\n &gt;\n&gt; &gt; FAILURES!!!\n&gt; &gt; Tests run: 261,  Failures: 2\n&gt; &gt;\n&gt; &gt;\n&gt; &gt;\n&gt; &gt;\n&gt; &gt;\n&gt; &gt;=\r\n  \n&gt; &gt; Yahoo! Groups Links\n&gt; &gt;\n&gt; &gt;\n&gt; &gt;\n&gt; &gt;\n&gt; &gt;\n&gt; &gt;\n&gt; &gt;\n&gt; &gt;\n&gt; &gt;\n&gt;\n\n\n\n\n\n\n\n\n", 
    "profile": "robertkhenry", 
    "topicId": 17982, 
    "spamInfo": {
        "reason": "6", 
        "isSpam": false
    }, 
    "replyTo": "LIST", 
    "userId": 283358742, 
    "prevInTime": 18021, 
    "contentTrasformed": false, 
    "postDate": "1159293301", 
    "canDelete": false, 
    "nextInTopic": 0, 
    "prevInTopic": 18021, 
    "headers": {
        "inReplyToHeader": "PDQ1MTk2MkM2LjIwMDA2MDlAbWl0LmVkdT4=", 
        "messageIdInHeader": "PGVmYnBobCs4Y2gzQGVHcm91cHMuY29tPg=="
    }
}