{
    "numMessagesInTopic": 3, 
    "nextInTime": 18023, 
    "senderId": "9ig85kN9P8ozOf2k-nyDV_vOTNyy3KYuagooQeQF3Hyn3JLXTLowlXaJES7yh4kZNYfK6xCPWyz-1VtTBee5OXcD3EOzO9pqDrNZTKFVM7yDvg", 
    "systemMessage": true, 
    "subject": "Re: JUnit 4.1 fails AllTests with 2 errors", 
    "from": "&quot;robertkhenry&quot; &lt;robert.henry@...&gt;", 
    "authorName": "robertkhenry", 
    "msgSnippet": "Thank you. I ve begun playing with JUnit so I ve already started on option 1. I ll see what I can do with option 2. So far, whatever caused the AllTests", 
    "msgId": 18022, 
    "profile": "robertkhenry", 
    "topicId": 17982, 
    "spamInfo": {
        "reason": "6", 
        "isSpam": false
    }, 
    "replyTo": "LIST", 
    "userId": 283358742, 
    "messageBody": "<div id=\"ygrps-yiv-1801284379\">Thank you. I&#39;ve begun &quot;playing&quot; with JUnit so I&#39;ve already started <br/>\non option 1. I&#39;ll see what I can do with option 2.<br/>\n<br/>\nSo far, whatever caused the AllTests failures doesn&#39;t seem to be <br/>\ninterfering with my tests. <br/>\n<br/>\nRK Henry<br/>\n<br/>\n<blockquote><span title=\"qreply\"> --- In <a rel=\"nofollow\" target=\"_blank\" href=\"mailto:junit@yahoogroups.com\">junit@yahoogroups.com</a>, David Saff &lt;saff@...&gt; wrote:<br/>\n&gt;<br/>\n&gt; Robert,<br/>\n&gt; <br/>\n&gt; The JUnit self-tests make an attempt to execute JUnit on the <br/>\ncommand <br/>\n&gt; line to make sure that the correct exit code is returned.  It <br/>\nappears <br/>\n&gt; that something in your configuration is causing all of these <br/>\n&gt; command-line executions to fail.  This most likely is a conflict <br/>\nbetween <br/>\n&gt; your Java configuration and JUnit&#39;s self-test framework, and will <br/>\nlikely <br/>\n&gt; not prevent you from using JUnit for your own tests. You have two <br/>\noptions:<br/>\n&gt; <br/>\n&gt; 1) Ignore the error and get started.<br/>\n&gt; 2) Help us out, by setting a breakpoint at <br/>\nTextRunnerTest.execTest.  <br/>\n&gt; Figure out what command it&#39;s trying to run, and see if it works on <br/>\na <br/>\n&gt; separate command line.  This will help to pinpoint the problem.<br/>\n&gt; <br/>\n&gt; Thanks,<br/>\n&gt; <br/>\n&gt;     David Saff<br/>\n&gt; <br/>\n&gt; robertkhenry wrote:<br/>\n&gt; &gt; I&#39;m trying to get started with JUnit 4.1. After installing <br/>\nJUnit, I <br/>\n&gt; &gt; typed the recommended command: <br/>\n&gt; &gt;<br/>\n&gt; &gt; &quot;java org.junit.runner.JUnitCore org.junit.tests.AllTests&quot;<br/>\n&gt; &gt;<br/>\n&gt; &gt; The instructions say that this should result in an &quot;OK&quot; message. <br/>\nI&#39;m <br/>\n&gt; &gt; getting this result: <br/>\n&gt; &gt;<br/>\n&gt; &gt; FAILURES!!!<br/>\n&gt; &gt; Tests run: 261,  Failures: 2<br/>\n&gt; &gt;<br/>\n&gt; &gt; I&#39;m including the exception stack below.<br/>\n&gt; &gt;<br/>\n&gt; &gt; Java is running on Windows XP,<br/>\n&gt; &gt; java version &quot;1.5.0_07&quot;<br/>\n&gt; &gt; Java(TM) 2 Runtime Environment, Standard Edition (build 1.5.0_07-<br/>\nb03)<br/>\n&gt; &gt; Java HotSpot(TM) Client VM (build 1.5.0_07-b03, mixed mode, <br/>\nsharing)<br/>\n&gt; &gt;<br/>\n&gt; &gt; What am I overlooking?<br/>\n&gt; &gt;<br/>\n&gt; &gt; RK Henry<br/>\n&gt; &gt;<br/>\n&gt; &gt; ------------------------<br/>\n&gt; &gt; There were 2 failures:<br/>\n&gt; &gt; 1) testSuccess(junit.tests.runner.TextRunnerTest)<br/>\n&gt; &gt; junit.framework.AssertionFailedError: null<br/>\n&gt; &gt;         at junit.framework.Assert.fail(Assert.java:47)<br/>\n&gt; &gt;         at junit.framework.Assert.assertTrue(Assert.java:20)<br/>\n&gt; &gt;         at junit.framework.Assert.assertTrue(Assert.java:27)<br/>\n&gt; &gt;         at junit.tests.runner.TextRunnerTest.execTest <br/>\n&gt; &gt; TextRunnerTest.java:36)<br/>\n&gt; &gt;         at junit.tests.runner.TextRunnerTest.testSuccess<br/>\n&gt; &gt; (TextRunnerTest.java:20)<br/>\n&gt; &gt;<br/>\n&gt; &gt;         at sun.reflect.NativeMethodAccessorImpl.invoke0(Native <br/>\n&gt; &gt; Method)<br/>\n&gt; &gt;         at sun.reflect.NativeMethodAccessorImpl.invoke(Unknown <br/>\n&gt; &gt; Source)<br/>\n&gt; &gt;         at sun.reflect.DelegatingMethodAccessorImpl.invoke<br/>\n(Unknown <br/>\n&gt; &gt; Source)<br/>\n&gt; &gt;         at java.lang.reflect.Method.invoke(Unknown Source)<br/>\n&gt; &gt;         at junit.framework.TestCase.runTest(TestCase.java:164)<br/>\n&gt; &gt;         at junit.framework.TestCase.runBare(TestCase.java:130)<br/>\n&gt; &gt;         at junit.framework.TestResult$1.protect<br/>\n(TestResult.java:110)<br/>\n&gt; &gt;         at junit.framework.TestResult.runProtected<br/>\n&gt; &gt; (TestResult.java:128)<br/>\n&gt; &gt;         at junit.framework.TestResult.run(TestResult.java:113)<br/>\n&gt; &gt;         at junit.framework.TestCase.run(TestCase.java:120)<br/>\n&gt; &gt;         at junit.framework.TestSuite.runTest(TestSuite.java:228)<br/>\n&gt; &gt;         at junit.framework.TestSuite.run(TestSuite.java:223)<br/>\n&gt; &gt;         at junit.framework.TestSuite.runTest(TestSuite.java:228)<br/>\n&gt; &gt;         at junit.framework.TestSuite.run(TestSuite.java:223)<br/>\n&gt; &gt;         at junit.framework.TestSuite.runTest(TestSuite.java:228)<br/>\n&gt; &gt;         at junit.framework.TestSuite.run(TestSuite.java:223)<br/>\n&gt; &gt;         at org.junit.internal.runners.OldTestClassRunner.run<br/>\n&gt; &gt; (OldTestClassRunner.<br/>\n&gt; &gt; java:35)<br/>\n&gt; &gt;         at org.junit.internal.runners.CompositeRunner.run<br/>\n&gt; &gt; (CompositeRunner.java:2<br/>\n&gt; &gt; 9)<br/>\n&gt; &gt;         at <br/>\n&gt; &gt; org.junit.internal.runners.TestClassRunner$1.runUnprotected<br/>\n(TestClass<br/>\n&gt; &gt; Runner.java:42)<br/>\n&gt; &gt;         at <br/>\n&gt; &gt; org.junit.internal.runners.BeforeAndAfterRunner.runProtected<br/>\n(BeforeAn<br/>\n&gt; &gt; dAfterRunner.java:34)<br/>\n&gt; &gt;         at org.junit.internal.runners.TestClassRunner.run<br/>\n&gt; &gt; (TestClassRunner.java:5<br/>\n&gt; &gt; 2)<br/>\n&gt; &gt;         at org.junit.internal.runners.CompositeRunner.run<br/>\n&gt; &gt; (CompositeRunner.java:2<br/>\n&gt; &gt; 9)<br/>\n&gt; &gt;         at org.junit.runner.JUnitCore.run(JUnitCore.java:121)<br/>\n&gt; &gt;         at org.junit.runner.JUnitCore.run(JUnitCore.java:100)<br/>\n&gt; &gt;         at org.junit.runner.JUnitCore.run(JUnitCore.java:91)<br/>\n&gt; &gt;         at org.junit.runner.JUnitCore.runMain(JUnitCore.java:75)<br/>\n&gt; &gt;         at org.junit.runner.JUnitCore.main(JUnitCore.java:42)<br/>\n&gt; &gt; 2) successCausesExitCodeOf0(org.junit.tests.JUnitCoreTest)<br/>\n&gt; &gt; java.lang.AssertionError: expected:&lt;0&gt; but was:&lt;1&gt;<br/>\n&gt; &gt;         at org.junit.Assert.fail(Assert.java:69)<br/>\n&gt; &gt;         at org.junit.Assert.failNotEquals(Assert.java:314)<br/>\n&gt; &gt;         at org.junit.Assert.assertEquals(Assert.java:94)<br/>\n&gt; &gt;         at org.junit.Assert.assertEquals(Assert.java:104)<br/>\n&gt; &gt;         at org.junit.tests.JUnitCoreTest.runClass<br/>\n&gt; &gt; (JUnitCoreTest.java:41)<br/>\n&gt; &gt;         at org.junit.tests.JUnitCoreTest.successCausesExitCodeOf0<br/>\n&gt; &gt; (JUnitCoreTest.<br/>\n&gt; &gt; java:31)<br/>\n&gt; &gt;         at sun.reflect.NativeMethodAccessorImpl.invoke0(Native <br/>\n&gt; &gt; Method)<br/>\n&gt; &gt;         at sun.reflect.NativeMethodAccessorImpl.invoke(Unknown <br/>\n&gt; &gt; Source)<br/>\n&gt; &gt;         at sun.reflect.DelegatingMethodAccessorImpl.invoke<br/>\n(Unknown <br/>\n&gt; &gt; Source)<br/>\n&gt; &gt;         at java.lang.reflect.Method.invoke(Unknown Source)<br/>\n&gt; &gt;         at <br/>\n&gt; &gt; org.junit.internal.runners.TestMethodRunner.executeMethodBody<br/>\n(TestMet<br/>\n&gt; &gt; hodRunner.java:99)<br/>\n&gt; &gt;         at <br/>\norg.junit.internal.runners.TestMethodRunner.runUnprotected<br/>\n&gt; &gt; (TestMethod<br/>\n&gt; &gt; Runner.java:81)<br/>\n&gt; &gt;         at <br/>\n&gt; &gt; org.junit.internal.runners.BeforeAndAfterRunner.runProtected<br/>\n(BeforeAn<br/>\n&gt; &gt; dAfterRunner.java:34)<br/>\n&gt; &gt;         at org.junit.internal.runners.TestMethodRunner.runMethod<br/>\n&gt; &gt; (TestMethodRunne<br/>\n&gt; &gt; r.java:75)<br/>\n&gt; &gt;         at org.junit.internal.runners.TestMethodRunner.run<br/>\n&gt; &gt; (TestMethodRunner.java<br/>\n&gt; &gt; :45)<br/>\n&gt; &gt;         at <br/>\n&gt; &gt; <br/>\norg.junit.internal.runners.TestClassMethodsRunner.invokeTestMethod(Te<br/>\n&gt; &gt; stClassMethodsRunner.java:71)<br/>\n&gt; &gt;         at org.junit.internal.runners.TestClassMethodsRunner.run<br/>\n&gt; &gt; (TestClassMethod<br/>\n&gt; &gt; sRunner.java:35)<br/>\n&gt; &gt;         at <br/>\n&gt; &gt; org.junit.internal.runners.TestClassRunner$1.runUnprotected<br/>\n(TestClass<br/>\n&gt; &gt; Runner.java:42)<br/>\n&gt; &gt;         at <br/>\n&gt; &gt; org.junit.internal.runners.BeforeAndAfterRunner.runProtected<br/>\n(BeforeAn<br/>\n&gt; &gt; dAfterRunner.java:34)<br/>\n&gt; &gt;         at org.junit.internal.runners.TestClassRunner.run<br/>\n&gt; &gt; (TestClassRunner.java:5<br/>\n&gt; &gt; 2)<br/>\n&gt; &gt;         at org.junit.internal.runners.CompositeRunner.run<br/>\n&gt; &gt; (CompositeRunner.java:2<br/>\n&gt; &gt; 9)<br/>\n&gt; &gt;         at <br/>\n&gt; &gt; org.junit.internal.runners.TestClassRunner$1.runUnprotected<br/>\n(TestClass<br/>\n&gt; &gt; Runner.java:42)<br/>\n&gt; &gt;         at <br/>\n&gt; &gt; org.junit.internal.runners.BeforeAndAfterRunner.runProtected<br/>\n(BeforeAn<br/>\n&gt; &gt; dAfterRunner.java:34)<br/>\n&gt; &gt;         at org.junit.internal.runners.TestClassRunner.run<br/>\n&gt; &gt; (TestClassRunner.java:5<br/>\n&gt; &gt; 2)<br/>\n&gt; &gt;         at org.junit.internal.runners.CompositeRunner.run<br/>\n&gt; &gt; (CompositeRunner.java:2<br/>\n&gt; &gt; 9)<br/>\n&gt; &gt;         at org.junit.runner.JUnitCore.run(JUnitCore.java:121)<br/>\n&gt; &gt;         at org.junit.runner.JUnitCore.run(JUnitCore.java:100)<br/>\n&gt; &gt;         at org.junit.runner.JUnitCore.run(JUnitCore.java:91)<br/>\n&gt; &gt;         at org.junit.runner.JUnitCore.runMain(JUnitCore.java:75)<br/>\n&gt; &gt;         at org.junit.runner.JUnitCore.main(JUnitCore.java:42)<br/>\n&gt; &gt;<br/>\n&gt; &gt; FAILURES!!!<br/>\n&gt; &gt; Tests run: 261,  Failures: 2<br/>\n&gt; &gt;<br/>\n&gt; &gt;<br/>\n&gt; &gt;<br/>\n&gt; &gt;<br/>\n&gt; &gt;<br/>\n&gt; &gt;  <br/>\n&gt; &gt; Yahoo! Groups Links<br/>\n&gt; &gt;<br/>\n&gt; &gt;<br/>\n&gt; &gt;<br/>\n&gt; &gt;<br/>\n&gt; &gt;<br/>\n&gt; &gt;<br/>\n&gt; &gt;<br/>\n&gt; &gt;<br/>\n&gt; &gt;<br/>\n&gt; </span></blockquote></div>", 
    "prevInTime": 18021, 
    "specialLinks": [], 
    "contentTrasformed": false, 
    "postDate": "1159293301", 
    "canDelete": false, 
    "nextInTopic": 0, 
    "prevInTopic": 18021, 
    "headers": {
        "inReplyToHeader": "PDQ1MTk2MkM2LjIwMDA2MDlAbWl0LmVkdT4=", 
        "messageIdInHeader": "PGVmYnBobCs4Y2gzQGVHcm91cHMuY29tPg=="
    }
}