{
    "numMessagesInTopic": 3, 
    "nextInTime": 18022, 
    "senderId": "9ZHMAY6q8CkO-0p3eY3jWzihwpbmsbcwnzRE-Vx6nmB_naTwoB6QTVl9akwlVq0s_9qlJSB7XX6I-SojaqKneQ", 
    "systemMessage": false, 
    "subject": "Re: [junit] JUnit 4.1 fails AllTests with 2 errors", 
    "from": "David Saff &lt;saff@...&gt;", 
    "authorName": "David Saff", 
    "msgSnippet": "Robert, The JUnit self-tests make an attempt to execute JUnit on the command line to make sure that the correct exit code is returned.  It appears that", 
    "msgId": 18021, 
    "rawEmail": "Return-Path: &lt;saff@...&gt;\r\nX-Sender: saff@...\r\nX-Apparently-To: junit@yahoogroups.com\r\nReceived: (qmail 90096 invoked from network); 26 Sep 2006 17:29:59 -0000\r\nReceived: from unknown (66.218.66.216)\n  by m37.grp.scd.yahoo.com with QMQP; 26 Sep 2006 17:29:59 -0000\r\nReceived: from unknown (HELO rozz.csail.mit.edu) (128.30.2.16)\n  by mta1.grp.scd.yahoo.com with SMTP; 26 Sep 2006 17:29:59 -0000\r\nReceived: from c-65-96-183-74.hsd1.ma.comcast.net ([65.96.183.74] helo=[192.168.0.101])\n\tby rozz.csail.mit.edu with esmtpsa (TLSv1:AES256-SHA:256)\n\t(Exim 4.50)\n\tid 1GSGhh-0003UN-HL\n\tfor junit@yahoogroups.com; Tue, 26 Sep 2006 13:26:45 -0400\r\nMessage-ID: &lt;451962C6.2000609@...&gt;\r\nDate: Tue, 26 Sep 2006 13:26:30 -0400\r\nUser-Agent: Thunderbird 1.5.0.7 (Windows/20060909)\r\nMIME-Version: 1.0\r\nTo: junit@yahoogroups.com\r\nReferences: &lt;eersun+dmkb@...&gt;\r\nIn-Reply-To: &lt;eersun+dmkb@...&gt;\r\nContent-Type: text/plain; charset=ISO-8859-1; format=flowed\r\nContent-Transfer-Encoding: 7bit\r\nX-eGroups-Msg-Info: 1:0:0:0\r\nFrom: David Saff &lt;saff@...&gt;\r\nSubject: Re: [junit] JUnit 4.1 fails AllTests with 2 errors\r\nX-Yahoo-Group-Post: member; u=139771899; y=RKZalagFmTW9eO8pongQ0eouqss_JGzEUi79EeOcVBo\r\nX-Yahoo-Profile: dsaff\r\n\r\nRobert,\n\nThe JUnit self-tests make an attempt to execute JUnit on the command \nline to make sure that the correct exit code is returned.  It appears \nthat something in your configuration is causing all of these \ncommand-line executions to fail.  This most likely is a conflict between \nyour Java configuration and JUnit&#39;s self-test framework, and will likely \nnot prevent you from using JUnit for your own tests. You have two options:\n\n1) Ignore the error and get started.\n2) Help us out, by setting a breakpoint at TextRunnerTest.execTest.  \nFigure out what command it&#39;s trying to run, and see if it works on a \nseparate command line.  This will help to pinpoint the problem.\n\nThanks,\n\n    David Saff\n\nrobertkhenry wrote:\n&gt; I&#39;m trying to get started with JUnit 4.1. After installing JUnit, I \n&gt; typed the recommended command: \n&gt;\n&gt; &quot;java org.junit.runner.JUnitCore org.junit.tests.AllTests&quot;\n&gt;\n&gt; The instructions say that this should result in an &quot;OK&quot; message. I&#39;m \n&gt; getting this result: \n&gt;\n&gt; FAILURES!!!\n&gt; Tests run: 261,  Failures: 2\n&gt;\n&gt; I&#39;m including the exception stack below.\n&gt;\n&gt; Java is running on Windows XP,\n&gt; java version &quot;1.5.0_07&quot;\n&gt; Java(TM) 2 Runtime Environment, Standard Edition (build 1.5.0_07-b03)\n&gt; Java HotSpot(TM) Client VM (build 1.5.0_07-b03, mixed mode, sharing)\n&gt;\n&gt; What am I overlooking?\n&gt;\n&gt; RK Henry\n&gt;\n&gt; ------------------------\n&gt; There were 2 failures:\n&gt; 1) testSuccess(junit.tests.runner.TextRunnerTest)\n&gt; junit.framework.AssertionFailedError: null\n&gt;         at junit.framework.Assert.fail(Assert.java:47)\n&gt;         at junit.framework.Assert.assertTrue(Assert.java:20)\n&gt;         at junit.framework.Assert.assertTrue(Assert.java:27)\n&gt;         at junit.tests.runner.TextRunnerTest.execTest \n&gt; TextRunnerTest.java:36)\n&gt;         at junit.tests.runner.TextRunnerTest.testSuccess\n&gt; (TextRunnerTest.java:20)\n&gt;\n&gt;         at sun.reflect.NativeMethodAccessorImpl.invoke0(Native \n&gt; Method)\n&gt;         at sun.reflect.NativeMethodAccessorImpl.invoke(Unknown \n&gt; Source)\n&gt;         at sun.reflect.DelegatingMethodAccessorImpl.invoke(Unknown \n&gt; Source)\n&gt;         at java.lang.reflect.Method.invoke(Unknown Source)\n&gt;         at junit.framework.TestCase.runTest(TestCase.java:164)\n&gt;         at junit.framework.TestCase.runBare(TestCase.java:130)\n&gt;         at junit.framework.TestResult$1.protect(TestResult.java:110)\n&gt;         at junit.framework.TestResult.runProtected\n&gt; (TestResult.java:128)\n&gt;         at junit.framework.TestResult.run(TestResult.java:113)\n&gt;         at junit.framework.TestCase.run(TestCase.java:120)\n&gt;         at junit.framework.TestSuite.runTest(TestSuite.java:228)\n&gt;         at junit.framework.TestSuite.run(TestSuite.java:223)\n&gt;         at junit.framework.TestSuite.runTest(TestSuite.java:228)\n&gt;         at junit.framework.TestSuite.run(TestSuite.java:223)\n&gt;         at junit.framework.TestSuite.runTest(TestSuite.java:228)\n&gt;         at junit.framework.TestSuite.run(TestSuite.java:223)\n&gt;         at org.junit.internal.runners.OldTestClassRunner.run\n&gt; (OldTestClassRunner.\n&gt; java:35)\n&gt;         at org.junit.internal.runners.CompositeRunner.run\n&gt; (CompositeRunner.java:2\n&gt; 9)\n&gt;         at \n&gt; org.junit.internal.runners.TestClassRunner$1.runUnprotected(TestClass\n&gt; Runner.java:42)\n&gt;         at \n&gt; org.junit.internal.runners.BeforeAndAfterRunner.runProtected(BeforeAn\n&gt; dAfterRunner.java:34)\n&gt;         at org.junit.internal.runners.TestClassRunner.run\n&gt; (TestClassRunner.java:5\n&gt; 2)\n&gt;         at org.junit.internal.runners.CompositeRunner.run\n&gt; (CompositeRunner.java:2\n&gt; 9)\n&gt;         at org.junit.runner.JUnitCore.run(JUnitCore.java:121)\n&gt;         at org.junit.runner.JUnitCore.run(JUnitCore.java:100)\n&gt;         at org.junit.runner.JUnitCore.run(JUnitCore.java:91)\n&gt;         at org.junit.runner.JUnitCore.runMain(JUnitCore.java:75)\n&gt;         at org.junit.runner.JUnitCore.main(JUnitCore.java:42)\n&gt; 2) successCausesExitCodeOf0(org.junit.tests.JUnitCoreTest)\n&gt; java.lang.AssertionError: expected:&lt;0&gt; but was:&lt;1&gt;\n&gt;         at org.junit.Assert.fail(Assert.java:69)\n&gt;         at org.junit.Assert.failNotEquals(Assert.java:314)\n&gt;         at org.junit.Assert.assertEquals(Assert.java:94)\n&gt;         at org.junit.Assert.assertEquals(Assert.java:104)\n&gt;         at org.junit.tests.JUnitCoreTest.runClass\n&gt; (JUnitCoreTest.java:41)\n&gt;         at org.junit.tests.JUnitCoreTest.successCausesExitCodeOf0\n&gt; (JUnitCoreTest.\n&gt; java:31)\n&gt;         at sun.reflect.NativeMethodAccessorImpl.invoke0(Native \n&gt; Method)\n&gt;         at sun.reflect.NativeMethodAccessorImpl.invoke(Unknown \n&gt; Source)\n&gt;         at sun.reflect.DelegatingMethodAccessorImpl.invoke(Unknown \n&gt; Source)\n&gt;         at java.lang.reflect.Method.invoke(Unknown Source)\n&gt;         at \n&gt; org.junit.internal.runners.TestMethodRunner.executeMethodBody(TestMet\n&gt; hodRunner.java:99)\n&gt;         at org.junit.internal.runners.TestMethodRunner.runUnprotected\n&gt; (TestMethod\n&gt; Runner.java:81)\n&gt;         at \n&gt; org.junit.internal.runners.BeforeAndAfterRunner.runProtected(BeforeAn\n&gt; dAfterRunner.java:34)\n&gt;         at org.junit.internal.runners.TestMethodRunner.runMethod\n&gt; (TestMethodRunne\n&gt; r.java:75)\n&gt;         at org.junit.internal.runners.TestMethodRunner.run\n&gt; (TestMethodRunner.java\n&gt; :45)\n&gt;         at \n&gt; org.junit.internal.runners.TestClassMethodsRunner.invokeTestMethod(Te\n&gt; stClassMethodsRunner.java:71)\n&gt;         at org.junit.internal.runners.TestClassMethodsRunner.run\n&gt; (TestClassMethod\n&gt; sRunner.java:35)\n&gt;         at \n&gt; org.junit.internal.runners.TestClassRunner$1.runUnprotected(TestClass\n&gt; Runner.java:42)\n&gt;         at \n&gt; org.junit.internal.runners.BeforeAndAfterRunner.runProtected(BeforeAn\n&gt; dAfterRunner.java:34)\n&gt;         at org.junit.internal.runners.TestClassRunner.run\n&gt; (TestClassRunner.java:5\n&gt; 2)\n&gt;         at org.junit.internal.runners.CompositeRunner.run\n&gt; (CompositeRunner.java:2\n&gt; 9)\n&gt;         at \n&gt; org.junit.internal.runners.TestClassRunner$1.runUnprotected(TestClass\n&gt; Runner.java:42)\n&gt;         at \n&gt; org.junit.internal.runners.BeforeAndAfterRunner.runProtected(BeforeAn\n&gt; dAfterRunner.java:34)\n&gt;         at org.junit.internal.runners.TestClassRunner.run\n&gt; (TestClassRunner.java:5\n&gt; 2)\n&gt;         at org.junit.internal.runners.CompositeRunner.run\n&gt; (CompositeRunner.java:2\n&gt; 9)\n&gt;         at org.junit.runner.JUnitCore.run(JUnitCore.java:121)\n&gt;         at org.junit.runner.JUnitCore.run(JUnitCore.java:100)\n&gt;         at org.junit.runner.JUnitCore.run(JUnitCore.java:91)\n&gt;         at org.junit.runner.JUnitCore.runMain(JUnitCore.java:75)\n&gt;         at org.junit.runner.JUnitCore.main(JUnitCore.java:42)\n&gt;\n&gt; FAILURES!!!\n&gt; Tests run: 261,  Failures: 2\n&gt;\n&gt;\n&gt;\n&gt;\n&gt;\n&gt;  \n&gt; Yahoo! Groups Links\n&gt;\n&gt;\n&gt;\n&gt;\n&gt;\n&gt;\n&gt;\n&gt;\n&gt;   \n\n\n", 
    "profile": "dsaff", 
    "topicId": 17982, 
    "spamInfo": {
        "reason": "0", 
        "isSpam": false
    }, 
    "replyTo": "LIST", 
    "userId": 139771899, 
    "prevInTime": 18020, 
    "contentTrasformed": false, 
    "postDate": "1159291590", 
    "canDelete": false, 
    "nextInTopic": 18022, 
    "prevInTopic": 17982, 
    "headers": {
        "inReplyToHeader": "PGVlcnN1bitkbWtiQGVHcm91cHMuY29tPg==", 
        "messageIdInHeader": "PDQ1MTk2MkM2LjIwMDA2MDlAbWl0LmVkdT4=", 
        "referencesHeader": "PGVlcnN1bitkbWtiQGVHcm91cHMuY29tPg=="
    }
}