{
    "numMessagesInTopic": 3, 
    "nextInTime": 18454, 
    "senderId": "89Tqvpfkj2cg3XsExz5ojIoQKxECpsdNddbIVm7-q24aTA3oZJ3wcJOwrQibaNsXzKsujmz3eItN0g8lGD1SjWt5SoKeQ_w3kMc0UA", 
    "systemMessage": true, 
    "subject": "successCausesExitCodeOf0 error on new 4.1 install", 
    "from": "&quot;jacoblozano&quot; &lt;jacoblozano@...&gt;", 
    "authorName": "jacoblozano", 
    "msgSnippet": "I have run the test of my newly installed junit 4.1 and I receive the output below. There is 1 error. A poster to testdriven.com posted a similar issue here: ", 
    "msgId": 18453, 
    "profile": "jacoblozano", 
    "topicId": 18453, 
    "spamInfo": {
        "reason": "6", 
        "isSpam": false
    }, 
    "replyTo": "LIST", 
    "userId": 139748393, 
    "messageBody": "<div id=\"ygrps-yiv-1219990466\">I have run the test of my newly installed junit 4.1 and I receive the<br/>\noutput below. There is 1 error. <br/>\n<br/>\nA poster to testdriven.com posted a similar issue here:<br/>\n<a rel=\"nofollow\" target=\"_blank\" href=\"http://www.testdriven.com/modules/newbb/viewtopic.php?viewmode=flat&topic_id=4014&forum=7\">http://www.testdriven.com/modules/newbb/viewtopic.php?viewmode=flat&topic_id=4014&forum=7</a><br/>\n<br/>\nI am willing to set the breakpoint as the poster who responded to the<br/>\nabove message suggested. Can anyone point me in the right direction on<br/>\nhow to do this on the command line and which tools I should use to do it? <br/>\n<br/>\nThanks, Jacob <br/>\n<br/>\n--------------------------------------------<br/>\n<br/>\n$ java org.junit.runner.JUnitCore org.junit.tests.AllTests<br/>\nJUnit version 4.1<br/>\n...............................................I........................................................................................................................................................................................I..............................E<br/>\nTime: 6.849<br/>\nThere was 1 failure:<br/>\n1) successCausesExitCodeOf0(org.junit.tests.JUnitCoreTest)<br/>\njava.lang.AssertionError: expected:&lt;0&gt; but was:&lt;1&gt;<br/>\n        at org.junit.Assert.fail(Assert.java:69)<br/>\n        at org.junit.Assert.failNotEquals(Assert.java:314)<br/>\n        at org.junit.Assert.assertEquals(Assert.java:94)<br/>\n        at org.junit.Assert.assertEquals(Assert.java:104)<br/>\n        at org.junit.tests.JUnitCoreTest.runClass(JUnitCoreTest.java:41)<br/>\n        at<br/>\norg.junit.tests.JUnitCoreTest.successCausesExitCodeOf0(JUnitCoreTest.java:31)<br/>\n        at sun.reflect.NativeMethodAccessorImpl.invoke0(Native Method)<br/>\n        at<br/>\nsun.reflect.NativeMethodAccessorImpl.invoke(NativeMethodAccessorImpl.java:39)<br/>\n        at<br/>\nsun.reflect.DelegatingMethodAccessorImpl.invoke(DelegatingMethodAccessorImpl.java:25)<br/>\n        at java.lang.reflect.Method.invoke(Method.java:585)<br/>\n        at<br/>\norg.junit.internal.runners.TestMethodRunner.executeMethodBody(TestMethodRunner.java:99)<br/>\n        at<br/>\norg.junit.internal.runners.TestMethodRunner.runUnprotected(TestMethodRunner.java:81)<br/>\n        at<br/>\norg.junit.internal.runners.BeforeAndAfterRunner.runProtected(BeforeAndAfterRunner.java:34)<br/>\n        at<br/>\norg.junit.internal.runners.TestMethodRunner.runMethod(TestMethodRunner.java:75)<br/>\n        at<br/>\norg.junit.internal.runners.TestMethodRunner.run(TestMethodRunner.java:45)<br/>\n        at<br/>\norg.junit.internal.runners.TestClassMethodsRunner.invokeTestMethod(TestClassMethodsRunner.java:71)<br/>\n        at<br/>\norg.junit.internal.runners.TestClassMethodsRunner.run(TestClassMethodsRunner.java:35)<br/>\n        at<br/>\norg.junit.internal.runners.TestClassRunner$1.runUnprotected(TestClassRunner.java:42)<br/>\n        at<br/>\norg.junit.internal.runners.BeforeAndAfterRunner.runProtected(BeforeAndAfterRunner.java:34)<br/>\n        at<br/>\norg.junit.internal.runners.TestClassRunner.run(TestClassRunner.java:52)<br/>\n        at<br/>\norg.junit.internal.runners.CompositeRunner.run(CompositeRunner.java:29)<br/>\n        at<br/>\norg.junit.internal.runners.TestClassRunner$1.runUnprotected(TestClassRunner.java:42)<br/>\n        at<br/>\norg.junit.internal.runners.BeforeAndAfterRunner.runProtected(BeforeAndAfterRunner.java:34)<br/>\n        at<br/>\norg.junit.internal.runners.TestClassRunner.run(TestClassRunner.java:52)<br/>\n        at<br/>\norg.junit.internal.runners.CompositeRunner.run(CompositeRunner.java:29)<br/>\n        at org.junit.runner.JUnitCore.run(JUnitCore.java:121)<br/>\n        at org.junit.runner.JUnitCore.run(JUnitCore.java:100)<br/>\n        at org.junit.runner.JUnitCore.run(JUnitCore.java:91)<br/>\n        at org.junit.runner.JUnitCore.runMain(JUnitCore.java:75)<br/>\n        at org.junit.runner.JUnitCore.main(JUnitCore.java:42)<br/>\n<br/>\nFAILURES!!!<br/>\nTests run: 261,  Failures: 1</div>", 
    "prevInTime": 18452, 
    "specialLinks": [], 
    "contentTrasformed": false, 
    "postDate": "1164855764", 
    "canDelete": false, 
    "nextInTopic": 18456, 
    "prevInTopic": 0, 
    "headers": {
        "messageIdInHeader": "PGVrbGhraysxMGxvMEBlR3JvdXBzLmNvbT4="
    }
}