{
    "numMessagesInTopic": 3, 
    "nextInTime": 18457, 
    "senderId": "yFyMDLuqG1_bX83SO9-D9T-_Q6t4PFMVlKC7QvV7iTO_bV02D6xcGUh3q6staE6ag1vpYcqAx2dE94KT10TC-GKH_UCzHuVJrvyq6jHizbc", 
    "systemMessage": false, 
    "subject": "Re: [junit] successCausesExitCodeOf0 error on new 4.1 install", 
    "from": "&quot;Lasse Koskela&quot; &lt;lasse.koskela@...&gt;", 
    "authorName": "Lasse Koskela", 
    "msgSnippet": "Hi, If I remember correctly, this is due to the test in question being platform-dependent. I also think there s a fix committed to the HEAD branch already.", 
    "msgId": 18456, 
    "profile": "lassekoskela", 
    "topicId": 18453, 
    "spamInfo": {
        "reason": "0", 
        "isSpam": false
    }, 
    "replyTo": "LIST", 
    "userId": 190530936, 
    "messageBody": "<div id=\"ygrps-yiv-345978535\">Hi,<br/>\n<br/>\nIf I remember correctly, this is due to the test in question being<br/>\nplatform-dependent. I also think there&#39;s a fix committed to the HEAD branch<br/>\nalready. You&#39;re not running on Windows, are you?<br/>\n<br/>\nLasse<br/>\n<br/>\n<blockquote><span title=\"qreply\"> On 11/30/06, jacoblozano &lt;<a rel=\"nofollow\" target=\"_blank\" href=\"mailto:jacoblozano@...\">jacoblozano@...</a>&gt; wrote:<br/>\n&gt;<br/>\n&gt;   I have run the test of my newly installed junit 4.1 and I receive the<br/>\n&gt; output below. There is 1 error.<br/>\n&gt;<br/>\n&gt; A poster to testdriven.com posted a similar issue here:<br/>\n&gt;<br/>\n&gt; <a rel=\"nofollow\" target=\"_blank\" href=\"http://www.testdriven.com/modules/newbb/viewtopic.php?viewmode=flat&topic_id=4014&forum=7\">http://www.testdriven.com/modules/newbb/viewtopic.php?viewmode=flat&topic_id=4014&forum=7</a><br/>\n&gt;<br/>\n&gt; I am willing to set the breakpoint as the poster who responded to the<br/>\n&gt; above message suggested. Can anyone point me in the right direction on<br/>\n&gt; how to do this on the command line and which tools I should use to do it?<br/>\n&gt;<br/>\n&gt; Thanks, Jacob<br/>\n&gt;<br/>\n&gt; --------------------------------------------<br/>\n&gt;<br/>\n&gt; $ java org.junit.runner.JUnitCore org.junit.tests.AllTests<br/>\n&gt; JUnit version 4.1<br/>\n&gt;<br/>\n&gt; ...............................................I........................................................................................................................................................................................I..............................E<br/>\n&gt; Time: 6.849<br/>\n&gt; There was 1 failure:<br/>\n&gt; 1) successCausesExitCodeOf0(org.junit.tests.JUnitCoreTest)<br/>\n&gt; java.lang.AssertionError: expected:&lt;0&gt; but was:&lt;1&gt;<br/>\n&gt; at org.junit.Assert.fail(Assert.java:69)<br/>\n&gt; at org.junit.Assert.failNotEquals(Assert.java:314)<br/>\n&gt; at org.junit.Assert.assertEquals(Assert.java:94)<br/>\n&gt; at org.junit.Assert.assertEquals(Assert.java:104)<br/>\n&gt; at org.junit.tests.JUnitCoreTest.runClass(JUnitCoreTest.java:41)<br/>\n&gt; at<br/>\n&gt; org.junit.tests.JUnitCoreTest.successCausesExitCodeOf0(JUnitCoreTest.java<br/>\n&gt; :31)<br/>\n&gt; at sun.reflect.NativeMethodAccessorImpl.invoke0(Native Method)<br/>\n&gt; at<br/>\n&gt; sun.reflect.NativeMethodAccessorImpl.invoke(NativeMethodAccessorImpl.java<br/>\n&gt; :39)<br/>\n&gt; at<br/>\n&gt; sun.reflect.DelegatingMethodAccessorImpl.invoke(<br/>\n&gt; DelegatingMethodAccessorImpl.java:25)<br/>\n&gt; at java.lang.reflect.Method.invoke(Method.java:585)<br/>\n&gt; at<br/>\n&gt; org.junit.internal.runners.TestMethodRunner.executeMethodBody(<br/>\n&gt; TestMethodRunner.java:99)<br/>\n&gt; at<br/>\n&gt; org.junit.internal.runners.TestMethodRunner.runUnprotected(<br/>\n&gt; TestMethodRunner.java:81)<br/>\n&gt; at<br/>\n&gt; org.junit.internal.runners.BeforeAndAfterRunner.runProtected(<br/>\n&gt; BeforeAndAfterRunner.java:34)<br/>\n&gt; at<br/>\n&gt; org.junit.internal.runners.TestMethodRunner.runMethod(<br/>\n&gt; TestMethodRunner.java:75)<br/>\n&gt; at<br/>\n&gt; org.junit.internal.runners.TestMethodRunner.run(TestMethodRunner.java:45)<br/>\n&gt; at<br/>\n&gt; org.junit.internal.runners.TestClassMethodsRunner.invokeTestMethod(<br/>\n&gt; TestClassMethodsRunner.java:71)<br/>\n&gt; at<br/>\n&gt; org.junit.internal.runners.TestClassMethodsRunner.run(<br/>\n&gt; TestClassMethodsRunner.java:35)<br/>\n&gt; at<br/>\n&gt; org.junit.internal.runners.TestClassRunner$1.runUnprotected(<br/>\n&gt; TestClassRunner.java:42)<br/>\n&gt; at<br/>\n&gt; org.junit.internal.runners.BeforeAndAfterRunner.runProtected(<br/>\n&gt; BeforeAndAfterRunner.java:34)<br/>\n&gt; at<br/>\n&gt; org.junit.internal.runners.TestClassRunner.run(TestClassRunner.java:52)<br/>\n&gt; at<br/>\n&gt; org.junit.internal.runners.CompositeRunner.run(CompositeRunner.java:29)<br/>\n&gt; at<br/>\n&gt; org.junit.internal.runners.TestClassRunner$1.runUnprotected(<br/>\n&gt; TestClassRunner.java:42)<br/>\n&gt; at<br/>\n&gt; org.junit.internal.runners.BeforeAndAfterRunner.runProtected(<br/>\n&gt; BeforeAndAfterRunner.java:34)<br/>\n&gt; at<br/>\n&gt; org.junit.internal.runners.TestClassRunner.run(TestClassRunner.java:52)<br/>\n&gt; at<br/>\n&gt; org.junit.internal.runners.CompositeRunner.run(CompositeRunner.java:29)<br/>\n&gt; at org.junit.runner.JUnitCore.run(JUnitCore.java:121)<br/>\n&gt; at org.junit.runner.JUnitCore.run(JUnitCore.java:100)<br/>\n&gt; at org.junit.runner.JUnitCore.run(JUnitCore.java:91)<br/>\n&gt; at org.junit.runner.JUnitCore.runMain(JUnitCore.java:75)<br/>\n&gt; at org.junit.runner.JUnitCore.main(JUnitCore.java:42)<br/>\n&gt;<br/>\n&gt; FAILURES!!!<br/>\n&gt; Tests run: 261, Failures: 1<br/>\n&gt;<br/>\n&gt;  <br/>\n&gt;<br/>\n<br/>\n<br/>\n<br/>\n-- <br/>\nLasse Koskela<br/>\nJavaRanch Publisher Contact<br/>\n<a rel=\"nofollow\" target=\"_blank\" href=\"mailto:lasse@...\">lasse@...</a><br/>\n<br/>\n<br/>\n[Non-text portions of this message have been removed] </span></blockquote></div>", 
    "prevInTime": 18455, 
    "specialLinks": [], 
    "contentTrasformed": false, 
    "postDate": "1164878403", 
    "canDelete": false, 
    "nextInTopic": 18466, 
    "prevInTopic": 18453, 
    "headers": {
        "inReplyToHeader": "PGVrbGhraysxMGxvMEBlR3JvdXBzLmNvbT4=", 
        "messageIdInHeader": "PDM5NzVlMmQxMDYxMTMwMDEyMG0zMzE3ZWI5YnMxMmQ3YTk3ZjIxNzEzNzBkQG1haWwuZ21haWwuY29tPg==", 
        "referencesHeader": "PGVrbGhraysxMGxvMEBlR3JvdXBzLmNvbT4="
    }
}