{
    "numMessagesInTopic": 3, 
    "nextInTime": 18457, 
    "senderId": "efEPjS9NH-bL-tg-kWsUgYnmrMo1n9UB3gEmXI4PKUSLsspVQ03zHLSkDN8t4q4UaJPpTpjoNxnTrexwZkl6f-sDqosMV1_cswvEwl_U-Bo", 
    "systemMessage": false, 
    "subject": "Re: [junit] successCausesExitCodeOf0 error on new 4.1 install", 
    "from": "&quot;Lasse Koskela&quot; &lt;lasse.koskela@...&gt;", 
    "authorName": "Lasse Koskela", 
    "msgSnippet": "Hi, If I remember correctly, this is due to the test in question being platform-dependent. I also think there s a fix committed to the HEAD branch already.", 
    "msgId": 18456, 
    "rawEmail": "Return-Path: &lt;lasse.koskela@...&gt;\r\nX-Sender: lasse.koskela@...\r\nX-Apparently-To: junit@yahoogroups.com\r\nReceived: (qmail 65324 invoked from network); 30 Nov 2006 09:20:04 -0000\r\nReceived: from unknown (66.218.67.34)\n  by m27.grp.scd.yahoo.com with QMQP; 30 Nov 2006 09:20:04 -0000\r\nReceived: from unknown (HELO nf-out-0910.google.com) (64.233.182.185)\n  by mta8.grp.scd.yahoo.com with SMTP; 30 Nov 2006 09:20:04 -0000\r\nReceived: by nf-out-0910.google.com with SMTP id a27so675413nfc\n        for &lt;junit@yahoogroups.com&gt;; Thu, 30 Nov 2006 01:20:04 -0800 (PST)\r\nReceived: by 10.49.90.4 with SMTP id s4mr15016392nfl.1164878403494;\n        Thu, 30 Nov 2006 01:20:03 -0800 (PST)\r\nReceived: by 10.49.67.17 with HTTP; Thu, 30 Nov 2006 01:20:03 -0800 (PST)\r\nMessage-ID: &lt;3975e2d10611300120m3317eb9bs12d7a97f2171370d@...&gt;\r\nDate: Thu, 30 Nov 2006 11:20:03 +0200\r\nTo: junit@yahoogroups.com\r\nIn-Reply-To: &lt;eklhkk+10lo0@...&gt;\r\nMIME-Version: 1.0\r\nReferences: &lt;eklhkk+10lo0@...&gt;\r\nX-eGroups-Msg-Info: 1:0:0:0\r\nFrom: &quot;Lasse Koskela&quot; &lt;lasse.koskela@...&gt;\r\nSubject: Re: [junit] successCausesExitCodeOf0 error on new 4.1 install\r\nX-Yahoo-Group-Post: member; u=190530936; y=ykuwtYBMjhSi4S9i90H0kmUj9bQDuy_MAEXq2ZexrUUPTtEYoqaa\r\nX-Yahoo-Profile: lassekoskela\r\nContent-Type: text/plain; charset=US-ASCII\r\nContent-Transfer-Encoding: 7bit\r\n\r\nHi,\n\nIf I remember correctly, this is due to the test in question being\nplatform-dependent. I also think there&#39;s a fix committed to the HEAD branch\nalready. You&#39;re not running on Windows, are you?\n\nLasse\n\nOn 11/30/06, jacoblozano &lt;jacoblozano@...&gt; wrote:\n&gt;\n&gt;   I have run the test of my newly installed junit 4.1 and I receive the\n&gt; output below. There is 1 error.\n&gt;\n&gt; A poster to testdriven.com posted a similar issue here:\n&gt;\n&gt; http://www.testdriven.com/modules/newbb/viewtopic.php?viewmode=flat&topic_id=4014&forum=7\n&gt;\n&gt; I am willing to set the breakpoint as the poster who responded to the\n&gt; above message suggested. Can anyone point me in the right direction on\n&gt; how to do this on the command line and which tools I should use to do it?\n&gt;\n&gt; Thanks, Jacob\n&gt;\n&gt; --------------------------------------------\n&gt;\n&gt; $ java org.junit.runner.JUnitCore org.junit.tests.AllTests\n&gt; JUnit version 4.1\n&gt;\n&gt; ...............................................I........................................................................................................................................................................................I..............................E\n&gt; Time: 6.849\n&gt; There was 1 failure:\n&gt; 1) successCausesExitCodeOf0(org.junit.tests.JUnitCoreTest)\n&gt; java.lang.AssertionError: expected:&lt;0&gt; but was:&lt;1&gt;\n&gt; at org.junit.Assert.fail(Assert.java:69)\n&gt; at org.junit.Assert.failNotEquals(Assert.java:314)\n&gt; at org.junit.Assert.assertEquals(Assert.java:94)\n&gt; at org.junit.Assert.assertEquals(Assert.java:104)\n&gt; at org.junit.tests.JUnitCoreTest.runClass(JUnitCoreTest.java:41)\n&gt; at\n&gt; org.junit.tests.JUnitCoreTest.successCausesExitCodeOf0(JUnitCoreTest.java\n&gt; :31)\n&gt; at sun.reflect.NativeMethodAccessorImpl.invoke0(Native Method)\n&gt; at\n&gt; sun.reflect.NativeMethodAccessorImpl.invoke(NativeMethodAccessorImpl.java\n&gt; :39)\n&gt; at\n&gt; sun.reflect.DelegatingMethodAccessorImpl.invoke(\n&gt; DelegatingMethodAccessorImpl.java:25)\n&gt; at java.lang.reflect.Method.invoke(Method.java:585)\n&gt; at\n&gt; org.junit.internal.runners.TestMethodRunner.executeMethodBody(\n&gt; TestMethodRunner.java:99)\n&gt; at\n&gt; org.junit.internal.runners.TestMethodRunner.runUnprotected(\n&gt; TestMethodRunner.java:81)\n&gt; at\n&gt; org.junit.internal.runners.BeforeAndAfterRunner.runProtected(\n&gt; BeforeAndAfterRunner.java:34)\n&gt; at\n&gt; org.junit.internal.runners.TestMethodRunner.runMethod(\n&gt; TestMethodRunner.java:75)\n&gt; at\n&gt; org.junit.internal.runners.TestMethodRunner.run(TestMethodRunner.java:45)\n&gt; at\n&gt; org.junit.internal.runners.TestClassMethodsRunner.invokeTestMethod(\n&gt; TestClassMethodsRunner.java:71)\n&gt; at\n&gt; org.junit.internal.runners.TestClassMethodsRunner.run(\n&gt; TestClassMethodsRunner.java:35)\n&gt; at\n&gt; org.junit.internal.runners.TestClassRunner$1.runUnprotected(\n&gt; TestClassRunner.java:42)\n&gt; at\n&gt; org.junit.internal.runners.BeforeAndAfterRunner.runProtected(\n&gt; BeforeAndAfterRunner.java:34)\n&gt; at\n&gt; org.junit.internal.runners.TestClassRunner.run(TestClassRunner.java:52)\n&gt; at\n&gt; org.junit.internal.runners.CompositeRunner.run(CompositeRunner.java:29)\n&gt; at\n&gt; org.junit.internal.runners.TestClassRunner$1.runUnprotected(\n&gt; TestClassRunner.java:42)\n&gt; at\n&gt; org.junit.internal.runners.BeforeAndAfterRunner.runProtected(\n&gt; BeforeAndAfterRunner.java:34)\n&gt; at\n&gt; org.junit.internal.runners.TestClassRunner.run(TestClassRunner.java:52)\n&gt; at\n&gt; org.junit.internal.runners.CompositeRunner.run(CompositeRunner.java:29)\n&gt; at org.junit.runner.JUnitCore.run(JUnitCore.java:121)\n&gt; at org.junit.runner.JUnitCore.run(JUnitCore.java:100)\n&gt; at org.junit.runner.JUnitCore.run(JUnitCore.java:91)\n&gt; at org.junit.runner.JUnitCore.runMain(JUnitCore.java:75)\n&gt; at org.junit.runner.JUnitCore.main(JUnitCore.java:42)\n&gt;\n&gt; FAILURES!!!\n&gt; Tests run: 261, Failures: 1\n&gt;\n&gt;  \n&gt;\n\n\n\n-- \nLasse Koskela\nJavaRanch Publisher Contact\nlasse@...\n\n\n[Non-text portions of this message have been removed]\n\n\n", 
    "profile": "lassekoskela", 
    "topicId": 18453, 
    "spamInfo": {
        "reason": "0", 
        "isSpam": false
    }, 
    "replyTo": "LIST", 
    "userId": 190530936, 
    "prevInTime": 18455, 
    "contentTrasformed": false, 
    "postDate": "1164878403", 
    "canDelete": false, 
    "nextInTopic": 18466, 
    "prevInTopic": 18453, 
    "headers": {
        "inReplyToHeader": "PGVrbGhraysxMGxvMEBlR3JvdXBzLmNvbT4=", 
        "messageIdInHeader": "PDM5NzVlMmQxMDYxMTMwMDEyMG0zMzE3ZWI5YnMxMmQ3YTk3ZjIxNzEzNzBkQG1haWwuZ21haWwuY29tPg==", 
        "referencesHeader": "PGVrbGhraysxMGxvMEBlR3JvdXBzLmNvbT4="
    }
}