{
    "numMessagesInTopic": 3, 
    "nextInTime": 18467, 
    "senderId": "xolbY_lElUdSLnWx2alAwFe8pqVAYr2BQ58kTmPwphnHjDHKgvIi6yVUxY4-9MI1RJUqD8YEN5VKVWjNlaPLm9-oZUVdo4wjzAaLVg", 
    "systemMessage": false, 
    "subject": "Re: successCausesExitCodeOf0 error on new 4.1 install", 
    "from": "&quot;jacoblozano&quot; &lt;jacoblozano@...&gt;", 
    "authorName": "jacoblozano", 
    "msgSnippet": "Thanks Lasse! You re right - I m on Linux. Jacob ... branch ... receive the ... ", 
    "msgId": 18466, 
    "profile": "jacoblozano", 
    "topicId": 18453, 
    "spamInfo": {
        "reason": "6", 
        "isSpam": false
    }, 
    "replyTo": "LIST", 
    "userId": 139748393, 
    "messageBody": "<div id=\"ygrps-yiv-2083377131\">Thanks Lasse! <br/>\n<br/>\nYou&#39;re right - I&#39;m on Linux. <br/>\n<br/>\nJacob<br/>\n<br/>\n<blockquote><span title=\"qreply\"> --- In <a rel=\"nofollow\" target=\"_blank\" href=\"mailto:junit@yahoogroups.com\">junit@yahoogroups.com</a>, &quot;Lasse Koskela&quot; &lt;lasse.koskela@...&gt; wrote:<br/>\n&gt;<br/>\n&gt; Hi,<br/>\n&gt; <br/>\n&gt; If I remember correctly, this is due to the test in question being<br/>\n&gt; platform-dependent. I also think there&#39;s a fix committed to the HEAD<br/>\nbranch<br/>\n&gt; already. You&#39;re not running on Windows, are you?<br/>\n&gt; <br/>\n&gt; Lasse<br/>\n&gt; <br/>\n&gt; On 11/30/06, jacoblozano &lt;jacoblozano@...&gt; wrote:<br/>\n&gt; &gt;<br/>\n&gt; &gt;   I have run the test of my newly installed junit 4.1 and I<br/>\nreceive the<br/>\n&gt; &gt; output below. There is 1 error.<br/>\n&gt; &gt;<br/>\n&gt; &gt; A poster to testdriven.com posted a similar issue here:<br/>\n&gt; &gt;<br/>\n&gt; &gt;<br/>\n<a rel=\"nofollow\" target=\"_blank\" href=\"http://www.testdriven.com/modules/newbb/viewtopic.php?viewmode=flat&topic_id=4014&forum=7\">http://www.testdriven.com/modules/newbb/viewtopic.php?viewmode=flat&topic_id=4014&forum=7</a><br/>\n&gt; &gt;<br/>\n&gt; &gt; I am willing to set the breakpoint as the poster who responded to the<br/>\n&gt; &gt; above message suggested. Can anyone point me in the right direction on<br/>\n&gt; &gt; how to do this on the command line and which tools I should use to<br/>\ndo it?<br/>\n&gt; &gt;<br/>\n&gt; &gt; Thanks, Jacob<br/>\n&gt; &gt;<br/>\n&gt; &gt; --------------------------------------------<br/>\n&gt; &gt;<br/>\n&gt; &gt; $ java org.junit.runner.JUnitCore org.junit.tests.AllTests<br/>\n&gt; &gt; JUnit version 4.1<br/>\n&gt; &gt;<br/>\n&gt; &gt;<br/>\n...............................................I........................................................................................................................................................................................I..............................E<br/>\n&gt; &gt; Time: 6.849<br/>\n&gt; &gt; There was 1 failure:<br/>\n&gt; &gt; 1) successCausesExitCodeOf0(org.junit.tests.JUnitCoreTest)<br/>\n&gt; &gt; java.lang.AssertionError: expected:&lt;0&gt; but was:&lt;1&gt;<br/>\n&gt; &gt; at org.junit.Assert.fail(Assert.java:69)<br/>\n&gt; &gt; at org.junit.Assert.failNotEquals(Assert.java:314)<br/>\n&gt; &gt; at org.junit.Assert.assertEquals(Assert.java:94)<br/>\n&gt; &gt; at org.junit.Assert.assertEquals(Assert.java:104)<br/>\n&gt; &gt; at org.junit.tests.JUnitCoreTest.runClass(JUnitCoreTest.java:41)<br/>\n&gt; &gt; at<br/>\n&gt; &gt;<br/>\norg.junit.tests.JUnitCoreTest.successCausesExitCodeOf0(JUnitCoreTest.java<br/>\n&gt; &gt; :31)<br/>\n&gt; &gt; at sun.reflect.NativeMethodAccessorImpl.invoke0(Native Method)<br/>\n&gt; &gt; at<br/>\n&gt; &gt;<br/>\nsun.reflect.NativeMethodAccessorImpl.invoke(NativeMethodAccessorImpl.java<br/>\n&gt; &gt; :39)<br/>\n&gt; &gt; at<br/>\n&gt; &gt; sun.reflect.DelegatingMethodAccessorImpl.invoke(<br/>\n&gt; &gt; DelegatingMethodAccessorImpl.java:25)<br/>\n&gt; &gt; at java.lang.reflect.Method.invoke(Method.java:585)<br/>\n&gt; &gt; at<br/>\n&gt; &gt; org.junit.internal.runners.TestMethodRunner.executeMethodBody(<br/>\n&gt; &gt; TestMethodRunner.java:99)<br/>\n&gt; &gt; at<br/>\n&gt; &gt; org.junit.internal.runners.TestMethodRunner.runUnprotected(<br/>\n&gt; &gt; TestMethodRunner.java:81)<br/>\n&gt; &gt; at<br/>\n&gt; &gt; org.junit.internal.runners.BeforeAndAfterRunner.runProtected(<br/>\n&gt; &gt; BeforeAndAfterRunner.java:34)<br/>\n&gt; &gt; at<br/>\n&gt; &gt; org.junit.internal.runners.TestMethodRunner.runMethod(<br/>\n&gt; &gt; TestMethodRunner.java:75)<br/>\n&gt; &gt; at<br/>\n&gt; &gt;<br/>\norg.junit.internal.runners.TestMethodRunner.run(TestMethodRunner.java:45)<br/>\n&gt; &gt; at<br/>\n&gt; &gt; org.junit.internal.runners.TestClassMethodsRunner.invokeTestMethod(<br/>\n&gt; &gt; TestClassMethodsRunner.java:71)<br/>\n&gt; &gt; at<br/>\n&gt; &gt; org.junit.internal.runners.TestClassMethodsRunner.run(<br/>\n&gt; &gt; TestClassMethodsRunner.java:35)<br/>\n&gt; &gt; at<br/>\n&gt; &gt; org.junit.internal.runners.TestClassRunner$1.runUnprotected(<br/>\n&gt; &gt; TestClassRunner.java:42)<br/>\n&gt; &gt; at<br/>\n&gt; &gt; org.junit.internal.runners.BeforeAndAfterRunner.runProtected(<br/>\n&gt; &gt; BeforeAndAfterRunner.java:34)<br/>\n&gt; &gt; at<br/>\n&gt; &gt;<br/>\norg.junit.internal.runners.TestClassRunner.run(TestClassRunner.java:52)<br/>\n&gt; &gt; at<br/>\n&gt; &gt;<br/>\norg.junit.internal.runners.CompositeRunner.run(CompositeRunner.java:29)<br/>\n&gt; &gt; at<br/>\n&gt; &gt; org.junit.internal.runners.TestClassRunner$1.runUnprotected(<br/>\n&gt; &gt; TestClassRunner.java:42)<br/>\n&gt; &gt; at<br/>\n&gt; &gt; org.junit.internal.runners.BeforeAndAfterRunner.runProtected(<br/>\n&gt; &gt; BeforeAndAfterRunner.java:34)<br/>\n&gt; &gt; at<br/>\n&gt; &gt;<br/>\norg.junit.internal.runners.TestClassRunner.run(TestClassRunner.java:52)<br/>\n&gt; &gt; at<br/>\n&gt; &gt;<br/>\norg.junit.internal.runners.CompositeRunner.run(CompositeRunner.java:29)<br/>\n&gt; &gt; at org.junit.runner.JUnitCore.run(JUnitCore.java:121)<br/>\n&gt; &gt; at org.junit.runner.JUnitCore.run(JUnitCore.java:100)<br/>\n&gt; &gt; at org.junit.runner.JUnitCore.run(JUnitCore.java:91)<br/>\n&gt; &gt; at org.junit.runner.JUnitCore.runMain(JUnitCore.java:75)<br/>\n&gt; &gt; at org.junit.runner.JUnitCore.main(JUnitCore.java:42)<br/>\n&gt; &gt;<br/>\n&gt; &gt; FAILURES!!!<br/>\n&gt; &gt; Tests run: 261, Failures: 1<br/>\n&gt; &gt;<br/>\n&gt; &gt;  <br/>\n&gt; &gt;<br/>\n&gt; <br/>\n&gt; <br/>\n&gt; <br/>\n&gt; -- <br/>\n&gt; Lasse Koskela<br/>\n&gt; JavaRanch Publisher Contact<br/>\n&gt; lasse@...<br/>\n&gt; <br/>\n&gt; <br/>\n&gt; [Non-text portions of this message have been removed]<br/>\n&gt; </span></blockquote></div>", 
    "prevInTime": 18465, 
    "specialLinks": [], 
    "contentTrasformed": false, 
    "postDate": "1164902642", 
    "canDelete": false, 
    "nextInTopic": 0, 
    "prevInTopic": 18456, 
    "headers": {
        "inReplyToHeader": "PDM5NzVlMmQxMDYxMTMwMDEyMG0zMzE3ZWI5YnMxMmQ3YTk3ZjIxNzEzNzBkQG1haWwuZ21haWwuY29tPg==", 
        "messageIdInHeader": "PGVrbXZkaStmbHQyQGVHcm91cHMuY29tPg=="
    }
}