{
    "numMessagesInTopic": 3, 
    "nextInTime": 18467, 
    "senderId": "oFNGOy3R11OyYR8r0ul6LpD8f04sjCZMXv998zZSbLdOkonSIy0-lHmIKhXMuxc8fcvEs5VTQxTuLYGSTIfPy_3MvC-YTaHdcrp01g", 
    "systemMessage": false, 
    "subject": "Re: successCausesExitCodeOf0 error on new 4.1 install", 
    "from": "&quot;jacoblozano&quot; &lt;jacoblozano@...&gt;", 
    "authorName": "jacoblozano", 
    "msgSnippet": "Thanks Lasse! You re right - I m on Linux. Jacob ... branch ... receive the ... ", 
    "msgId": 18466, 
    "rawEmail": "Return-Path: &lt;jacoblozano@...&gt;\r\nReceived: (qmail 86149 invoked by uid 7800); 30 Nov 2006 17:09:27 -0000\r\nX-Sender: jacoblozano@...\r\nX-Apparently-To: junit@yahoogroups.com\r\nReceived: (qmail 57448 invoked from network); 30 Nov 2006 16:04:15 -0000\r\nReceived: from unknown (66.218.66.172)\n  by m26.grp.scd.yahoo.com with QMQP; 30 Nov 2006 16:04:15 -0000\r\nReceived: from unknown (HELO n17.bullet.sp1.yahoo.com) (69.147.64.214)\n  by mta4.grp.scd.yahoo.com with SMTP; 30 Nov 2006 16:04:15 -0000\r\nReceived: from [216.252.122.217] by n17.bullet.sp1.yahoo.com with NNFMP; 30 Nov 2006 16:04:04 -0000\r\nReceived: from [66.218.69.1] by t2.bullet.sp1.yahoo.com with NNFMP; 30 Nov 2006 16:04:04 -0000\r\nReceived: from [66.218.66.77] by t1.bullet.scd.yahoo.com with NNFMP; 30 Nov 2006 16:04:04 -0000\r\nDate: Thu, 30 Nov 2006 16:04:02 -0000\r\nTo: junit@yahoogroups.com\r\nMessage-ID: &lt;ekmvdi+flt2@...&gt;\r\nIn-Reply-To: &lt;3975e2d10611300120m3317eb9bs12d7a97f2171370d@...&gt;\r\nUser-Agent: eGroups-EW/0.82\r\nMIME-Version: 1.0\r\nContent-Type: text/plain; charset=&quot;ISO-8859-1&quot;\r\nContent-Transfer-Encoding: quoted-printable\r\nX-Mailer: Yahoo Groups Message Poster\r\nX-Yahoo-Newman-Property: groups-compose\r\nX-eGroups-Msg-Info: 1:6:0:0\r\nFrom: &quot;jacoblozano&quot; &lt;jacoblozano@...&gt;\r\nSubject: Re: successCausesExitCodeOf0 error on new 4.1 install\r\nX-Yahoo-Group-Post: member; u=139748393; y=lXJ7pv9LJM8aVgJ6jQvVZYVO_KkGLvZJsqV3FGfwQYIgNM68fWY\r\nX-Yahoo-Profile: jacoblozano\r\nX-eGroups-Approved-By: ddoss_2006 &lt;didoss@...&gt; via email; 30 Nov 2006 17:09:27 -0000\r\n\r\nThanks Lasse! \n\nYou&#39;re right - I&#39;m on Linux. \n\nJacob\n\n--- In junit@yahoogro=\r\nups.com, &quot;Lasse Koskela&quot; &lt;lasse.koskela@...&gt; wrote:\n&gt;\n&gt; Hi,\n&gt; \n&gt; If I remem=\r\nber correctly, this is due to the test in question being\n&gt; platform-depende=\r\nnt. I also think there&#39;s a fix committed to the HEAD\nbranch\n&gt; already. You&#39;=\r\nre not running on Windows, are you?\n&gt; \n&gt; Lasse\n&gt; \n&gt; On 11/30/06, jacoblozan=\r\no &lt;jacoblozano@...&gt; wrote:\n&gt; &gt;\n&gt; &gt;   I have run the test of my newly instal=\r\nled junit 4.1 and I\nreceive the\n&gt; &gt; output below. There is 1 error.\n&gt; &gt;\n&gt; &gt;=\r\n A poster to testdriven.com posted a similar issue here:\n&gt; &gt;\n&gt; &gt;\nhttp://www=\r\n.testdriven.com/modules/newbb/viewtopic.php?viewmode=3Dflat&topic_id=3D4014=\r\n&forum=3D7\n&gt; &gt;\n&gt; &gt; I am willing to set the breakpoint as the poster who res=\r\nponded to the\n&gt; &gt; above message suggested. Can anyone point me in the right=\r\n direction on\n&gt; &gt; how to do this on the command line and which tools I shou=\r\nld use to\ndo it?\n&gt; &gt;\n&gt; &gt; Thanks, Jacob\n&gt; &gt;\n&gt; &gt; ----------------------------=\r\n----------------\n&gt; &gt;\n&gt; &gt; $ java org.junit.runner.JUnitCore org.junit.tests.=\r\nAllTests\n&gt; &gt; JUnit version 4.1\n&gt; &gt;\n&gt; &gt;\n....................................=\r\n...........I...............................................................=\r\n...........................................................................=\r\n..............................................I............................=\r\n..E\n&gt; &gt; Time: 6.849\n&gt; &gt; There was 1 failure:\n&gt; &gt; 1) successCausesExitCodeOf=\r\n0(org.junit.tests.JUnitCoreTest)\n&gt; &gt; java.lang.AssertionError: expected:&lt;0&gt;=\r\n but was:&lt;1&gt;\n&gt; &gt; at org.junit.Assert.fail(Assert.java:69)\n&gt; &gt; at org.junit.=\r\nAssert.failNotEquals(Assert.java:314)\n&gt; &gt; at org.junit.Assert.assertEquals(=\r\nAssert.java:94)\n&gt; &gt; at org.junit.Assert.assertEquals(Assert.java:104)\n&gt; &gt; a=\r\nt org.junit.tests.JUnitCoreTest.runClass(JUnitCoreTest.java:41)\n&gt; &gt; at\n&gt; &gt;\n=\r\norg.junit.tests.JUnitCoreTest.successCausesExitCodeOf0(JUnitCoreTest.java\n&gt;=\r\n &gt; :31)\n&gt; &gt; at sun.reflect.NativeMethodAccessorImpl.invoke0(Native Method)\n=\r\n&gt; &gt; at\n&gt; &gt;\nsun.reflect.NativeMethodAccessorImpl.invoke(NativeMethodAccessor=\r\nImpl.java\n&gt; &gt; :39)\n&gt; &gt; at\n&gt; &gt; sun.reflect.DelegatingMethodAccessorImpl.invo=\r\nke(\n&gt; &gt; DelegatingMethodAccessorImpl.java:25)\n&gt; &gt; at java.lang.reflect.Meth=\r\nod.invoke(Method.java:585)\n&gt; &gt; at\n&gt; &gt; org.junit.internal.runners.TestMethod=\r\nRunner.executeMethodBody(\n&gt; &gt; TestMethodRunner.java:99)\n&gt; &gt; at\n&gt; &gt; org.juni=\r\nt.internal.runners.TestMethodRunner.runUnprotected(\n&gt; &gt; TestMethodRunner.ja=\r\nva:81)\n&gt; &gt; at\n&gt; &gt; org.junit.internal.runners.BeforeAndAfterRunner.runProtec=\r\nted(\n&gt; &gt; BeforeAndAfterRunner.java:34)\n&gt; &gt; at\n&gt; &gt; org.junit.internal.runner=\r\ns.TestMethodRunner.runMethod(\n&gt; &gt; TestMethodRunner.java:75)\n&gt; &gt; at\n&gt; &gt;\norg.=\r\njunit.internal.runners.TestMethodRunner.run(TestMethodRunner.java:45)\n&gt; &gt; a=\r\nt\n&gt; &gt; org.junit.internal.runners.TestClassMethodsRunner.invokeTestMethod(\n&gt;=\r\n &gt; TestClassMethodsRunner.java:71)\n&gt; &gt; at\n&gt; &gt; org.junit.internal.runners.Te=\r\nstClassMethodsRunner.run(\n&gt; &gt; TestClassMethodsRunner.java:35)\n&gt; &gt; at\n&gt; &gt; or=\r\ng.junit.internal.runners.TestClassRunner$1.runUnprotected(\n&gt; &gt; TestClassRun=\r\nner.java:42)\n&gt; &gt; at\n&gt; &gt; org.junit.internal.runners.BeforeAndAfterRunner.run=\r\nProtected(\n&gt; &gt; BeforeAndAfterRunner.java:34)\n&gt; &gt; at\n&gt; &gt;\norg.junit.internal.=\r\nrunners.TestClassRunner.run(TestClassRunner.java:52)\n&gt; &gt; at\n&gt; &gt;\norg.junit.i=\r\nnternal.runners.CompositeRunner.run(CompositeRunner.java:29)\n&gt; &gt; at\n&gt; &gt; org=\r\n.junit.internal.runners.TestClassRunner$1.runUnprotected(\n&gt; &gt; TestClassRunn=\r\ner.java:42)\n&gt; &gt; at\n&gt; &gt; org.junit.internal.runners.BeforeAndAfterRunner.runP=\r\nrotected(\n&gt; &gt; BeforeAndAfterRunner.java:34)\n&gt; &gt; at\n&gt; &gt;\norg.junit.internal.r=\r\nunners.TestClassRunner.run(TestClassRunner.java:52)\n&gt; &gt; at\n&gt; &gt;\norg.junit.in=\r\nternal.runners.CompositeRunner.run(CompositeRunner.java:29)\n&gt; &gt; at org.juni=\r\nt.runner.JUnitCore.run(JUnitCore.java:121)\n&gt; &gt; at org.junit.runner.JUnitCor=\r\ne.run(JUnitCore.java:100)\n&gt; &gt; at org.junit.runner.JUnitCore.run(JUnitCore.j=\r\nava:91)\n&gt; &gt; at org.junit.runner.JUnitCore.runMain(JUnitCore.java:75)\n&gt; &gt; at=\r\n org.junit.runner.JUnitCore.main(JUnitCore.java:42)\n&gt; &gt;\n&gt; &gt; FAILURES!!!\n&gt; &gt;=\r\n Tests run: 261, Failures: 1\n&gt; &gt;\n&gt; &gt;  \n&gt; &gt;\n&gt; \n&gt; \n&gt; \n&gt; -- \n&gt; Lasse Koskela\n&gt;=\r\n JavaRanch Publisher Contact\n&gt; lasse@...\n&gt; \n&gt; \n&gt; [Non-text portions of this=\r\n message have been removed]\n&gt;\n\n\n\n", 
    "profile": "jacoblozano", 
    "topicId": 18453, 
    "spamInfo": {
        "reason": "6", 
        "isSpam": false
    }, 
    "replyTo": "LIST", 
    "userId": 139748393, 
    "prevInTime": 18465, 
    "contentTrasformed": false, 
    "postDate": "1164902642", 
    "canDelete": false, 
    "nextInTopic": 0, 
    "prevInTopic": 18456, 
    "headers": {
        "inReplyToHeader": "PDM5NzVlMmQxMDYxMTMwMDEyMG0zMzE3ZWI5YnMxMmQ3YTk3ZjIxNzEzNzBkQG1haWwuZ21haWwuY29tPg==", 
        "messageIdInHeader": "PGVrbXZkaStmbHQyQGVHcm91cHMuY29tPg=="
    }
}