{
    "numMessagesInTopic": 2, 
    "nextInTime": 18564, 
    "senderId": "hUfQpatyNOMQDxE6kc6kQ0X3mEWOCuZMhYIQ-loDP_rH09aKv1gTkvNiI0FYqrzdk6-n2_C34ZtoNk6x-z-NUJNC_x-ibTXNdjp72SY", 
    "systemMessage": true, 
    "subject": "JUnit4Adapter and expected exception", 
    "from": "&quot;martin.burger&quot; &lt;mburger@...-sb.de&gt;", 
    "authorName": "martin.burger", 
    "msgSnippet": "Hello! I try to run a Junit 4 test case with Maven 2. Maven 2 does not support Junit 4, so I added the following method to my test case: public static", 
    "msgId": 18563, 
    "profile": "martin.burger", 
    "topicId": 18563, 
    "spamInfo": {
        "reason": "6", 
        "isSpam": false
    }, 
    "replyTo": "LIST", 
    "userId": 292872556, 
    "messageBody": "<div id=\"ygrps-yiv-440553483\">Hello!<br/>\n<br/>\nI try to run a Junit 4 test case with Maven 2. Maven 2 does not<br/>\nsupport Junit 4, so I added the following method to my test case:<br/>\n<br/>\n    public static junit.framework.Test suite() {<br/>\n        return new JUnit4TestAdapter(MyTest.class);<br/>\n    }<br/>\n<br/>\nNow, Maven can run that test case.<br/>\n<br/>\nBut there is a problem: I defined a test method that expects an exception:<br/>\n<br/>\n    @Test(expected = IllegalArgumentException.class)<br/>\n    public void testNullArgument() {<br/>\n        new SomeClass(null);<br/>\n    }<br/>\n<br/>\nIf I run that test in Eclipse 3.2 (has support for Junit 4), I will<br/>\nget green lights.<br/>\n<br/>\nBut Maven fails:<br/>\n<br/>\nTest set: MyTest<br/>\n-------------------------------------------------------------------------------<br/>\nTests run: 9, Failures: 1, Errors: 0, Skipped: 0, Time elapsed: 0.023<br/>\nsec &lt;&lt;&lt; FAILURE!<br/>\nMyTest.testNullArgument()  Time elapsed: 0.001 sec  &lt;&lt;&lt; FAILURE!<br/>\njava.lang.IllegalArgumentException: Given arg must not be null.<br/>\n        at org.apache.commons.lang.Validate.notNull(Validate.java:201)<br/>\n        at SomeClass.&lt;init&gt;(SomeClass.java:51)<br/>\n        at MyTest.testNullArgument(MyTest.java:27)<br/>\n<br/>\n<br/>\nFinally, my question: does the JUnit4TestAdapter support expected<br/>\nexceptions?<br/>\n<br/>\nRegards, Martin Burger</div>", 
    "prevInTime": 18562, 
    "specialLinks": [], 
    "contentTrasformed": false, 
    "postDate": "1166694357", 
    "canDelete": false, 
    "nextInTopic": 18575, 
    "prevInTopic": 0, 
    "headers": {
        "messageIdInHeader": "PGVtZGw0bCsydmJpQGVHcm91cHMuY29tPg=="
    }
}