{
    "numMessagesInTopic": 2, 
    "nextInTime": 18576, 
    "senderId": "5LUP_x9X1UNXShHeo4RbHVMXnrALQ01Apn5lo6TZKiFvnynk0OKPsTKc5o9n_OzCUZ-e8LkXhdFdY7jGU4zLePJT", 
    "systemMessage": false, 
    "subject": "Re: [junit] JUnit4Adapter and expected exception", 
    "from": "&quot;David Saff&quot; &lt;saff@...&gt;", 
    "authorName": "David Saff", 
    "msgSnippet": "Martin, I ran a quick test, and nothing seems to be wrong with JUnit4TestAdapter and @Test(expected).  I wonder--this small example looks consistent with Maven", 
    "msgId": 18575, 
    "profile": "dsaff", 
    "topicId": 18563, 
    "spamInfo": {
        "reason": "0", 
        "isSpam": false
    }, 
    "replyTo": "LIST", 
    "userId": 139771899, 
    "messageBody": "<div id=\"ygrps-yiv-1261151897\">Martin,<br/>\n<br/>\nI ran a quick test, and nothing seems to be wrong with<br/>\nJUnit4TestAdapter and @Test(expected).  I wonder--this small example<br/>\nlooks consistent with Maven entirely skipping the suite() method, and<br/>\nrunning the class as if it were JUnit 3--since the method starts with<br/>\n&quot;test&quot;, it would still get picked up and run.  Are you sure Maven is<br/>\nusing the result of the suite() method?  Thanks,<br/>\n<br/>\n   David Saff<br/>\n<br/>\n<blockquote><span title=\"qreply\"> On 12/21/06, martin.burger &lt;<a rel=\"nofollow\" target=\"_blank\" href=\"mailto:mburger@...\">mburger@...</a>-sb.de&gt; wrote:<br/>\n&gt; Hello!<br/>\n&gt;<br/>\n&gt; I try to run a Junit 4 test case with Maven 2. Maven 2 does not<br/>\n&gt; support Junit 4, so I added the following method to my test case:<br/>\n&gt;<br/>\n&gt;     public static junit.framework.Test suite() {<br/>\n&gt;         return new JUnit4TestAdapter(MyTest.class);<br/>\n&gt;     }<br/>\n&gt;<br/>\n&gt; Now, Maven can run that test case.<br/>\n&gt;<br/>\n&gt; But there is a problem: I defined a test method that expects an exception:<br/>\n&gt;<br/>\n&gt;     @Test(expected = IllegalArgumentException.class)<br/>\n&gt;     public void testNullArgument() {<br/>\n&gt;         new SomeClass(null);<br/>\n&gt;     }<br/>\n&gt;<br/>\n&gt; If I run that test in Eclipse 3.2 (has support for Junit 4), I will<br/>\n&gt; get green lights.<br/>\n&gt;<br/>\n&gt; But Maven fails:<br/>\n&gt;<br/>\n&gt; Test set: MyTest<br/>\n&gt; -------------------------------------------------------------------------------<br/>\n&gt; Tests run: 9, Failures: 1, Errors: 0, Skipped: 0, Time elapsed: 0.023<br/>\n&gt; sec &lt;&lt;&lt; FAILURE!<br/>\n&gt; MyTest.testNullArgument()  Time elapsed: 0.001 sec  &lt;&lt;&lt; FAILURE!<br/>\n&gt; java.lang.IllegalArgumentException: Given arg must not be null.<br/>\n&gt;         at org.apache.commons.lang.Validate.notNull(Validate.java:201)<br/>\n&gt;         at SomeClass.&lt;init&gt;(SomeClass.java:51)<br/>\n&gt;         at MyTest.testNullArgument(MyTest.java:27)<br/>\n&gt;<br/>\n&gt;<br/>\n&gt; Finally, my question: does the JUnit4TestAdapter support expected<br/>\n&gt; exceptions?<br/>\n&gt;<br/>\n&gt; Regards, Martin Burger<br/>\n&gt;<br/>\n&gt;<br/>\n&gt;<br/>\n&gt;<br/>\n&gt; Yahoo! Groups Links<br/>\n&gt;<br/>\n&gt;<br/>\n&gt;<br/>\n&gt; </span></blockquote></div>", 
    "prevInTime": 18574, 
    "specialLinks": [], 
    "contentTrasformed": false, 
    "postDate": "1166801918", 
    "canDelete": false, 
    "nextInTopic": 0, 
    "prevInTopic": 18563, 
    "headers": {
        "inReplyToHeader": "PGVtZGw0bCsydmJpQGVHcm91cHMuY29tPg==", 
        "messageIdInHeader": "PDRmN2RhNmI5MDYxMjIyMDczOHcyNjQyN2ViN3M5OWE1MmEzYTU5Y2QzNDc3QG1haWwuZ21haWwuY29tPg==", 
        "referencesHeader": "PGVtZGw0bCsydmJpQGVHcm91cHMuY29tPg=="
    }
}