{
    "numMessagesInTopic": 3, 
    "nextInTime": 19255, 
    "senderId": "hUwnTLoT0uuPkpYVnY6BqohKbl_tBvWyx6YSF72cBsuSLt48yTWjbssLEqwqaFFRp5n986tN3RpaB3Z-q5PW4IG7F63q", 
    "systemMessage": false, 
    "subject": "Test Failed : Incompatible magic value -272646673 in class file AddressDaoTest", 
    "from": "&quot;md_sagri&quot; &lt;qayyum4@...&gt;", 
    "authorName": "md_sagri", 
    "msgSnippet": "Hi I am using appfuse. I am writing test class for AddressDao and using JUnit and JMock for testing the same class. When I run the ant command ant test-dao the", 
    "msgId": 19254, 
    "profile": "md_sagri", 
    "topicId": 19254, 
    "spamInfo": {
        "reason": "6", 
        "isSpam": false
    }, 
    "replyTo": "LIST", 
    "userId": 279349156, 
    "messageBody": "<div id=\"ygrps-yiv-1344505762\">Hi<br/>\nI am using appfuse.<br/>\nI am writing test class for AddressDao and using JUnit and JMock for<br/>\ntesting the same class. When I run the ant command ant test-dao the<br/>\nfollowing exception is given.<br/>\n[junit] Running AddressDaoTest<br/>\n[junit] Tests run: 1, Failures: 0, Errors: 1, Time elapsed: 0 sec<br/>\n[junit] Testsuite: AddressDaoTest<br/>\n[junit] Tests run: 1, Failures: 0, Errors: 1, Time elapsed: 0 sec<br/>\n[junit] Caused an ERROR<br/>\n[junit] Incompatible magic value -272646673 in class file AddressDaoTest<br/>\n[junit] java.lang.ClassFormatError: Incompatible magic value<br/>\n-272646673 in class file AddressDaoTest<br/>\n[junit] at java.lang.ClassLoader.defineClass1(Native Method)<br/>\n[junit] at java.lang.ClassLoader.defineClass(ClassLoader.java:620)<br/>\n[junit] at<br/>\njava.security.SecureClassLoader.defineClass(SecureClassLoader.java:124)<br/>\n[junit] at java.net.URLClassLoader.defineClass(URLClassLoader.java:260)<br/>\n[junit] at java.net.URLClassLoader.access$100(URLClassLoader.java:56)<br/>\n[junit] at java.net.URLClassLoader$1.run(URLClassLoader.java:195)<br/>\n[junit] at java.security.AccessController.doPrivileged(Native Method)<br/>\n[junit] at java.net.URLClassLoader.findClass(URLClassLoader.java:188)<br/>\n[junit] at java.lang.ClassLoader.loadClass(ClassLoader.java:306)<br/>\n[junit] at sun.misc.Launcher$AppClassLoader.loadClass(Launcher.java:268)<br/>\n[junit] at java.lang.ClassLoader.loadClass(ClassLoader.java:251)<br/>\n[junit] at java.lang.ClassLoader.loadClassInternal(ClassLoader.java:319)<br/>\n[junit] at java.lang.Class.forName0(Native Method)<br/>\n[junit] at java.lang.Class.forName(Class.java:164)<br/>\n[junit] Test AddressDaoTest FAILED<br/>\n<br/>\nBUILD FAILED<br/>\n<br/>\nCan any one tell me what migh tbe the reason.<br/>\nin my ant script, I am first compiling the test class, loading the DB<br/>\nwith xml data,<br/>\nthen check-debug which is defined below<br/>\n&lt;target name=&quot;check-debug&quot; depends=&quot;with-debug&quot; /&gt;<br/>\n<br/>\n&lt;target name=&quot;with-debug&quot; if=&quot;appfuse-debug&quot;&gt;<br/>\n&lt;property name=&quot;run.appfuse.test.debugargline&quot; value=&quot;-Xdebug<br/>\n-Xnoagent -Xrunjdwp:transport=dt_socket,address=4000,server=y,suspend=y&quot;/&gt;<br/>\n&lt;echo&gt;Running in debug mode : Listening on port 4000 ...&lt;/echo&gt;<br/>\n&lt;/target&gt;<br/>\nafter this the control goes to &lt;test-module module=&quot;testDao&quot; /&gt;<br/>\nwhere testDao is the package name in which my test class is written.<br/>\n<br/>\nThis class is executed correctly because the junit message shows this<br/>\n[junit] Running AddressDaoTest<br/>\n<br/>\nif any one knows what exactly is happenning please reply.</div>", 
    "prevInTime": 19253, 
    "specialLinks": [], 
    "contentTrasformed": false, 
    "postDate": "1175858284", 
    "canDelete": false, 
    "nextInTopic": 19261, 
    "prevInTopic": 0, 
    "headers": {
        "messageIdInHeader": "PGV2NWE5YysybWo3QGVHcm91cHMuY29tPg=="
    }
}