{
    "numMessagesInTopic": 3, 
    "nextInTime": 19255, 
    "senderId": "NDw1RbA5SWJmtSw6h65Z4iDMYYmIAaWmS0yvpS2jGt33l8bdTyXdWCo3rD3nyfZluvtQR93LD6A5tSuioR_4IbmATBqc", 
    "systemMessage": false, 
    "subject": "Test Failed : Incompatible magic value -272646673 in class file AddressDaoTest", 
    "from": "&quot;md_sagri&quot; &lt;qayyum4@...&gt;", 
    "authorName": "md_sagri", 
    "msgSnippet": "Hi I am using appfuse. I am writing test class for AddressDao and using JUnit and JMock for testing the same class. When I run the ant command ant test-dao the", 
    "msgId": 19254, 
    "rawEmail": "Return-Path: &lt;qayyum4@...&gt;\r\nReceived: (qmail 50843 invoked by uid 7800); 6 Apr 2007 14:49:23 -0000\r\nX-Sender: qayyum4@...\r\nX-Apparently-To: junit@yahoogroups.com\r\nReceived: (qmail 92098 invoked from network); 6 Apr 2007 11:19:31 -0000\r\nReceived: from unknown (66.218.66.71)\n  by m50.grp.scd.yahoo.com with QMQP; 6 Apr 2007 11:19:31 -0000\r\nReceived: from unknown (HELO n18d.bullet.scd.yahoo.com) (66.218.67.59)\n  by mta13.grp.scd.yahoo.com with SMTP; 6 Apr 2007 11:19:31 -0000\r\nReceived: from [66.218.69.6] by n18.bullet.scd.yahoo.com with NNFMP; 06 Apr 2007 11:18:06 -0000\r\nReceived: from [66.218.66.87] by t6.bullet.scd.yahoo.com with NNFMP; 06 Apr 2007 11:18:06 -0000\r\nDate: Fri, 06 Apr 2007 11:18:04 -0000\r\nTo: junit@yahoogroups.com\r\nMessage-ID: &lt;ev5a9c+2mj7@...&gt;\r\nUser-Agent: eGroups-EW/0.82\r\nMIME-Version: 1.0\r\nContent-Type: text/plain; charset=&quot;ISO-8859-1&quot;\r\nContent-Transfer-Encoding: quoted-printable\r\nX-Mailer: Yahoo Groups Message Poster\r\nX-Yahoo-Newman-Property: groups-compose\r\nX-eGroups-Msg-Info: 1:6:0:0\r\nFrom: &quot;md_sagri&quot; &lt;qayyum4@...&gt;\r\nSubject: Test Failed : Incompatible magic value -272646673 in class file AddressDaoTest\r\nX-Yahoo-Group-Post: member; u=279349156; y=ANZJunVf10ZL2-pKyaXvZpdgYB6loOqoNzdDs4d1e2tCxT4\r\nX-Yahoo-Profile: md_sagri\r\nX-eGroups-Approved-By: ddoss_2006 &lt;didoss@...&gt; via email; 6 Apr 2007 14:49:23 -0000\r\n\r\nHi\nI am using appfuse.\nI am writing test class for AddressDao and using JUn=\r\nit and JMock for\ntesting the same class. When I run the ant command ant tes=\r\nt-dao the\nfollowing exception is given.\n[junit] Running AddressDaoTest\n[jun=\r\nit] Tests run: 1, Failures: 0, Errors: 1, Time elapsed: 0 sec\n[junit] Tests=\r\nuite: AddressDaoTest\n[junit] Tests run: 1, Failures: 0, Errors: 1, Time ela=\r\npsed: 0 sec\n[junit] Caused an ERROR\n[junit] Incompatible magic value -27264=\r\n6673 in class file AddressDaoTest\n[junit] java.lang.ClassFormatError: Incom=\r\npatible magic value\n-272646673 in class file AddressDaoTest\n[junit] at java=\r\n.lang.ClassLoader.defineClass1(Native Method)\n[junit] at java.lang.ClassLoa=\r\nder.defineClass(ClassLoader.java:620)\n[junit] at\njava.security.SecureClassL=\r\noader.defineClass(SecureClassLoader.java:124)\n[junit] at java.net.URLClassL=\r\noader.defineClass(URLClassLoader.java:260)\n[junit] at java.net.URLClassLoad=\r\ner.access$100(URLClassLoader.java:56)\n[junit] at java.net.URLClassLoader$1.=\r\nrun(URLClassLoader.java:195)\n[junit] at java.security.AccessController.doPr=\r\nivileged(Native Method)\n[junit] at java.net.URLClassLoader.findClass(URLCla=\r\nssLoader.java:188)\n[junit] at java.lang.ClassLoader.loadClass(ClassLoader.j=\r\nava:306)\n[junit] at sun.misc.Launcher$AppClassLoader.loadClass(Launcher.jav=\r\na:268)\n[junit] at java.lang.ClassLoader.loadClass(ClassLoader.java:251)\n[ju=\r\nnit] at java.lang.ClassLoader.loadClassInternal(ClassLoader.java:319)\n[juni=\r\nt] at java.lang.Class.forName0(Native Method)\n[junit] at java.lang.Class.fo=\r\nrName(Class.java:164)\n[junit] Test AddressDaoTest FAILED\n\nBUILD FAILED\n\nCan=\r\n any one tell me what migh tbe the reason.\nin my ant script, I am first com=\r\npiling the test class, loading the DB\nwith xml data,\nthen check-debug which=\r\n is defined below\n&lt;target name=3D&quot;check-debug&quot; depends=3D&quot;with-debug&quot; /&gt;\n\n&lt;=\r\ntarget name=3D&quot;with-debug&quot; if=3D&quot;appfuse-debug&quot;&gt;\n&lt;property name=3D&quot;run.appf=\r\nuse.test.debugargline&quot; value=3D&quot;-Xdebug\n-Xnoagent -Xrunjdwp:transport=3Ddt_=\r\nsocket,address=3D4000,server=3Dy,suspend=3Dy&quot;/&gt;\n&lt;echo&gt;Running in debug mode=\r\n : Listening on port 4000 ...&lt;/echo&gt;\n&lt;/target&gt;\nafter this the control goes =\r\nto &lt;test-module module=3D&quot;testDao&quot; /&gt;\nwhere testDao is the package name in =\r\nwhich my test class is written.\n\nThis class is executed correctly because t=\r\nhe junit message shows this\n[junit] Running AddressDaoTest\n\nif any one know=\r\ns what exactly is happenning please reply.\n\n\n", 
    "profile": "md_sagri", 
    "topicId": 19254, 
    "spamInfo": {
        "reason": "6", 
        "isSpam": false
    }, 
    "replyTo": "LIST", 
    "userId": 279349156, 
    "prevInTime": 19253, 
    "contentTrasformed": false, 
    "postDate": "1175858284", 
    "canDelete": false, 
    "nextInTopic": 19261, 
    "prevInTopic": 0, 
    "headers": {
        "messageIdInHeader": "PGV2NWE5YysybWo3QGVHcm91cHMuY29tPg=="
    }
}