{
    "numMessagesInTopic": 3, 
    "nextInTime": 19264, 
    "senderId": "ybB_tePBvJ762GP_uYFHv-PGOfVJIx6Wj8HAjhvlepFs35PgtjgaKS0hhjGYK6Ntfmpl-uD0ZLgGnE6im5_ce5F8uvkITnukNg", 
    "systemMessage": true, 
    "subject": "Re: [junit] Test Failed : Incompatible magic value -272646673 in class file AddressDaoTest", 
    "from": "&quot;Abdul Qayyum&quot; &lt;qayyum4@...&gt;", 
    "authorName": "Abdul Qayyum", 
    "msgSnippet": "Thanks James, I resolved the problem, which was, as you stated the problem with .class file. Actually the file was not present at the place where ant was", 
    "msgId": 19263, 
    "rawEmail": "Return-Path: &lt;qayyum4@...&gt;\r\nReceived: (qmail 86517 invoked from network); 9 Apr 2007 07:26:12 -0000\r\nReceived: from unknown (66.218.67.34)\n  by m42.grp.scd.yahoo.com with QMQP; 9 Apr 2007 07:26:12 -0000\r\nReceived: from unknown (HELO n11d.bullet.scd.yahoo.com) (66.218.67.60)\n  by mta8.grp.scd.yahoo.com with SMTP; 9 Apr 2007 07:26:12 -0000\r\nReceived: from [66.218.69.3] by n22.bullet.scd.yahoo.com with NNFMP; 09 Apr 2007 07:25:52 -0000\r\nReceived: from [66.218.66.76] by t3.bullet.scd.yahoo.com with NNFMP; 09 Apr 2007 07:25:52 -0000\r\nX-Sender: qayyum4@...\r\nX-Apparently-To: junit@yahoogroups.com\r\nReceived: (qmail 58945 invoked from network); 9 Apr 2007 04:36:36 -0000\r\nReceived: from unknown (66.218.66.167)\n  by m36.grp.scd.yahoo.com with QMQP; 9 Apr 2007 04:36:36 -0000\r\nReceived: from unknown (HELO an-out-0708.google.com) (209.85.132.244)\n  by mta6.grp.scd.yahoo.com with SMTP; 9 Apr 2007 04:36:36 -0000\r\nReceived: by an-out-0708.google.com with SMTP id d40so21776and\n        for &lt;junit@yahoogroups.com&gt;; Sun, 08 Apr 2007 21:36:36 -0700 (PDT)\r\nDKIM-Signature: a=rsa-sha1; c=relaxed/relaxed;\n        d=gmail.com; s=beta;\n        h=domainkey-signature:received:received:message-id:date:from:to:subject:in-reply-to:mime-version:content-type:references;\n        b=FYAkPr+nyHidnnxA1+F9JYeHH0xNfeJW3Lgz1WVhtgUhY/ZbpGneNFoSbWRhCOMh1u4rnxsiby96/fdk3XGfdniUUnNqMjjEkcgbRkJnBDcxJNVEL+8FOYTmYD+o/9LcdcScv/GeKppD62/L6Y5WPjlGdRKiOusWzlvBPJ6AOeU=\r\nReceived: by 10.100.57.14 with SMTP id f14mr3724719ana.1176093396296;\n        Sun, 08 Apr 2007 21:36:36 -0700 (PDT)\r\nReceived: by 10.100.154.8 with HTTP; Sun, 8 Apr 2007 21:36:36 -0700 (PDT)\r\nMessage-ID: &lt;8df9f45d0704082136l2f57f417l8849a20037d26744@...&gt;\r\nDate: Mon, 9 Apr 2007 10:06:36 +0530\r\nTo: junit@yahoogroups.com\r\nIn-Reply-To: &lt;23fce8e60704070626n751c71bayc958fef8cfafd1b0@...&gt;\r\nMIME-Version: 1.0\r\nReferences: &lt;ev5a9c+2mj7@...&gt;\n\t &lt;23fce8e60704070626n751c71bayc958fef8cfafd1b0@...&gt;\r\nX-eGroups-Msg-Info: 1:0:0:0\r\nFrom: &quot;Abdul Qayyum&quot; &lt;qayyum4@...&gt;\r\nSubject: Re: [junit] Test Failed : Incompatible magic value -272646673 in class file AddressDaoTest\r\nX-Yahoo-Group-Post: member; u=279349156; y=quc86X2KeIGvocVIwopCQtlOhoqUo7bIT2bBCpgsEMovtXo\r\nX-Yahoo-Profile: md_sagri\r\nContent-Type: text/plain; charset=US-ASCII\r\nContent-Transfer-Encoding: 7bit\r\nX-Yahoo-Newman-Property: groups-system\r\nX-eGroups-Approved-By: mark_l_salter &lt;marksalter@...&gt; via web; 09 Apr 2007 07:25:50 -0000\r\n\r\nThanks James,\nI resolved the problem, which was, as you stated the problem with .class\nfile.\nActually the file was not present at the place where ant was expecting it.\nNow when I run the same test case I get thie:\n[junit] Running com.infistech.eservices.apps.hr.testDao.AddressDaoTest\n\nThanks .\n\n\nOn 07 Apr 2007 06:48:53 -0700, James Abley &lt;james.abley@...&gt; wrote:\n&gt;\n&gt;   The Error would seem to indicate that your class file is corrupt?\n&gt;\n&gt; The unsigned integer 0xCAFEBABE is expected as the first four bytes of any\n&gt; class file.\n&gt;\n&gt; http://java.sun.com/docs/books/jvms/second_edition/html/ClassFile.doc.html\n&gt;\n&gt; I&#39;d have to check the ANT source to see what the logger is doing, but I\n&gt; think it just outputs\n&gt;\n&gt; [junit] running AddressDoaTest\n&gt;\n&gt; since it&#39;s found the file; i.e. the class isn&#39;t executed correctly, since\n&gt; it&#39;s not a valid Java class.\n&gt;\n&gt; How are you compiling and deploying that class?\n&gt;\n&gt; James\n&gt;\n&gt;\n&gt; On 06 Apr 2007 07:51:13 -0700, md_sagri &lt;qayyum4@...&lt;qayyum4%40gmail.com&gt;&gt;\n&gt; wrote:\n&gt; &gt;\n&gt; &gt; Hi\n&gt; &gt; I am using appfuse.\n&gt; &gt; I am writing test class for AddressDao and using JUnit and JMock for\n&gt; &gt; testing the same class. When I run the ant command ant test-dao the\n&gt; &gt; following exception is given.\n&gt; &gt; [junit] Running AddressDaoTest\n&gt; &gt; [junit] Tests run: 1, Failures: 0, Errors: 1, Time elapsed: 0 sec\n&gt; &gt; [junit] Testsuite: AddressDaoTest\n&gt; &gt; [junit] Tests run: 1, Failures: 0, Errors: 1, Time elapsed: 0 sec\n&gt; &gt; [junit] Caused an ERROR\n&gt; &gt; [junit] Incompatible magic value -272646673 in class file AddressDaoTest\n&gt; &gt; [junit] java.lang.ClassFormatError: Incompatible magic value\n&gt; &gt; -272646673 in class file AddressDaoTest\n&gt; &gt; [junit] at java.lang.ClassLoader.defineClass1(Native Method)\n&gt; &gt; [junit] at java.lang.ClassLoader.defineClass(ClassLoader.java:620)\n&gt; &gt; [junit] at\n&gt; &gt; java.security.SecureClassLoader.defineClass(SecureClassLoader.java:124)\n&gt; &gt; [junit] at java.net.URLClassLoader.defineClass(URLClassLoader.java:260)\n&gt; &gt; [junit] at java.net.URLClassLoader.access$100(URLClassLoader.java:56)\n&gt; &gt; [junit] at java.net.URLClassLoader$1.run(URLClassLoader.java:195)\n&gt; &gt; [junit] at java.security.AccessController.doPrivileged(Native Method)\n&gt; &gt; [junit] at java.net.URLClassLoader.findClass(URLClassLoader.java:188)\n&gt; &gt; [junit] at java.lang.ClassLoader.loadClass(ClassLoader.java:306)\n&gt; &gt; [junit] at sun.misc.Launcher$AppClassLoader.loadClass(Launcher.java:268)\n&gt; &gt; [junit] at java.lang.ClassLoader.loadClass(ClassLoader.java:251)\n&gt; &gt; [junit] at java.lang.ClassLoader.loadClassInternal(ClassLoader.java:319)\n&gt; &gt; [junit] at java.lang.Class.forName0(Native Method)\n&gt; &gt; [junit] at java.lang.Class.forName(Class.java:164)\n&gt; &gt; [junit] Test AddressDaoTest FAILED\n&gt; &gt;\n&gt; &gt; BUILD FAILED\n&gt; &gt;\n&gt; &gt; Can any one tell me what migh tbe the reason.\n&gt; &gt; in my ant script, I am first compiling the test class, loading the DB\n&gt; &gt; with xml data,\n&gt; &gt; then check-debug which is defined below\n&gt; &gt; &lt;target name=&quot;check-debug&quot; depends=&quot;with-debug&quot; /&gt;\n&gt; &gt;\n&gt; &gt; &lt;target name=&quot;with-debug&quot; if=&quot;appfuse-debug&quot;&gt;\n&gt; &gt; &lt;property name=&quot;run.appfuse.test.debugargline&quot; value=&quot;-Xdebug\n&gt; &gt; -Xnoagent\n&gt; -Xrunjdwp:transport=dt_socket,address=4000,server=y,suspend=y&quot;/&gt;\n&gt; &gt; &lt;echo&gt;Running in debug mode : Listening on port 4000 ...&lt;/echo&gt;\n&gt; &gt; &lt;/target&gt;\n&gt; &gt; after this the control goes to &lt;test-module module=&quot;testDao&quot; /&gt;\n&gt; &gt; where testDao is the package name in which my test class is written.\n&gt; &gt;\n&gt; &gt; This class is executed correctly because the junit message shows this\n&gt; &gt; [junit] Running AddressDaoTest\n&gt; &gt;\n&gt; &gt; if any one knows what exactly is happenning please reply.\n&gt; &gt;\n&gt; &gt;\n&gt; &gt;\n&gt;\n&gt; [Non-text portions of this message have been removed]\n&gt;\n&gt;  \n&gt;\n\n\n[Non-text portions of this message have been removed]\n\n\n", 
    "profile": "md_sagri", 
    "topicId": 19254, 
    "spamInfo": {
        "reason": "0", 
        "isSpam": false
    }, 
    "replyTo": "LIST", 
    "userId": 279349156, 
    "prevInTime": 19262, 
    "contentTrasformed": false, 
    "postDate": "1176093396", 
    "canDelete": false, 
    "nextInTopic": 0, 
    "prevInTopic": 19261, 
    "headers": {
        "inReplyToHeader": "PDIzZmNlOGU2MDcwNDA3MDYyNm43NTFjNzFiYXljOTU4ZmVmOGNmYWZkMWIwQG1haWwuZ21haWwuY29tPg==", 
        "messageIdInHeader": "PDhkZjlmNDVkMDcwNDA4MjEzNmwyZjU3ZjQxN2w4ODQ5YTIwMDM3ZDI2NzQ0QG1haWwuZ21haWwuY29tPg==", 
        "referencesHeader": "PGV2NWE5YysybWo3QGVHcm91cHMuY29tPgkgPDIzZmNlOGU2MDcwNDA3MDYyNm43NTFjNzFiYXljOTU4ZmVmOGNmYWZkMWIwQG1haWwuZ21haWwuY29tPg=="
    }
}