{
    "numMessagesInTopic": 3, 
    "nextInTime": 19262, 
    "senderId": "uL4yJyuqtWhWeYMpCEnHx4_o9ZG8_RGcJn1WEgsK1HHU6k62kGW_iYeWfCmETd1nB9IEZV_AKTpsm9cLXxfrNq4CL0IDZszKr0KxnQ", 
    "systemMessage": false, 
    "subject": "Re: [junit] Test Failed : Incompatible magic value -272646673 in class file AddressDaoTest", 
    "from": "&quot;James Abley&quot; &lt;james.abley@...&gt;", 
    "authorName": "James Abley", 
    "msgSnippet": "The Error would seem to indicate that your class file is corrupt? The unsigned integer 0xCAFEBABE is expected as the first four bytes of any class file. ", 
    "msgId": 19261, 
    "rawEmail": "Return-Path: &lt;james.abley@...&gt;\r\nX-Sender: james.abley@...\r\nX-Apparently-To: junit@yahoogroups.com\r\nReceived: (qmail 22074 invoked from network); 7 Apr 2007 13:37:57 -0000\r\nReceived: from unknown (66.218.67.35)\n  by m46.grp.scd.yahoo.com with QMQP; 7 Apr 2007 13:37:57 -0000\r\nReceived: from unknown (HELO ug-out-1314.google.com) (66.249.92.174)\n  by mta9.grp.scd.yahoo.com with SMTP; 7 Apr 2007 13:37:57 -0000\r\nReceived: by ug-out-1314.google.com with SMTP id h2so1307806ugf\n        for &lt;junit@yahoogroups.com&gt;; Sat, 07 Apr 2007 06:36:52 -0700 (PDT)\r\nDKIM-Signature: a=rsa-sha1; c=relaxed/relaxed;\n        d=gmail.com; s=beta;\n        h=domainkey-signature:received:received:message-id:date:from:to:subject:in-reply-to:mime-version:content-type:references;\n        b=CLdgm+sIcDFP/QEV0gAPWr8dEoIkNnLK9tLVDJmSj8u74oaI9NecyT3EUqPmUkvXsuLs7Eq3DbXIBVeNIIOoJ513CB0ikQ345sjiK9IpBkpDFD9P86YmLzoptXdxVKG4/YdPhc25PxzfnIUylZkdZ3UtLcImrc2BTu4k8iI8jqk=\r\nReceived: by 10.66.237.9 with SMTP id k9mr2624485ugh.1175952410203;\n        Sat, 07 Apr 2007 06:26:50 -0700 (PDT)\r\nReceived: by 10.67.90.10 with HTTP; Sat, 7 Apr 2007 06:26:50 -0700 (PDT)\r\nMessage-ID: &lt;23fce8e60704070626n751c71bayc958fef8cfafd1b0@...&gt;\r\nDate: Sat, 7 Apr 2007 14:26:50 +0100\r\nTo: junit@yahoogroups.com\r\nIn-Reply-To: &lt;ev5a9c+2mj7@...&gt;\r\nMIME-Version: 1.0\r\nReferences: &lt;ev5a9c+2mj7@...&gt;\r\nX-eGroups-Msg-Info: 1:0:0:0\r\nFrom: &quot;James Abley&quot; &lt;james.abley@...&gt;\r\nSubject: Re: [junit] Test Failed : Incompatible magic value -272646673 in class file AddressDaoTest\r\nX-Yahoo-Group-Post: member; u=212683928; y=zNbf80W--UAxhwybnGi41BZcuCLLKYAHAPytJi-GpOaMdNmI\r\nX-Yahoo-Profile: taboozizi\r\nContent-Type: text/plain; charset=US-ASCII\r\nContent-Transfer-Encoding: 7bit\r\n\r\nThe Error would seem to indicate that your class file is corrupt?\n\nThe unsigned integer 0xCAFEBABE is expected as the first four bytes of any\nclass file.\n\nhttp://java.sun.com/docs/books/jvms/second_edition/html/ClassFile.doc.html\n\nI&#39;d have to check the ANT source to see what the logger is doing, but I\nthink it just outputs\n\n[junit] running AddressDoaTest\n\nsince it&#39;s found the file; i.e. the class isn&#39;t executed correctly, since\nit&#39;s not a valid Java class.\n\nHow are you compiling and deploying that class?\n\nJames\n\nOn 06 Apr 2007 07:51:13 -0700, md_sagri &lt;qayyum4@...&gt; wrote:\n&gt;\n&gt;   Hi\n&gt; I am using appfuse.\n&gt; I am writing test class for AddressDao and using JUnit and JMock for\n&gt; testing the same class. When I run the ant command ant test-dao the\n&gt; following exception is given.\n&gt; [junit] Running AddressDaoTest\n&gt; [junit] Tests run: 1, Failures: 0, Errors: 1, Time elapsed: 0 sec\n&gt; [junit] Testsuite: AddressDaoTest\n&gt; [junit] Tests run: 1, Failures: 0, Errors: 1, Time elapsed: 0 sec\n&gt; [junit] Caused an ERROR\n&gt; [junit] Incompatible magic value -272646673 in class file AddressDaoTest\n&gt; [junit] java.lang.ClassFormatError: Incompatible magic value\n&gt; -272646673 in class file AddressDaoTest\n&gt; [junit] at java.lang.ClassLoader.defineClass1(Native Method)\n&gt; [junit] at java.lang.ClassLoader.defineClass(ClassLoader.java:620)\n&gt; [junit] at\n&gt; java.security.SecureClassLoader.defineClass(SecureClassLoader.java:124)\n&gt; [junit] at java.net.URLClassLoader.defineClass(URLClassLoader.java:260)\n&gt; [junit] at java.net.URLClassLoader.access$100(URLClassLoader.java:56)\n&gt; [junit] at java.net.URLClassLoader$1.run(URLClassLoader.java:195)\n&gt; [junit] at java.security.AccessController.doPrivileged(Native Method)\n&gt; [junit] at java.net.URLClassLoader.findClass(URLClassLoader.java:188)\n&gt; [junit] at java.lang.ClassLoader.loadClass(ClassLoader.java:306)\n&gt; [junit] at sun.misc.Launcher$AppClassLoader.loadClass(Launcher.java:268)\n&gt; [junit] at java.lang.ClassLoader.loadClass(ClassLoader.java:251)\n&gt; [junit] at java.lang.ClassLoader.loadClassInternal(ClassLoader.java:319)\n&gt; [junit] at java.lang.Class.forName0(Native Method)\n&gt; [junit] at java.lang.Class.forName(Class.java:164)\n&gt; [junit] Test AddressDaoTest FAILED\n&gt;\n&gt; BUILD FAILED\n&gt;\n&gt; Can any one tell me what migh tbe the reason.\n&gt; in my ant script, I am first compiling the test class, loading the DB\n&gt; with xml data,\n&gt; then check-debug which is defined below\n&gt; &lt;target name=&quot;check-debug&quot; depends=&quot;with-debug&quot; /&gt;\n&gt;\n&gt; &lt;target name=&quot;with-debug&quot; if=&quot;appfuse-debug&quot;&gt;\n&gt; &lt;property name=&quot;run.appfuse.test.debugargline&quot; value=&quot;-Xdebug\n&gt; -Xnoagent -Xrunjdwp:transport=dt_socket,address=4000,server=y,suspend=y&quot;/&gt;\n&gt; &lt;echo&gt;Running in debug mode : Listening on port 4000 ...&lt;/echo&gt;\n&gt; &lt;/target&gt;\n&gt; after this the control goes to &lt;test-module module=&quot;testDao&quot; /&gt;\n&gt; where testDao is the package name in which my test class is written.\n&gt;\n&gt; This class is executed correctly because the junit message shows this\n&gt; [junit] Running AddressDaoTest\n&gt;\n&gt; if any one knows what exactly is happenning please reply.\n&gt;\n&gt;  \n&gt;\n\n\n[Non-text portions of this message have been removed]\n\n\n", 
    "profile": "taboozizi", 
    "topicId": 19254, 
    "spamInfo": {
        "reason": "0", 
        "isSpam": false
    }, 
    "replyTo": "LIST", 
    "userId": 212683928, 
    "prevInTime": 19260, 
    "contentTrasformed": false, 
    "postDate": "1175952410", 
    "canDelete": false, 
    "nextInTopic": 19263, 
    "prevInTopic": 19254, 
    "headers": {
        "inReplyToHeader": "PGV2NWE5YysybWo3QGVHcm91cHMuY29tPg==", 
        "messageIdInHeader": "PDIzZmNlOGU2MDcwNDA3MDYyNm43NTFjNzFiYXljOTU4ZmVmOGNmYWZkMWIwQG1haWwuZ21haWwuY29tPg==", 
        "referencesHeader": "PGV2NWE5YysybWo3QGVHcm91cHMuY29tPg=="
    }
}