{
    "numMessagesInTopic": 3, 
    "nextInTime": 19262, 
    "senderId": "7gb-Q3yOkE-Kt0WHgFShzQG0_X4RuFJJESdvmqRkbE6jDgzpBzPDC75tZ2rJ2oAQQyWN8w3Ajd7eaCxr0b9cq7BaPbHpdDGmGPloCA", 
    "systemMessage": false, 
    "subject": "Re: [junit] Test Failed : Incompatible magic value -272646673 in class file AddressDaoTest", 
    "from": "&quot;James Abley&quot; &lt;james.abley@...&gt;", 
    "authorName": "James Abley", 
    "msgSnippet": "The Error would seem to indicate that your class file is corrupt? The unsigned integer 0xCAFEBABE is expected as the first four bytes of any class file. ", 
    "msgId": 19261, 
    "profile": "taboozizi", 
    "topicId": 19254, 
    "spamInfo": {
        "reason": "0", 
        "isSpam": false
    }, 
    "replyTo": "LIST", 
    "userId": 212683928, 
    "messageBody": "<div id=\"ygrps-yiv-898497909\">The Error would seem to indicate that your class file is corrupt?<br/>\n<br/>\nThe unsigned integer 0xCAFEBABE is expected as the first four bytes of any<br/>\nclass file.<br/>\n<br/>\n<a rel=\"nofollow\" target=\"_blank\" href=\"http://java.sun.com/docs/books/jvms/second_edition/html/ClassFile.doc.html\">http://java.sun.com/docs/books/jvms/second_edition/html/ClassFile.doc.html</a><br/>\n<br/>\nI&#39;d have to check the ANT source to see what the logger is doing, but I<br/>\nthink it just outputs<br/>\n<br/>\n[junit] running AddressDoaTest<br/>\n<br/>\nsince it&#39;s found the file; i.e. the class isn&#39;t executed correctly, since<br/>\nit&#39;s not a valid Java class.<br/>\n<br/>\nHow are you compiling and deploying that class?<br/>\n<br/>\nJames<br/>\n<br/>\n<blockquote><span title=\"qreply\"> On 06 Apr 2007 07:51:13 -0700, md_sagri &lt;<a rel=\"nofollow\" target=\"_blank\" href=\"mailto:qayyum4@...\">qayyum4@...</a>&gt; wrote:<br/>\n&gt;<br/>\n&gt;   Hi<br/>\n&gt; I am using appfuse.<br/>\n&gt; I am writing test class for AddressDao and using JUnit and JMock for<br/>\n&gt; testing the same class. When I run the ant command ant test-dao the<br/>\n&gt; following exception is given.<br/>\n&gt; [junit] Running AddressDaoTest<br/>\n&gt; [junit] Tests run: 1, Failures: 0, Errors: 1, Time elapsed: 0 sec<br/>\n&gt; [junit] Testsuite: AddressDaoTest<br/>\n&gt; [junit] Tests run: 1, Failures: 0, Errors: 1, Time elapsed: 0 sec<br/>\n&gt; [junit] Caused an ERROR<br/>\n&gt; [junit] Incompatible magic value -272646673 in class file AddressDaoTest<br/>\n&gt; [junit] java.lang.ClassFormatError: Incompatible magic value<br/>\n&gt; -272646673 in class file AddressDaoTest<br/>\n&gt; [junit] at java.lang.ClassLoader.defineClass1(Native Method)<br/>\n&gt; [junit] at java.lang.ClassLoader.defineClass(ClassLoader.java:620)<br/>\n&gt; [junit] at<br/>\n&gt; java.security.SecureClassLoader.defineClass(SecureClassLoader.java:124)<br/>\n&gt; [junit] at java.net.URLClassLoader.defineClass(URLClassLoader.java:260)<br/>\n&gt; [junit] at java.net.URLClassLoader.access$100(URLClassLoader.java:56)<br/>\n&gt; [junit] at java.net.URLClassLoader$1.run(URLClassLoader.java:195)<br/>\n&gt; [junit] at java.security.AccessController.doPrivileged(Native Method)<br/>\n&gt; [junit] at java.net.URLClassLoader.findClass(URLClassLoader.java:188)<br/>\n&gt; [junit] at java.lang.ClassLoader.loadClass(ClassLoader.java:306)<br/>\n&gt; [junit] at sun.misc.Launcher$AppClassLoader.loadClass(Launcher.java:268)<br/>\n&gt; [junit] at java.lang.ClassLoader.loadClass(ClassLoader.java:251)<br/>\n&gt; [junit] at java.lang.ClassLoader.loadClassInternal(ClassLoader.java:319)<br/>\n&gt; [junit] at java.lang.Class.forName0(Native Method)<br/>\n&gt; [junit] at java.lang.Class.forName(Class.java:164)<br/>\n&gt; [junit] Test AddressDaoTest FAILED<br/>\n&gt;<br/>\n&gt; BUILD FAILED<br/>\n&gt;<br/>\n&gt; Can any one tell me what migh tbe the reason.<br/>\n&gt; in my ant script, I am first compiling the test class, loading the DB<br/>\n&gt; with xml data,<br/>\n&gt; then check-debug which is defined below<br/>\n&gt; &lt;target name=&quot;check-debug&quot; depends=&quot;with-debug&quot; /&gt;<br/>\n&gt;<br/>\n&gt; &lt;target name=&quot;with-debug&quot; if=&quot;appfuse-debug&quot;&gt;<br/>\n&gt; &lt;property name=&quot;run.appfuse.test.debugargline&quot; value=&quot;-Xdebug<br/>\n&gt; -Xnoagent -Xrunjdwp:transport=dt_socket,address=4000,server=y,suspend=y&quot;/&gt;<br/>\n&gt; &lt;echo&gt;Running in debug mode : Listening on port 4000 ...&lt;/echo&gt;<br/>\n&gt; &lt;/target&gt;<br/>\n&gt; after this the control goes to &lt;test-module module=&quot;testDao&quot; /&gt;<br/>\n&gt; where testDao is the package name in which my test class is written.<br/>\n&gt;<br/>\n&gt; This class is executed correctly because the junit message shows this<br/>\n&gt; [junit] Running AddressDaoTest<br/>\n&gt;<br/>\n&gt; if any one knows what exactly is happenning please reply.<br/>\n&gt;<br/>\n&gt;  <br/>\n&gt;<br/>\n<br/>\n<br/>\n[Non-text portions of this message have been removed] </span></blockquote></div>", 
    "prevInTime": 19260, 
    "specialLinks": [], 
    "contentTrasformed": false, 
    "postDate": "1175952410", 
    "canDelete": false, 
    "nextInTopic": 19263, 
    "prevInTopic": 19254, 
    "headers": {
        "inReplyToHeader": "PGV2NWE5YysybWo3QGVHcm91cHMuY29tPg==", 
        "messageIdInHeader": "PDIzZmNlOGU2MDcwNDA3MDYyNm43NTFjNzFiYXljOTU4ZmVmOGNmYWZkMWIwQG1haWwuZ21haWwuY29tPg==", 
        "referencesHeader": "PGV2NWE5YysybWo3QGVHcm91cHMuY29tPg=="
    }
}