{
    "numMessagesInTopic": 3, 
    "nextInTime": 19264, 
    "senderId": "6LSFaBF0CGdLzBBB-SLW_WB5Hr6Wf5wqgWxwP9o3D_x1itLNlIxmjR6cQ-Ldhb2jYeXKJ61ZfxRjJkqLdsbgsDmbM4qsfr5A9Q", 
    "systemMessage": true, 
    "subject": "Re: [junit] Test Failed : Incompatible magic value -272646673 in class file AddressDaoTest", 
    "from": "&quot;Abdul Qayyum&quot; &lt;qayyum4@...&gt;", 
    "authorName": "Abdul Qayyum", 
    "msgSnippet": "Thanks James, I resolved the problem, which was, as you stated the problem with .class file. Actually the file was not present at the place where ant was", 
    "msgId": 19263, 
    "profile": "md_sagri", 
    "topicId": 19254, 
    "spamInfo": {
        "reason": "0", 
        "isSpam": false
    }, 
    "replyTo": "LIST", 
    "userId": 279349156, 
    "messageBody": "<div id=\"ygrps-yiv-1474828176\">Thanks James,<br/>\nI resolved the problem, which was, as you stated the problem with .class<br/>\nfile.<br/>\nActually the file was not present at the place where ant was expecting it.<br/>\nNow when I run the same test case I get thie:<br/>\n[junit] Running com.infistech.eservices.apps.hr.testDao.AddressDaoTest<br/>\n<br/>\nThanks .<br/>\n<br/>\n<br/>\n<blockquote><span title=\"qreply\"> On 07 Apr 2007 06:48:53 -0700, James Abley &lt;<a rel=\"nofollow\" target=\"_blank\" href=\"mailto:james.abley@...\">james.abley@...</a>&gt; wrote:<br/>\n&gt;<br/>\n&gt;   The Error would seem to indicate that your class file is corrupt?<br/>\n&gt;<br/>\n&gt; The unsigned integer 0xCAFEBABE is expected as the first four bytes of any<br/>\n&gt; class file.<br/>\n&gt;<br/>\n&gt; <a rel=\"nofollow\" target=\"_blank\" href=\"http://java.sun.com/docs/books/jvms/second_edition/html/ClassFile.doc.html\">http://java.sun.com/docs/books/jvms/second_edition/html/ClassFile.doc.html</a><br/>\n&gt;<br/>\n&gt; I&#39;d have to check the ANT source to see what the logger is doing, but I<br/>\n&gt; think it just outputs<br/>\n&gt;<br/>\n&gt; [junit] running AddressDoaTest<br/>\n&gt;<br/>\n&gt; since it&#39;s found the file; i.e. the class isn&#39;t executed correctly, since<br/>\n&gt; it&#39;s not a valid Java class.<br/>\n&gt;<br/>\n&gt; How are you compiling and deploying that class?<br/>\n&gt;<br/>\n&gt; James<br/>\n&gt;<br/>\n&gt;<br/>\n&gt; On 06 Apr 2007 07:51:13 -0700, md_sagri &lt;<a rel=\"nofollow\" target=\"_blank\" href=\"mailto:qayyum4@...\">qayyum4@...</a>&lt;qayyum4%40gmail.com&gt;&gt;<br/>\n&gt; wrote:<br/>\n&gt; &gt;<br/>\n&gt; &gt; Hi<br/>\n&gt; &gt; I am using appfuse.<br/>\n&gt; &gt; I am writing test class for AddressDao and using JUnit and JMock for<br/>\n&gt; &gt; testing the same class. When I run the ant command ant test-dao the<br/>\n&gt; &gt; following exception is given.<br/>\n&gt; &gt; [junit] Running AddressDaoTest<br/>\n&gt; &gt; [junit] Tests run: 1, Failures: 0, Errors: 1, Time elapsed: 0 sec<br/>\n&gt; &gt; [junit] Testsuite: AddressDaoTest<br/>\n&gt; &gt; [junit] Tests run: 1, Failures: 0, Errors: 1, Time elapsed: 0 sec<br/>\n&gt; &gt; [junit] Caused an ERROR<br/>\n&gt; &gt; [junit] Incompatible magic value -272646673 in class file AddressDaoTest<br/>\n&gt; &gt; [junit] java.lang.ClassFormatError: Incompatible magic value<br/>\n&gt; &gt; -272646673 in class file AddressDaoTest<br/>\n&gt; &gt; [junit] at java.lang.ClassLoader.defineClass1(Native Method)<br/>\n&gt; &gt; [junit] at java.lang.ClassLoader.defineClass(ClassLoader.java:620)<br/>\n&gt; &gt; [junit] at<br/>\n&gt; &gt; java.security.SecureClassLoader.defineClass(SecureClassLoader.java:124)<br/>\n&gt; &gt; [junit] at java.net.URLClassLoader.defineClass(URLClassLoader.java:260)<br/>\n&gt; &gt; [junit] at java.net.URLClassLoader.access$100(URLClassLoader.java:56)<br/>\n&gt; &gt; [junit] at java.net.URLClassLoader$1.run(URLClassLoader.java:195)<br/>\n&gt; &gt; [junit] at java.security.AccessController.doPrivileged(Native Method)<br/>\n&gt; &gt; [junit] at java.net.URLClassLoader.findClass(URLClassLoader.java:188)<br/>\n&gt; &gt; [junit] at java.lang.ClassLoader.loadClass(ClassLoader.java:306)<br/>\n&gt; &gt; [junit] at sun.misc.Launcher$AppClassLoader.loadClass(Launcher.java:268)<br/>\n&gt; &gt; [junit] at java.lang.ClassLoader.loadClass(ClassLoader.java:251)<br/>\n&gt; &gt; [junit] at java.lang.ClassLoader.loadClassInternal(ClassLoader.java:319)<br/>\n&gt; &gt; [junit] at java.lang.Class.forName0(Native Method)<br/>\n&gt; &gt; [junit] at java.lang.Class.forName(Class.java:164)<br/>\n&gt; &gt; [junit] Test AddressDaoTest FAILED<br/>\n&gt; &gt;<br/>\n&gt; &gt; BUILD FAILED<br/>\n&gt; &gt;<br/>\n&gt; &gt; Can any one tell me what migh tbe the reason.<br/>\n&gt; &gt; in my ant script, I am first compiling the test class, loading the DB<br/>\n&gt; &gt; with xml data,<br/>\n&gt; &gt; then check-debug which is defined below<br/>\n&gt; &gt; &lt;target name=&quot;check-debug&quot; depends=&quot;with-debug&quot; /&gt;<br/>\n&gt; &gt;<br/>\n&gt; &gt; &lt;target name=&quot;with-debug&quot; if=&quot;appfuse-debug&quot;&gt;<br/>\n&gt; &gt; &lt;property name=&quot;run.appfuse.test.debugargline&quot; value=&quot;-Xdebug<br/>\n&gt; &gt; -Xnoagent<br/>\n&gt; -Xrunjdwp:transport=dt_socket,address=4000,server=y,suspend=y&quot;/&gt;<br/>\n&gt; &gt; &lt;echo&gt;Running in debug mode : Listening on port 4000 ...&lt;/echo&gt;<br/>\n&gt; &gt; &lt;/target&gt;<br/>\n&gt; &gt; after this the control goes to &lt;test-module module=&quot;testDao&quot; /&gt;<br/>\n&gt; &gt; where testDao is the package name in which my test class is written.<br/>\n&gt; &gt;<br/>\n&gt; &gt; This class is executed correctly because the junit message shows this<br/>\n&gt; &gt; [junit] Running AddressDaoTest<br/>\n&gt; &gt;<br/>\n&gt; &gt; if any one knows what exactly is happenning please reply.<br/>\n&gt; &gt;<br/>\n&gt; &gt;<br/>\n&gt; &gt;<br/>\n&gt;<br/>\n&gt; [Non-text portions of this message have been removed]<br/>\n&gt;<br/>\n&gt;  <br/>\n&gt;<br/>\n<br/>\n<br/>\n[Non-text portions of this message have been removed] </span></blockquote></div>", 
    "prevInTime": 19262, 
    "specialLinks": [], 
    "contentTrasformed": false, 
    "postDate": "1176093396", 
    "canDelete": false, 
    "nextInTopic": 0, 
    "prevInTopic": 19261, 
    "headers": {
        "inReplyToHeader": "PDIzZmNlOGU2MDcwNDA3MDYyNm43NTFjNzFiYXljOTU4ZmVmOGNmYWZkMWIwQG1haWwuZ21haWwuY29tPg==", 
        "messageIdInHeader": "PDhkZjlmNDVkMDcwNDA4MjEzNmwyZjU3ZjQxN2w4ODQ5YTIwMDM3ZDI2NzQ0QG1haWwuZ21haWwuY29tPg==", 
        "referencesHeader": "PGV2NWE5YysybWo3QGVHcm91cHMuY29tPgkgPDIzZmNlOGU2MDcwNDA3MDYyNm43NTFjNzFiYXljOTU4ZmVmOGNmYWZkMWIwQG1haWwuZ21haWwuY29tPg=="
    }
}