{
    "numMessagesInTopic": 2, 
    "nextInTime": 19478, 
    "senderId": "Z7WGwOi9jzbCOewTF5QcL9RqhnaMhUaQhhlkV_iNztaF6o4QjtAtbMWtP5GncRjbu6KU5zgc5Tn-8tRSGnl81CLi6UHNvw", 
    "systemMessage": false, 
    "subject": "Problem encountered while running EcommerceTestSuite", 
    "from": "&quot;viv_2300&quot; &lt;viv_2300@...&gt;", 
    "authorName": "viv_2300", 
    "msgSnippet": "Hi, When I want to run EcommerceTestSuite given on the webpage of JUnit Primer ( http://clarkware.com/articles/JUnitPrimer.html) , I am ecountering some", 
    "msgId": 19477, 
    "profile": "viv_2300", 
    "topicId": 19477, 
    "spamInfo": {
        "reason": "6", 
        "isSpam": false
    }, 
    "replyTo": "LIST", 
    "userId": 314702689, 
    "messageBody": "<div id=\"ygrps-yiv-1071233053\">Hi, <br/>\n <br/>\nWhen I want to run EcommerceTestSuite given on the webpage of &quot;JUnit <br/>\nPrimer&quot; ( <a rel=\"nofollow\" target=\"_blank\" href=\"http://clarkware.com/articles/JUnitPrimer.html)\">http://clarkware.com/articles/JUnitPrimer.html)</a> , I am <br/>\necountering some problem: <br/>\n <br/>\nI am getting      <br/>\nError: java.lang.ClassCastException: class EcommerceTestSuite<br/>\n <br/>\nI am simply following the instructions given on the page.<br/>\n <br/>\nCan anybody tell me if he/she got similar error while running this <br/>\nexmaple. Or where I could be going wrong. I am using jdk 1.5. I have <br/>\ndownloaded the examples; compiled them and am trying to run them.<br/>\n<br/>\nIn fact I am getting this error while sunning the simplest TestSuite:<br/>\n<br/>\nimport junit.framework.Test;<br/>\nimport junit.framework.TestSuite;<br/>\n<br/>\npublic class EcommerceTestSuite {<br/>\n\t  <br/>\n    public static TestSuite suite() {<br/>\n<br/>\n         TestSuite suite = new TestSuite(&quot; ABC TESTS &quot;);<br/>\n     \t        return suite;<br/>\n\t    }<br/>\n<br/>\n\t    /**<br/>\n\t     * Runs the test suite using the textual runner.<br/>\n\t     */<br/>\n\t    public static void main(String[] args) {<br/>\n\t        junit.textui.TestRunner.run(suite());<br/>\n                 }            <br/>\n}<br/>\n<br/>\nWhen I run <br/>\n<br/>\njava -classpath ./junit-4.3.1.jar;. junit.textui.TestRunner <br/>\nEcommerceTestSuite<br/>\n<br/>\nError: java.lang.ClassCastException: class EcommerceTestSuite <br/>\n     <br/>\n<br/>\n<br/>\n <br/>\n <br/>\nRegards<br/>\n <br/>\nVivek</div>", 
    "prevInTime": 19476, 
    "specialLinks": [], 
    "contentTrasformed": false, 
    "postDate": "1182233169", 
    "canDelete": false, 
    "nextInTopic": 19508, 
    "prevInTopic": 0, 
    "headers": {
        "messageIdInHeader": "PGY1N3JvaCtkYWF0QGVHcm91cHMuY29tPg=="
    }
}