{
    "numMessagesInTopic": 2, 
    "nextInTime": 19509, 
    "senderId": "IuwMZuZ6tfo5K1W3wXa0Lvitb_sNu0Vdc7q7v6E0J6Fk75douiNvAynhuhh_TTtJU_2Z-kx7-2d3LnQrrVWoW6a_", 
    "systemMessage": false, 
    "subject": "Re: [junit] Problem encountered while running EcommerceTestSuite", 
    "from": "&quot;David Saff&quot; &lt;saff@...&gt;", 
    "authorName": "David Saff", 
    "msgSnippet": "Vivek, Sorry for the late response.  If you re-write the suite method as public static Test suite() It should work.  Thanks, David Saff", 
    "msgId": 19508, 
    "profile": "dsaff", 
    "topicId": 19477, 
    "spamInfo": {
        "reason": "0", 
        "isSpam": false
    }, 
    "replyTo": "LIST", 
    "userId": 139771899, 
    "messageBody": "<div id=\"ygrps-yiv-388594346\">Vivek,<br/>\n<br/>\nSorry for the late response.  If you re-write the suite method as<br/>\n<br/>\npublic static Test suite()<br/>\n<br/>\nIt should work.  Thanks,<br/>\n<br/>\n   David Saff<br/>\n<br/>\n<br/>\n<blockquote><span title=\"qreply\"> On 6/19/07, viv_2300 &lt;<a rel=\"nofollow\" target=\"_blank\" href=\"mailto:viv_2300@...\">viv_2300@...</a>&gt; wrote:<br/>\n&gt; Hi,<br/>\n&gt;<br/>\n&gt; When I want to run EcommerceTestSuite given on the webpage of &quot;JUnit<br/>\n&gt; Primer&quot; ( <a rel=\"nofollow\" target=\"_blank\" href=\"http://clarkware.com/articles/JUnitPrimer.html)\">http://clarkware.com/articles/JUnitPrimer.html)</a> , I am<br/>\n&gt; ecountering some problem:<br/>\n&gt;<br/>\n&gt; I am getting<br/>\n&gt; Error: java.lang.ClassCastException: class EcommerceTestSuite<br/>\n&gt;<br/>\n&gt; I am simply following the instructions given on the page.<br/>\n&gt;<br/>\n&gt; Can anybody tell me if he/she got similar error while running this<br/>\n&gt; exmaple. Or where I could be going wrong. I am using jdk 1.5. I have<br/>\n&gt; downloaded the examples; compiled them and am trying to run them.<br/>\n&gt;<br/>\n&gt; In fact I am getting this error while sunning the simplest TestSuite:<br/>\n&gt;<br/>\n&gt; import junit.framework.Test;<br/>\n&gt; import junit.framework.TestSuite;<br/>\n&gt;<br/>\n&gt; public class EcommerceTestSuite {<br/>\n&gt;<br/>\n&gt;     public static TestSuite suite() {<br/>\n&gt;<br/>\n&gt;          TestSuite suite = new TestSuite(&quot; ABC TESTS &quot;);<br/>\n&gt;                 return suite;<br/>\n&gt;             }<br/>\n&gt;<br/>\n&gt;             /**<br/>\n&gt;              * Runs the test suite using the textual runner.<br/>\n&gt;              */<br/>\n&gt;             public static void main(String[] args) {<br/>\n&gt;                 junit.textui.TestRunner.run(suite());<br/>\n&gt;                  }<br/>\n&gt; }<br/>\n&gt;<br/>\n&gt; When I run<br/>\n&gt;<br/>\n&gt; java -classpath ./junit-4.3.1.jar;. junit.textui.TestRunner<br/>\n&gt; EcommerceTestSuite<br/>\n&gt;<br/>\n&gt; Error: java.lang.ClassCastException: class EcommerceTestSuite<br/>\n&gt;<br/>\n&gt;<br/>\n&gt;<br/>\n&gt;<br/>\n&gt;<br/>\n&gt; Regards<br/>\n&gt;<br/>\n&gt; Vivek<br/>\n&gt;<br/>\n&gt;<br/>\n&gt;<br/>\n&gt;<br/>\n&gt;<br/>\n&gt; Yahoo! Groups Links<br/>\n&gt;<br/>\n&gt;<br/>\n&gt;<br/>\n&gt; </span></blockquote></div>", 
    "prevInTime": 19507, 
    "specialLinks": [], 
    "contentTrasformed": false, 
    "postDate": "1183056529", 
    "canDelete": false, 
    "nextInTopic": 0, 
    "prevInTopic": 19477, 
    "headers": {
        "inReplyToHeader": "PGY1N3JvaCtkYWF0QGVHcm91cHMuY29tPg==", 
        "messageIdInHeader": "PDRmN2RhNmI5MDcwNjI4MTE0OG8yZmM5ZDgwY3A0YTFmODQzZjM4NzYwZDAzQG1haWwuZ21haWwuY29tPg==", 
        "referencesHeader": "PGY1N3JvaCtkYWF0QGVHcm91cHMuY29tPg=="
    }
}