{
    "numMessagesInTopic": 2, 
    "nextInTime": 20166, 
    "senderId": "je44oG8cxJZmlsi200qDXSR5a0Lz2HNRrrr2-ZvXWYQq-1_PHsskwjydUPFE83vqkrKjC3gbXdV9m5qiExwGwLkrKQ", 
    "systemMessage": true, 
    "subject": "Test Failed to run in Ant JUnit task.", 
    "from": "&quot;ameng68&quot; &lt;mlq1@...&gt;", 
    "authorName": "ameng68", 
    "msgSnippet": "Hello, I am able to run a test case from EClipse GUI without any problem but it failed to run from ant junit task. I am using EClipse 3.3, Junit 4.4 and Ant", 
    "msgId": 20165, 
    "rawEmail": "Return-Path: &lt;mlq1@...&gt;\r\nReceived: (qmail 96718 invoked from network); 14 Dec 2007 02:09:37 -0000\r\nReceived: from unknown (66.218.67.97)\n  by m45.grp.scd.yahoo.com with QMQP; 14 Dec 2007 02:09:37 -0000\r\nReceived: from unknown (HELO n13c.bullet.sp1.yahoo.com) (69.147.64.114)\n  by mta18.grp.scd.yahoo.com with SMTP; 14 Dec 2007 02:09:37 -0000\r\nReceived: from [216.252.122.216] by n13.bullet.sp1.yahoo.com with NNFMP; 14 Dec 2007 02:09:37 -0000\r\nReceived: from [66.218.69.6] by t1.bullet.sp1.yahoo.com with NNFMP; 14 Dec 2007 02:09:37 -0000\r\nReceived: from [66.218.66.79] by t6.bullet.scd.yahoo.com with NNFMP; 14 Dec 2007 02:09:37 -0000\r\nX-Sender: mlq1@...\r\nX-Apparently-To: junit@yahoogroups.com\r\nX-Received: (qmail 69066 invoked from network); 13 Dec 2007 17:23:07 -0000\r\nX-Received: from unknown (66.218.67.95)\n  by m57.grp.scd.yahoo.com with QMQP; 13 Dec 2007 17:23:07 -0000\r\nX-Received: from unknown (HELO n40b.bullet.mail.sp1.yahoo.com) (66.163.168.154)\n  by mta16.grp.scd.yahoo.com with SMTP; 13 Dec 2007 17:23:06 -0000\r\nX-Received: from [216.252.122.218] by n40.bullet.mail.sp1.yahoo.com with NNFMP; 13 Dec 2007 17:23:06 -0000\r\nX-Received: from [66.218.69.6] by t3.bullet.sp1.yahoo.com with NNFMP; 13 Dec 2007 17:23:06 -0000\r\nX-Received: from [66.218.66.88] by t6.bullet.scd.yahoo.com with NNFMP; 13 Dec 2007 17:23:06 -0000\r\nDate: Thu, 13 Dec 2007 17:23:06 -0000\r\nTo: junit@yahoogroups.com\r\nMessage-ID: &lt;fjrppq+avti@...&gt;\r\nUser-Agent: eGroups-EW/0.82\r\nMIME-Version: 1.0\r\nContent-Type: text/plain; charset=&quot;ISO-8859-1&quot;\r\nContent-Transfer-Encoding: quoted-printable\r\nX-Mailer: Yahoo Groups Message Poster\r\nX-Yahoo-Newman-Property: groups-system\r\nX-eGroups-Msg-Info: 1:6:0:0:0\r\nFrom: &quot;ameng68&quot; &lt;mlq1@...&gt;\r\nSubject: Test Failed to run in Ant JUnit task.\r\nX-Yahoo-Group-Post: member; u=76081632; y=WG1mVs6sEjrPoorPT1m7-DRRDPRreoQIAAxgG-7zf5LtGw\r\nX-Yahoo-Profile: ameng68\r\nX-eGroups-Approved-By: spchappell &lt;simonpeterchappell@...&gt; via web; 14 Dec 2007 02:09:35 -0000\r\n\r\nHello,\n\nI am able to run a test case from EClipse GUI without any problem b=\r\nut \nit failed to run from ant junit task. I am using EClipse 3.3, Junit \n4.=\r\n4 and Ant 1.7.0.  The error message is:\n\nBuildfile: C:&#92;mydoc&#92;java_dev&#92;pktes=\r\nt&#92;build.xml\ntest:\n    [junit] Running build/test/com/test/pk/t1Test\n    [ju=\r\nnit] Tests run: 1, Failures: 0, Errors: 1, Time elapsed: 0 sec\n\nBUILD FAILE=\r\nD\nC:&#92;mydoc&#92;java_dev&#92;pktest&#92;build.xml:20: Test \nbuild/test/com/test/pk/t1Tes=\r\nt failed\n\nIt just tells &quot;Errors: 1&quot;. I attach debug info and build.xml. Can=\r\n \nanyone shed some light on this?\n\nThanks a lot and happy Holidays!\nAndrew\n=\r\n\n\nBuild.xml\n\n&lt;?xml version=3D&quot;1.0&quot; encoding=3D&quot;UTF-8&quot;?&gt;\n&lt;!-- =3D=3D=3D=3D=\r\n=3D=3D=3D=3D=3D=3D=3D=3D=3D=3D=3D=3D=3D=3D=3D=3D=3D=3D=3D=3D=3D=3D=3D=3D=3D=\r\n=3D=3D=3D=3D=3D=3D=3D \n     project  pktest\n     =3D=3D=3D=3D=3D=3D=3D=3D=\r\n=3D=3D=3D=3D=3D=3D=3D=3D=3D=3D=3D=3D=3D=3D=3D=3D=3D=3D=3D=3D=3D=3D=3D=3D=3D=\r\n=3D=3D=3D=3D=3D=3D=3D=3D=3D=3D=3D=3D=3D=3D=3D --&gt;\n&lt;project name=3D&quot;pktest&quot; =\r\ndefault=3D&quot;test&quot;&gt;\n\t&lt;property name=3D&quot;src&quot; value=3D&quot;src&quot; /&gt;\n\t&lt;property name=\r\n=3D&quot;src.test&quot; value=3D&quot;test&quot; /&gt;\n\t&lt;property name=3D&quot;build&quot; value=3D&quot;build&quot; /=\r\n&gt;\n\t&lt;property name=3D&quot;classes&quot; value=3D&quot;${build}/classes&quot;/&gt;\n\t&lt;property name=\r\n=3D&quot;test&quot; value=3D&quot;${build}/test&quot;/&gt;\n\t&lt;property name=3D&quot;java.class.path&quot; val=\r\nue=3D&quot;C:&#92;Program \nFiles&#92;Java&#92;jdk1.6.0&#92;lib&quot;/&gt;\n\n\t&lt;path id=3D&quot;project.class.pa=\r\nth&quot;&gt;\n\t    &lt;pathelement path=3D&quot;${java.class.path}/&quot;/&gt;\n\t\t&lt;pathelement path=\r\n=3D&quot;${classes}/&quot;/&gt;\n\t\t&lt;pathelement path=3D&quot;C:&#92;mydoc&#92;grid&#92;junit-4.4.zip&quot;/&gt;\n\t =\r\n&lt;/path&gt;\n\n\t&lt;target name=3D&quot;test&quot;  description=3D&quot;Perform Unit testing&quot; &gt;\n\t  =\r\n  &lt;junit printsummary=3D&quot;on&quot; haltonerror=3D&quot;true&quot; &gt;\n\t      &lt;test name=3D&quot;${=\r\ntest}/com/test/pk/t1Test&quot;/&gt;\n\t      &lt;classpath refid=3D&quot;project.class.path&quot; =\r\n/&gt;\n\t    &lt;/junit&gt;\n   &lt;/target&gt;\n\t\n&lt;/project&gt;\n\n\nDebug info:\nC:&#92;mydoc&#92;java_dev&#92;=\r\npktest&gt;c:&#92;ant&#92;bin&#92;ant -debug\nApache Ant version 1.7.0 compiled on December =\r\n13 2006\nBuildfile: build.xml\nAdding reference: ant.PropertyHelper\nDetected =\r\nJava version: 1.6 in: C:&#92;Program Files&#92;Java&#92;jdk1.6.0&#92;jre\nDetected OS: Windo=\r\nws XP\nAdding reference: ant.ComponentHelper\nSetting ro project property: an=\r\nt.file -&gt; \nC:&#92;mydoc&#92;java_dev&#92;pktest&#92;build.xml\nAdding reference: ant.project=\r\nHelper\nAdding reference: ant.parsing.context\nAdding reference: ant.targets\n=\r\nparsing buildfile C:&#92;mydoc&#92;java_dev&#92;pktest&#92;build.xml with URI =3D \nfile:/C:=\r\n/mydoc/java_dev/pktest/build.xml\nSetting ro project property: ant.project.n=\r\name -&gt; pktest\nAdding reference: pktest\nSetting ro project property: ant.fil=\r\ne.pktest -&gt; \nC:&#92;mydoc&#92;java_dev&#92;pktest&#92;build.xml\nProject base dir set to: C:=\r\n&#92;mydoc&#92;java_dev&#92;pktest\n +Target:\n +Target: test\n[antlib:org.apache.tools.an=\r\nt] Could not load definitions from \nresource org/apache/tools/ant/antlib.xm=\r\nl. It could\n not be found.\nSetting project property: src -&gt; src\nSetting pro=\r\nject property: src.test -&gt; test\nSetting project property: build -&gt; build\nSe=\r\ntting project property: classes -&gt; build/classes\nSetting project property: =\r\ntest -&gt; build/test\nOverride ignored for property &quot;java.class.path&quot;\nAdding r=\r\neference: project.class.path\nAttempting to create object of type \norg.apach=\r\ne.tools.ant.helper.DefaultExecutor\nAdding reference: ant.executor\nBuild seq=\r\nuence for target(s) `test&#39; is [test]\nComplete build sequence is [test, ]\n\nt=\r\nest:\n    [junit] Couldn&#39;t find junit/framework/TestCase.class\n    [junit] F=\r\nound C:&#92;ant&#92;lib&#92;ant-launcher.jar\n    [junit] Found C:&#92;ant&#92;lib&#92;ant.jar\n    [=\r\njunit] Found C:&#92;ant&#92;lib&#92;ant-junit.jar\nFinding class junit.framework.Test\nLo=\r\naded from C:&#92;mydoc&#92;grid&#92;junit-4.4.zip junit/framework/Test.class\nClass java=\r\n.lang.Object loaded from parent loader (parentFirst)\nClass junit.framework.=\r\nTest loaded from ant loader (parentFirst)\nFinding class \norg.apache.tools.a=\r\nnt.taskdefs.optional.junit.JUnitTaskMirrorImpl\nLoaded from C:&#92;ant&#92;lib&#92;ant-j=\r\nunit.jar \norg/apache/tools/ant/taskdefs/optional/junit/JUnitTaskMirrorImpl.=\r\nclass\nClass org.apache.tools.ant.taskdefs.optional.junit.JUnitTaskMirror \nl=\r\noaded from parent loader (parentFirst)\nClass java.lang.Throwable loaded fro=\r\nm parent loader (parentFirst)\nFinding class junit.framework.AssertionFailed=\r\nError\nLoaded from C:&#92;mydoc&#92;grid&#92;junit-4.4.zip \njunit/framework/AssertionFai=\r\nledError.class\nClass java.lang.AssertionError loaded from parent loader (pa=\r\nrentFirst)\nClass junit.framework.AssertionFailedError loaded from ant loade=\r\nr \n(parentFirst)\nClass \norg.apache.tools.ant.taskdefs.optional.junit.JUnitT=\r\naskMirror$SummaryJU\nnitResultFormatterMirror loaded from\n parent loader (pa=\r\nrentFirst)\nClass java.lang.ClassLoader loaded from parent loader (parentFir=\r\nst)\nClass org.apache.tools.ant.AntClassLoader loaded from parent loader \n(p=\r\narentFirst)\nClass \norg.apache.tools.ant.taskdefs.optional.junit.JUnitTaskMi=\r\nrror$JUnitTest\nRunnerMirror loaded from parent load\ner (parentFirst)\nClass =\r\norg.apache.tools.ant.taskdefs.optional.junit.JUnitTask loaded \nfrom parent =\r\nloader (parentFirst)\nFinding class \norg.apache.tools.ant.taskdefs.optional.=\r\njunit.JUnitTestRunner\nLoaded from C:&#92;ant&#92;lib&#92;ant-junit.jar \norg/apache/tool=\r\ns/ant/taskdefs/optional/junit/JUnitTestRunner.class\nFinding class junit.fra=\r\nmework.TestListener\nLoaded from C:&#92;mydoc&#92;grid&#92;junit-4.4.zip \njunit/framewor=\r\nk/TestListener.class\nClass junit.framework.TestListener loaded from ant loa=\r\nder \n(parentFirst)\nClass java.io.IOException loaded from parent loader (par=\r\nentFirst)\nClass java.util.Hashtable loaded from parent loader (parentFirst)=\r\n\nClass java.util.Properties loaded from parent loader (parentFirst)\nClass j=\r\nava.lang.Exception loaded from parent loader (parentFirst)\nClass java.io.Wr=\r\niter loaded from parent loader (parentFirst)\nClass java.io.StringWriter loa=\r\nded from parent loader (parentFirst)\nClass java.io.Reader loaded from paren=\r\nt loader (parentFirst)\nClass java.io.StringReader loaded from parent loader=\r\n (parentFirst)\nFinding class \norg.apache.tools.ant.taskdefs.optional.junit.=\r\nJUnitResultFormatter\nLoaded from C:&#92;ant&#92;lib&#92;ant-junit.jar \norg/apache/tools=\r\n/ant/taskdefs/optional/junit/JUnitResultFormatter.clas\ns\nClass \norg.apache.=\r\ntools.ant.taskdefs.optional.junit.JUnitTaskMirror$JUnitResu\nltFormatterMirr=\r\nor loaded from parent\n loader (parentFirst)\nClass java.lang.ClassNotFoundEx=\r\nception loaded from parent loader \n(parentFirst)\nClass java.lang.NoClassDef=\r\nFoundError loaded from parent loader \n(parentFirst)\nClass java.lang.NoSuchM=\r\nethodException loaded from parent loader \n(parentFirst)\nClass java.io.Outpu=\r\ntStream loaded from parent loader (parentFirst)\nClass java.io.ByteArrayOutp=\r\nutStream loaded from parent loader \n(parentFirst)\nFinding class \norg.apache=\r\n.tools.ant.taskdefs.optional.junit.JUnitTestRunner$1\nLoaded from C:&#92;ant&#92;lib=\r\n&#92;ant-junit.jar \norg/apache/tools/ant/taskdefs/optional/junit/JUnitTestRunne=\r\nr$1.class\nFinding class \norg.apache.tools.ant.taskdefs.optional.junit.JUnit=\r\nTestRunner$2\nLoaded from C:&#92;ant&#92;lib&#92;ant-junit.jar \norg/apache/tools/ant/tas=\r\nkdefs/optional/junit/JUnitTestRunner$2.class\nClass java.io.PrintStream load=\r\ned from parent loader (parentFirst)\nClass org.apache.tools.ant.util.TeeOutp=\r\nutStream loaded from parent \nloader (parentFirst)\nClass java.lang.Class loa=\r\nded from parent loader (parentFirst)\nClass org.apache.tools.ant.BuildExcept=\r\nion loaded from parent loader \n(parentFirst)\nClass java.io.InputStream load=\r\ned from parent loader (parentFirst)\nClass java.io.FileInputStream loaded fr=\r\nom parent loader (parentFirst)\nClass java.io.FileReader loaded from parent =\r\nloader (parentFirst)\nClass java.io.BufferedReader loaded from parent loader=\r\n (parentFirst)\nClass java.lang.String loaded from parent loader (parentFirs=\r\nt)\nClass java.util.Vector loaded from parent loader (parentFirst)\nFinding c=\r\nlass \norg.apache.tools.ant.taskdefs.optional.junit.SummaryJUnitResultFormat=\r\nt\ner\nLoaded from C:&#92;ant&#92;lib&#92;ant-junit.jar \norg/apache/tools/ant/taskdefs/op=\r\ntional/junit/SummaryJUnitResultFormatt\ner.cl\nass\nClass java.text.NumberForm=\r\nat loaded from parent loader (parentFirst)\nFinding class junit.framework.Te=\r\nstResult\nLoaded from C:&#92;mydoc&#92;grid&#92;junit-4.4.zip \njunit/framework/TestResul=\r\nt.class\nClass junit.framework.TestResult loaded from ant loader (parentFirs=\r\nt)\nClass java.lang.ThreadDeath loaded from parent loader (parentFirst)\nClas=\r\ns java.util.List loaded from parent loader (parentFirst)\nClass java.util.Co=\r\nllection loaded from parent loader (parentFirst)\nFinding class junit.framew=\r\nork.Protectable\nLoaded from C:&#92;mydoc&#92;grid&#92;junit-4.4.zip \njunit/framework/Pr=\r\notectable.class\nClass junit.framework.Protectable loaded from ant loader (p=\r\narentFirst)\nClass java.util.ArrayList loaded from parent loader (parentFirs=\r\nt)\nFinding class \norg.apache.tools.ant.taskdefs.optional.junit.JUnitTestRun=\r\nner$4\nLoaded from C:&#92;ant&#92;lib&#92;ant-junit.jar \norg/apache/tools/ant/taskdefs/o=\r\nptional/junit/JUnitTestRunner$4.class\nClass org.apache.tools.ant.taskdefs.o=\r\nptional.junit.JUnitTest loaded \nfrom parent loader (parentFirst)\nClass java=\r\n.lang.System loaded from parent loader (parentFirst)\nClass java.lang.String=\r\nBuffer loaded from parent loader (parentFirst)\n    [junit] Running build/te=\r\nst/com/test/pk/t1Test\n    [junit] Tests run: 1, Failures: 0, Errors: 1, Tim=\r\ne elapsed: 0 sec\n\nBUILD FAILED\nC:&#92;mydoc&#92;java_dev&#92;pktest&#92;build.xml:20: Test =\r\n\nbuild/test/com/test/pk/t1Test failed\n        at \norg.apache.tools.ant.task=\r\ndefs.optional.junit.JUnitTask.actOnTestResult\n(JUnitTask.java:1712)\n       =\r\n at \norg.apache.tools.ant.taskdefs.optional.junit.JUnitTask.execute\n(JUnitT=\r\nask.java:820)\n        at \norg.apache.tools.ant.taskdefs.optional.junit.JUni=\r\ntTask.executeOrQueue\n(JUnitTask.java:1657)\n        at \norg.apache.tools.ant=\r\n.taskdefs.optional.junit.JUnitTask.execute\n(JUnitTask.java:764)\n        at =\r\norg.apache.tools.ant.UnknownElement.execute\n(UnknownElement.java:288)\n     =\r\n   at sun.reflect.NativeMethodAccessorImpl.invoke0(Native Method)\n        a=\r\nt sun.reflect.NativeMethodAccessorImpl.invoke\n(NativeMethodAccessorImpl.jav=\r\na:39)\n        at sun.reflect.DelegatingMethodAccessorImpl.invoke\n(Delegatin=\r\ngMethodAccessorImpl.java:25)\n        at java.lang.reflect.Method.invoke(Met=\r\nhod.java:597)\n        at org.apache.tools.ant.dispatch.DispatchUtils.execut=\r\ne\n(DispatchUtils.java:105)\n        at org.apache.tools.ant.Task.perform(Tas=\r\nk.java:348)\n        at org.apache.tools.ant.Target.execute(Target.java:357)=\r\n\n        at org.apache.tools.ant.Target.performTasks(Target.java:385)\n     =\r\n   at org.apache.tools.ant.Project.executeSortedTargets\n(Project.java:1329)=\r\n\n        at org.apache.tools.ant.Project.executeTarget\n(Project.java:1298)\n=\r\n        at org.apache.tools.ant.helper.DefaultExecutor.executeTargets\n(Defa=\r\nultExecutor.java:41)\n        at org.apache.tools.ant.Project.executeTargets=\r\n\n(Project.java:1181)\n        at org.apache.tools.ant.Main.runBuild(Main.jav=\r\na:698)\n        at org.apache.tools.ant.Main.startAnt(Main.java:199)\n       =\r\n at org.apache.tools.ant.launch.Launcher.run(Launcher.java:257)\n        at =\r\norg.apache.tools.ant.launch.Launcher.main\n(Launcher.java:104)\n\nTotal time: =\r\n2 seconds\n\n\n\n", 
    "profile": "ameng68", 
    "topicId": 20165, 
    "spamInfo": {
        "reason": "6", 
        "isSpam": false
    }, 
    "replyTo": "LIST", 
    "userId": 76081632, 
    "prevInTime": 20164, 
    "contentTrasformed": false, 
    "postDate": "1197566586", 
    "canDelete": false, 
    "nextInTopic": 20166, 
    "prevInTopic": 0, 
    "headers": {
        "messageIdInHeader": "PGZqcnBwcSthdnRpQGVHcm91cHMuY29tPg=="
    }
}