{
    "numMessagesInTopic": 2, 
    "nextInTime": 20166, 
    "senderId": "hOCG0fdP6u0P33ILboQMfGi1c-KR-jyNLEdl-46s1bXWyRSwXJSzsmSVQvjNnWJBKv4jzuafiAPfV2gV6ELG-Qz7TQ", 
    "systemMessage": true, 
    "subject": "Test Failed to run in Ant JUnit task.", 
    "from": "&quot;ameng68&quot; &lt;mlq1@...&gt;", 
    "authorName": "ameng68", 
    "msgSnippet": "Hello, I am able to run a test case from EClipse GUI without any problem but it failed to run from ant junit task. I am using EClipse 3.3, Junit 4.4 and Ant", 
    "msgId": 20165, 
    "profile": "ameng68", 
    "topicId": 20165, 
    "spamInfo": {
        "reason": "6", 
        "isSpam": false
    }, 
    "replyTo": "LIST", 
    "userId": 76081632, 
    "messageBody": "<div id=\"ygrps-yiv-654501970\">Hello,<br/>\n<br/>\nI am able to run a test case from EClipse GUI without any problem but <br/>\nit failed to run from ant junit task. I am using EClipse 3.3, Junit <br/>\n4.4 and Ant 1.7.0.  The error message is:<br/>\n<br/>\nBuildfile: C:&#92;mydoc&#92;java_dev&#92;pktest&#92;build.xml<br/>\ntest:<br/>\n    [junit] Running build/test/com/test/pk/t1Test<br/>\n    [junit] Tests run: 1, Failures: 0, Errors: 1, Time elapsed: 0 sec<br/>\n<br/>\nBUILD FAILED<br/>\nC:&#92;mydoc&#92;java_dev&#92;pktest&#92;build.xml:20: Test <br/>\nbuild/test/com/test/pk/t1Test failed<br/>\n<br/>\nIt just tells &quot;Errors: 1&quot;. I attach debug info and build.xml. Can <br/>\nanyone shed some light on this?<br/>\n<br/>\nThanks a lot and happy Holidays!<br/>\nAndrew<br/>\n<br/>\n<br/>\nBuild.xml<br/>\n<br/>\n&lt;?xml version=&quot;1.0&quot; encoding=&quot;UTF-8&quot;?&gt;<br/>\n&lt;!-- ==================================== <br/>\n     project  pktest<br/>\n     ================================================ --&gt;<br/>\n&lt;project name=&quot;pktest&quot; default=&quot;test&quot;&gt;<br/>\n\t&lt;property name=&quot;src&quot; value=&quot;src&quot; /&gt;<br/>\n\t&lt;property name=&quot;src.test&quot; value=&quot;test&quot; /&gt;<br/>\n\t&lt;property name=&quot;build&quot; value=&quot;build&quot; /&gt;<br/>\n\t&lt;property name=&quot;classes&quot; value=&quot;${build}/classes&quot;/&gt;<br/>\n\t&lt;property name=&quot;test&quot; value=&quot;${build}/test&quot;/&gt;<br/>\n\t&lt;property name=&quot;java.class.path&quot; value=&quot;C:&#92;Program <br/>\nFiles&#92;Java&#92;jdk1.6.0&#92;lib&quot;/&gt;<br/>\n<br/>\n\t&lt;path id=&quot;project.class.path&quot;&gt;<br/>\n\t    &lt;pathelement path=&quot;${java.class.path}/&quot;/&gt;<br/>\n\t\t&lt;pathelement path=&quot;${classes}/&quot;/&gt;<br/>\n\t\t&lt;pathelement path=&quot;C:&#92;mydoc&#92;grid&#92;junit-4.4.zip&quot;/&gt;<br/>\n\t &lt;/path&gt;<br/>\n<br/>\n\t&lt;target name=&quot;test&quot;  description=&quot;Perform Unit testing&quot; &gt;<br/>\n\t    &lt;junit printsummary=&quot;on&quot; haltonerror=&quot;true&quot; &gt;<br/>\n\t      &lt;test name=&quot;${test}/com/test/pk/t1Test&quot;/&gt;<br/>\n\t      &lt;classpath refid=&quot;project.class.path&quot; /&gt;<br/>\n\t    &lt;/junit&gt;<br/>\n   &lt;/target&gt;<br/>\n\t<br/>\n&lt;/project&gt;<br/>\n<br/>\n<br/>\nDebug info:<br/>\nC:&#92;mydoc&#92;java_dev&#92;pktest&gt;c:&#92;ant&#92;bin&#92;ant -debug<br/>\nApache Ant version 1.7.0 compiled on December 13 2006<br/>\nBuildfile: build.xml<br/>\nAdding reference: ant.PropertyHelper<br/>\nDetected Java version: 1.6 in: C:&#92;Program Files&#92;Java&#92;jdk1.6.0&#92;jre<br/>\nDetected OS: Windows XP<br/>\nAdding reference: ant.ComponentHelper<br/>\nSetting ro project property: ant.file -&gt; <br/>\nC:&#92;mydoc&#92;java_dev&#92;pktest&#92;build.xml<br/>\nAdding reference: ant.projectHelper<br/>\nAdding reference: ant.parsing.context<br/>\nAdding reference: ant.targets<br/>\nparsing buildfile C:&#92;mydoc&#92;java_dev&#92;pktest&#92;build.xml with URI = <br/>\nfile:/C:/mydoc/java_dev/pktest/build.xml<br/>\nSetting ro project property: ant.project.name -&gt; pktest<br/>\nAdding reference: pktest<br/>\nSetting ro project property: ant.file.pktest -&gt; <br/>\nC:&#92;mydoc&#92;java_dev&#92;pktest&#92;build.xml<br/>\nProject base dir set to: C:&#92;mydoc&#92;java_dev&#92;pktest<br/>\n +Target:<br/>\n +Target: test<br/>\n[antlib:org.apache.tools.ant] Could not load definitions from <br/>\nresource org/apache/tools/ant/antlib.xml. It could<br/>\n not be found.<br/>\nSetting project property: src -&gt; src<br/>\nSetting project property: src.test -&gt; test<br/>\nSetting project property: build -&gt; build<br/>\nSetting project property: classes -&gt; build/classes<br/>\nSetting project property: test -&gt; build/test<br/>\nOverride ignored for property &quot;java.class.path&quot;<br/>\nAdding reference: project.class.path<br/>\nAttempting to create object of type <br/>\norg.apache.tools.ant.helper.DefaultExecutor<br/>\nAdding reference: ant.executor<br/>\nBuild sequence for target(s) `test&#39; is [test]<br/>\nComplete build sequence is [test, ]<br/>\n<br/>\ntest:<br/>\n    [junit] Couldn&#39;t find junit/framework/TestCase.class<br/>\n    [junit] Found C:&#92;ant&#92;lib&#92;ant-launcher.jar<br/>\n    [junit] Found C:&#92;ant&#92;lib&#92;ant.jar<br/>\n    [junit] Found C:&#92;ant&#92;lib&#92;ant-junit.jar<br/>\nFinding class junit.framework.Test<br/>\nLoaded from C:&#92;mydoc&#92;grid&#92;junit-4.4.zip junit/framework/Test.class<br/>\nClass java.lang.Object loaded from parent loader (parentFirst)<br/>\nClass junit.framework.Test loaded from ant loader (parentFirst)<br/>\nFinding class <br/>\norg.apache.tools.ant.taskdefs.optional.junit.JUnitTaskMirrorImpl<br/>\nLoaded from C:&#92;ant&#92;lib&#92;ant-junit.jar <br/>\norg/apache/tools/ant/taskdefs/optional/junit/JUnitTaskMirrorImpl.class<br/>\nClass org.apache.tools.ant.taskdefs.optional.junit.JUnitTaskMirror <br/>\nloaded from parent loader (parentFirst)<br/>\nClass java.lang.Throwable loaded from parent loader (parentFirst)<br/>\nFinding class junit.framework.AssertionFailedError<br/>\nLoaded from C:&#92;mydoc&#92;grid&#92;junit-4.4.zip <br/>\njunit/framework/AssertionFailedError.class<br/>\nClass java.lang.AssertionError loaded from parent loader (parentFirst)<br/>\nClass junit.framework.AssertionFailedError loaded from ant loader <br/>\n(parentFirst)<br/>\nClass <br/>\norg.apache.tools.ant.taskdefs.optional.junit.JUnitTaskMirror$SummaryJU<br/>\nnitResultFormatterMirror loaded from<br/>\n parent loader (parentFirst)<br/>\nClass java.lang.ClassLoader loaded from parent loader (parentFirst)<br/>\nClass org.apache.tools.ant.AntClassLoader loaded from parent loader <br/>\n(parentFirst)<br/>\nClass <br/>\norg.apache.tools.ant.taskdefs.optional.junit.JUnitTaskMirror$JUnitTest<br/>\nRunnerMirror loaded from parent load<br/>\ner (parentFirst)<br/>\nClass org.apache.tools.ant.taskdefs.optional.junit.JUnitTask loaded <br/>\nfrom parent loader (parentFirst)<br/>\nFinding class <br/>\norg.apache.tools.ant.taskdefs.optional.junit.JUnitTestRunner<br/>\nLoaded from C:&#92;ant&#92;lib&#92;ant-junit.jar <br/>\norg/apache/tools/ant/taskdefs/optional/junit/JUnitTestRunner.class<br/>\nFinding class junit.framework.TestListener<br/>\nLoaded from C:&#92;mydoc&#92;grid&#92;junit-4.4.zip <br/>\njunit/framework/TestListener.class<br/>\nClass junit.framework.TestListener loaded from ant loader <br/>\n(parentFirst)<br/>\nClass java.io.IOException loaded from parent loader (parentFirst)<br/>\nClass java.util.Hashtable loaded from parent loader (parentFirst)<br/>\nClass java.util.Properties loaded from parent loader (parentFirst)<br/>\nClass java.lang.Exception loaded from parent loader (parentFirst)<br/>\nClass java.io.Writer loaded from parent loader (parentFirst)<br/>\nClass java.io.StringWriter loaded from parent loader (parentFirst)<br/>\nClass java.io.Reader loaded from parent loader (parentFirst)<br/>\nClass java.io.StringReader loaded from parent loader (parentFirst)<br/>\nFinding class <br/>\norg.apache.tools.ant.taskdefs.optional.junit.JUnitResultFormatter<br/>\nLoaded from C:&#92;ant&#92;lib&#92;ant-junit.jar <br/>\norg/apache/tools/ant/taskdefs/optional/junit/JUnitResultFormatter.clas<br/>\ns<br/>\nClass <br/>\norg.apache.tools.ant.taskdefs.optional.junit.JUnitTaskMirror$JUnitResu<br/>\nltFormatterMirror loaded from parent<br/>\n loader (parentFirst)<br/>\nClass java.lang.ClassNotFoundException loaded from parent loader <br/>\n(parentFirst)<br/>\nClass java.lang.NoClassDefFoundError loaded from parent loader <br/>\n(parentFirst)<br/>\nClass java.lang.NoSuchMethodException loaded from parent loader <br/>\n(parentFirst)<br/>\nClass java.io.OutputStream loaded from parent loader (parentFirst)<br/>\nClass java.io.ByteArrayOutputStream loaded from parent loader <br/>\n(parentFirst)<br/>\nFinding class <br/>\norg.apache.tools.ant.taskdefs.optional.junit.JUnitTestRunner$1<br/>\nLoaded from C:&#92;ant&#92;lib&#92;ant-junit.jar <br/>\norg/apache/tools/ant/taskdefs/optional/junit/JUnitTestRunner$1.class<br/>\nFinding class <br/>\norg.apache.tools.ant.taskdefs.optional.junit.JUnitTestRunner$2<br/>\nLoaded from C:&#92;ant&#92;lib&#92;ant-junit.jar <br/>\norg/apache/tools/ant/taskdefs/optional/junit/JUnitTestRunner$2.class<br/>\nClass java.io.PrintStream loaded from parent loader (parentFirst)<br/>\nClass org.apache.tools.ant.util.TeeOutputStream loaded from parent <br/>\nloader (parentFirst)<br/>\nClass java.lang.Class loaded from parent loader (parentFirst)<br/>\nClass org.apache.tools.ant.BuildException loaded from parent loader <br/>\n(parentFirst)<br/>\nClass java.io.InputStream loaded from parent loader (parentFirst)<br/>\nClass java.io.FileInputStream loaded from parent loader (parentFirst)<br/>\nClass java.io.FileReader loaded from parent loader (parentFirst)<br/>\nClass java.io.BufferedReader loaded from parent loader (parentFirst)<br/>\nClass java.lang.String loaded from parent loader (parentFirst)<br/>\nClass java.util.Vector loaded from parent loader (parentFirst)<br/>\nFinding class <br/>\norg.apache.tools.ant.taskdefs.optional.junit.SummaryJUnitResultFormatt<br/>\ner<br/>\nLoaded from C:&#92;ant&#92;lib&#92;ant-junit.jar <br/>\norg/apache/tools/ant/taskdefs/optional/junit/SummaryJUnitResultFormatt<br/>\ner.cl<br/>\nass<br/>\nClass java.text.NumberFormat loaded from parent loader (parentFirst)<br/>\nFinding class junit.framework.TestResult<br/>\nLoaded from C:&#92;mydoc&#92;grid&#92;junit-4.4.zip <br/>\njunit/framework/TestResult.class<br/>\nClass junit.framework.TestResult loaded from ant loader (parentFirst)<br/>\nClass java.lang.ThreadDeath loaded from parent loader (parentFirst)<br/>\nClass java.util.List loaded from parent loader (parentFirst)<br/>\nClass java.util.Collection loaded from parent loader (parentFirst)<br/>\nFinding class junit.framework.Protectable<br/>\nLoaded from C:&#92;mydoc&#92;grid&#92;junit-4.4.zip <br/>\njunit/framework/Protectable.class<br/>\nClass junit.framework.Protectable loaded from ant loader (parentFirst)<br/>\nClass java.util.ArrayList loaded from parent loader (parentFirst)<br/>\nFinding class <br/>\norg.apache.tools.ant.taskdefs.optional.junit.JUnitTestRunner$4<br/>\nLoaded from C:&#92;ant&#92;lib&#92;ant-junit.jar <br/>\norg/apache/tools/ant/taskdefs/optional/junit/JUnitTestRunner$4.class<br/>\nClass org.apache.tools.ant.taskdefs.optional.junit.JUnitTest loaded <br/>\nfrom parent loader (parentFirst)<br/>\nClass java.lang.System loaded from parent loader (parentFirst)<br/>\nClass java.lang.StringBuffer loaded from parent loader (parentFirst)<br/>\n    [junit] Running build/test/com/test/pk/t1Test<br/>\n    [junit] Tests run: 1, Failures: 0, Errors: 1, Time elapsed: 0 sec<br/>\n<br/>\nBUILD FAILED<br/>\nC:&#92;mydoc&#92;java_dev&#92;pktest&#92;build.xml:20: Test <br/>\nbuild/test/com/test/pk/t1Test failed<br/>\n        at <br/>\norg.apache.tools.ant.taskdefs.optional.junit.JUnitTask.actOnTestResult<br/>\n(JUnitTask.java:1712)<br/>\n        at <br/>\norg.apache.tools.ant.taskdefs.optional.junit.JUnitTask.execute<br/>\n(JUnitTask.java:820)<br/>\n        at <br/>\norg.apache.tools.ant.taskdefs.optional.junit.JUnitTask.executeOrQueue<br/>\n(JUnitTask.java:1657)<br/>\n        at <br/>\norg.apache.tools.ant.taskdefs.optional.junit.JUnitTask.execute<br/>\n(JUnitTask.java:764)<br/>\n        at org.apache.tools.ant.UnknownElement.execute<br/>\n(UnknownElement.java:288)<br/>\n        at sun.reflect.NativeMethodAccessorImpl.invoke0(Native Method)<br/>\n        at sun.reflect.NativeMethodAccessorImpl.invoke<br/>\n(NativeMethodAccessorImpl.java:39)<br/>\n        at sun.reflect.DelegatingMethodAccessorImpl.invoke<br/>\n(DelegatingMethodAccessorImpl.java:25)<br/>\n        at java.lang.reflect.Method.invoke(Method.java:597)<br/>\n        at org.apache.tools.ant.dispatch.DispatchUtils.execute<br/>\n(DispatchUtils.java:105)<br/>\n        at org.apache.tools.ant.Task.perform(Task.java:348)<br/>\n        at org.apache.tools.ant.Target.execute(Target.java:357)<br/>\n        at org.apache.tools.ant.Target.performTasks(Target.java:385)<br/>\n        at org.apache.tools.ant.Project.executeSortedTargets<br/>\n(Project.java:1329)<br/>\n        at org.apache.tools.ant.Project.executeTarget<br/>\n(Project.java:1298)<br/>\n        at org.apache.tools.ant.helper.DefaultExecutor.executeTargets<br/>\n(DefaultExecutor.java:41)<br/>\n        at org.apache.tools.ant.Project.executeTargets<br/>\n(Project.java:1181)<br/>\n        at org.apache.tools.ant.Main.runBuild(Main.java:698)<br/>\n        at org.apache.tools.ant.Main.startAnt(Main.java:199)<br/>\n        at org.apache.tools.ant.launch.Launcher.run(Launcher.java:257)<br/>\n        at org.apache.tools.ant.launch.Launcher.main<br/>\n(Launcher.java:104)<br/>\n<br/>\nTotal time: 2 seconds</div>", 
    "prevInTime": 20164, 
    "specialLinks": [], 
    "contentTrasformed": false, 
    "postDate": "1197566586", 
    "canDelete": false, 
    "nextInTopic": 20166, 
    "prevInTopic": 0, 
    "headers": {
        "messageIdInHeader": "PGZqcnBwcSthdnRpQGVHcm91cHMuY29tPg=="
    }
}