{
    "numMessagesInTopic": 1, 
    "nextInTime": 20464, 
    "senderId": "CVPcKHKXmO3bp6NMSDOwf148LoL5QglQNsRWMB1tymBnAuO636W7_ly63gO-BZfkMBLRIajJkRomZ1f8XlqayDeK0A", 
    "systemMessage": true, 
    "subject": "junit 3.8.1  and eclipse 3.2", 
    "from": "&quot;mkirti&quot; &lt;magearc@...&gt;", 
    "authorName": "mkirti", 
    "msgSnippet": "I am trying to run my testcases in eclipses using junit 3.8.1 I am getting the runtime exeception saying java.lang.IllegalArgumentException: Error: parameter", 
    "msgId": 20463, 
    "profile": "mkirti", 
    "topicId": 20463, 
    "spamInfo": {
        "reason": "6", 
        "isSpam": false
    }, 
    "replyTo": "LIST", 
    "userId": 344368288, 
    "messageBody": "<div id=\"ygrps-yiv-636323058\">I am trying to run my testcases in eclipses using junit 3.8.1<br/>\nI am getting the runtime exeception saying<br/>\n<br/>\njava.lang.IllegalArgumentException: Error: parameter &#39;-port&#39; not specified<br/>\n\tat<br/>\norg.eclipse.jdt.internal.junit.runner.RemoteTestRunner.defaultInit(RemoteTestRunner.java:299)<br/>\n\tat<br/>\norg.eclipse.jdt.internal.junit.runner.RemoteTestRunner.init(RemoteTestRunner.java:210)<br/>\n\tat<br/>\norg.eclipse.jdt.internal.junit.runner.RemoteTestRunner.main(RemoteTestRunner.java:195)<br/>\n<br/>\nany idea why this is happening, no pblm at compiletime though.</div>", 
    "prevInTime": 20462, 
    "specialLinks": [], 
    "contentTrasformed": false, 
    "postDate": "1209207931", 
    "canDelete": false, 
    "nextInTopic": 0, 
    "prevInTopic": 0, 
    "headers": {
        "messageIdInHeader": "PGZ1djI5citncjEzQGVHcm91cHMuY29tPg=="
    }
}