{
    "numMessagesInTopic": 2, 
    "nextInTime": 20739, 
    "senderId": "TyDZKblCjf4-CHnX2NVaBreB03Q0uB90DUpaocwGnH_3yiqRrbFHC9uh1Hp5d8grROT8ok0tSvDIg26cpPy16VqgYioISV8", 
    "systemMessage": true, 
    "subject": "[junit] ClassNotFoundException ant, junit, eclipse", 
    "from": "mfugleru &lt;mfugle-1@...&gt;", 
    "authorName": "mfugleru", 
    "msgSnippet": "Hello, I am trying to build my java project with a build.xml file using ant in eclipse. The problem is the JUnit part of the build (it builds sucessfull", 
    "msgId": 20738, 
    "rawEmail": "Return-Path: &lt;mfugle-1@...&gt;\r\nReceived: (qmail 34943 invoked from network); 1 Aug 2008 15:18:28 -0000\r\nReceived: from unknown (66.218.67.95)\n  by m49.grp.scd.yahoo.com with QMQP; 1 Aug 2008 15:18:28 -0000\r\nReceived: from unknown (HELO n41d.bullet.mail.sp1.yahoo.com) (66.163.169.147)\n  by mta16.grp.scd.yahoo.com with SMTP; 1 Aug 2008 15:18:27 -0000\r\nReceived: from [216.252.122.216] by n41.bullet.mail.sp1.yahoo.com with NNFMP; 01 Aug 2008 15:18:27 -0000\r\nReceived: from [66.218.69.6] by t1.bullet.sp1.yahoo.com with NNFMP; 01 Aug 2008 15:18:27 -0000\r\nReceived: from [66.218.66.74] by t6.bullet.scd.yahoo.com with NNFMP; 01 Aug 2008 15:18:27 -0000\r\nX-Sender: mfugle-1@...\r\nX-Apparently-To: junit@yahoogroups.com\r\nX-Received: (qmail 96327 invoked from network); 1 Aug 2008 12:47:33 -0000\r\nX-Received: from unknown (66.218.67.97)\n  by m57.grp.scd.yahoo.com with QMQP; 1 Aug 2008 12:47:33 -0000\r\nX-Received: from unknown (HELO kuber.nabble.com) (216.139.236.158)\n  by mta18.grp.scd.yahoo.com with SMTP; 1 Aug 2008 12:47:33 -0000\r\nX-Received: from isper.nabble.com ([192.168.236.156])\n\tby kuber.nabble.com with esmtp (Exim 4.63)\n\t(envelope-from &lt;mfugle-1@...&gt;)\n\tid 1KOu2e-0006Pg-RA\n\tfor junit@yahoogroups.com; Fri, 01 Aug 2008 05:47:32 -0700\r\nMessage-ID: &lt;18773107.post@...&gt;\r\nDate: Fri, 1 Aug 2008 05:47:32 -0700 (PDT)\r\nTo: junit@yahoogroups.com\r\nMIME-Version: 1.0\r\nContent-Type: text/plain; charset=us-ascii\r\nContent-Transfer-Encoding: 7bit\r\nX-Nabble-From: mfugle-1@...\r\nX-eGroups-Msg-Info: 1:12:0:0:0\r\nFrom: mfugleru &lt;mfugle-1@...&gt;\r\nSubject: [junit] ClassNotFoundException ant, junit, eclipse\r\nX-Yahoo-Group-Post: member; u=354828152; y=57vLema_d4vtbvvr5A-AhRbX9H7zUliDRO0t4lnPjHuXV39eB4sIO1Y\r\nX-Yahoo-Profile: magnusfuglerud\r\nX-Yahoo-Newman-Property: groups-system\r\nX-eGroups-Approved-By: spchappell &lt;simonpeterchappell@...&gt; via web; 01 Aug 2008 15:18:26 -0000\r\n\r\n\nHello, I am trying to build my java project with a build.xml file using ant\nin eclipse.\nThe problem is the JUnit part of the build (it builds sucessfull without the\nJUnit task).\nThe structure is as follows:\n\n---&gt; MyProject\n-----------&gt; src\n-----------&gt; test\n\nThere seems to be a problem with not finding my Test-class.\nClassNotFoundException: XTest\nI have pasted the stacktrace below:\nAnybody who can help me please?\n\nCheers,\n\nMagnus\n\n\n\n\nBuildfile: C:&#92;Documents and Settings&#92;mfugleru&#92;workspace&#92;Modulis&#92;build.xml\ninit:\n    [mkdir] Created dir: C:&#92;Documents and\nSettings&#92;mfugleru&#92;workspace&#92;Modulis&#92;build\ninit:\ncompile:\n    [javac] Compiling 1 source file to C:&#92;Documents and\nSettings&#92;mfugleru&#92;workspace&#92;Modulis&#92;build\n    [javac] Compiling 1 source file to C:&#92;Documents and\nSettings&#92;mfugleru&#92;workspace&#92;Modulis&#92;build\ndist:\n    [mkdir] Created dir: C:&#92;Documents and\nSettings&#92;mfugleru&#92;workspace&#92;Modulis&#92;dist&#92;lib\n      [jar] Building jar: C:&#92;Documents and\nSettings&#92;mfugleru&#92;workspace&#92;Modulis&#92;dist&#92;lib&#92;MyProject-20080801.jar\ninit:\ncompile:\nclean:\n   [delete] Deleting directory C:&#92;Documents and\nSettings&#92;mfugleru&#92;workspace&#92;Modulis&#92;build\n   [delete] Deleting directory C:&#92;Documents and\nSettings&#92;mfugleru&#92;workspace&#92;Modulis&#92;dist\ntest:\n    [junit] Running XTest\n    [junit] Testsuite: XTest\n    [junit] Tests run: 1, Failures: 0, Errors: 1, Time elapsed: 0 sec\n    [junit] Tests run: 1, Failures: 0, Errors: 1, Time elapsed: 0 sec\n    [junit] Null Test: \tCaused an ERROR\n    [junit] XTest\n    [junit] java.lang.ClassNotFoundException: XTest\n    [junit] \tat java.net.URLClassLoader$1.run(Unknown Source)\n    [junit] \tat java.security.AccessController.doPrivileged(Native Method)\n    [junit] \tat java.net.URLClassLoader.findClass(Unknown Source)\n    [junit] \tat java.lang.ClassLoader.loadClass(Unknown Source)\n    [junit] \tat sun.misc.Launcher$AppClassLoader.loadClass(Unknown Source)\n    [junit] \tat java.lang.ClassLoader.loadClass(Unknown Source)\n    [junit] \tat java.lang.ClassLoader.loadClass(Unknown Source)\n    [junit] \tat java.lang.ClassLoader.loadClassInternal(Unknown Source)\n    [junit] \tat java.lang.Class.forName0(Native Method)\n    [junit] \tat java.lang.Class.forName(Unknown Source)\n    [junit] \tat\norg.eclipse.ant.internal.ui.antsupport.EclipseDefaultExecutor.executeTargets(EclipseDefaultExecutor.java:32)\n    [junit] \tat\norg.eclipse.ant.internal.ui.antsupport.InternalAntRunner.run(InternalAntRunner.java:423)\n    [junit] \tat\norg.eclipse.ant.internal.ui.antsupport.InternalAntRunner.main(InternalAntRunner.java:137)\n\nBUILD FAILED\nC:&#92;Documents and Settings&#92;mfugleru&#92;workspace&#92;Modulis&#92;build.xml:44: Test\nXTest failed\n\nTotal time: 906 milliseconds\n-- \nView this message in context: http://www.nabble.com/ClassNotFoundException-ant%2C-junit%2C-eclipse-tp18773107p18773107.html\nSent from the JUnit - User mailing list archive at Nabble.com.\n\n\n", 
    "profile": "magnusfuglerud", 
    "topicId": 20738, 
    "spamInfo": {
        "reason": "12", 
        "isSpam": false
    }, 
    "replyTo": "LIST", 
    "userId": 354828152, 
    "prevInTime": 20737, 
    "contentTrasformed": false, 
    "postDate": "1217594852", 
    "canDelete": false, 
    "nextInTopic": 21113, 
    "prevInTopic": 0, 
    "headers": {
        "messageIdInHeader": "PDE4NzczMTA3LnBvc3RAdGFsay5uYWJibGUuY29tPg=="
    }
}