{
    "numMessagesInTopic": 4, 
    "nextInTime": 20826, 
    "senderId": "EYHjq4McP7RbQzNaZAGGP0MM6DiMwH0MhGawlMLObrL4h_Mp49RwRiLz3noz5GM7sKJezrGNGiRcN9Fvbx2LIj5UVXE8So_Rf9Lle3smqnbbmVkE-bE8dmWbuX338ejrvUdZveKNqoQ", 
    "systemMessage": true, 
    "subject": "RE: No runnable methods in parameterized test class", 
    "from": "&quot;Prastein, Rebeccah H&quot; &lt;rebeccah.h.prastein@...&gt;", 
    "authorName": "Prastein, Rebeccah H", 
    "msgSnippet": "Looks like ActiWATE is the culprit for the latest problem. And it turns out it s not being supported or developed any more, either. I think it s time to look", 
    "msgId": 20825, 
    "profile": "rprastein", 
    "topicId": 20822, 
    "spamInfo": {
        "reason": "6", 
        "isSpam": false
    }, 
    "replyTo": "LIST", 
    "userId": 358111816, 
    "messageBody": "<div id=\"ygrps-yiv-121190070\">Looks like ActiWATE is the culprit for the latest problem.\r<br/>\n\r<br/>\nAnd it turns out it&#39;s not being supported or developed any more, either.\r<br/>\n\r<br/>\nI think it&#39;s time to look at HTMLUnit.  Don&#39;t know why I didn&#39;t start\r<br/>\nthere.  Sigh. \r<br/>\nSorry to take up so much web space with this.  Maybe someone out there\r<br/>\nwill find it useful.\r<br/>\n\r<br/>\n\r<br/>\nRebeccah\r<br/>\n\r<br/>\n\r<br/>\n-----Original Message-----\r<br/>\nFrom: Prastein, Rebeccah H \r<br/>\nSent: Friday, August 29, 2008 4:31 PM\r<br/>\nTo: &#39;<a rel=\"nofollow\" target=\"_blank\" href=\"mailto:junit@yahoogroups.com\">junit@yahoogroups.com</a>&#39;\r<br/>\nSubject: RE: No runnable methods in parameterized test class\r<br/>\n\r<br/>\nOK, I made a simple NVP wrapper for my name-value pairs, and passed\r<br/>\nthose in as parameters, and now my tests run!\r<br/>\n\r<br/>\nBut, now I&#39;m not getting the itemized information about the individual\r<br/>\ntest methods any more.  I&#39;m not talking about not seeing the details\r<br/>\nabout passed tests; that I expect.  But I&#39;m not seeing details about\r<br/>\nfailed tests, either.  All I see is a count of how many tests passed or\r<br/>\nfailed.  I have to look in the log to see where the error occurred.  \r<br/>\n\r<br/>\n1 test passed, 1 test caused an error.  Information about passed tests\r<br/>\nia not displayed.\r<br/>\n \r<br/>\nactiwate.junit4.com.quest.nichols.genetics_rd.kaiser.CalculatorResultPag\r<br/>\neTest3 FAILED\r<br/>\n\r<br/>\n\r<br/>\nI am running in NetBeans, so is this a NetBeans thing, or a JUnit thing?\r<br/>\n\r<br/>\n\r<br/>\nAny help appreciated.\r<br/>\n\r<br/>\nThanks,\r<br/>\n\r<br/>\nRebeccah\r<br/>\n\r<br/>\n\r<br/>\n-----Original Message-----\r<br/>\nFrom: Prastein, Rebeccah H\r<br/>\nSent: Friday, August 29, 2008 3:27 PM\r<br/>\nTo: &#39;<a rel=\"nofollow\" target=\"_blank\" href=\"mailto:junit@yahoogroups.com\">junit@yahoogroups.com</a>&#39;\r<br/>\nSubject: RE: No runnable methods in parameterized test class\r<br/>\n\r<br/>\nWell after some closer examination of the differences between my sample\r<br/>\ntests and the working samples I found on the web, and mixing and\r<br/>\nmatching bits and pieces of them, it seems that one cannot parameterize\r<br/>\nusing an array of Strings as a parameter.  Or, if one can, then I&#39;m not\r<br/>\ndoing it right.  If I flatten out my parameter input and return a List\r<br/>\nfrom a two-dimensional array in my data() method, I get test\r<br/>\nrecognition. If I return the same data as an array of two-dimensional\r<br/>\narrays (a three-dimensional array), then my tests are not recognized.  I\r<br/>\nalready know I can&#39;t use an array of Maps, as I originally wanted,\r<br/>\nbecause Java5 isn&#39;t able to cast a HashMap back to an Object when it&#39;s\r<br/>\ndoing its generics thing (although I&#39;m kind of fuzzy on the details).\r<br/>\nIs there something similar going on with trying to pass an array, or am\r<br/>\nI just not doing it right?\r<br/>\n\r<br/>\n\r<br/>\nIn case anyone is wondering why on earth I&#39;m trying to do this, it&#39;s\r<br/>\nbecause I have a rather large number of parameters, and for readability\r<br/>\nI&#39;d like to associate each one with a parameter name and value.  Hmm,\r<br/>\nmaybe I should pass in a Property rather than an array as a parameter...\r<br/>\n\r<br/>\n\r<br/>\nThanks,\r<br/>\n\r<br/>\nRebeccah\r<br/>\n\r<br/>\n\r<br/>\n-----Original Message-----\r<br/>\nFrom: Prastein, Rebeccah H\r<br/>\nSent: Friday, August 29, 2008 1:28 PM\r<br/>\nTo: &#39;<a rel=\"nofollow\" target=\"_blank\" href=\"mailto:junit@yahoogroups.com\">junit@yahoogroups.com</a>&#39;\r<br/>\nSubject: No runnable methods in parameterized test class\r<br/>\n\r<br/>\nI&#39;m new to JUnit 4 and am trying to use it to create some parameterized\r<br/>\ntests.  \r<br/>\nI have written nonparameterized simplified sample versions of my tests,\r<br/>\nand I&#39;ve gotten them to work in JUnit 4.  I&#39;ve found several examples of\r<br/>\nparameterized tests online, and emulated them in converting my\r<br/>\nnonparameterized sample tests to parameterized ones.\r<br/>\n\r<br/>\nWhen I run the test class from within NetBeans, I get output for each of\r<br/>\nthe test methods the correct number of times, but in each case, the\r<br/>\noutput is an &quot;error&quot;, indicating no runnable methods.\r<br/>\n\r<br/>\nThere is one peculiar thing about my situation, which is that I am using\r<br/>\nActiWATE to test my web application (acceptance testing, not really unit\r<br/>\ntesting).  ActiWATE is a library of extensions to JUnit 3 that adds\r<br/>\nutilities, objects, and assertions for testing the web UI.  Most of the\r<br/>\nmethods I want to use are in the ActiwateTestCase class, which extends\r<br/>\nTestCase.  I know that JUnit 4 recognizes extensions of TestCase and\r<br/>\ntakes that as the cue to treat the test as a JUnit 3 test.  So, instead,\r<br/>\nI simply instantiate a subclass of ActiwateTestCaseand use its methods\r<br/>\nwithin my Junit test.\r<br/>\n\r<br/>\nWith the nonparameterized version of my test class, this all seems to\r<br/>\nwork in JUnit 4, recognizing the annotations and successfully calling\r<br/>\nthe ActiwateTestCase methods (much to my surprise).  But when I\r<br/>\nparameterize the test class, I get &quot;No runnable methods&quot; errors for each\r<br/>\ntest method.  \r<br/>\n\r<br/>\nI thought maybe it was not liking my shell of an ActiwateTestCase, but I\r<br/>\ncommented out all the code related to it, and still the same problem.\r<br/>\nSo that&#39;s probably a red herring.\r<br/>\n\r<br/>\n\r<br/>\nHere&#39;s the JUnit output when I run this in NetBeans 6.0.1:\r<br/>\n\r<br/>\nNo test passed, 12 tests caused an error.\r<br/>\n  \r<br/>\nactiwate.junit4.com.quest.nichols.genetics_rd.kaiser.CalculatorRequestPa\r<br/>\ngeTest1\r<br/>\nFAILED\r<br/>\n    displayCalculatorResultPage[0] caused an ERROR (0.0s)\r<br/>\n      No runnable methods\r<br/>\n      java.lang.Exception\r<br/>\n    again[0] caused an ERROR (0.0s)\r<br/>\n      No runnable methods\r<br/>\n      java.lang.Exception\r<br/>\n    noUseOfActiWATE[0] caused an ERROR (0.0s)\r<br/>\n      No runnable methods\r<br/>\n      java.lang.Exception\r<br/>\n    displayCalculatorResultPage[1] caused an ERROR (0.0s)\r<br/>\n      No runnable methods\r<br/>\n      java.lang.Exception\r<br/>\n    again[1] caused an ERROR (0.0s)\r<br/>\n      No runnable methods\r<br/>\n      java.lang.Exception\r<br/>\n    noUseOfActiWATE[1] caused an ERROR (0.0s)\r<br/>\n      No runnable methods\r<br/>\n      java.lang.Exception\r<br/>\n    displayCalculatorResultPage[2] caused an ERROR (0.0s)\r<br/>\n      No runnable methods\r<br/>\n      java.lang.Exception\r<br/>\n    again[2] caused an ERROR (0.0s)\r<br/>\n      No runnable methods\r<br/>\n      java.lang.Exception\r<br/>\n    noUseOfActiWATE[2] caused an ERROR (0.0s)\r<br/>\n      No runnable methods\r<br/>\n      java.lang.Exception\r<br/>\n    displayCalculatorResultPage[3] caused an ERROR (0.0s)\r<br/>\n      No runnable methods\r<br/>\n      java.lang.Exception\r<br/>\n    again[3] caused an ERROR (0.0s)\r<br/>\n      No runnable methods\r<br/>\n      java.lang.Exception\r<br/>\n    noUseOfActiWATE[3] caused an ERROR (0.0s)\r<br/>\n      No runnable methods\r<br/>\n      java.lang.Exception\r<br/>\n\r<br/>\nCan anyone see any obvious problems with this code?\r<br/>\n\r<br/>\n\r<br/>\npackage actiwate.junit4.com.quest.nichols.genetics_rd.kaiser;\r<br/>\n\r<br/>\nimport java.util.Arrays;\r<br/>\nimport java.util.Collection;\r<br/>\nimport java.util.HashMap;\r<br/>\nimport java.util.Map;\r<br/>\n\r<br/>\n\r<br/>\nimport org.junit.Before;\r<br/>\nimport org.junit.Test;\r<br/>\nimport static org.junit.Assert.*;\r<br/>\nimport org.junit.runner.RunWith;\r<br/>\nimport org.junit.runners.Parameterized;\r<br/>\nimport org.junit.runners.Parameterized.Parameters;\r<br/>\n\r<br/>\nimport com.actimind.actiwate.testing.ActiwateTestCase;\r<br/>\nimport com.actimind.actiwate.testing.html.objects.*;\r<br/>\n\r<br/>\n\r<br/>\n/**\r<br/>\n *\r<br/>\n * @author rebeccah.h.prastein\r<br/>\n */\r<br/>\n@RunWith(Parameterized.class)\r<br/>\npublic class CalculatorResultPageTest1\r<br/>\n{\r<br/>\n    private String[][] setupData;\r<br/>\n    private Map setupDataMap = new HashMap();\r<br/>\n    private ActiwateTestCase atc = new ActiwateTestCase(){};\r<br/>\n    \r<br/>\n    @Parameters\r<br/>\n    public static Collection data()\r<br/>\n    {\r<br/>\n        String[][][] kaiserPatientsSetupData =\r<br/>\nActiWATEPrep.getKaiserPatientsSetupData();\r<br/>\n        return Arrays.asList(kaiserPatientsSetupData);\r<br/>\n    }\r<br/>\n    \r<br/>\n    public CalculatorResultPageTest1(String[][] setupData)\r<br/>\n    {\r<br/>\n        this.setupData = setupData;\r<br/>\n        for (int i=0; i &lt; setupData.length; i++)\r<br/>\n        {\r<br/>\n            setupDataMap.put(setupData[i][0], setupData[i][1]);\r<br/>\n        }\r<br/>\n    }\r<br/>\n    \r<br/>\n    @Before\r<br/>\n    public void callCalculator()\r<br/>\n    {\r<br/>\n        displayCalculatorResultPage();\r<br/>\n    }\r<br/>\n    \r<br/>\n    @Test\r<br/>\n    public void displayCalculatorResultPage()\r<br/>\n    {\r<br/>\n        /*\r<br/>\n            Write the code that opens initial HTML page. Tests can use\r<br/>\nrelative \r<br/>\n         URLs. Base URL is specified in configuration file (see\r<br/>\nConfiguration \r<br/>\n         file).\r<br/>\n         */\r<br/>\n        \r<br/>\n        atc.goTo(&quot;webcalculator.html&quot;);\r<br/>\n\r<br/>\n          \r<br/>\n        /*Write the code that verifies whether the form is successfully\r<br/>\ndisplayed. */\r<br/>\n        atc.assertTextPresent(&quot;NT measurement from twin B&quot;);\r<br/>\n        atc.assertTextNotPresent(&quot;errors entering the patient data:&quot;);\r<br/>\n        Button submitButton = atc.buttonByText(&quot;calculate revised\r<br/>\nrisks&quot;);\r<br/>\n        assertNotNull(&quot;Submit button not found on web claculator form\r<br/>\npage&quot;, submitButton);\r<br/>\n        \r<br/>\n        /*Write the code that fills in the form*/\r<br/>\n        /*Write the code that submits the form*/\r<br/>\n        /*Write the code that checks the results page.*/\r<br/>\n    }\r<br/>\n    \r<br/>\n    @Test\r<br/>\n    public void again()\r<br/>\n    {\r<br/>\n        //OK, for this one, since we&#39;re not actually clicking through to\r<br/>\nthe \r<br/>\n        //response page, all of the text field values are empty strings.\r<br/>\n        //So, let&#39;s compare it against some arbitrary expected output,\r<br/>\nsay the \r<br/>\n        //response code.  I&#39;ll create setupData with empty strings and\r<br/>\nwith \r<br/>\n        //nonempty strings for RESPONSE_CODE.  \r<br/>\n        //I should get a test repetition for each one, with successes\r<br/>\nand \r<br/>\n        //failures vs until the first failure?\r<br/>\n        \r<br/>\n        //Unfortunately, actiwate doesn&#39;t provide any way to access the\r<br/>\nresponse headers.\r<br/>\n        TextField dob =\r<br/>\natc.textField(ActiWATEPrep.CalculatorInput.dob.toString\r<br/>\n());\r<br/>\n        String dobValue = dob.value();\r<br/>\n        String expectedResponseCode = \r<br/>\n \r<br/>\n(String)setupDataMap.get(ActiWATEPrep.ExpectedCalculatorOutput.\r<br/>\n                    RESPONSE_CODE.toString());\r<br/>\n        assertEquals(dobValue, expectedResponseCode);\r<br/>\n    }\r<br/>\n    \r<br/>\n    @Test\r<br/>\n    public void noUseOfActiWATE()\r<br/>\n    {\r<br/>\n        String dobValue = &quot;&quot;;\r<br/>\n        String expectedResponseCode = \r<br/>\n \r<br/>\n(String)setupDataMap.get(ActiWATEPrep.ExpectedCalculatorOutput.\r<br/>\n                    RESPONSE_CODE.toString());\r<br/>\n        assertEquals(dobValue, expectedResponseCode);\r<br/>\n    }\r<br/>\n    \r<br/>\n}\r<br/>\n \r<br/>\n\r<br/>\n\r<br/>\nThanks,\r<br/>\n\r<br/>\nRebeccah\r<br/>\n\r<br/>\n\r<br/>\n------------------------------------------\r<br/>\nThe contents of this message, together with any attachments, are<br/>\nintended only for the use of the person(s) to which they are<br/>\naddressed and may contain confidential and/or privileged<br/>\ninformation. Further, any medical information herein is<br/>\nconfidential and protected by law. It is unlawful for unauthorized<br/>\npersons to use, review, copy, disclose, or disseminate confidential<br/>\nmedical information. If you are not the intended recipient,<br/>\nimmediately advise the sender and delete this message and any<br/>\nattachments. Any distribution, or copying of this message, or any<br/>\nattachment, is prohibited.</div>", 
    "prevInTime": 20824, 
    "specialLinks": [], 
    "contentTrasformed": false, 
    "postDate": "1220054146", 
    "canDelete": false, 
    "nextInTopic": 0, 
    "prevInTopic": 20824, 
    "headers": {
        "messageIdInHeader": "PDhFREFBNEY0OUY2MUJENDFBREI4MzU1MEMxQ0RBRTEwMDMzODhFM0JAUURDV1MwMjc3LnVzLnFkeC5jb20+"
    }
}