{
    "numMessagesInTopic": 4, 
    "nextInTime": 20826, 
    "senderId": "lij9e0DCjZJaO4QgtotVrdfUayIYN-A5DBM0ubGPRrIbYOk-WqE_PYdlx1Padw1vkE3pf5T8aD4BBQhNUAllrvXgoZr8B8V5zzNkZfPx-PLY-xCO7Ja9yofzCxC2xQEhX_gmJMYt6AQ", 
    "systemMessage": true, 
    "subject": "RE: No runnable methods in parameterized test class", 
    "from": "&quot;Prastein, Rebeccah H&quot; &lt;rebeccah.h.prastein@...&gt;", 
    "authorName": "Prastein, Rebeccah H", 
    "msgSnippet": "Looks like ActiWATE is the culprit for the latest problem. And it turns out it s not being supported or developed any more, either. I think it s time to look", 
    "msgId": 20825, 
    "rawEmail": "Return-Path: &lt;rebeccah.h.prastein@...&gt;\r\nReceived: (qmail 87042 invoked from network); 30 Aug 2008 08:30:09 -0000\r\nReceived: from unknown (66.218.67.94)\n  by m1.grp.re1.yahoo.com with QMQP; 30 Aug 2008 08:30:09 -0000\r\nReceived: from unknown (HELO n12a.bullet.sp1.yahoo.com) (69.147.64.109)\n  by mta15.grp.scd.yahoo.com with SMTP; 30 Aug 2008 08:30:08 -0000\r\nReceived: from [69.147.65.151] by n12.bullet.sp1.yahoo.com with NNFMP; 30 Aug 2008 08:30:08 -0000\r\nReceived: from [209.73.164.83] by t5.bullet.mail.sp1.yahoo.com with NNFMP; 30 Aug 2008 08:30:08 -0000\r\nReceived: from [66.218.67.199] by t7.bullet.scd.yahoo.com with NNFMP; 30 Aug 2008 08:30:08 -0000\r\nX-Sender: rebeccah.h.prastein@...\r\nX-Apparently-To: junit@yahoogroups.com\r\nX-Received: (qmail 29422 invoked from network); 29 Aug 2008 23:55:52 -0000\r\nX-Received: from unknown (66.218.67.97)\n  by m52.grp.scd.yahoo.com with QMQP; 29 Aug 2008 23:55:52 -0000\r\nX-Received: from unknown (HELO qdcxa0587.questdiagnostics.com) (216.203.80.94)\n  by mta18.grp.scd.yahoo.com with SMTP; 29 Aug 2008 23:55:52 -0000\r\nX-Received: from ([156.30.11.216])\n\tby qdcxa0587.questdiagnostics.com with ESMTP with TLS id 5502699.10848367;\n\tFri, 29 Aug 2008 19:59:51 -0400\r\nX-Received: from qdcws0935.us.qdx.com (156.30.201.35) by QDCWS0925.us.qdx.com\n (156.30.201.25) with Microsoft SMTP Server id 8.1.291.1; Fri, 29 Aug 2008\n 19:55:32 -0400\r\nX-Received: from QDCWS0277.us.qdx.com ([156.30.224.169]) by qdcws0935.us.qdx.com\n with Microsoft SMTPSVC(6.0.3790.1830);\t Fri, 29 Aug 2008 19:55:32 -0400\r\nX-MimeOLE: Produced By Microsoft Exchange V6.5\r\nContent-Class: urn:content-classes:message\r\nMIME-Version: 1.0\r\nContent-Transfer-Encoding: quoted-printable\r\nDate: Fri, 29 Aug 2008 19:55:46 -0400\r\nMessage-ID: &lt;8EDAA4F49F61BD41ADB83550C1CDAE1003388E3B@...&gt;\r\nX-MS-Has-Attach:\r\nX-MS-TNEF-Correlator:\r\nThread-Topic: No runnable methods in parameterized test class\r\nThread-Index: AckKFbMXJy7z77VOSPOjHFh9LOEG6gADxqEAAAIscaAAATp+AA==\r\nTo: &lt;junit@yahoogroups.com&gt;\r\nX-OriginalArrivalTime: 29 Aug 2008 23:55:32.0447 (UTC) FILETIME=[B8F4E6F0:01C90A32]\r\nContent-Type: text/plain;\n\tcharset=&quot;us-ascii&quot;\r\nX-eGroups-Msg-Info: 1:6:0:0:0\r\nFrom: &quot;Prastein, Rebeccah H&quot; &lt;rebeccah.h.prastein@...&gt;\r\nSubject: RE: No runnable methods in parameterized test class\r\nX-Yahoo-Group-Post: member; u=358111816; y=4ZoT23bZEigwTTol3MhvxiPHEkV5oYcKQDXE-4oyI0ON7C2K\r\nX-Yahoo-Profile: rprastein\r\nX-Yahoo-Newman-Property: groups-system\r\nX-eGroups-Approved-By: mark_l_salter &lt;marksalter@...&gt; via web; 30 Aug 2008 08:30:07 -0000\r\n\r\nLooks like ActiWATE is the culprit for the latest problem.\r\n\r\nAnd it turns out it&#39;s not being supported or developed any more, either.\r\n\r\nI think it&#39;s time to look at HTMLUnit.  Don&#39;t know why I didn&#39;t start\r\nthere.  Sigh.=20\r\nSorry to take up so much web space with this.  Maybe someone out there\r\nwill find it useful.\r\n\r\n\r\nRebeccah\r\n\r\n\r\n-----Original Message-----\r\nFrom: Prastein, Rebeccah H=20\r\nSent: Friday, August 29, 2008 4:31 PM\r\nTo: &#39;junit@yahoogroups.com&#39;\r\nSubject: RE: No runnable methods in parameterized test class\r\n\r\nOK, I made a simple NVP wrapper for my name-value pairs, and passed\r\nthose in as parameters, and now my tests run!\r\n\r\nBut, now I&#39;m not getting the itemized information about the individual\r\ntest methods any more.  I&#39;m not talking about not seeing the details\r\nabout passed tests; that I expect.  But I&#39;m not seeing details about\r\nfailed tests, either.  All I see is a count of how many tests passed or\r\nfailed.  I have to look in the log to see where the error occurred. =20\r\n\r\n1 test passed, 1 test caused an error.  Information about passed tests\r\nia not displayed.\r\n=20\r\nactiwate.junit4.com.quest.nichols.genetics_rd.kaiser.CalculatorResultPag\r\neTest3 FAILED\r\n\r\n\r\nI am running in NetBeans, so is this a NetBeans thing, or a JUnit thing?\r\n\r\n\r\nAny help appreciated.\r\n\r\nThanks,\r\n\r\nRebeccah\r\n\r\n\r\n-----Original Message-----\r\nFrom: Prastein, Rebeccah H\r\nSent: Friday, August 29, 2008 3:27 PM\r\nTo: &#39;junit@yahoogroups.com&#39;\r\nSubject: RE: No runnable methods in parameterized test class\r\n\r\nWell after some closer examination of the differences between my sample\r\ntests and the working samples I found on the web, and mixing and\r\nmatching bits and pieces of them, it seems that one cannot parameterize\r\nusing an array of Strings as a parameter.  Or, if one can, then I&#39;m not\r\ndoing it right.  If I flatten out my parameter input and return a List\r\nfrom a two-dimensional array in my data() method, I get test\r\nrecognition. If I return the same data as an array of two-dimensional\r\narrays (a three-dimensional array), then my tests are not recognized.  I\r\nalready know I can&#39;t use an array of Maps, as I originally wanted,\r\nbecause Java5 isn&#39;t able to cast a HashMap back to an Object when it&#39;s\r\ndoing its generics thing (although I&#39;m kind of fuzzy on the details).\r\nIs there something similar going on with trying to pass an array, or am\r\nI just not doing it right?\r\n\r\n\r\nIn case anyone is wondering why on earth I&#39;m trying to do this, it&#39;s\r\nbecause I have a rather large number of parameters, and for readability\r\nI&#39;d like to associate each one with a parameter name and value.  Hmm,\r\nmaybe I should pass in a Property rather than an array as a parameter...\r\n\r\n\r\nThanks,\r\n\r\nRebeccah\r\n\r\n\r\n-----Original Message-----\r\nFrom: Prastein, Rebeccah H\r\nSent: Friday, August 29, 2008 1:28 PM\r\nTo: &#39;junit@yahoogroups.com&#39;\r\nSubject: No runnable methods in parameterized test class\r\n\r\nI&#39;m new to JUnit 4 and am trying to use it to create some parameterized\r\ntests. =20\r\nI have written nonparameterized simplified sample versions of my tests,\r\nand I&#39;ve gotten them to work in JUnit 4.  I&#39;ve found several examples of\r\nparameterized tests online, and emulated them in converting my\r\nnonparameterized sample tests to parameterized ones.\r\n\r\nWhen I run the test class from within NetBeans, I get output for each of\r\nthe test methods the correct number of times, but in each case, the\r\noutput is an &quot;error&quot;, indicating no runnable methods.\r\n\r\nThere is one peculiar thing about my situation, which is that I am using\r\nActiWATE to test my web application (acceptance testing, not really unit\r\ntesting).  ActiWATE is a library of extensions to JUnit 3 that adds\r\nutilities, objects, and assertions for testing the web UI.  Most of the\r\nmethods I want to use are in the ActiwateTestCase class, which extends\r\nTestCase.  I know that JUnit 4 recognizes extensions of TestCase and\r\ntakes that as the cue to treat the test as a JUnit 3 test.  So, instead,\r\nI simply instantiate a subclass of ActiwateTestCaseand use its methods\r\nwithin my Junit test.\r\n\r\nWith the nonparameterized version of my test class, this all seems to\r\nwork in JUnit 4, recognizing the annotations and successfully calling\r\nthe ActiwateTestCase methods (much to my surprise).  But when I\r\nparameterize the test class, I get &quot;No runnable methods&quot; errors for each\r\ntest method. =20\r\n\r\nI thought maybe it was not liking my shell of an ActiwateTestCase, but I\r\ncommented out all the code related to it, and still the same problem.\r\nSo that&#39;s probably a red herring.\r\n\r\n\r\nHere&#39;s the JUnit output when I run this in NetBeans 6.0.1:\r\n\r\nNo test passed, 12 tests caused an error.\r\n =20\r\nactiwate.junit4.com.quest.nichols.genetics_rd.kaiser.CalculatorRequestPa\r\ngeTest1\r\nFAILED\r\n    displayCalculatorResultPage[0] caused an ERROR (0.0s)\r\n      No runnable methods\r\n      java.lang.Exception\r\n    again[0] caused an ERROR (0.0s)\r\n      No runnable methods\r\n      java.lang.Exception\r\n    noUseOfActiWATE[0] caused an ERROR (0.0s)\r\n      No runnable methods\r\n      java.lang.Exception\r\n    displayCalculatorResultPage[1] caused an ERROR (0.0s)\r\n      No runnable methods\r\n      java.lang.Exception\r\n    again[1] caused an ERROR (0.0s)\r\n      No runnable methods\r\n      java.lang.Exception\r\n    noUseOfActiWATE[1] caused an ERROR (0.0s)\r\n      No runnable methods\r\n      java.lang.Exception\r\n    displayCalculatorResultPage[2] caused an ERROR (0.0s)\r\n      No runnable methods\r\n      java.lang.Exception\r\n    again[2] caused an ERROR (0.0s)\r\n      No runnable methods\r\n      java.lang.Exception\r\n    noUseOfActiWATE[2] caused an ERROR (0.0s)\r\n      No runnable methods\r\n      java.lang.Exception\r\n    displayCalculatorResultPage[3] caused an ERROR (0.0s)\r\n      No runnable methods\r\n      java.lang.Exception\r\n    again[3] caused an ERROR (0.0s)\r\n      No runnable methods\r\n      java.lang.Exception\r\n    noUseOfActiWATE[3] caused an ERROR (0.0s)\r\n      No runnable methods\r\n      java.lang.Exception\r\n\r\nCan anyone see any obvious problems with this code?\r\n\r\n\r\npackage actiwate.junit4.com.quest.nichols.genetics_rd.kaiser;\r\n\r\nimport java.util.Arrays;\r\nimport java.util.Collection;\r\nimport java.util.HashMap;\r\nimport java.util.Map;\r\n\r\n\r\nimport org.junit.Before;\r\nimport org.junit.Test;\r\nimport static org.junit.Assert.*;\r\nimport org.junit.runner.RunWith;\r\nimport org.junit.runners.Parameterized;\r\nimport org.junit.runners.Parameterized.Parameters;\r\n\r\nimport com.actimind.actiwate.testing.ActiwateTestCase;\r\nimport com.actimind.actiwate.testing.html.objects.*;\r\n\r\n\r\n/**\r\n *\r\n * @author rebeccah.h.prastein\r\n */\r\n@RunWith(Parameterized.class)\r\npublic class CalculatorResultPageTest1\r\n{\r\n    private String[][] setupData;\r\n    private Map setupDataMap =3D new HashMap();\r\n    private ActiwateTestCase atc =3D new ActiwateTestCase(){};\r\n   =20\r\n    @Parameters\r\n    public static Collection data()\r\n    {\r\n        String[][][] kaiserPatientsSetupData =3D\r\nActiWATEPrep.getKaiserPatientsSetupData();\r\n        return Arrays.asList(kaiserPatientsSetupData);\r\n    }\r\n   =20\r\n    public CalculatorResultPageTest1(String[][] setupData)\r\n    {\r\n        this.setupData =3D setupData;\r\n        for (int i=3D0; i &lt; setupData.length; i++)\r\n        {\r\n            setupDataMap.put(setupData[i][0], setupData[i][1]);\r\n        }\r\n    }\r\n   =20\r\n    @Before\r\n    public void callCalculator()\r\n    {\r\n        displayCalculatorResultPage();\r\n    }\r\n   =20\r\n    @Test\r\n    public void displayCalculatorResultPage()\r\n    {\r\n        /*\r\n            Write the code that opens initial HTML page. Tests can use\r\nrelative=20\r\n         URLs. Base URL is specified in configuration file (see\r\nConfiguration=20\r\n         file).\r\n         */\r\n       =20\r\n        atc.goTo(&quot;webcalculator.html&quot;);\r\n\r\n         =20\r\n        /*Write the code that verifies whether the form is successfully\r\ndisplayed. */\r\n        atc.assertTextPresent(&quot;NT measurement from twin B&quot;);\r\n        atc.assertTextNotPresent(&quot;errors entering the patient data:&quot;);\r\n        Button submitButton =3D atc.buttonByText(&quot;calculate revised\r\nrisks&quot;);\r\n        assertNotNull(&quot;Submit button not found on web claculator form\r\npage&quot;, submitButton);\r\n       =20\r\n        /*Write the code that fills in the form*/\r\n        /*Write the code that submits the form*/\r\n        /*Write the code that checks the results page.*/\r\n    }\r\n   =20\r\n    @Test\r\n    public void again()\r\n    {\r\n        //OK, for this one, since we&#39;re not actually clicking through to\r\nthe=20\r\n        //response page, all of the text field values are empty strings.\r\n        //So, let&#39;s compare it against some arbitrary expected output,\r\nsay the=20\r\n        //response code.  I&#39;ll create setupData with empty strings and\r\nwith=20\r\n        //nonempty strings for RESPONSE_CODE. =20\r\n        //I should get a test repetition for each one, with successes\r\nand=20\r\n        //failures vs until the first failure?\r\n       =20\r\n        //Unfortunately, actiwate doesn&#39;t provide any way to access the\r\nresponse headers.\r\n        TextField dob =3D\r\natc.textField(ActiWATEPrep.CalculatorInput.dob.toString\r\n());\r\n        String dobValue =3D dob.value();\r\n        String expectedResponseCode =3D=20\r\n=20\r\n(String)setupDataMap.get(ActiWATEPrep.ExpectedCalculatorOutput.\r\n                    RESPONSE_CODE.toString());\r\n        assertEquals(dobValue, expectedResponseCode);\r\n    }\r\n   =20\r\n    @Test\r\n    public void noUseOfActiWATE()\r\n    {\r\n        String dobValue =3D &quot;&quot;;\r\n        String expectedResponseCode =3D=20\r\n=20\r\n(String)setupDataMap.get(ActiWATEPrep.ExpectedCalculatorOutput.\r\n                    RESPONSE_CODE.toString());\r\n        assertEquals(dobValue, expectedResponseCode);\r\n    }\r\n   =20\r\n}\r\n=20\r\n\r\n\r\nThanks,\r\n\r\nRebeccah\r\n\r\n\r\n------------------------------------------\r\nThe contents of this message, together with any attachments, are\nintended =\r\nonly for the use of the person(s) to which they are\naddressed and may conta=\r\nin confidential and/or privileged\ninformation. Further, any medical informa=\r\ntion herein is\nconfidential and protected by law. It is unlawful for unauth=\r\norized\npersons to use, review, copy, disclose, or disseminate confidential\n=\r\nmedical information. If you are not the intended recipient,\nimmediately adv=\r\nise the sender and delete this message and any\nattachments. Any distributio=\r\nn, or copying of this message, or any\nattachment, is prohibited.\n\n", 
    "profile": "rprastein", 
    "topicId": 20822, 
    "spamInfo": {
        "reason": "6", 
        "isSpam": false
    }, 
    "replyTo": "LIST", 
    "userId": 358111816, 
    "prevInTime": 20824, 
    "contentTrasformed": false, 
    "postDate": "1220054146", 
    "canDelete": false, 
    "nextInTopic": 0, 
    "prevInTopic": 20824, 
    "headers": {
        "messageIdInHeader": "PDhFREFBNEY0OUY2MUJENDFBREI4MzU1MEMxQ0RBRTEwMDMzODhFM0JAUURDV1MwMjc3LnVzLnFkeC5jb20+"
    }
}