{
    "numMessagesInTopic": 3, 
    "nextInTime": 20938, 
    "senderId": "HM0sz8AdgiEWq6Qtj9NJbmz-WZ_mObx9uySklPxzapTpLXKVmON1RThyYe-dKmKoJQRNJ3l0E9qhB4_Ub7N74zSaQD372TWN1-0", 
    "systemMessage": true, 
    "subject": "[junit] java.lang.IllegalArgumentException: Test class can only have one constructor", 
    "from": "raj_sharath &lt;raj_sharath@...&gt;", 
    "authorName": "raj_sharath", 
    "msgSnippet": "Hi- The following is my Test class import org.junit.Test; public class Test2 { public Test2() { System.out.println( Inside zero arg con ); } public", 
    "msgId": 20937, 
    "rawEmail": "Return-Path: &lt;raj_sharath@...&gt;\r\nReceived: (qmail 82867 invoked from network); 3 Oct 2008 09:47:03 -0000\r\nReceived: from unknown (66.218.67.94)\n  by m56.grp.scd.yahoo.com with QMQP; 3 Oct 2008 09:47:03 -0000\r\nReceived: from unknown (HELO n49c.bullet.mail.sp1.yahoo.com) (66.163.168.183)\n  by mta15.grp.scd.yahoo.com with SMTP; 3 Oct 2008 09:47:03 -0000\r\nReceived: from [69.147.65.151] by n49.bullet.mail.sp1.yahoo.com with NNFMP; 03 Oct 2008 09:47:03 -0000\r\nReceived: from [66.218.66.86] by t5.bullet.mail.sp1.yahoo.com with NNFMP; 03 Oct 2008 09:47:03 -0000\r\nX-Sender: raj_sharath@...\r\nX-Apparently-To: junit@yahoogroups.com\r\nX-Received: (qmail 81714 invoked from network); 3 Oct 2008 02:20:36 -0000\r\nX-Received: from unknown (66.218.67.96)\n  by m36.grp.scd.yahoo.com with QMQP; 3 Oct 2008 02:20:36 -0000\r\nX-Received: from unknown (HELO kuber.nabble.com) (216.139.236.158)\n  by mta17.grp.scd.yahoo.com with SMTP; 3 Oct 2008 02:20:36 -0000\r\nX-Received: from isper.nabble.com ([192.168.236.156])\n\tby kuber.nabble.com with esmtp (Exim 4.63)\n\t(envelope-from &lt;raj_sharath@...&gt;)\n\tid 1KlaHT-0003H5-NC\n\tfor junit@yahoogroups.com; Thu, 02 Oct 2008 19:20:35 -0700\r\nMessage-ID: &lt;19791084.post@...&gt;\r\nDate: Thu, 2 Oct 2008 19:20:35 -0700 (PDT)\r\nTo: junit@yahoogroups.com\r\nMIME-Version: 1.0\r\nContent-Type: text/plain; charset=us-ascii\r\nContent-Transfer-Encoding: 7bit\r\nX-Nabble-From: raj_sharath@...\r\nX-eGroups-Msg-Info: 1:12:0:0:0\r\nFrom: raj_sharath &lt;raj_sharath@...&gt;\r\nSubject: [junit] java.lang.IllegalArgumentException: Test class can only\n have one constructor\r\nX-Yahoo-Group-Post: member; u=96974312; y=ytHAoi1WDURYigeZvBPP7cmUXB6EfJC0yEafwcn8wEBr7V6gjA8\r\nX-Yahoo-Profile: raj_sharath\r\nX-Yahoo-Newman-Property: groups-system\r\nX-eGroups-Approved-By: copabella &lt;joe@...&gt; via web; 03 Oct 2008 09:47:02 -0000\r\n\r\n\nHi-\n\nThe following is my Test class\n\nimport org.junit.Test;\npublic class Test2 {\n\t\n\tpublic Test2()\n\t{\n\t\tSystem.out.println(&quot;Inside zero arg con&quot;);\n\t}\n\n\tpublic Test2(String arg)\n\t{\n\t\tSystem.out.println(&quot;Inside  arg  con&quot;);\n\t}\n\t@Test\n\tpublic void m1()\n\t{\n\t\tSystem.out.println(&quot;inside method m1()&quot;);\n\t}\n\t@Test\n\tpublic void m2()\n\t{\n\t\tSystem.out.println(&quot;inside method m2()&quot;);\n\t}\n}\n\nwhen i run it ..an exception is thrown...\n\nJUnit version 4.5\n.E\nTime: 0\nThere was 1 failure:\n1) initializationError(Test2)\njava.lang.IllegalArgumentException: Test class can only have one constructor\n\tat org.junit.runners.model.TestClass.&lt;init&gt;(TestClass.java:32)\n\tat org.junit.runners.ParentRunner.&lt;init&gt;(ParentRunner.java:54)\n\tat\norg.junit.runners.BlockJUnit4ClassRunner.&lt;init&gt;(BlockJUnit4ClassRunner.java:56)\n\tat\norg.junit.internal.builders.JUnit4Builder.runnerForClass(JUnit4Builder.java:13)\n\tat\norg.junit.runners.model.RunnerBuilder.safeRunnerForClass(RunnerBuilder.java:57)\n\tat\norg.junit.internal.builders.AllDefaultPossibilitiesBuilder.runnerForClass(AllDefaultPossibilitiesBuilder.java:29)\n\tat\norg.junit.runners.model.RunnerBuilder.safeRunnerForClass(RunnerBuilder.java:57)\n\tat org.junit.runners.model.RunnerBuilder.runners(RunnerBuilder.java:93)\n\tat org.junit.runners.model.RunnerBuilder.runners(RunnerBuilder.java:84)\n\tat org.junit.runners.Suite.&lt;init&gt;(Suite.java:66)\n\tat org.junit.runner.Request.classes(Request.java:68)\n\tat org.junit.runner.JUnitCore.run(JUnitCore.java:107)\n\tat org.junit.runner.JUnitCore.runMain(JUnitCore.java:88)\n\tat org.junit.runner.JUnitCore.runMainAndExit(JUnitCore.java:54)\n\tat org.junit.runner.JUnitCore.main(JUnitCore.java:46)\n\nFAILURES!!!\nTests run: 1,  Failures: 1\n\nThe question is,\n\n1. Can a junit not have more than one public construtor\n\n2. or is there any other reason for this failure\n\nThanks\nsharath\n\n\n\n\n-- \nView this message in context: http://www.nabble.com/java.lang.IllegalArgumentException%3A-Test-class-can-only-have-one-constructor-tp19791084p19791084.html\nSent from the JUnit - User mailing list archive at Nabble.com.\n\n\n", 
    "profile": "raj_sharath", 
    "topicId": 20937, 
    "spamInfo": {
        "reason": "12", 
        "isSpam": false
    }, 
    "replyTo": "LIST", 
    "userId": 96974312, 
    "prevInTime": 20936, 
    "contentTrasformed": false, 
    "postDate": "1223000435", 
    "canDelete": false, 
    "nextInTopic": 20938, 
    "prevInTopic": 0, 
    "headers": {
        "messageIdInHeader": "PDE5NzkxMDg0LnBvc3RAdGFsay5uYWJibGUuY29tPg=="
    }
}