{
    "numMessagesInTopic": 7, 
    "nextInTime": 21022, 
    "senderId": "3-MlzqsguzFSXWIOlo8EKFfZ5BMbr4_mEEWfkkmATKJ7YI88ON9Dyye7nHBV0MF5QyEXRtKz-pJbTvHMpUWsihD7BjDUkI14axaQYyx05x9P2u8-dg5NU6I", 
    "systemMessage": false, 
    "subject": "Re: [junit] What is the error?", 
    "from": "&quot;Varuna Seneviratna&quot; &lt;varunaseneviratna@...&gt;", 
    "authorName": "Varuna Seneviratna", 
    "msgSnippet": "I don t know what went wrong or how it started working But when I run java MoneyTest now  here is the result C: JunitTest java MoneyTest JUnit version 4.5 .E ", 
    "msgId": 21021, 
    "rawEmail": "Return-Path: &lt;varunaseneviratna@...&gt;\r\nX-Sender: varunaseneviratna@...\r\nX-Apparently-To: junit@yahoogroups.com\r\nX-Received: (qmail 78879 invoked from network); 23 Oct 2008 14:26:54 -0000\r\nX-Received: from unknown (66.218.67.97)\n  by m52.grp.scd.yahoo.com with QMQP; 23 Oct 2008 14:26:54 -0000\r\nX-Received: from unknown (HELO mail-gx0-f12.google.com) (209.85.217.12)\n  by mta18.grp.scd.yahoo.com with SMTP; 23 Oct 2008 14:26:53 -0000\r\nX-Received: by gxk5 with SMTP id 5so1604860gxk.7\n        for &lt;junit@yahoogroups.com&gt;; Thu, 23 Oct 2008 07:26:53 -0700 (PDT)\r\nX-Received: by 10.142.237.19 with SMTP id k19mr350449wfh.235.1224772012637;\n        Thu, 23 Oct 2008 07:26:52 -0700 (PDT)\r\nX-Received: by 10.143.163.15 with HTTP; Thu, 23 Oct 2008 07:26:52 -0700 (PDT)\r\nMessage-ID: &lt;ccafe74c0810230726i6a056a73n3eb5244ea4a7bc06@...&gt;\r\nDate: Thu, 23 Oct 2008 19:56:52 +0530\r\nTo: &quot;Mark Salter&quot; &lt;marksalter@...&gt;\r\nCc: junit@yahoogroups.com\r\nIn-Reply-To: &lt;49004DD1.8030506@...&gt;\r\nMIME-Version: 1.0\r\nReferences: &lt;ccafe74c0810211229r6678e6dex41827568fe509ba9@...&gt;\n\t &lt;48FEE75F.3000003@...&gt;\n\t &lt;ccafe74c0810230035x639149a1p3c5056abbdc48bf7@...&gt;\n\t &lt;49004DD1.8030506@...&gt;\r\nX-eGroups-Msg-Info: 1:12:0:0:0\r\nFrom: &quot;Varuna Seneviratna&quot; &lt;varunaseneviratna@...&gt;\r\nSubject: Re: [junit] What is the error?\r\nX-Yahoo-Group-Post: member; u=302693866; y=D4gy-r-M2m111psu79udeaLHbA9aqkDLaEfKBSSFm3GibS9miO1J\r\nX-Yahoo-Profile: varuna221073\r\nContent-Type: text/plain; charset=US-ASCII\r\nContent-Transfer-Encoding: 7bit\r\n\r\nI don&#39;t know what went wrong or how it started working But when I run java\nMoneyTest now  here is the result\n\nC:&#92;JunitTest&gt;java MoneyTest\nJUnit version 4.5\n.E\nTime: 0.047\nThere was 1 failure:\n1) simpleAdd(MoneyTest)\njava.lang.AssertionError: Failed the test\n        at org.junit.Assert.fail(Assert.java:91)\n        at org.junit.Assert.assertTrue(Assert.java:43)\n        at MoneyTest.simpleAdd(MoneyTest.java:11)\n        at sun.reflect.NativeMethodAccessorImpl.invoke0(Native Method)\n        at sun.reflect.NativeMethodAccessorImpl.invoke(Unknown Source)\n        at sun.reflect.DelegatingMethodAccessorImpl.invoke(Unknown Source)\n        at java.lang.reflect.Method.invoke(Unknown Source)\n        at\norg.junit.runners.model.FrameworkMethod$1.runReflectiveCall(Framework\nMethod.java:44)\n        at\norg.junit.internal.runners.model.ReflectiveCallable.run(ReflectiveCal\nlable.java:15)\n        at\norg.junit.runners.model.FrameworkMethod.invokeExplosively(FrameworkMe\nthod.java:41)\n        at\norg.junit.internal.runners.statements.InvokeMethod.evaluate(InvokeMet\nhod.java:20)\n        at\norg.junit.internal.runners.statements.RunBefores.evaluate(RunBefores.\njava:28)\n        at\norg.junit.internal.runners.statements.RunAfters.evaluate(RunAfters.ja\nva:31)\n        at\norg.junit.runners.BlockJUnit4ClassRunner.runChild(BlockJUnit4ClassRun\nner.java:73)\n        at\norg.junit.runners.BlockJUnit4ClassRunner.runChild(BlockJUnit4ClassRun\nner.java:46)\n        at org.junit.runners.ParentRunner.runChildren(ParentRunner.java:180)\n        at org.junit.runners.ParentRunner.access$000(ParentRunner.java:41)\n        at org.junit.runners.ParentRunner$1.evaluate(ParentRunner.java:173)\n        at\norg.junit.internal.runners.statements.RunBefores.evaluate(RunBefores.\njava:28)\n        at\norg.junit.internal.runners.statements.RunAfters.evaluate(RunAfters.ja\nva:31)\n        at org.junit.runners.ParentRunner.run(ParentRunner.java:220)\n        at org.junit.runners.Suite.runChild(Suite.java:115)\n        at org.junit.runners.Suite.runChild(Suite.java:23)\n        at org.junit.runners.ParentRunner.runChildren(ParentRunner.java:180)\n        at org.junit.runners.ParentRunner.access$000(ParentRunner.java:41)\n        at org.junit.runners.ParentRunner$1.evaluate(ParentRunner.java:173)\n        at\norg.junit.internal.runners.statements.RunBefores.evaluate(RunBefores.\njava:28)\n        at\norg.junit.internal.runners.statements.RunAfters.evaluate(RunAfters.ja\nva:31)\n        at org.junit.runners.ParentRunner.run(ParentRunner.java:220)\n        at org.junit.runner.JUnitCore.run(JUnitCore.java:137)\n        at org.junit.runner.JUnitCore.run(JUnitCore.java:116)\n        at org.junit.runner.JUnitCore.run(JUnitCore.java:107)\n        at org.junit.runner.JUnitCore.runMain(JUnitCore.java:88)\n        at org.junit.runner.JUnitCore.runMainAndExit(JUnitCore.java:54)\n        at org.junit.runner.JUnitCore.main(JUnitCore.java:46)\n        at MoneyTest.main(MoneyTest.java:14)\n\nFAILURES!!!\nTests run: 1,  Failures: 1\n\nPlease tell me how to read these Test Messages.The test message that I\ncodded to display if the test was a failure is displayed.Please tell me why\nthe test is a failure according to the  below classes\n\npublic class Money{\n&gt;\n&gt;     private int amount;\n&gt;     private String currency;\n&gt;\n&gt;     public Money(int amount,String currency){\n&gt;         this.amount=amount;\n&gt;         this.currency=currency;\n&gt;\n&gt;\n&gt;     }\n&gt;     public Money add(Money m){\n&gt;\n&gt;         int total=m.amount+this.amount;\n&gt;         Money newMoney=new Money(total, m.currency);\n&gt;         return newMoney;\n&gt;\n&gt;     }\n&gt;\n&gt;\n&gt; }\n&gt;\n&gt;\n&gt; import org.junit.Test;\n&gt; import org.junit.Assert;\n&gt;\n&gt; public class MoneyTest{\n&gt;     @Test\n&gt;      public void simpleAdd() {\n&gt;     Money m12CHF= new Money(12, &quot;CHF&quot;);\n&gt;     Money m14CHF= new Money(14, &quot;CHF&quot;);\n&gt;     Money expected= new Money(26, &quot;CHF&quot;);\n&gt;     Money result= m12CHF.add(m14CHF);\n&gt;     Assert.assertTrue(&quot;Failed the test&quot;,expected.equals(result));\n&gt;     }\n&gt;     public static void main(String args[]) {\n&gt;       org.junit.runner.JUnitCore.main(&quot;MoneyTest&quot;);\n&gt;     }\n&gt;\n&gt;\n&gt;\n&gt;\n&gt;\n&gt; }\n&gt;\n&gt;\n&gt;\n\nVaruna\n\n2008/10/23 Mark Salter &lt;marksalter@...&gt;\n\n&gt;   Varuna Seneviratna wrote:\n&gt; &gt; My Java version is\n&gt; &gt;\n&gt; &gt; C:&#92;&gt;java -version\n&gt; &gt; java version &quot;1.6.0_07&quot;\n&gt; &gt; Java(TM) SE Runtime Environment (build 1.6.0_07-b06)\n&gt; &gt; Java HotSpot(TM) Client VM (build 10.0-b23, mixed mode, sharing)\n&gt; &gt;\n&gt; I actually asked for your javac -version?\n&gt;\n&gt; Can you try again and also *carefully* check that there are no spaces in\n&gt; your java file names please?\n&gt;\n&gt; --\n&gt; Mark\n&gt;  \n&gt;\n\n\n\n-- \nVaruna Seneviratna\nNo 514 Udumulla Road\nBattaramulla\nSri Lanka\nTel : 011-2888620\nMobile:0715617141\n\n\n[Non-text portions of this message have been removed]\n\n\n", 
    "profile": "varuna221073", 
    "topicId": 20995, 
    "spamInfo": {
        "reason": "12", 
        "isSpam": false
    }, 
    "replyTo": "LIST", 
    "userId": 302693866, 
    "prevInTime": 21020, 
    "contentTrasformed": false, 
    "postDate": "1224772012", 
    "canDelete": false, 
    "nextInTopic": 21028, 
    "prevInTopic": 21020, 
    "headers": {
        "inReplyToHeader": "PDQ5MDA0REQxLjgwMzA1MDZAdGFsa3RhbGsubmV0Pg==", 
        "messageIdInHeader": "PGNjYWZlNzRjMDgxMDIzMDcyNmk2YTA1NmE3M24zZWI1MjQ0ZWE0YTdiYzA2QG1haWwuZ21haWwuY29tPg==", 
        "referencesHeader": "PGNjYWZlNzRjMDgxMDIxMTIyOXI2Njc4ZTZkZXg0MTgyNzU2OGZlNTA5YmE5QG1haWwuZ21haWwuY29tPgkgPDQ4RkVFNzVGLjMwMDAwMDNAdGFsa3RhbGsubmV0PgkgPGNjYWZlNzRjMDgxMDIzMDAzNXg2MzkxNDlhMXAzYzUwNTZhYmJkYzQ4YmY3QG1haWwuZ21haWwuY29tPgkgPDQ5MDA0REQxLjgwMzA1MDZAdGFsa3RhbGsubmV0Pg=="
    }
}