{
    "numMessagesInTopic": 7, 
    "nextInTime": 21022, 
    "senderId": "_tE147j1iLw023_uKGvUT9YudywLQHs06GsObT6GUT23yx2ow9aIwd7Cs0Ilj2gQNY6HpCC6_EFAMGaA4BvpN6qfqn1Hp3uLU1Ye20fYPwGOihf_TvVAvik", 
    "systemMessage": false, 
    "subject": "Re: [junit] What is the error?", 
    "from": "&quot;Varuna Seneviratna&quot; &lt;varunaseneviratna@...&gt;", 
    "authorName": "Varuna Seneviratna", 
    "msgSnippet": "I don t know what went wrong or how it started working But when I run java MoneyTest now  here is the result C: JunitTest java MoneyTest JUnit version 4.5 .E ", 
    "msgId": 21021, 
    "profile": "varuna221073", 
    "topicId": 20995, 
    "spamInfo": {
        "reason": "12", 
        "isSpam": false
    }, 
    "replyTo": "LIST", 
    "userId": 302693866, 
    "messageBody": "<div id=\"ygrps-yiv-50846540\">I don&#39;t know what went wrong or how it started working But when I run java<br/>\nMoneyTest now  here is the result<br/>\n<br/>\nC:&#92;JunitTest&gt;java MoneyTest<br/>\nJUnit version 4.5<br/>\n.E<br/>\nTime: 0.047<br/>\nThere was 1 failure:<br/>\n1) simpleAdd(MoneyTest)<br/>\njava.lang.AssertionError: Failed the test<br/>\n        at org.junit.Assert.fail(Assert.java:91)<br/>\n        at org.junit.Assert.assertTrue(Assert.java:43)<br/>\n        at MoneyTest.simpleAdd(MoneyTest.java:11)<br/>\n        at sun.reflect.NativeMethodAccessorImpl.invoke0(Native Method)<br/>\n        at sun.reflect.NativeMethodAccessorImpl.invoke(Unknown Source)<br/>\n        at sun.reflect.DelegatingMethodAccessorImpl.invoke(Unknown Source)<br/>\n        at java.lang.reflect.Method.invoke(Unknown Source)<br/>\n        at<br/>\norg.junit.runners.model.FrameworkMethod$1.runReflectiveCall(Framework<br/>\nMethod.java:44)<br/>\n        at<br/>\norg.junit.internal.runners.model.ReflectiveCallable.run(ReflectiveCal<br/>\nlable.java:15)<br/>\n        at<br/>\norg.junit.runners.model.FrameworkMethod.invokeExplosively(FrameworkMe<br/>\nthod.java:41)<br/>\n        at<br/>\norg.junit.internal.runners.statements.InvokeMethod.evaluate(InvokeMet<br/>\nhod.java:20)<br/>\n        at<br/>\norg.junit.internal.runners.statements.RunBefores.evaluate(RunBefores.<br/>\njava:28)<br/>\n        at<br/>\norg.junit.internal.runners.statements.RunAfters.evaluate(RunAfters.ja<br/>\nva:31)<br/>\n        at<br/>\norg.junit.runners.BlockJUnit4ClassRunner.runChild(BlockJUnit4ClassRun<br/>\nner.java:73)<br/>\n        at<br/>\norg.junit.runners.BlockJUnit4ClassRunner.runChild(BlockJUnit4ClassRun<br/>\nner.java:46)<br/>\n        at org.junit.runners.ParentRunner.runChildren(ParentRunner.java:180)<br/>\n        at org.junit.runners.ParentRunner.access$000(ParentRunner.java:41)<br/>\n        at org.junit.runners.ParentRunner$1.evaluate(ParentRunner.java:173)<br/>\n        at<br/>\norg.junit.internal.runners.statements.RunBefores.evaluate(RunBefores.<br/>\njava:28)<br/>\n        at<br/>\norg.junit.internal.runners.statements.RunAfters.evaluate(RunAfters.ja<br/>\nva:31)<br/>\n        at org.junit.runners.ParentRunner.run(ParentRunner.java:220)<br/>\n        at org.junit.runners.Suite.runChild(Suite.java:115)<br/>\n        at org.junit.runners.Suite.runChild(Suite.java:23)<br/>\n        at org.junit.runners.ParentRunner.runChildren(ParentRunner.java:180)<br/>\n        at org.junit.runners.ParentRunner.access$000(ParentRunner.java:41)<br/>\n        at org.junit.runners.ParentRunner$1.evaluate(ParentRunner.java:173)<br/>\n        at<br/>\norg.junit.internal.runners.statements.RunBefores.evaluate(RunBefores.<br/>\njava:28)<br/>\n        at<br/>\norg.junit.internal.runners.statements.RunAfters.evaluate(RunAfters.ja<br/>\nva:31)<br/>\n        at org.junit.runners.ParentRunner.run(ParentRunner.java:220)<br/>\n        at org.junit.runner.JUnitCore.run(JUnitCore.java:137)<br/>\n        at org.junit.runner.JUnitCore.run(JUnitCore.java:116)<br/>\n        at org.junit.runner.JUnitCore.run(JUnitCore.java:107)<br/>\n        at org.junit.runner.JUnitCore.runMain(JUnitCore.java:88)<br/>\n        at org.junit.runner.JUnitCore.runMainAndExit(JUnitCore.java:54)<br/>\n        at org.junit.runner.JUnitCore.main(JUnitCore.java:46)<br/>\n        at MoneyTest.main(MoneyTest.java:14)<br/>\n<br/>\nFAILURES!!!<br/>\nTests run: 1,  Failures: 1<br/>\n<br/>\nPlease tell me how to read these Test Messages.The test message that I<br/>\ncodded to display if the test was a failure is displayed.Please tell me why<br/>\nthe test is a failure according to the  below classes<br/>\n<br/>\npublic class Money{<br/>\n<blockquote><span title=\"ireply\"> &gt;<br/>\n&gt;     private int amount;<br/>\n&gt;     private String currency;<br/>\n&gt;<br/>\n&gt;     public Money(int amount,String currency){<br/>\n&gt;         this.amount=amount;<br/>\n&gt;         this.currency=currency;<br/>\n&gt;<br/>\n&gt;<br/>\n&gt;     }<br/>\n&gt;     public Money add(Money m){<br/>\n&gt;<br/>\n&gt;         int total=m.amount+this.amount;<br/>\n&gt;         Money newMoney=new Money(total, m.currency);<br/>\n&gt;         return newMoney;<br/>\n&gt;<br/>\n&gt;     }<br/>\n&gt;<br/>\n&gt;<br/>\n&gt; }<br/>\n&gt;<br/>\n&gt;<br/>\n&gt; import org.junit.Test;<br/>\n&gt; import org.junit.Assert;<br/>\n&gt;<br/>\n&gt; public class MoneyTest{<br/>\n&gt;     @Test<br/>\n&gt;      public void simpleAdd() {<br/>\n&gt;     Money m12CHF= new Money(12, &quot;CHF&quot;);<br/>\n&gt;     Money m14CHF= new Money(14, &quot;CHF&quot;);<br/>\n&gt;     Money expected= new Money(26, &quot;CHF&quot;);<br/>\n&gt;     Money result= m12CHF.add(m14CHF);<br/>\n&gt;     Assert.assertTrue(&quot;Failed the test&quot;,expected.equals(result));<br/>\n&gt;     }<br/>\n&gt;     public static void main(String args[]) {<br/>\n&gt;       org.junit.runner.JUnitCore.main(&quot;MoneyTest&quot;);<br/>\n&gt;     }<br/>\n&gt;<br/>\n&gt;<br/>\n&gt;<br/>\n&gt;<br/>\n&gt;<br/>\n&gt; }<br/>\n&gt;<br/>\n&gt;<br/>\n&gt;<br/>\n<br/>\n </span></blockquote>Varuna<br/>\n<br/>\n2008/10/23 Mark Salter &lt;<a rel=\"nofollow\" target=\"_blank\" href=\"mailto:marksalter@...\">marksalter@...</a>&gt;<br/>\n<br/>\n<blockquote><span title=\"ireply\"> &gt;   Varuna Seneviratna wrote:<br/>\n&gt; &gt; My Java version is<br/>\n&gt; &gt;<br/>\n&gt; &gt; C:&#92;&gt;java -version<br/>\n&gt; &gt; java version &quot;1.6.0_07&quot;<br/>\n&gt; &gt; Java(TM) SE Runtime Environment (build 1.6.0_07-b06)<br/>\n&gt; &gt; Java HotSpot(TM) Client VM (build 10.0-b23, mixed mode, sharing)<br/>\n&gt; &gt;<br/>\n&gt; I actually asked for your javac -version?<br/>\n&gt;<br/>\n&gt; Can you try again and also *carefully* check that there are no spaces in<br/>\n&gt; your java file names please?<br/>\n&gt;<br/>\n&gt; --<br/>\n&gt; Mark<br/>\n&gt;  <br/>\n&gt;<br/>\n<br/>\n<br/>\n<br/>\n </span></blockquote>-- <br/>\nVaruna Seneviratna<br/>\nNo 514 Udumulla Road<br/>\nBattaramulla<br/>\nSri Lanka<br/>\nTel : 011-2888620<br/>\nMobile:0715617141<br/>\n<br/>\n<br/>\n[Non-text portions of this message have been removed]</div>", 
    "prevInTime": 21020, 
    "specialLinks": [], 
    "contentTrasformed": false, 
    "postDate": "1224772012", 
    "canDelete": false, 
    "nextInTopic": 21028, 
    "prevInTopic": 21020, 
    "headers": {
        "inReplyToHeader": "PDQ5MDA0REQxLjgwMzA1MDZAdGFsa3RhbGsubmV0Pg==", 
        "messageIdInHeader": "PGNjYWZlNzRjMDgxMDIzMDcyNmk2YTA1NmE3M24zZWI1MjQ0ZWE0YTdiYzA2QG1haWwuZ21haWwuY29tPg==", 
        "referencesHeader": "PGNjYWZlNzRjMDgxMDIxMTIyOXI2Njc4ZTZkZXg0MTgyNzU2OGZlNTA5YmE5QG1haWwuZ21haWwuY29tPgkgPDQ4RkVFNzVGLjMwMDAwMDNAdGFsa3RhbGsubmV0PgkgPGNjYWZlNzRjMDgxMDIzMDAzNXg2MzkxNDlhMXAzYzUwNTZhYmJkYzQ4YmY3QG1haWwuZ21haWwuY29tPgkgPDQ5MDA0REQxLjgwMzA1MDZAdGFsa3RhbGsubmV0Pg=="
    }
}