{
    "numMessagesInTopic": 2, 
    "nextInTime": 21114, 
    "senderId": "PAnyi_j13R_hbGT_-8xMxg8WnkPONDL4cGDMEaSHxDZdXLkOsG-afJllTIIXQMqnL6abSUoFk2Tw07iGpgzSvu_A8LM", 
    "systemMessage": false, 
    "subject": "Re: [junit] ClassNotFoundException ant, junit, eclipse", 
    "from": "&quot;David Saff&quot; &lt;david@...&gt;", 
    "authorName": "David Saff", 
    "msgSnippet": "Magnus, Sorry for a very late response.  Did you find an answer? David Saff", 
    "msgId": 21113, 
    "profile": "dsaff", 
    "topicId": 20738, 
    "spamInfo": {
        "reason": "12", 
        "isSpam": false
    }, 
    "replyTo": "LIST", 
    "userId": 341876227, 
    "messageBody": "<div id=\"ygrps-yiv-1509754703\">Magnus,<br/>\n<br/>\nSorry for a very late response.  Did you find an answer?<br/>\n<br/>\n   David Saff<br/>\n<br/>\n<blockquote><span title=\"qreply\"> On Fri, Aug 1, 2008 at 7:47 AM, mfugleru &lt;<a rel=\"nofollow\" target=\"_blank\" href=\"mailto:mfugle-1@...\">mfugle-1@...</a>&gt; wrote:<br/>\n&gt;<br/>\n&gt; Hello, I am trying to build my java project with a build.xml file using ant<br/>\n&gt; in eclipse.<br/>\n&gt; The problem is the JUnit part of the build (it builds sucessfull without the<br/>\n&gt; JUnit task).<br/>\n&gt; The structure is as follows:<br/>\n&gt;<br/>\n&gt; ---&gt; MyProject<br/>\n&gt; -----------&gt; src<br/>\n&gt; -----------&gt; test<br/>\n&gt;<br/>\n&gt; There seems to be a problem with not finding my Test-class.<br/>\n&gt; ClassNotFoundException: XTest<br/>\n&gt; I have pasted the stacktrace below:<br/>\n&gt; Anybody who can help me please?<br/>\n&gt;<br/>\n&gt; Cheers,<br/>\n&gt;<br/>\n&gt; Magnus<br/>\n&gt;<br/>\n&gt; Buildfile: C:&#92;Documents and Settings&#92;mfugleru&#92;workspace&#92;Modulis&#92;build.xml<br/>\n&gt; init:<br/>\n&gt; [mkdir] Created dir: C:&#92;Documents and<br/>\n&gt; Settings&#92;mfugleru&#92;workspace&#92;Modulis&#92;build<br/>\n&gt; init:<br/>\n&gt; compile:<br/>\n&gt; [javac] Compiling 1 source file to C:&#92;Documents and<br/>\n&gt; Settings&#92;mfugleru&#92;workspace&#92;Modulis&#92;build<br/>\n&gt; [javac] Compiling 1 source file to C:&#92;Documents and<br/>\n&gt; Settings&#92;mfugleru&#92;workspace&#92;Modulis&#92;build<br/>\n&gt; dist:<br/>\n&gt; [mkdir] Created dir: C:&#92;Documents and<br/>\n&gt; Settings&#92;mfugleru&#92;workspace&#92;Modulis&#92;dist&#92;lib<br/>\n&gt; [jar] Building jar: C:&#92;Documents and<br/>\n&gt; Settings&#92;mfugleru&#92;workspace&#92;Modulis&#92;dist&#92;lib&#92;MyProject-20080801.jar<br/>\n&gt; init:<br/>\n&gt; compile:<br/>\n&gt; clean:<br/>\n&gt; [delete] Deleting directory C:&#92;Documents and<br/>\n&gt; Settings&#92;mfugleru&#92;workspace&#92;Modulis&#92;build<br/>\n&gt; [delete] Deleting directory C:&#92;Documents and<br/>\n&gt; Settings&#92;mfugleru&#92;workspace&#92;Modulis&#92;dist<br/>\n&gt; test:<br/>\n&gt; [junit] Running XTest<br/>\n&gt; [junit] Testsuite: XTest<br/>\n&gt; [junit] Tests run: 1, Failures: 0, Errors: 1, Time elapsed: 0 sec<br/>\n&gt; [junit] Tests run: 1, Failures: 0, Errors: 1, Time elapsed: 0 sec<br/>\n&gt; [junit] Null Test: Caused an ERROR<br/>\n&gt; [junit] XTest<br/>\n&gt; [junit] java.lang.ClassNotFoundException: XTest<br/>\n&gt; [junit] at java.net.URLClassLoader$1.run(Unknown Source)<br/>\n&gt; [junit] at java.security.AccessController.doPrivileged(Native Method)<br/>\n&gt; [junit] at java.net.URLClassLoader.findClass(Unknown Source)<br/>\n&gt; [junit] at java.lang.ClassLoader.loadClass(Unknown Source)<br/>\n&gt; [junit] at sun.misc.Launcher$AppClassLoader.loadClass(Unknown Source)<br/>\n&gt; [junit] at java.lang.ClassLoader.loadClass(Unknown Source)<br/>\n&gt; [junit] at java.lang.ClassLoader.loadClass(Unknown Source)<br/>\n&gt; [junit] at java.lang.ClassLoader.loadClassInternal(Unknown Source)<br/>\n&gt; [junit] at java.lang.Class.forName0(Native Method)<br/>\n&gt; [junit] at java.lang.Class.forName(Unknown Source)<br/>\n&gt; [junit] at<br/>\n&gt; org.eclipse.ant.internal.ui.antsupport.EclipseDefaultExecutor.executeTargets(EclipseDefaultExecutor.java:32)<br/>\n&gt; [junit] at<br/>\n&gt; org.eclipse.ant.internal.ui.antsupport.InternalAntRunner.run(InternalAntRunner.java:423)<br/>\n&gt; [junit] at<br/>\n&gt; org.eclipse.ant.internal.ui.antsupport.InternalAntRunner.main(InternalAntRunner.java:137)<br/>\n&gt;<br/>\n&gt; BUILD FAILED<br/>\n&gt; C:&#92;Documents and Settings&#92;mfugleru&#92;workspace&#92;Modulis&#92;build.xml:44: Test<br/>\n&gt; XTest failed<br/>\n&gt;<br/>\n&gt; Total time: 906 milliseconds<br/>\n&gt; --<br/>\n&gt; View this message in context:<br/>\n&gt; <a rel=\"nofollow\" target=\"_blank\" href=\"http://www.nabble.com/ClassNotFoundException-ant%2C-junit%2C-eclipse-tp18773107p18773107.html\">http://www.nabble.com/ClassNotFoundException-ant%2C-junit%2C-eclipse-tp18773107p18773107.html</a><br/>\n&gt; Sent from the JUnit - User mailing list archive at Nabble.com.<br/>\n&gt;<br/>\n&gt; </span></blockquote></div>", 
    "prevInTime": 21112, 
    "specialLinks": [], 
    "contentTrasformed": false, 
    "postDate": "1227021713", 
    "canDelete": false, 
    "nextInTopic": 0, 
    "prevInTopic": 20738, 
    "headers": {
        "inReplyToHeader": "PDE4NzczMTA3LnBvc3RAdGFsay5uYWJibGUuY29tPg==", 
        "messageIdInHeader": "PDRmN2RhNmI5MDgxMTE4MDcyMWhjNTQwMTMxa2FlZDAwNTRkNDYzMGYyOGRAbWFpbC5nbWFpbC5jb20+", 
        "referencesHeader": "PDE4NzczMTA3LnBvc3RAdGFsay5uYWJibGUuY29tPg=="
    }
}