{
    "numMessagesInTopic": 3, 
    "nextInTime": 21146, 
    "senderId": "3uwCVnbE-uQNgoBPGUD-VwuqNliUyqR5Q5ap7ylwY39QjFbF5_cbSQ6RIhc0iHXZ86MZAS5atWCHJWjPZnLfUN-zJw-tVcUX", 
    "systemMessage": true, 
    "subject": "Mysterious FileNotFoundException with junitvmwatcher", 
    "from": "&lt;dave.alvarado@...&gt;", 
    "authorName": "dave.alvarado@remanresource.com", 
    "msgSnippet": "Hi, I m using Eclipse 3.4 (WinXP) with Ant 1.7.  I m trying to run a JUnit test and get the error below Buildfile:", 
    "msgId": 21145, 
    "profile": "laredotornado", 
    "topicId": 21145, 
    "spamInfo": {
        "reason": "12", 
        "isSpam": false
    }, 
    "replyTo": "LIST", 
    "userId": 369925636, 
    "messageBody": "<div id=\"ygrps-yiv-2017139694\">Hi,<br/>\n<br/>\nI&#39;m using Eclipse 3.4 (WinXP) with Ant 1.7.  I&#39;m trying to run a JUnit test and get the error below<br/>\n<br/>\nBuildfile: C:&#92;Temp&#92;CedarPoint_Service&#92;build-junit-test.xml<br/>\ncheck-junit:<br/>\nbuild-tests:<br/>\n    [javac] Compiling 9 source files to C:&#92;Temp&#92;CedarPoint_Service&#92;classes<br/>\n     [copy] Copying 2 files to C:&#92;Temp&#92;CedarPoint_Service&#92;classes<br/>\nrun-query-test:<br/>\n    [junit] java.io.FileNotFoundException: C:&#92;Temp&#92;CedarPoint_Service&#92;junitvmwatcher1903248725.properties (The system cannot find the file specified)<br/>\n    [junit] \tat java.io.FileInputStream.open(Native Method)<br/>\n    [junit] \tat java.io.FileInputStream.&lt;init&gt;(FileInputStream.java:106)<br/>\n    [junit] \tat java.io.FileReader.&lt;init&gt;(FileReader.java:55)<br/>\n    [junit] \tat org.apache.tools.ant.taskdefs.optional.junit.JUnitTask.executeAsForked(JUnitTask.java:1028)<br/>\n    [junit] \tat org.apache.tools.ant.taskdefs.optional.junit.JUnitTask.execute(JUnitTask.java:817)<br/>\n    [junit] \tat org.apache.tools.ant.taskdefs.optional.junit.JUnitTask.executeOrQueue(JUnitTask.java:1657)<br/>\n    [junit] \tat org.apache.tools.ant.taskdefs.optional.junit.JUnitTask.execute(JUnitTask.java:764)<br/>\n    [junit] \tat org.apache.tools.ant.UnknownElement.execute(UnknownElement.java:288)<br/>\n    [junit] \tat sun.reflect.NativeMethodAccessorImpl.invoke0(Native Method)<br/>\n    [junit] \tat sun.reflect.NativeMethodAccessorImpl.invoke(NativeMethodAccessorImpl.java:39)<br/>\n    [junit] \tat sun.reflect.DelegatingMethodAccessorImpl.invoke(DelegatingMethodAccessorImpl.java:25)<br/>\n    [junit] \tat java.lang.reflect.Method.invoke(Method.java:585)<br/>\n    [junit] \tat org.apache.tools.ant.dispatch.DispatchUtils.execute(DispatchUtils.java:105)<br/>\n    [junit] \tat org.apache.tools.ant.Task.perform(Task.java:348)<br/>\n    [junit] \tat org.apache.tools.ant.Target.execute(Target.java:357)<br/>\n    [junit] \tat org.apache.tools.ant.Target.performTasks(Target.java:385)<br/>\n    [junit] \tat org.apache.tools.ant.Project.executeSortedTargets(Project.java:1329)<br/>\n    [junit] \tat org.apache.tools.ant.Project.executeTarget(Project.java:1298)<br/>\n    [junit] \tat org.apache.tools.ant.helper.DefaultExecutor.executeTargets(DefaultExecutor.java:41)<br/>\n    [junit] \tat org.eclipse.ant.internal.ui.antsupport.EclipseDefaultExecutor.executeTargets(EclipseDefaultExecutor.java:32)<br/>\n    [junit] \tat org.apache.tools.ant.Project.executeTargets(Project.java:1181)<br/>\n    [junit] \tat org.eclipse.ant.internal.ui.antsupport.InternalAntRunner.run(InternalAntRunner.java:423)<br/>\n    [junit] \tat org.eclipse.ant.internal.ui.antsupport.InternalAntRunner.main(InternalAntRunner.java:137)<br/>\n<br/>\nBUILD FAILED<br/>\nC:&#92;Temp&#92;CedarPoint_Service&#92;build-junit-test.xml:118: Test QuerySubscriberTest failed (crashed)<br/>\n<br/>\nTotal time: 12 seconds<br/>\n<br/>\n<br/>\nI have no idea what this means or know how to begin to troubleshoot.  Please help.  The ant task in question is also listed below ...<br/>\n<br/>\n  &lt;target name=&quot;run-query-test&quot; depends=&quot;build-tests&quot;&gt;<br/>\n  \t&lt;junit dir=&quot;${build}&quot; fork=&quot;true&quot; haltonfailure=&quot;true&quot;&gt;<br/>\n  \t  &lt;classpath&gt;<br/>\n    \t  &lt;path refid=&quot;project.class.path&quot;/&gt;<br/>\n       \t&lt;pathelement path=&quot;${java.class.path}&quot;/&gt;<br/>\n       \t&lt;pathelement path=&quot;${dist}/cedarpointpooledclient.jar&quot;/&gt;<br/>\n       \t&lt;pathelement path=&quot;${build}&quot;/&gt;<br/>\n  \t  &lt;/classpath&gt;<br/>\n  \t  &lt;test name=&quot;QuerySubscriberTest&quot; todir=&quot;${docs}&quot; outfile=&quot;junit.query.result&quot;&gt;<br/>\n  \t\t  &lt;formatter type=&quot;xml&quot;/&gt;<br/>\n  \t  &lt;/test&gt;<br/>\n  \t&lt;/junit&gt;<br/>\n  &lt;/target&gt;</div>", 
    "prevInTime": 21144, 
    "specialLinks": [], 
    "contentTrasformed": false, 
    "postDate": "1228151480", 
    "canDelete": false, 
    "nextInTopic": 21170, 
    "prevInTopic": 0, 
    "headers": {
        "messageIdInHeader": "PDIwMDgxMjAxMTcxMTIwLjM4OTkucW1haWxAc2VydmVyMjgyLmNvbT4="
    }
}