{
    "numMessagesInTopic": 3, 
    "nextInTime": 21146, 
    "senderId": "0myB3JXu_ddCXmAylBB0X6qBsGxHJMgrLD7aqZVgobjps1Gy4pxfqFcBftKUpUIZiRDp4mcLxO4_51iNBehG6eTTsCG8SIev", 
    "systemMessage": true, 
    "subject": "Mysterious FileNotFoundException with junitvmwatcher", 
    "from": "&lt;dave.alvarado@...&gt;", 
    "authorName": "dave.alvarado@remanresource.com", 
    "msgSnippet": "Hi, I m using Eclipse 3.4 (WinXP) with Ant 1.7.  I m trying to run a JUnit test and get the error below Buildfile:", 
    "msgId": 21145, 
    "rawEmail": "Return-Path: &lt;dave.alvarado@...&gt;\r\nReceived: (qmail 76204 invoked from network); 1 Dec 2008 22:10:21 -0000\r\nReceived: from unknown (66.218.67.94)\n  by m48.grp.scd.yahoo.com with QMQP; 1 Dec 2008 22:10:21 -0000\r\nReceived: from unknown (HELO n45a.bullet.mail.sp1.yahoo.com) (66.163.168.139)\n  by mta15.grp.scd.yahoo.com with SMTP; 1 Dec 2008 22:10:21 -0000\r\nReceived: from [69.147.65.173] by n45.bullet.mail.sp1.yahoo.com with NNFMP; 01 Dec 2008 22:10:21 -0000\r\nReceived: from [66.218.66.78] by t15.bullet.mail.sp1.yahoo.com with NNFMP; 01 Dec 2008 22:10:21 -0000\r\nX-Sender: dave.alvarado@...\r\nX-Apparently-To: junit@yahoogroups.com\r\nX-Received: (qmail 1778 invoked from network); 1 Dec 2008 17:11:24 -0000\r\nX-Received: from unknown (66.218.67.96)\n  by m36.grp.scd.yahoo.com with QMQP; 1 Dec 2008 17:11:24 -0000\r\nX-Received: from unknown (HELO server282.com) (64.14.68.75)\n  by mta17.grp.scd.yahoo.com with SMTP; 1 Dec 2008 17:11:24 -0000\r\nX-Received: (qmail 3900 invoked by uid 2007); 1 Dec 2008 17:11:20 -0000\r\nMessage-ID: &lt;20081201171120.3899.qmail@...&gt;\r\nTo: junit@yahoogroups.com\r\nDate: Mon, 01 Dec 2008 17:11:20 +0000\r\nMIME-Version: 1.0\r\nX-Mailer: WebMail 2.55\r\nX-Originating-Email: dave.alvarado@...\r\nContent-Type: text/plain; charset=&quot;utf-8&quot;\r\nContent-Transfer-Encoding: 8bit\r\nX-eGroups-Msg-Info: 1:12:0:0:0\r\nFrom: &lt;dave.alvarado@...&gt;\r\nReply-To: &lt;dave.alvarado@...&gt;\r\nSubject: =?utf-8?B?TXlzdGVyaW91cyBGaWxlTm90Rm91bmRFeGNlcHRpb24gd2l0aCBqdW5pdHZtd2F0Y2hlcg==?=\r\nX-Yahoo-Group-Post: member; u=369925636; y=c8VOIBFjZW6xBGFeimLL7i9QuvSCtMr4mL9mEH9CF9aCFTrxa2tLpA\r\nX-Yahoo-Profile: laredotornado\r\nX-Yahoo-Newman-Property: groups-system\r\nX-eGroups-Approved-By: spchappell &lt;simonpeterchappell@...&gt; via web; 01 Dec 2008 22:10:18 -0000\r\n\r\nHi,\n\nI&#39;m using Eclipse 3.4 (WinXP) with Ant 1.7.  I&#39;m trying to run a JUnit test and get the error below\n\nBuildfile: C:&#92;Temp&#92;CedarPoint_Service&#92;build-junit-test.xml\ncheck-junit:\nbuild-tests:\n    [javac] Compiling 9 source files to C:&#92;Temp&#92;CedarPoint_Service&#92;classes\n     [copy] Copying 2 files to C:&#92;Temp&#92;CedarPoint_Service&#92;classes\nrun-query-test:\n    [junit] java.io.FileNotFoundException: C:&#92;Temp&#92;CedarPoint_Service&#92;junitvmwatcher1903248725.properties (The system cannot find the file specified)\n    [junit] \tat java.io.FileInputStream.open(Native Method)\n    [junit] \tat java.io.FileInputStream.&lt;init&gt;(FileInputStream.java:106)\n    [junit] \tat java.io.FileReader.&lt;init&gt;(FileReader.java:55)\n    [junit] \tat org.apache.tools.ant.taskdefs.optional.junit.JUnitTask.executeAsForked(JUnitTask.java:1028)\n    [junit] \tat org.apache.tools.ant.taskdefs.optional.junit.JUnitTask.execute(JUnitTask.java:817)\n    [junit] \tat org.apache.tools.ant.taskdefs.optional.junit.JUnitTask.executeOrQueue(JUnitTask.java:1657)\n    [junit] \tat org.apache.tools.ant.taskdefs.optional.junit.JUnitTask.execute(JUnitTask.java:764)\n    [junit] \tat org.apache.tools.ant.UnknownElement.execute(UnknownElement.java:288)\n    [junit] \tat sun.reflect.NativeMethodAccessorImpl.invoke0(Native Method)\n    [junit] \tat sun.reflect.NativeMethodAccessorImpl.invoke(NativeMethodAccessorImpl.java:39)\n    [junit] \tat sun.reflect.DelegatingMethodAccessorImpl.invoke(DelegatingMethodAccessorImpl.java:25)\n    [junit] \tat java.lang.reflect.Method.invoke(Method.java:585)\n    [junit] \tat org.apache.tools.ant.dispatch.DispatchUtils.execute(DispatchUtils.java:105)\n    [junit] \tat org.apache.tools.ant.Task.perform(Task.java:348)\n    [junit] \tat org.apache.tools.ant.Target.execute(Target.java:357)\n    [junit] \tat org.apache.tools.ant.Target.performTasks(Target.java:385)\n    [junit] \tat org.apache.tools.ant.Project.executeSortedTargets(Project.java:1329)\n    [junit] \tat org.apache.tools.ant.Project.executeTarget(Project.java:1298)\n    [junit] \tat org.apache.tools.ant.helper.DefaultExecutor.executeTargets(DefaultExecutor.java:41)\n    [junit] \tat org.eclipse.ant.internal.ui.antsupport.EclipseDefaultExecutor.executeTargets(EclipseDefaultExecutor.java:32)\n    [junit] \tat org.apache.tools.ant.Project.executeTargets(Project.java:1181)\n    [junit] \tat org.eclipse.ant.internal.ui.antsupport.InternalAntRunner.run(InternalAntRunner.java:423)\n    [junit] \tat org.eclipse.ant.internal.ui.antsupport.InternalAntRunner.main(InternalAntRunner.java:137)\n\nBUILD FAILED\nC:&#92;Temp&#92;CedarPoint_Service&#92;build-junit-test.xml:118: Test QuerySubscriberTest failed (crashed)\n\nTotal time: 12 seconds\n\n\nI have no idea what this means or know how to begin to troubleshoot.  Please help.  The ant task in question is also listed below ...\n\n  &lt;target name=&quot;run-query-test&quot; depends=&quot;build-tests&quot;&gt;\n  \t&lt;junit dir=&quot;${build}&quot; fork=&quot;true&quot; haltonfailure=&quot;true&quot;&gt;\n  \t  &lt;classpath&gt;\n    \t  &lt;path refid=&quot;project.class.path&quot;/&gt;\n       \t&lt;pathelement path=&quot;${java.class.path}&quot;/&gt;\n       \t&lt;pathelement path=&quot;${dist}/cedarpointpooledclient.jar&quot;/&gt;\n       \t&lt;pathelement path=&quot;${build}&quot;/&gt;\n  \t  &lt;/classpath&gt;\n  \t  &lt;test name=&quot;QuerySubscriberTest&quot; todir=&quot;${docs}&quot; outfile=&quot;junit.query.result&quot;&gt;\n  \t\t  &lt;formatter type=&quot;xml&quot;/&gt;\n  \t  &lt;/test&gt;\n  \t&lt;/junit&gt;\n  &lt;/target&gt;\n\n", 
    "profile": "laredotornado", 
    "topicId": 21145, 
    "spamInfo": {
        "reason": "12", 
        "isSpam": false
    }, 
    "replyTo": "LIST", 
    "userId": 369925636, 
    "prevInTime": 21144, 
    "contentTrasformed": false, 
    "postDate": "1228151480", 
    "canDelete": false, 
    "nextInTopic": 21170, 
    "prevInTopic": 0, 
    "headers": {
        "messageIdInHeader": "PDIwMDgxMjAxMTcxMTIwLjM4OTkucW1haWxAc2VydmVyMjgyLmNvbT4="
    }
}