{
    "numMessagesInTopic": 3, 
    "nextInTime": 21173, 
    "senderId": "R5VTTjaV-hOO4ZYYQ_v0HxKvjgE9XZUfXjyiaJn62OpR0MeGtGeNfef5A5ywC5a33W3ZujoEy_iXNs8sXguvSsGsXQQJEe8n9A0XwzBr3UoWpY5jvpIU3uHhFlFLN18gb1Mf", 
    "systemMessage": false, 
    "subject": "Re: [junit] Mysterious FileNotFoundException with junitvmwatcher", 
    "from": "=?UTF-8?B?TWFyacOhbiBQZXRyw6HFoQ==?= &lt;Marian.Petras@...&gt;", 
    "authorName": "Marián Petráš", 
    "msgSnippet": "I think this happens if you have two versions of Ant on the classpath. Marián", 
    "msgId": 21172, 
    "profile": "marian.petras", 
    "topicId": 21145, 
    "spamInfo": {
        "reason": "6", 
        "isSpam": false
    }, 
    "replyTo": "LIST", 
    "userId": 257370492, 
    "messageBody": "<div id=\"ygrps-yiv-2053442847\">I think this happens if you have two versions of Ant on the classpath.<br/>\n<br/>\nMarián<br/>\n<br/>\n<br/>\n<a rel=\"nofollow\" target=\"_blank\" href=\"mailto:dave.alvarado@...\">dave.alvarado@...</a> wrote:<br/>\n<blockquote><span title=\"qreply\"> &gt; Hi,<br/>\n&gt; <br/>\n&gt; I&#39;m using Eclipse 3.4 (WinXP) with Ant 1.7.  I&#39;m trying to run a JUnit test and get the error below<br/>\n&gt; <br/>\n&gt; Buildfile: C:&#92;Temp&#92;CedarPoint_Service&#92;build-junit-test.xml<br/>\n&gt; check-junit:<br/>\n&gt; build-tests:<br/>\n&gt;     [javac] Compiling 9 source files to C:&#92;Temp&#92;CedarPoint_Service&#92;classes<br/>\n&gt;      [copy] Copying 2 files to C:&#92;Temp&#92;CedarPoint_Service&#92;classes<br/>\n&gt; run-query-test:<br/>\n&gt;     [junit] java.io.FileNotFoundException: C:&#92;Temp&#92;CedarPoint_Service&#92;junitvmwatcher1903248725.properties (The system cannot find the file specified)<br/>\n&gt;     [junit] \tat java.io.FileInputStream.open(Native Method)<br/>\n&gt;     [junit] \tat java.io.FileInputStream.&lt;init&gt;(FileInputStream.java:106)<br/>\n&gt;     [junit] \tat java.io.FileReader.&lt;init&gt;(FileReader.java:55)<br/>\n&gt;     [junit] \tat org.apache.tools.ant.taskdefs.optional.junit.JUnitTask.executeAsForked(JUnitTask.java:1028)<br/>\n&gt;     [junit] \tat org.apache.tools.ant.taskdefs.optional.junit.JUnitTask.execute(JUnitTask.java:817)<br/>\n&gt;     [junit] \tat org.apache.tools.ant.taskdefs.optional.junit.JUnitTask.executeOrQueue(JUnitTask.java:1657)<br/>\n&gt;     [junit] \tat org.apache.tools.ant.taskdefs.optional.junit.JUnitTask.execute(JUnitTask.java:764)<br/>\n&gt;     [junit] \tat org.apache.tools.ant.UnknownElement.execute(UnknownElement.java:288)<br/>\n&gt;     [junit] \tat sun.reflect.NativeMethodAccessorImpl.invoke0(Native Method)<br/>\n&gt;     [junit] \tat sun.reflect.NativeMethodAccessorImpl.invoke(NativeMethodAccessorImpl.java:39)<br/>\n&gt;     [junit] \tat sun.reflect.DelegatingMethodAccessorImpl.invoke(DelegatingMethodAccessorImpl.java:25)<br/>\n&gt;     [junit] \tat java.lang.reflect.Method.invoke(Method.java:585)<br/>\n&gt;     [junit] \tat org.apache.tools.ant.dispatch.DispatchUtils.execute(DispatchUtils.java:105)<br/>\n&gt;     [junit] \tat org.apache.tools.ant.Task.perform(Task.java:348)<br/>\n&gt;     [junit] \tat org.apache.tools.ant.Target.execute(Target.java:357)<br/>\n&gt;     [junit] \tat org.apache.tools.ant.Target.performTasks(Target.java:385)<br/>\n&gt;     [junit] \tat org.apache.tools.ant.Project.executeSortedTargets(Project.java:1329)<br/>\n&gt;     [junit] \tat org.apache.tools.ant.Project.executeTarget(Project.java:1298)<br/>\n&gt;     [junit] \tat org.apache.tools.ant.helper.DefaultExecutor.executeTargets(DefaultExecutor.java:41)<br/>\n&gt;     [junit] \tat org.eclipse.ant.internal.ui.antsupport.EclipseDefaultExecutor.executeTargets(EclipseDefaultExecutor.java:32)<br/>\n&gt;     [junit] \tat org.apache.tools.ant.Project.executeTargets(Project.java:1181)<br/>\n&gt;     [junit] \tat org.eclipse.ant.internal.ui.antsupport.InternalAntRunner.run(InternalAntRunner.java:423)<br/>\n&gt;     [junit] \tat org.eclipse.ant.internal.ui.antsupport.InternalAntRunner.main(InternalAntRunner.java:137)<br/>\n&gt; <br/>\n&gt; BUILD FAILED<br/>\n&gt; C:&#92;Temp&#92;CedarPoint_Service&#92;build-junit-test.xml:118: Test QuerySubscriberTest failed (crashed)<br/>\n&gt; <br/>\n&gt; Total time: 12 seconds<br/>\n&gt; <br/>\n&gt; <br/>\n&gt; I have no idea what this means or know how to begin to troubleshoot.  Please help.  The ant task in question is also listed below ...<br/>\n&gt; <br/>\n&gt;   &lt;target name=&quot;run-query-test&quot; depends=&quot;build-tests&quot;&gt;<br/>\n&gt;   \t&lt;junit dir=&quot;${build}&quot; fork=&quot;true&quot; haltonfailure=&quot;true&quot;&gt;<br/>\n&gt;   \t  &lt;classpath&gt;<br/>\n&gt;     \t  &lt;path refid=&quot;project.class.path&quot;/&gt;<br/>\n&gt;        \t&lt;pathelement path=&quot;${java.class.path}&quot;/&gt;<br/>\n&gt;        \t&lt;pathelement path=&quot;${dist}/cedarpointpooledclient.jar&quot;/&gt;<br/>\n&gt;        \t&lt;pathelement path=&quot;${build}&quot;/&gt;<br/>\n&gt;   \t  &lt;/classpath&gt;<br/>\n&gt;   \t  &lt;test name=&quot;QuerySubscriberTest&quot; todir=&quot;${docs}&quot; outfile=&quot;junit.query.result&quot;&gt;<br/>\n&gt;   \t\t  &lt;formatter type=&quot;xml&quot;/&gt;<br/>\n&gt;   \t  &lt;/test&gt;<br/>\n&gt;   \t&lt;/junit&gt;<br/>\n&gt;   &lt;/target&gt; </span></blockquote></div>", 
    "prevInTime": 21171, 
    "specialLinks": [], 
    "contentTrasformed": false, 
    "postDate": "1228723695", 
    "canDelete": false, 
    "nextInTopic": 0, 
    "prevInTopic": 21170, 
    "headers": {
        "inReplyToHeader": "PDIwMDgxMjAxMTcxMTIwLjM4OTkucW1haWxAc2VydmVyMjgyLmNvbT4=", 
        "messageIdInHeader": "PDQ5M0NENUVGLjkwODAxMDlAU3VuLkNPTT4=", 
        "referencesHeader": "PDIwMDgxMjAxMTcxMTIwLjM4OTkucW1haWxAc2VydmVyMjgyLmNvbT4="
    }
}