{
    "numMessagesInTopic": 19, 
    "nextInTime": 21233, 
    "senderId": "Eq2c4IfZ7n1asgj5bAZ4wtG1doJxf6V-5dUjTOM5eUAGC56YWZ6YYySftgKgOpO_xPcxep38qNKXvTJ2iYMXtEAsJWI", 
    "systemMessage": false, 
    "subject": "RE: [junit] Priority of Assertion?", 
    "from": "&quot;kentb&quot; &lt;kentb@...&gt;", 
    "authorName": "kentb", 
    "msgSnippet": "Yosef, The behavior you describe is what I would expect to see. In the test, you declared that an ArrayIndexOutOfBounds exception would be thrown. It was not ", 
    "msgId": 21232, 
    "profile": "kentlbeck", 
    "topicId": 21230, 
    "spamInfo": {
        "reason": "12", 
        "isSpam": false
    }, 
    "replyTo": "LIST", 
    "userId": 173198504, 
    "messageBody": "<div id=\"ygrps-yiv-856736012\">Yosef,<br/>\n <br/>\nThe behavior you describe is what I would expect to see. In the test, you<br/>\ndeclared that an ArrayIndexOutOfBounds exception would be thrown. It was not<br/>\nthrown, so the test fails. The error message says that the &quot;wrong&quot; exception<br/>\nthat was thrown was an AssertionError, which is generated by the<br/>\nassertTrue(false). The &quot;expected=...&quot; means that a test can fail if no<br/>\nexception is thrown or if the wrong exception is thrown.<br/>\n <br/>\nRegards,<br/>\n <br/>\nKent Beck<br/>\nThree Rivers Institute<br/>\n<br/>\n  _____  <br/>\n<br/>\nFrom: <a rel=\"nofollow\" target=\"_blank\" href=\"mailto:junit@yahoogroups.com\">junit@yahoogroups.com</a> [mailto:<a rel=\"nofollow\" target=\"_blank\" href=\"mailto:junit@yahoogroups.com\">junit@yahoogroups.com</a>] On Behalf Of<br/>\nyosefshariat<br/>\nSent: Tuesday, December 30, 2008 1:10 AM<br/>\nTo: <a rel=\"nofollow\" target=\"_blank\" href=\"mailto:junit@yahoogroups.com\">junit@yahoogroups.com</a><br/>\nSubject: [junit] Priority of Assertion?<br/>\n<br/>\n<br/>\n<br/>\nHi<br/>\nI use &quot;@Test(expected = AnyClassException.class&quot;) and one<br/>\n&quot;assertTrue(false)&quot; together for example following code:<br/>\n<br/>\n@Test(expected = ArrayIndexOutOfBoundsException.class)<br/>\npublic void test()<br/>\n{<br/>\nString s[] = new String[]{&quot;1&quot;};<br/>\nassertTrue(false);<br/>\nSystem.out.println(s[10]);<br/>\n}<br/>\n<br/>\nI expect to see an assertion but I see following error:<br/>\njava.lang.Exception: Unexpected exception,<br/>\nexpected&lt;java.lang.ArrayIndexOutOfBoundsException&gt; but<br/>\nwas&lt;java.lang.AssertionError&gt;..<br/>\n<br/>\nIn your opinion, this test must be Assertion or Exception.<br/>\nIn &quot;JUnit&quot; we cannot use &quot;@Test(expected = AnyClassException.class&quot;)<br/>\nand Assertion together at the same time.<br/>\nIn my opinion this test must be failed for &quot;assertion&quot; and not for<br/>\nArrayIndexOutOfBoundsException.<br/>\nIs this a bug in JUnit or my test is wrong and shouldn&#39;t use two item<br/>\ntogether?<br/>\nTanks.<br/>\n<br/>\n<br/>\n<br/>\n<br/>\n <br/>\n<br/>\n<br/>\n[Non-text portions of this message have been removed]</div>", 
    "prevInTime": 21231, 
    "specialLinks": [], 
    "contentTrasformed": false, 
    "postDate": "1230652760", 
    "canDelete": false, 
    "nextInTopic": 21233, 
    "prevInTopic": 21231, 
    "headers": {
        "inReplyToHeader": "PGdqY29oNCthNnY1QGVHcm91cHMuY29tPg==", 
        "messageIdInHeader": "PEI2RDE1OTcxOUQ5NzQzMENCOURENkNDNERCNUYwREMyQGtlbnRzcGF2aWxpb24+", 
        "referencesHeader": "PGdqY29oNCthNnY1QGVHcm91cHMuY29tPg=="
    }
}