{
    "numMessagesInTopic": 4, 
    "nextInTime": 21286, 
    "senderId": "KWnS27BQMPszX7fM45hdUtz14mbX1arfWlneIkuSyp87okg8T7ZyQIqVARpR2frugsQMcIua_zAI7N0yVNtLcnXXXk9EWQlY4zY", 
    "systemMessage": true, 
    "subject": "Need help on running junit from ant", 
    "from": "&quot;voldemar_z&quot; &lt;voldemar_z@...&gt;", 
    "authorName": "voldemar_z", 
    "msgSnippet": "Hi, I catch java.lang.NoClassDefFoundError: Network when I run junit task from ant. It happens only when I pass jvm arguments for debugging: ", 
    "msgId": 21285, 
    "rawEmail": "Return-Path: &lt;voldemar_z@...&gt;\r\nReceived: (qmail 41262 invoked from network); 14 Jan 2009 15:33:06 -0000\r\nReceived: from unknown (66.218.67.94)\n  by m53.grp.scd.yahoo.com with QMQP; 14 Jan 2009 15:33:06 -0000\r\nReceived: from unknown (HELO n51d.bullet.mail.sp1.yahoo.com) (66.163.169.49)\n  by mta15.grp.scd.yahoo.com with SMTP; 14 Jan 2009 15:33:06 -0000\r\nReceived: from [69.147.65.151] by n51.bullet.mail.sp1.yahoo.com with NNFMP; 14 Jan 2009 15:33:06 -0000\r\nReceived: from [66.218.67.107] by t5.bullet.mail.sp1.yahoo.com with NNFMP; 14 Jan 2009 15:33:06 -0000\r\nX-Sender: voldemar_z@...\r\nX-Apparently-To: junit@yahoogroups.com\r\nX-Received: (qmail 1190 invoked from network); 14 Jan 2009 14:21:41 -0000\r\nX-Received: from unknown (66.218.67.95)\n  by m36.grp.scd.yahoo.com with QMQP; 14 Jan 2009 14:21:41 -0000\r\nX-Received: from unknown (HELO n14d.bullet.sp1.yahoo.com) (69.147.64.237)\n  by mta16.grp.scd.yahoo.com with SMTP; 14 Jan 2009 14:21:41 -0000\r\nX-Received: from [69.147.65.172] by n14.bullet.sp1.yahoo.com with NNFMP; 14 Jan 2009 14:21:41 -0000\r\nX-Received: from [66.218.66.91] by t14.bullet.mail.sp1.yahoo.com with NNFMP; 14 Jan 2009 14:21:41 -0000\r\nDate: Wed, 14 Jan 2009 14:21:38 -0000\r\nTo: junit@yahoogroups.com\r\nMessage-ID: &lt;gkksdi+jn62@...&gt;\r\nUser-Agent: eGroups-EW/0.82\r\nMIME-Version: 1.0\r\nContent-Type: text/plain; charset=&quot;ISO-8859-1&quot;\r\nContent-Transfer-Encoding: quoted-printable\r\nX-Mailer: Yahoo Groups Message Poster\r\nX-Yahoo-Newman-Property: groups-system\r\nX-eGroups-Msg-Info: 1:12:0:0:0\r\nFrom: &quot;voldemar_z&quot; &lt;voldemar_z@...&gt;\r\nSubject: Need help on running junit from ant\r\nX-Yahoo-Group-Post: member; u=381253580; y=Sv-e7i7l2X7fLgY-tgACIq32zILkct_otL37OXmqhSEk_HEGyg\r\nX-Yahoo-Profile: voldemar_z\r\nX-eGroups-Approved-By: mark_l_salter &lt;marksalter@...&gt; via web; 14 Jan 2009 15:33:03 -0000\r\n\r\nHi,\nI catch java.lang.NoClassDefFoundError: Network when I run junit task\n =\r\nfrom ant.\nIt happens only when I pass jvm arguments for debugging:\n&lt;junit f=\r\nailureproperty=3D&quot;test.failed&quot; printsummary=3D&quot;true&quot; fork=3D&quot;yes&quot;&gt;\n&lt;jvmarg =\r\nvalue=3D&quot;-Xdebug&quot;/&gt;\n&lt;jvmarg value=3D&quot;-Xrunjdwp:transport=3Ddt_socket,addres=\r\ns...\nIf no jvm arguments defined everything works fine.\n\nThanks! \n\nBelow is=\r\n the log of the exception:\n\nrun_test:\n    [junit] Listening for transport d=\r\nt_socket at address: 8007\n    [junit] java.lang.NoClassDefFoundError: Netwo=\r\nrk\n    [junit] Caused by: java.lang.ClassNotFoundException: Network\n    [ju=\r\nnit]     at java.net.URLClassLoader$1.run(URLClassLoader.java:200)\n    [jun=\r\nit]     at java.security.AccessController.doPrivileged(Native\nMethod)\n    [=\r\njunit]     at\njava.net.URLClassLoader.findClass(URLClassLoader.java:188)\n  =\r\n  [junit]     at java.lang.ClassLoader.loadClass(ClassLoader.java:306)\n    =\r\n[junit]     at\nsun.misc.Launcher$AppClassLoader.loadClass(Launcher.java:276=\r\n)\n    [junit]     at java.lang.ClassLoader.loadClass(ClassLoader.java:251)\n=\r\n    [junit]     at\njava.lang.ClassLoader.loadClassInternal(ClassLoader.java=\r\n:319)\n    [junit] Exception in thread &quot;main&quot;\n    [junit] java.io.FileNotFou=\r\nndException:\nW:&#92;backend_common&#92;junitvmwatcher1678428423.properties (The sys=\r\ntem\ncannot find the file specified)\n    [junit]     at java.io.FileInputStr=\r\neam.open(Native Method)\n    [junit]     at\njava.io.FileInputStream.&lt;init&gt;(F=\r\nileInputStream.java:106)\n    [junit]     at java.io.FileReader.&lt;init&gt;(FileR=\r\neader.java:55)\n    [junit]     at\norg.apache.tools.ant.taskdefs.optional.ju=\r\nnit.JUnitTask.executeAsForked(JUnitTask.java:1028)\n    [junit]     at\norg.a=\r\npache.tools.ant.taskdefs.optional.junit.JUnitTask.execute(JUnitTask.java:81=\r\n7)\n    [junit]     at\norg.apache.tools.ant.taskdefs.optional.junit.JUnitTas=\r\nk.executeOrQueue(JUnitTask.java:1657)\n    [junit]     at\norg.apache.tools.a=\r\nnt.taskdefs.optional.junit.JUnitTask.execute(JUnitTask.java:764)\n    [junit=\r\n]     at\norg.apache.tools.ant.UnknownElement.execute(UnknownElement.java:28=\r\n8)\n    [junit]     at sun.reflect.GeneratedMethodAccessor2.invoke(Unknown\nS=\r\nource)\n    [junit]     at\nsun.reflect.DelegatingMethodAccessorImpl.invoke(D=\r\nelegatingMethodAccessorImpl.java:25)\n    [junit]     at java.lang.reflect.M=\r\nethod.invoke(Method.java:597)\n    [junit]     at\norg.apache.tools.ant.dispa=\r\ntch.DispatchUtils.execute(DispatchUtils.java:105)\n    [junit]     at org.ap=\r\nache.tools.ant.Task.perform(Task.java:348)\n    [junit]     at org.apache.to=\r\nols.ant.Target.execute(Target.java:357)\n    [junit]     at\norg.apache.tools=\r\n.ant.Target.performTasks(Target.java:385)\n    [junit]     at\norg.apache.too=\r\nls.ant.Project.executeSortedTargets(Project.java:1329)\n    [junit]     at\no=\r\nrg.apache.tools.ant.Project.executeTarget(Project.java:1298)\n    [junit]   =\r\n  at\norg.apache.tools.ant.helper.DefaultExecutor.executeTargets(DefaultExec=\r\nutor.java:41)\n    [junit]     at\norg.apache.tools.ant.Project.executeTarget=\r\ns(Project.java:1181)\n    [junit]     at org.apache.tools.ant.Main.runBuild(=\r\nMain.java:698)\n    [junit]     at org.apache.tools.ant.Main.startAnt(Main.j=\r\nava:199)\n    [junit]     at\norg.apache.tools.ant.launch.Launcher.run(Launch=\r\ner.java:257)\n    [junit]     at\norg.apache.tools.ant.launch.Launcher.main(L=\r\nauncher.java:104)\n    [junit] Running com.cp.backend.common.tests.MyTestSui=\r\nte\n    [junit] Tests run: 1, Failures: 0, Errors: 1, Time elapsed: 0 sec\n  =\r\n  [junit] Test com.cp.backend.common.tests.MyTestSuite FAILED (crashed)\n\nBU=\r\nILD SUCCESSFUL\nTotal time: 3 seconds\n\n\n", 
    "profile": "voldemar_z", 
    "topicId": 21285, 
    "spamInfo": {
        "reason": "12", 
        "isSpam": false
    }, 
    "replyTo": "LIST", 
    "userId": 381253580, 
    "prevInTime": 21284, 
    "contentTrasformed": false, 
    "postDate": "1231942898", 
    "canDelete": false, 
    "nextInTopic": 21308, 
    "prevInTopic": 0, 
    "headers": {
        "messageIdInHeader": "PGdra3NkaStqbjYyQGVHcm91cHMuY29tPg=="
    }
}