{
    "numMessagesInTopic": 4, 
    "nextInTime": 21286, 
    "senderId": "fbJzARVD0dVzFj7SDs1lYv9naOkXk3kmuOI3whXkmgTZ1cNdafa6IqHEdtVgGjd2ivAQuhABDwIGQlRqP5NHr-tzb6uZOvnqAI0", 
    "systemMessage": true, 
    "subject": "Need help on running junit from ant", 
    "from": "&quot;voldemar_z&quot; &lt;voldemar_z@...&gt;", 
    "authorName": "voldemar_z", 
    "msgSnippet": "Hi, I catch java.lang.NoClassDefFoundError: Network when I run junit task from ant. It happens only when I pass jvm arguments for debugging: ", 
    "msgId": 21285, 
    "profile": "voldemar_z", 
    "topicId": 21285, 
    "spamInfo": {
        "reason": "12", 
        "isSpam": false
    }, 
    "replyTo": "LIST", 
    "userId": 381253580, 
    "messageBody": "<div id=\"ygrps-yiv-70441140\">Hi,<br/>\nI catch java.lang.NoClassDefFoundError: Network when I run junit task<br/>\n from ant.<br/>\nIt happens only when I pass jvm arguments for debugging:<br/>\n&lt;junit failureproperty=&quot;test.failed&quot; printsummary=&quot;true&quot; fork=&quot;yes&quot;&gt;<br/>\n&lt;jvmarg value=&quot;-Xdebug&quot;/&gt;<br/>\n&lt;jvmarg value=&quot;-Xrunjdwp:transport=dt_socket,address...<br/>\nIf no jvm arguments defined everything works fine.<br/>\n<br/>\nThanks! <br/>\n<br/>\nBelow is the log of the exception:<br/>\n<br/>\nrun_test:<br/>\n    [junit] Listening for transport dt_socket at address: 8007<br/>\n    [junit] java.lang.NoClassDefFoundError: Network<br/>\n    [junit] Caused by: java.lang.ClassNotFoundException: Network<br/>\n    [junit]     at java.net.URLClassLoader$1.run(URLClassLoader.java:200)<br/>\n    [junit]     at java.security.AccessController.doPrivileged(Native<br/>\nMethod)<br/>\n    [junit]     at<br/>\njava.net.URLClassLoader.findClass(URLClassLoader.java:188)<br/>\n    [junit]     at java.lang.ClassLoader.loadClass(ClassLoader.java:306)<br/>\n    [junit]     at<br/>\nsun.misc.Launcher$AppClassLoader.loadClass(Launcher.java:276)<br/>\n    [junit]     at java.lang.ClassLoader.loadClass(ClassLoader.java:251)<br/>\n    [junit]     at<br/>\njava.lang.ClassLoader.loadClassInternal(ClassLoader.java:319)<br/>\n    [junit] Exception in thread &quot;main&quot;<br/>\n    [junit] java.io.FileNotFoundException:<br/>\nW:&#92;backend_common&#92;junitvmwatcher1678428423.properties (The system<br/>\ncannot find the file specified)<br/>\n    [junit]     at java.io.FileInputStream.open(Native Method)<br/>\n    [junit]     at<br/>\njava.io.FileInputStream.&lt;init&gt;(FileInputStream.java:106)<br/>\n    [junit]     at java.io.FileReader.&lt;init&gt;(FileReader.java:55)<br/>\n    [junit]     at<br/>\norg.apache.tools.ant.taskdefs.optional.junit.JUnitTask.executeAsForked(JUnitTask.java:1028)<br/>\n    [junit]     at<br/>\norg.apache.tools.ant.taskdefs.optional.junit.JUnitTask.execute(JUnitTask.java:817)<br/>\n    [junit]     at<br/>\norg.apache.tools.ant.taskdefs.optional.junit.JUnitTask.executeOrQueue(JUnitTask.java:1657)<br/>\n    [junit]     at<br/>\norg.apache.tools.ant.taskdefs.optional.junit.JUnitTask.execute(JUnitTask.java:764)<br/>\n    [junit]     at<br/>\norg.apache.tools.ant.UnknownElement.execute(UnknownElement.java:288)<br/>\n    [junit]     at sun.reflect.GeneratedMethodAccessor2.invoke(Unknown<br/>\nSource)<br/>\n    [junit]     at<br/>\nsun.reflect.DelegatingMethodAccessorImpl.invoke(DelegatingMethodAccessorImpl.java:25)<br/>\n    [junit]     at java.lang.reflect.Method.invoke(Method.java:597)<br/>\n    [junit]     at<br/>\norg.apache.tools.ant.dispatch.DispatchUtils.execute(DispatchUtils.java:105)<br/>\n    [junit]     at org.apache.tools.ant.Task.perform(Task.java:348)<br/>\n    [junit]     at org.apache.tools.ant.Target.execute(Target.java:357)<br/>\n    [junit]     at<br/>\norg.apache.tools.ant.Target.performTasks(Target.java:385)<br/>\n    [junit]     at<br/>\norg.apache.tools.ant.Project.executeSortedTargets(Project.java:1329)<br/>\n    [junit]     at<br/>\norg.apache.tools.ant.Project.executeTarget(Project.java:1298)<br/>\n    [junit]     at<br/>\norg.apache.tools.ant.helper.DefaultExecutor.executeTargets(DefaultExecutor.java:41)<br/>\n    [junit]     at<br/>\norg.apache.tools.ant.Project.executeTargets(Project.java:1181)<br/>\n    [junit]     at org.apache.tools.ant.Main.runBuild(Main.java:698)<br/>\n    [junit]     at org.apache.tools.ant.Main.startAnt(Main.java:199)<br/>\n    [junit]     at<br/>\norg.apache.tools.ant.launch.Launcher.run(Launcher.java:257)<br/>\n    [junit]     at<br/>\norg.apache.tools.ant.launch.Launcher.main(Launcher.java:104)<br/>\n    [junit] Running com.cp.backend.common.tests.MyTestSuite<br/>\n    [junit] Tests run: 1, Failures: 0, Errors: 1, Time elapsed: 0 sec<br/>\n    [junit] Test com.cp.backend.common.tests.MyTestSuite FAILED (crashed)<br/>\n<br/>\nBUILD SUCCESSFUL<br/>\nTotal time: 3 seconds</div>", 
    "prevInTime": 21284, 
    "specialLinks": [], 
    "contentTrasformed": false, 
    "postDate": "1231942898", 
    "canDelete": false, 
    "nextInTopic": 21308, 
    "prevInTopic": 0, 
    "headers": {
        "messageIdInHeader": "PGdra3NkaStqbjYyQGVHcm91cHMuY29tPg=="
    }
}