{
    "numMessagesInTopic": 5, 
    "nextInTime": 23183, 
    "senderId": "0KjGEcZCYiDv3joMjWbP5B0smIy70K3DffjHo83WK6VsA9nbGZNVFCNf9cnGhX0T_wz98Cjr0fxrmt3l5FbM9Nr_g7_06gvp-UKTmZSOI8KN7rdDm6KXG5vUJWg", 
    "systemMessage": false, 
    "subject": "Re: [junit] Problem when installation of  a last version “junit4.9b2”!!", 
    "from": "Bogdan Mocanu &lt;bogdan.mocanu.notifications@...&gt;", 
    "authorName": "Bogdan Mocanu", 
    "msgSnippet": "Why did you changed the call in the command line? Why did you added the -cp parameter? That sets a custom classpath and it makes you env CLASSPATH to be", 
    "msgId": 23182, 
    "profile": "bogdanmocanu2011", 
    "topicId": 23178, 
    "spamInfo": {
        "reason": "12", 
        "isSpam": false
    }, 
    "replyTo": "LIST", 
    "userId": 414734247, 
    "messageBody": "<div id=\"ygrps-yiv-1560845117\">Why did you changed the call in the command line?<br/>\nWhy did you added the &quot;-cp&quot; parameter? That sets a custom classpath and <br/>\nit makes you env CLASSPATH to be ignored.<br/>\n<br/>\nRemove that parameter, run the command line as:<br/>\n&quot;C:&#92;Program Files (x86)&#92;Java&#92;jdk1.6.0_23&#92;bin&#92;java.exe&quot; <br/>\norg.junit.runner.JUnitCore org.junit.tests.AllTests<br/>\nand it should work as expected.<br/>\n<br/>\nBogdan<br/>\n<br/>\n<blockquote><span title=\"qreply\"> On 1/25/2011 10:55 AM, Emanuela Bertelli wrote:<br/>\n&gt; Thank for your quickly help<br/>\n&gt;  you were right ... I corrected the error but still<br/>\n&gt; doesn&#39;t work see below<br/>\n&gt; C:&#92;TOOL_TEST&#92;JUnit&#92;junit4.9b2&gt;set<br/>\n&gt; ALLUSERSPROFILE=C:&#92;ProgramData<br/>\n&gt; APPDATA=C:&#92;Users&#92;ebertell&#92;AppData&#92;Roaming<br/>\n&gt; CLASSPATH=C:&#92;Program Files <br/>\n&gt; (x86)&#92;Java&#92;jdk1.6.0_23&#92;bin;C:&#92;TOOL_TEST&#92;JUnit&#92;junit4.<br/>\n&gt; 9b2&#92;junit-4.9b2.jar;C:&#92;TOOL_TEST&#92;JUnit&#92;junit4.9b2&#92;org;C:&#92;TOOL_TEST&#92;JUnit&#92;junit4.<br/>\n&gt; 9b2;C:&#92;TOOL_TEST&#92;JUnit&#92;junit4.9b2&#92;javadoc;C:&#92;TOOL_TEST&#92;JUnit&#92;junit4.9b2&#92;junit&#92;te<br/>\n&gt; sts;C:&#92;TOOL_TEST&#92;JFunc&#92;lib;C:&#92;TOOL_TEST&#92;JFunc&#92;javadoc&#92;junit;C:&#92;TOOL_TEST&#92;EasyMoc<br/>\n&gt; k&#92;easymock-3.0;C:&#92;TOOL_TEST&#92;EasyMock&#92;easymock-3.0&#92;objenesis-1.2<br/>\n&gt; CommonProgramFiles=C:&#92;Program Files&#92;Common Files<br/>\n&gt; CommonProgramFiles(x86)=C:&#92;Program Files (x86)&#92;Common Files<br/>\n&gt; CommonProgramW6432=C:&#92;Program Files&#92;Common Files<br/>\n&gt; COMPUTERNAME=ESP1416<br/>\n&gt; ComSpec=C:&#92;Windows&#92;system32&#92;cmd.exe<br/>\n&gt; configsetroot=C:&#92;Windows&#92;ConfigSetRoot<br/>\n&gt; FP_NO_HOST_CHECK=NO<br/>\n&gt; HOMEDRIVE=U:<br/>\n&gt; HOMEPATH=&#92;<br/>\n&gt; HOMESHARE=&#92;&#92;itbo32-w001&#92;home&#92;ebertell<br/>\n&gt; LOCALAPPDATA=C:&#92;Users&#92;ebertell&#92;AppData&#92;Local<br/>\n&gt; LOGONSERVER=&#92;&#92;SRV32A2K3<br/>\n&gt; NUMBER_OF_PROCESSORS=2<br/>\n&gt; OS=Windows_NT<br/>\n&gt; Path=C:&#92;Windows&#92;system32;C:&#92;Windows;C:&#92;Windows&#92;System32&#92;Wbem;C:&#92;Windows&#92;System32<br/>\n&gt; &#92;WindowsPowerShell&#92;v1.0&#92;;C:&#92;Python27&#92;Scripts;C:&#92;TOOL_TEST&#92;Marathon&#92;marathon-1.2.<br/>\n&gt; 1.1;C:&#92;Program Files (x86)&#92;Java&#92;jre6&#92;bin;C:&#92;Program Files <br/>\n&gt; (x86)&#92;Java&#92;jdk1.6.0_23<br/>\n&gt; &#92;bin<br/>\n&gt; PATHEXT=.COM;.EXE;.BAT;.CMD;.VBS;.VBE;.JS;.JSE;.WSF;.WSH;.MSC<br/>\n&gt; PROCESSOR_ARCHITECTURE=AMD64<br/>\n&gt; PROCESSOR_IDENTIFIER=Intel64 Family 6 Model 23 Stepping 10, GenuineIntel<br/>\n&gt; PROCESSOR_LEVEL=6<br/>\n&gt; PROCESSOR_REVISION=170a<br/>\n&gt; ProgramData=C:&#92;ProgramData<br/>\n&gt; ProgramFiles=C:&#92;Program Files<br/>\n&gt; ProgramFiles(x86)=C:&#92;Program Files (x86)<br/>\n&gt; ProgramW6432=C:&#92;Program Files<br/>\n&gt; PROMPT=$P$G<br/>\n&gt; PSModulePath=C:&#92;Windows&#92;system32&#92;WindowsPowerShell&#92;v1.0&#92;Modules&#92;<br/>\n&gt; PUBLIC=C:&#92;Users&#92;Public<br/>\n&gt; SESSIONNAME=Console<br/>\n&gt; SystemDrive=C:<br/>\n&gt; SystemRoot=C:&#92;Windows<br/>\n&gt; TEMP=C:&#92;Users&#92;ebertell&#92;AppData&#92;Local&#92;Temp<br/>\n&gt; TMP=C:&#92;Users&#92;ebertell&#92;AppData&#92;Local&#92;Temp<br/>\n&gt; USERDNSDOMAIN=CARRARO.NET<br/>\n&gt; USERDOMAIN=CARRARO_NT<br/>\n&gt; USERNAME=ebertell<br/>\n&gt; USERPROFILE=C:&#92;Users&#92;ebertell<br/>\n&gt; windir=C:&#92;Windows<br/>\n&gt; C:&#92;TOOL_TEST&#92;JUnit&#92;junit4.9b2&gt;&quot;C:&#92;Program Files <br/>\n&gt; (x86)&#92;Java&#92;jdk1.6.0_23&#92;bin&#92;java.<br/>\n&gt; exe&quot; -cp org.junit.runner.JUnitCore org.junit.tests.AllTests<br/>\n&gt; Exception in thread &quot;main&quot; java.lang.NoClassDefFoundError: <br/>\n&gt; org/junit/tests/AllTe<br/>\n&gt; sts<br/>\n&gt; Caused by: java.lang.ClassNotFoundException: org.junit.tests.AllTests<br/>\n&gt;         at java.net.URLClassLoader$1.run(URLClassLoader.java:202)<br/>\n&gt;         at java.security.AccessController.doPrivileged(Native Method)<br/>\n&gt;         at java.net.URLClassLoader.findClass(URLClassLoader.java:190)<br/>\n&gt;         at java.lang.ClassLoader.loadClass(ClassLoader.java:307)<br/>\n&gt;         at sun.misc.Launcher$AppClassLoader.loadClass(Launcher.java:301)<br/>\n&gt;         at java.lang.ClassLoader.loadClass(ClassLoader.java:248)<br/>\n&gt; Could not find the main class: org.junit.tests.AllTests.  Program will <br/>\n&gt; exit.<br/>\n&gt;<br/>\n&gt;<br/>\n&gt; ------------------------------------------------------------------------<br/>\n&gt; *Da:* Bogdan Mocanu &lt;<a rel=\"nofollow\" target=\"_blank\" href=\"mailto:bogdan.mocanu.notifications@...\">bogdan.mocanu.notifications@...</a>&gt;<br/>\n&gt; *A:* Emanuela Bertelli &lt;<a rel=\"nofollow\" target=\"_blank\" href=\"mailto:manuspa_72@...\">manuspa_72@...</a>&gt;<br/>\n&gt; *Cc:* <a rel=\"nofollow\" target=\"_blank\" href=\"mailto:junit@yahoogroups.com\">junit@yahoogroups.com</a><br/>\n&gt; *Inviato:* Mar 25 gennaio 2011, 08:54:07<br/>\n&gt; *Oggetto:* Re: [junit] Problem when installation of a last version <br/>\n&gt; “junit4.9b2”!!<br/>\n&gt;<br/>\n&gt; For me it looks like you still have problems with the CLASSPATH.<br/>\n&gt;<br/>\n&gt; Please pay attention to what you write in that variable. For example, <br/>\n&gt; instead of<br/>\n&gt; ...C:&#92;TOOL_TEST&#92;JUnit&#92;junit4.9b2junit-4.9b2.jar;...     you should have<br/>\n&gt; ...C:&#92;TOOL_TEST&#92;JUnit&#92;junit4.9b2&#92;junit-4.9b2.jar;...<br/>\n&gt; (there is a backslash missing there).<br/>\n&gt;<br/>\n&gt; Bogdan<br/>\n&gt;<br/>\n&gt; On 1/25/2011 9:50 AM, Emanuela Bertelli wrote:<br/>\n&gt;&gt;<br/>\n&gt;&gt; Hi Bodan and everyone, I have fix my CLASSPATH, but the result don’t <br/>\n&gt;&gt; change…. This installation of Junit doesn’t work, see below:<br/>\n&gt;&gt;<br/>\n&gt;&gt; C:&#92;TOOL_TEST&#92;JUnit&#92;junit4.9b2&gt;set<br/>\n&gt;&gt;<br/>\n&gt;&gt; ALLUSERSPROFILE=C:&#92;ProgramData<br/>\n&gt;&gt;<br/>\n&gt;&gt; APPDATA=C:&#92;Users&#92;ebertell&#92;AppData&#92;Roaming<br/>\n&gt;&gt;<br/>\n&gt;&gt; CLASSPATH=C:&#92;Program Files <br/>\n&gt;&gt; (x86)&#92;Java&#92;jdk1.6.0_23&#92;bin;C:&#92;TOOL_TEST&#92;JUnit&#92;junit4.<br/>\n&gt;&gt;<br/>\n&gt;&gt; 9b2junit-4.9b2.jar;C:&#92;TOOL_TEST&#92;JUnit&#92;junit4.9b2&#92;org;C:&#92;TOOL_TEST&#92;JUnit&#92;junit4.9<br/>\n&gt;&gt;<br/>\n&gt;&gt; b2;C:&#92;TOOL_TEST&#92;JUnit&#92;junit4.9b2&#92;javadoc;C:&#92;TOOL_TEST&#92;JUnit&#92;junit4.9b2&#92;junit&#92;tes<br/>\n&gt;&gt;<br/>\n&gt;&gt; ts;C:&#92;TOOL_TEST&#92;EasyMock&#92;easymock-3.0;C:&#92;TOOL_TEST&#92;EasyMock&#92;easymock-3.0&#92;objenes<br/>\n&gt;&gt;<br/>\n&gt;&gt; is-1.2<br/>\n&gt;&gt;<br/>\n&gt;&gt; CommonProgramFiles=C:&#92;Program Files&#92;Common Files<br/>\n&gt;&gt;<br/>\n&gt;&gt; CommonProgramFiles(x86)=C:&#92;Program Files (x86)&#92;Common Files<br/>\n&gt;&gt;<br/>\n&gt;&gt; CommonProgramW6432=C:&#92;Program Files&#92;Common Files<br/>\n&gt;&gt;<br/>\n&gt;&gt; COMPUTERNAME=ESP1416<br/>\n&gt;&gt;<br/>\n&gt;&gt; ComSpec=C:&#92;Windows&#92;system32&#92;cmd.exe<br/>\n&gt;&gt;<br/>\n&gt;&gt; configsetroot=C:&#92;Windows&#92;ConfigSetRoot<br/>\n&gt;&gt;<br/>\n&gt;&gt; FP_NO_HOST_CHECK=NO<br/>\n&gt;&gt;<br/>\n&gt;&gt; HOMEDRIVE=U:<br/>\n&gt;&gt;<br/>\n&gt;&gt; HOMEPATH=&#92;<br/>\n&gt;&gt;<br/>\n&gt;&gt; HOMESHARE=&#92;&#92;itbo32-w001&#92;home&#92;ebertell<br/>\n&gt;&gt;<br/>\n&gt;&gt; LOCALAPPDATA=C:&#92;Users&#92;ebertell&#92;AppData&#92;Local<br/>\n&gt;&gt;<br/>\n&gt;&gt; LOGONSERVER=&#92;&#92;SRV32A2K3<br/>\n&gt;&gt;<br/>\n&gt;&gt; NUMBER_OF_PROCESSORS=2<br/>\n&gt;&gt;<br/>\n&gt;&gt; OS=Windows_NT<br/>\n&gt;&gt;<br/>\n&gt;&gt; Path=C:&#92;Windows&#92;system32;C:&#92;Windows;C:&#92;Windows&#92;System32&#92;Wbem;C:&#92;Windows&#92;System32<br/>\n&gt;&gt;<br/>\n&gt;&gt; &#92;WindowsPowerShell&#92;v1.0&#92;;C:&#92;Python27&#92;Scripts;C:&#92;TOOL_TEST&#92;Marathon&#92;marathon-1.2.<br/>\n&gt;&gt;<br/>\n&gt;&gt; 1.1;C:&#92;Program Files (x86)&#92;Java&#92;jre6&#92;bin;C:&#92;Program Files <br/>\n&gt;&gt; (x86)&#92;Java&#92;jdk1.6.0_23<br/>\n&gt;&gt;<br/>\n&gt;&gt; &#92;bin<br/>\n&gt;&gt;<br/>\n&gt;&gt; PATHEXT=.COM;.EXE;.BAT;.CMD;.VBS;.VBE;.JS;.JSE;.WSF;.WSH;.MSC<br/>\n&gt;&gt;<br/>\n&gt;&gt; PROCESSOR_ARCHITECTURE=AMD64<br/>\n&gt;&gt;<br/>\n&gt;&gt; PROCESSOR_IDENTIFIER=Intel64 Family 6 Model 23 Stepping 10, GenuineIntel<br/>\n&gt;&gt;<br/>\n&gt;&gt; PROCESSOR_LEVEL=6<br/>\n&gt;&gt;<br/>\n&gt;&gt; PROCESSOR_REVISION=170a<br/>\n&gt;&gt;<br/>\n&gt;&gt; ProgramData=C:&#92;ProgramData<br/>\n&gt;&gt;<br/>\n&gt;&gt; ProgramFiles=C:&#92;Program Files<br/>\n&gt;&gt;<br/>\n&gt;&gt; ProgramFiles(x86)=C:&#92;Program Files (x86)<br/>\n&gt;&gt;<br/>\n&gt;&gt; ProgramW6432=C:&#92;Program Files<br/>\n&gt;&gt;<br/>\n&gt;&gt; PROMPT=$P$G<br/>\n&gt;&gt;<br/>\n&gt;&gt; PSModulePath=C:&#92;Windows&#92;system32&#92;WindowsPowerShell&#92;v1.0&#92;Modules&#92;<br/>\n&gt;&gt;<br/>\n&gt;&gt; PUBLIC=C:&#92;Users&#92;Public<br/>\n&gt;&gt;<br/>\n&gt;&gt; SESSIONNAME=Console<br/>\n&gt;&gt;<br/>\n&gt;&gt; SystemDrive=C:<br/>\n&gt;&gt;<br/>\n&gt;&gt; SystemRoot=C:&#92;Windows<br/>\n&gt;&gt;<br/>\n&gt;&gt; TEMP=C:&#92;Users&#92;ebertell&#92;AppData&#92;Local&#92;Temp<br/>\n&gt;&gt;<br/>\n&gt;&gt; TMP=C:&#92;Users&#92;ebertell&#92;AppData&#92;Local&#92;Temp<br/>\n&gt;&gt;<br/>\n&gt;&gt; USERDNSDOMAIN=CARRARO.NET<br/>\n&gt;&gt;<br/>\n&gt;&gt; USERDOMAIN=CARRARO_NT<br/>\n&gt;&gt;<br/>\n&gt;&gt; USERNAME=ebertell<br/>\n&gt;&gt;<br/>\n&gt;&gt; USERPROFILE=C:&#92;Users&#92;ebertell<br/>\n&gt;&gt;<br/>\n&gt;&gt; windir=C:&#92;Windows<br/>\n&gt;&gt;<br/>\n&gt;&gt; C:&#92;TOOL_TEST&#92;JUnit&#92;junit4.9b2&gt; java org.junit.runner.JUnitCore <br/>\n&gt;&gt; org.junit.tests.A<br/>\n&gt;&gt;<br/>\n&gt;&gt; llTests<br/>\n&gt;&gt;<br/>\n&gt;&gt; Exception in thread &quot;main&quot; java.lang.NoClassDefFoundError: <br/>\n&gt;&gt; org/junit/runner/JUni<br/>\n&gt;&gt;<br/>\n&gt;&gt; tCore<br/>\n&gt;&gt;<br/>\n&gt;&gt; Caused by: java.lang.ClassNotFoundException: org.junit.runner.JUnitCore<br/>\n&gt;&gt;<br/>\n&gt;&gt; at java.net.URLClassLoader$1.run(Unknown Source)<br/>\n&gt;&gt;<br/>\n&gt;&gt; at java.security.AccessController.doPrivileged(Native Method)<br/>\n&gt;&gt;<br/>\n&gt;&gt; at java.net.URLClassLoader.findClass(Unknown Source)<br/>\n&gt;&gt;<br/>\n&gt;&gt; at java.lang.ClassLoader.loadClass(Unknown Source)<br/>\n&gt;&gt;<br/>\n&gt;&gt; at sun.misc.Launcher$AppClassLoader.loadClass(Unknown Source)<br/>\n&gt;&gt;<br/>\n&gt;&gt; at java.lang.ClassLoader.loadClass(Unknown Source)<br/>\n&gt;&gt;<br/>\n&gt;&gt; Could not find the main class: org.junit.runner.JUnitCore.Program <br/>\n&gt;&gt; will exit.<br/>\n&gt;&gt;<br/>\n&gt;&gt; C:&#92;TOOL_TEST&#92;JUnit&#92;junit4.9b2&gt;<br/>\n&gt;&gt;<br/>\n&gt;&gt; Have you other idea to solve my problem?<br/>\n&gt;&gt;<br/>\n&gt;&gt; I will be very grateful for you help..<br/>\n&gt;&gt;<br/>\n&gt;&gt; Emanuela<br/>\n&gt;&gt;<br/>\n&gt;&gt;<br/>\n&gt;&gt; ------------------------------------------------------------------------<br/>\n&gt;&gt; *Da:* Bogdan Mocanu &lt;<a rel=\"nofollow\" target=\"_blank\" href=\"mailto:bogdan.mocanu.notifications@...\">bogdan.mocanu.notifications@...</a>&gt;<br/>\n&gt;&gt; *A:* <a rel=\"nofollow\" target=\"_blank\" href=\"mailto:junit@yahoogroups.com\">junit@yahoogroups.com</a><br/>\n&gt;&gt; *Cc:* Emanuela Bertelli &lt;<a rel=\"nofollow\" target=\"_blank\" href=\"mailto:manuspa_72@...\">manuspa_72@...</a>&gt;<br/>\n&gt;&gt; *Inviato:* Lun 24 gennaio 2011, 20:49:07<br/>\n&gt;&gt; *Oggetto:* Re: [junit] Problem when installation of a last version <br/>\n&gt;&gt; “junit4.9b2”!!<br/>\n&gt;&gt;<br/>\n&gt;&gt; Hi Emanuela,<br/>\n&gt;&gt;<br/>\n&gt;&gt; you have a problem in your CLASSPATH, in the name of your JAR file.<br/>\n&gt;&gt; You typed &quot;junit4.9b2.jar&quot; but it must be &quot;junit-4.9b2.jar&quot;.<br/>\n&gt;&gt;<br/>\n&gt;&gt; Once you fix this in your CLASSPATH variable and restart all the <br/>\n&gt;&gt; command line consoles (in case you have any of them opened while you <br/>\n&gt;&gt; do the fix), you should be up and running.<br/>\n&gt;&gt;<br/>\n&gt;&gt; Bogdan<br/>\n&gt;&gt;<br/>\n&gt;&gt; On 1/24/2011 06:49 PM, Emanuela Bertelli wrote:<br/>\n&gt;&gt;&gt;<br/>\n&gt;&gt;&gt;  Problem when installation of a last version &quot;junit4.9b2&quot;!!<br/>\n&gt;&gt;&gt;<br/>\n&gt;&gt;&gt;  I have install in the C:&#92;TOOL_TEST&#92;JUnit&#92;junit4.9b2<br/>\n&gt;&gt;&gt;<br/>\n&gt;&gt;&gt;  This is my set enviroment for CLASSPATH:<br/>\n&gt;&gt;&gt;<br/>\n&gt;&gt;&gt; &gt;C:&#92;TOOL_TEST&#92;JUnit&#92;junit4.9b2&#92;junit4.9b2.jar;C:&#92;TOOL_TEST&#92;JUnit&#92;junit4.9b2&#92;org;C:&#92;TOOL_TEST&#92;JUnit&#92;junit4.9b2;C:&#92;TOOL_TEST&#92;JUnit&#92;junit4.9b2&#92;javadoc;C:&#92;TOOL_TEST&#92;JUnit&#92;junit4.9b2&#92;junit&#92;tests<br/>\n&gt;&gt;&gt; &gt;s<br/>\n&gt;&gt;&gt; &gt;<br/>\n&gt;&gt;&gt; &gt;<br/>\n&gt;&gt;&gt; &gt;  But when  I lunch<br/>\n&gt;&gt;&gt; &gt;<br/>\n&gt;&gt;&gt; &gt;  java org.junit.runner.JUnitCore org.junit.tests.AllTests<br/>\n&gt;&gt;&gt; &gt;<br/>\n&gt;&gt;&gt; &gt;<br/>\n&gt;&gt;&gt; &gt;  the response is:<br/>\n&gt;&gt;&gt; &gt;<br/>\n&gt;&gt;&gt; &gt;  java.lang.NoClassDefFoundError: org/junit/runner/JUnitCore<br/>\n&gt;&gt;&gt; &gt;  Caused by: java.lang.ClassNotFoundException: <br/>\n&gt;&gt;&gt; org.junit.runner.JUnitCore<br/>\n&gt;&gt;&gt; &gt;         at java.net.URLClassLoader$1.run(Unknown Source)<br/>\n&gt;&gt;&gt; &gt;         at java.security.AccessController.doPrivileged(Native Method)<br/>\n&gt;&gt;&gt; &gt;         at java.net.URLClassLoader.findClass(Unknown Source)<br/>\n&gt;&gt;&gt; &gt;         at java.lang.ClassLoader.loadClass(Unknown Source)<br/>\n&gt;&gt;&gt; &gt;         at sun.misc.Launcher$AppClassLoader.loadClass(Unknown Source)<br/>\n&gt;&gt;&gt; &gt;         at java.lang.ClassLoader.loadClass(Unknown Source)<br/>\n&gt;&gt;&gt; &gt;  Could not find the main class: org.junit.runner.JUnitCore. <br/>\n&gt;&gt;&gt;  Program will<br/>\n&gt;&gt;&gt; exit.<br/>\n&gt;&gt;&gt; &gt;  Exception in thread &quot;main&quot;<br/>\n&gt;&gt;&gt; &gt;<br/>\n&gt;&gt;&gt;<br/>\n&gt;&gt;&gt; Is possible help me,<br/>\n&gt;&gt;&gt;<br/>\n&gt;&gt;&gt;  Thank you Emanuela<br/>\n&gt;&gt;&gt;<br/>\n&gt;&gt;&gt; [Non-text portions of this message have been removed]<br/>\n&gt;&gt;&gt;<br/>\n&gt;&gt;&gt; <br/>\n&gt;&gt;<br/>\n&gt;<br/>\n&gt;<br/>\n<br/>\n<br/>\n<br/>\n[Non-text portions of this message have been removed] </span></blockquote></div>", 
    "prevInTime": 23181, 
    "specialLinks": [], 
    "contentTrasformed": false, 
    "postDate": "1295946386", 
    "canDelete": false, 
    "nextInTopic": 23184, 
    "prevInTopic": 23180, 
    "headers": {
        "inReplyToHeader": "PDU3MjY4LjExNDUxLnFtQHdlYjI4MTAxLm1haWwudWtsLnlhaG9vLmNvbT4=", 
        "messageIdInHeader": "PDREM0U5MjkyLjgwMzA0MDRAZ21haWwuY29tPg==", 
        "referencesHeader": "PDc5NjgxMi4zMTM0Mi5xbUB3ZWIyODEwNy5tYWlsLnVrbC55YWhvby5jb20+IDw0RDNERDdCMy45MDEwNDA4QGdtYWlsLmNvbT4gPDk5OTU3MS4xMzI4LnFtQHdlYjI4MTA4Lm1haWwudWtsLnlhaG9vLmNvbT4gPDREM0U4MTlGLjgwMjAyMDZAZ21haWwuY29tPiA8NTcyNjguMTE0NTEucW1Ad2ViMjgxMDEubWFpbC51a2wueWFob28uY29tPg=="
    }
}