{
    "numMessagesInTopic": 3, 
    "nextInTime": 23187, 
    "senderId": "vzNzrvvGPewRcl0HPVN2cToJDzZsDWh3CcatEIFsuffgywRdib0XXdOfvhYYgipB2e1qHMcrO6gvYOQISosiZeD5", 
    "systemMessage": false, 
    "subject": "Re: [junit] Problem when installation of a last vers\tion “junit4.9b2”!!", 
    "from": "David Saff &lt;david@...&gt;", 
    "authorName": "David Saff", 
    "msgSnippet": "Emanuela, This will likely resolve itself if you replace this element of your classpath: C: TOOL_TEST JUnit junit4.9b2 junit tests With this: ", 
    "msgId": 23186, 
    "rawEmail": "Return-Path: &lt;david.saff@...&gt;\r\nX-Sender: david.saff@...\r\nX-Apparently-To: junit@yahoogroups.com\r\nX-Received: (qmail 51677 invoked from network); 25 Jan 2011 13:08:55 -0000\r\nX-Received: from unknown (98.137.34.46)\n  by m1.grp.sp2.yahoo.com with QMQP; 25 Jan 2011 13:08:55 -0000\r\nX-Received: from unknown (HELO mail-gw0-f45.google.com) (74.125.83.45)\n  by mta3.grp.sp2.yahoo.com with SMTP; 25 Jan 2011 13:08:55 -0000\r\nX-Received: by gwaa12 with SMTP id a12so1945658gwa.32\n        for &lt;junit@yahoogroups.com&gt;; Tue, 25 Jan 2011 05:08:54 -0800 (PST)\r\nMIME-Version: 1.0\r\nX-Received: by 10.90.72.20 with SMTP id u20mr6839652aga.49.1295960933002; Tue,\n 25 Jan 2011 05:08:53 -0800 (PST)\r\nX-Received: by 10.90.80.12 with HTTP; Tue, 25 Jan 2011 05:08:52 -0800 (PST)\r\nIn-Reply-To: &lt;484030.93978.qm@...&gt;\r\nReferences: &lt;796812.31342.qm@...&gt;\n\t&lt;4D3DD7B3.9010408@...&gt;\n\t&lt;999571.1328.qm@...&gt;\n\t&lt;4D3E819F.8020206@...&gt;\n\t&lt;57268.11451.qm@...&gt;\n\t&lt;4D3E9292.8030404@...&gt;\n\t&lt;484030.93978.qm@...&gt;\r\nDate: Tue, 25 Jan 2011 08:08:52 -0500\r\nX-Google-Sender-Auth: 9ytMNDtKA6vs_TZqFUajBKl0Dtg\r\nMessage-ID: &lt;AANLkTim8wPX2QwAMBG-fCLRVFy4sLT-=vJtA53QC__0D@...&gt;\r\nTo: junit@yahoogroups.com\r\nCc: Bogdan Mocanu &lt;bogdan.mocanu.notifications@...&gt;\r\nContent-Type: text/plain; charset=windows-1252\r\nContent-Transfer-Encoding: quoted-printable\r\nX-eGroups-Msg-Info: 1:12:0:0:0\r\nFrom: David Saff &lt;david@...&gt;\r\nSubject: =?windows-1252?Q?Re=3A_=5Bjunit=5D_Problem_when_installation_of_a_last_vers?=\n\t=?windows-1252?Q?ion_=93junit4=2E9b2=94=21=21?=\r\nX-Yahoo-Group-Post: member; u=341876227; y=1LlMvKVfHz9aTNuQ1jxrbhljr1Kwr7lOBloD4gXT-Fg\r\nX-Yahoo-Profile: dsaff\r\n\r\nEmanuela,\n\nThis will likely resolve itself if you replace this element of y=\r\nour classpath:\n\nC:&#92;TOOL_TEST&#92;JUnit&#92;junit4.9b2&#92;junit&#92;tests\n\nWith this:\n\nC:&#92;T=\r\nOOL_TEST&#92;JUnit&#92;junit4.9b2\n\nGood luck,\n\n   David\n\nOn Tue, Jan 25, 2011 at 4:=\r\n38 AM, Emanuela Bertelli &lt;manuspa_72@...&gt; wrote:\n&gt; Now work!!! tahnk y=\r\nou so much:-))))))\n&gt;\n&gt; But there is again an error.......... sorry see:\n&gt;\n&gt;=\r\n C:&#92;TOOL_TEST&#92;JUnit&#92;junit4.9b2&gt;&quot;C:&#92;Program Files (x86)&#92;Java&#92;jdk1.6.0_23&#92;bin=\r\n&#92;java.\n&gt; exe&quot; org.junit.runner.JUnitCore org.junit.tests.AllTests\n&gt; JUnit v=\r\nersion 4.9b2\n&gt; ............................................................=\r\n....................\n&gt; ....................................................=\r\n..........E.................\n&gt; ..............................I.I...........=\r\n....................................\n&gt; ....................................=\r\n............................................\n&gt; ............................=\r\n.........I..........................................\n&gt; ....\n&gt; Time: 5,008\n&gt;=\r\n There was 1 failure:\n&gt; 1) initializationError(org.junit.tests.junit3compat=\r\nibility.OldTests)\n&gt; java.lang.NoClassDefFoundError: junit/tests/AllTests (w=\r\nrong name: org/junit/test\n&gt; s/AllTests)\n&gt;\n&gt;\n&gt;\n&gt;\n&gt;\n&gt;\n&gt; _____________________=\r\n___________\n&gt; Da: Bogdan Mocanu &lt;bogdan.mocanu.notifications@...&gt;\n&gt; A=\r\n: Emanuela Bertelli &lt;manuspa_72@...&gt;\n&gt; Cc: junit@yahoogroups.com\n&gt; Inv=\r\niato: Mar 25 gennaio 2011, 10:06:26\n&gt; Oggetto: Re: [junit] Problem when ins=\r\ntallation of a last version =93junit4.9b2=94!!\n&gt;\n&gt; Why did you changed the =\r\ncall in the command line?\n&gt; Why did you added the &quot;-cp&quot; parameter? That set=\r\ns a custom classpath and it makes\n&gt; you env CLASSPATH to be ignored.\n&gt;\n&gt; Re=\r\nmove that parameter, run the command line as:\n&gt; &quot;C:&#92;Program Files (x86)&#92;Jav=\r\na&#92;jdk1.6.0_23&#92;bin&#92;java.exe&quot;\n&gt; org.junit.runner.JUnitCore org.junit.tests.Al=\r\nlTests\n&gt; and it should work as expected.\n&gt;\n&gt; Bogdan\n&gt;\n&gt; On 1/25/2011 10:55 =\r\nAM, Emanuela Bertelli wrote:\n&gt; Thank for your quickly help\n&gt;&gt;=A0you were ri=\r\nght ... I corrected the error but still\n&gt;&gt;doesn&#39;t work see below\n&gt;&gt;\n&gt;&gt;C:&#92;TO=\r\nOL_TEST&#92;JUnit&#92;junit4.9b2&gt;set\n&gt;&gt;ALLUSERSPROFILE=3DC:&#92;ProgramData\n&gt;&gt;APPDATA=\r\n=3DC:&#92;Users&#92;ebertell&#92;AppData&#92;Roaming\n&gt;&gt;CLASSPATH=3DC:&#92;Program Files\n&gt; (x86)=\r\n&#92;Java&#92;jdk1.6.0_23&#92;bin;C:&#92;TOOL_TEST&#92;JUnit&#92;junit4.\n&gt;&gt;9b2&#92;junit-4.9b2.jar;C:&#92;T=\r\nOOL_TEST&#92;JUnit&#92;junit4.9b2&#92;org;C:&#92;TOOL_TEST&#92;JUnit&#92;junit4.\n&gt;\n&gt;&gt;9b2;C:&#92;TOOL_TE=\r\nST&#92;JUnit&#92;junit4.9b2&#92;javadoc;C:&#92;TOOL_TEST&#92;JUnit&#92;junit4.9b2&#92;junit&#92;te\n&gt;\n&gt;&gt;sts;=\r\nC:&#92;TOOL_TEST&#92;JFunc&#92;lib;C:&#92;TOOL_TEST&#92;JFunc&#92;javadoc&#92;junit;C:&#92;TOOL_TEST&#92;EasyMo=\r\nc\n&gt;\n&gt;&gt;k&#92;easymock-3.0;C:&#92;TOOL_TEST&#92;EasyMock&#92;easymock-3.0&#92;objenesis-1.2\n&gt;&gt;Com=\r\nmonProgramFiles=3DC:&#92;Program Files&#92;Common Files\n&gt;&gt;CommonProgramFiles(x86)=\r\n=3DC:&#92;Program Files (x86)&#92;Common Files\n&gt;&gt;CommonProgramW6432=3DC:&#92;Program Fi=\r\nles&#92;Common Files\n&gt;&gt;COMPUTERNAME=3DESP1416\n&gt;&gt;ComSpec=3DC:&#92;Windows&#92;system32&#92;c=\r\nmd.exe\n&gt;&gt;configsetroot=3DC:&#92;Windows&#92;ConfigSetRoot\n&gt;&gt;FP_NO_HOST_CHECK=3DNO\n&gt;=\r\n&gt;HOMEDRIVE=3DU:\n&gt;&gt;HOMEPATH=3D&#92;\n&gt;&gt;HOMESHARE=3D&#92;&#92;itbo32-w001&#92;home&#92;ebertell\n&gt;&gt;=\r\nLOCALAPPDATA=3DC:&#92;Users&#92;ebertell&#92;AppData&#92;Local\n&gt;&gt;LOGONSERVER=3D&#92;&#92;SRV32A2K3\n=\r\n&gt;&gt;NUMBER_OF_PROCESSORS=3D2\n&gt;&gt;OS=3DWindows_NT\n&gt;&gt;Path=3DC:&#92;Windows&#92;system32;C=\r\n:&#92;Windows;C:&#92;Windows&#92;System32&#92;Wbem;C:&#92;Windows&#92;System32\n&gt;\n&gt;&gt;&#92;WindowsPowerShe=\r\nll&#92;v1.0&#92;;C:&#92;Python27&#92;Scripts;C:&#92;TOOL_TEST&#92;Marathon&#92;marathon-1.2.\n&gt;\n&gt;&gt;1.1;C:=\r\n&#92;Program Files (x86)&#92;Java&#92;jre6&#92;bin;C:&#92;Program Files\n&gt; (x86)&#92;Java&#92;jdk1.6.0_2=\r\n3\n&gt;&gt;&#92;bin\n&gt;&gt;PATHEXT=3D.COM;.EXE;.BAT;.CMD;.VBS;.VBE;.JS;.JSE;.WSF;.WSH;.MSC\n=\r\n&gt;&gt;PROCESSOR_ARCHITECTURE=3DAMD64\n&gt;&gt;PROCESSOR_IDENTIFIER=3DIntel64 Family 6 =\r\nModel 23 Stepping 10, GenuineIntel\n&gt;&gt;PROCESSOR_LEVEL=3D6\n&gt;&gt;PROCESSOR_REVISI=\r\nON=3D170a\n&gt;&gt;ProgramData=3DC:&#92;ProgramData\n&gt;&gt;ProgramFiles=3DC:&#92;Program Files\n=\r\n&gt;&gt;ProgramFiles(x86)=3DC:&#92;Program Files (x86)\n&gt;&gt;ProgramW6432=3DC:&#92;Program Fi=\r\nles\n&gt;&gt;PROMPT=3D$P$G\n&gt;&gt;PSModulePath=3DC:&#92;Windows&#92;system32&#92;WindowsPowerShell&#92;=\r\nv1.0&#92;Modules&#92;\n&gt;&gt;PUBLIC=3DC:&#92;Users&#92;Public\n&gt;&gt;SESSIONNAME=3DConsole\n&gt;&gt;SystemDr=\r\nive=3DC:\n&gt;&gt;SystemRoot=3DC:&#92;Windows\n&gt;&gt;TEMP=3DC:&#92;Users&#92;ebertell&#92;AppData&#92;Local=\r\n&#92;Temp\n&gt;&gt;TMP=3DC:&#92;Users&#92;ebertell&#92;AppData&#92;Local&#92;Temp\n&gt;&gt;USERDNSDOMAIN=3DCARRAR=\r\nO.NET\n&gt;&gt;USERDOMAIN=3DCARRARO_NT\n&gt;&gt;USERNAME=3Debertell\n&gt;&gt;USERPROFILE=3DC:&#92;Us=\r\ners&#92;ebertell\n&gt;&gt;windir=3DC:&#92;Windows\n&gt;&gt;C:&#92;TOOL_TEST&#92;JUnit&#92;junit4.9b2&gt;&quot;C:&#92;Prog=\r\nram Files\n&gt; (x86)&#92;Java&#92;jdk1.6.0_23&#92;bin&#92;java.\n&gt;&gt;exe&quot; -cp org.junit.runner.JU=\r\nnitCore org.junit.tests.AllTests\n&gt;&gt;Exception in thread &quot;main&quot; java.lang.NoC=\r\nlassDefFoundError:\n&gt; org/junit/tests/AllTe\n&gt;&gt;sts\n&gt;&gt;Caused by: java.lang.Cla=\r\nssNotFoundException: org.junit.tests.AllTests\n&gt;&gt;=A0=A0=A0=A0=A0=A0=A0 at ja=\r\nva.net.URLClassLoader$1.run(URLClassLoader.java:202)\n&gt;&gt;=A0=A0=A0=A0=A0=A0=\r\n=A0 at java.security.AccessController.doPrivileged(Native Method)\n&gt;&gt;=A0=A0=\r\n=A0=A0=A0=A0=A0 at java.net.URLClassLoader.findClass(URLClassLoader.java:19=\r\n0)\n&gt;&gt;=A0=A0=A0=A0=A0=A0=A0 at java.lang.ClassLoader.loadClass(ClassLoader.j=\r\nava:307)\n&gt;&gt;=A0=A0=A0=A0=A0=A0=A0 at sun.misc.Launcher$AppClassLoader.loadCl=\r\nass(Launcher.java:301)\n&gt;&gt;=A0=A0=A0=A0=A0=A0=A0 at java.lang.ClassLoader.loa=\r\ndClass(ClassLoader.java:248)\n&gt;&gt;Could not find the main class: org.junit.tes=\r\nts.AllTests.=A0 Program will exit.\n&gt;&gt;\n&gt;&gt;\n&gt;&gt;\n&gt;&gt;\n&gt;&gt;\n&gt; _______________________=\r\n_________\n&gt; Da: Bogdan Mocanu &lt;bogdan.mocanu.notifications@...&gt;\n&gt;&gt;A: =\r\nEmanuela Bertelli &lt;manuspa_72@...&gt;\n&gt;&gt;Cc: junit@yahoogroups.com\n&gt;&gt;Invia=\r\nto: Mar 25 gennaio 2011, 08:54:07\n&gt;&gt;Oggetto: Re: [junit] Problem when insta=\r\nllation of a last version =93junit4.9b2=94!!\n&gt;&gt;\n&gt;&gt;For me it looks like you =\r\nstill have problems with the CLASSPATH.\n&gt;&gt;\n&gt;&gt;Please pay attention to what y=\r\nou write in that variable. For example, instead of\n&gt;&gt;\n&gt;&gt;...C:&#92;TOOL_TEST&#92;JUn=\r\nit&#92;junit4.9b2junit-4.9b2.jar;...=A0=A0=A0=A0 you should have\n&gt;&gt;...C:&#92;TOOL_T=\r\nEST&#92;JUnit&#92;junit4.9b2&#92;junit-4.9b2.jar;...\n&gt;&gt;(there is a backslash missing th=\r\nere).\n&gt;&gt;\n&gt;&gt;Bogdan\n&gt;&gt;\n&gt;&gt;On 1/25/2011 9:50 AM, Emanuela Bertelli wrote:\n&gt;&gt;Hi =\r\nBodan and everyone, I have fix my CLASSPATH, but the result don=92t change=\r\n=85.\n&gt;&gt;This installation of Junit doesn=92t work, see below:\n&gt;&gt;&gt;\n&gt;&gt;&gt;C:&#92;TOOL=\r\n_TEST&#92;JUnit&#92;junit4.9b2&gt;set\n&gt;&gt;&gt;ALLUSERSPROFILE=3DC:&#92;ProgramData\n&gt;&gt;&gt;APPDATA=\r\n=3DC:&#92;Users&#92;ebertell&#92;AppData&#92;Roaming\n&gt;&gt;&gt;CLASSPATH=3DC:&#92;Program Files\n&gt;&gt;(x86=\r\n)&#92;Java&#92;jdk1.6.0_23&#92;bin;C:&#92;TOOL_TEST&#92;JUnit&#92;junit4.\n&gt;&gt;&gt;9b2junit-4.9b2.jar;C:&#92;=\r\nTOOL_TEST&#92;JUnit&#92;junit4.9b2&#92;org;C:&#92;TOOL_TEST&#92;JUnit&#92;junit4.9\n&gt;&gt;\n&gt;&gt;&gt;b2;C:&#92;TOOL=\r\n_TEST&#92;JUnit&#92;junit4.9b2&#92;javadoc;C:&#92;TOOL_TEST&#92;JUnit&#92;junit4.9b2&#92;junit&#92;tes\n&gt;&gt;\n&gt;=\r\n&gt;&gt;ts;C:&#92;TOOL_TEST&#92;EasyMock&#92;easymock-3.0;C:&#92;TOOL_TEST&#92;EasyMock&#92;easymock-3.0&#92;=\r\nobjenes\n&gt;&gt;\n&gt;&gt;&gt;is-1.2\n&gt;&gt;&gt;CommonProgramFiles=3DC:&#92;Program Files&#92;Common Files\n=\r\n&gt;&gt;&gt;CommonProgramFiles(x86)=3DC:&#92;Program Files (x86)&#92;Common Files\n&gt;&gt;&gt;CommonP=\r\nrogramW6432=3DC:&#92;Program Files&#92;Common Files\n&gt;&gt;&gt;COMPUTERNAME=3DESP1416\n&gt;&gt;&gt;Co=\r\nmSpec=3DC:&#92;Windows&#92;system32&#92;cmd.exe\n&gt;&gt;&gt;configsetroot=3DC:&#92;Windows&#92;ConfigSet=\r\nRoot\n&gt;&gt;&gt;FP_NO_HOST_CHECK=3DNO\n&gt;&gt;&gt;HOMEDRIVE=3DU:\n&gt;&gt;&gt;HOMEPATH=3D&#92;\n&gt;&gt;&gt;HOMESHAR=\r\nE=3D&#92;&#92;itbo32-w001&#92;home&#92;ebertell\n&gt;&gt;&gt;LOCALAPPDATA=3DC:&#92;Users&#92;ebertell&#92;AppData=\r\n&#92;Local\n&gt;&gt;&gt;LOGONSERVER=3D&#92;&#92;SRV32A2K3\n&gt;&gt;&gt;NUMBER_OF_PROCESSORS=3D2\n&gt;&gt;&gt;OS=3DWin=\r\ndows_NT\n&gt;&gt;&gt;Path=3DC:&#92;Windows&#92;system32;C:&#92;Windows;C:&#92;Windows&#92;System32&#92;Wbem;C=\r\n:&#92;Windows&#92;System32\n&gt;&gt;\n&gt;&gt;&gt;&#92;WindowsPowerShell&#92;v1.0&#92;;C:&#92;Python27&#92;Scripts;C:&#92;TO=\r\nOL_TEST&#92;Marathon&#92;marathon-1.2.\n&gt;&gt;\n&gt;&gt;&gt;1.1;C:&#92;Program Files (x86)&#92;Java&#92;jre6&#92;b=\r\nin;C:&#92;Program Files\n&gt;&gt;(x86)&#92;Java&#92;jdk1.6.0_23\n&gt;&gt;&gt;&#92;bin\n&gt;&gt;&gt;PATHEXT=3D.COM;.EXE=\r\n;.BAT;.CMD;.VBS;.VBE;.JS;.JSE;.WSF;.WSH;.MSC\n&gt;&gt;&gt;PROCESSOR_ARCHITECTURE=3DAM=\r\nD64\n&gt;&gt;&gt;PROCESSOR_IDENTIFIER=3DIntel64 Family 6 Model 23 Stepping 10, Genuin=\r\neIntel\n&gt;&gt;&gt;PROCESSOR_LEVEL=3D6\n&gt;&gt;&gt;PROCESSOR_REVISION=3D170a\n&gt;&gt;&gt;ProgramData=\r\n=3DC:&#92;ProgramData\n&gt;&gt;&gt;ProgramFiles=3DC:&#92;Program Files\n&gt;&gt;&gt;ProgramFiles(x86)=\r\n=3DC:&#92;Program Files (x86)\n&gt;&gt;&gt;ProgramW6432=3DC:&#92;Program Files\n&gt;&gt;&gt;PROMPT=3D$P=\r\n$G\n&gt;&gt;&gt;PSModulePath=3DC:&#92;Windows&#92;system32&#92;WindowsPowerShell&#92;v1.0&#92;Modules&#92;\n&gt;&gt;=\r\n&gt;PUBLIC=3DC:&#92;Users&#92;Public\n&gt;&gt;&gt;SESSIONNAME=3DConsole\n&gt;&gt;&gt;SystemDrive=3DC:\n&gt;&gt;&gt;S=\r\nystemRoot=3DC:&#92;Windows\n&gt;&gt;&gt;TEMP=3DC:&#92;Users&#92;ebertell&#92;AppData&#92;Local&#92;Temp\n&gt;&gt;&gt;TM=\r\nP=3DC:&#92;Users&#92;ebertell&#92;AppData&#92;Local&#92;Temp\n&gt;&gt;&gt;USERDNSDOMAIN=3DCARRARO.NET\n&gt;&gt;&gt;=\r\nUSERDOMAIN=3DCARRARO_NT\n&gt;&gt;&gt;USERNAME=3Debertell\n&gt;&gt;&gt;USERPROFILE=3DC:&#92;Users&#92;eb=\r\nertell\n&gt;&gt;&gt;windir=3DC:&#92;Windows\n&gt;&gt;&gt;\n&gt;&gt;&gt;C:&#92;TOOL_TEST&#92;JUnit&#92;junit4.9b2&gt; java or=\r\ng.junit.runner.JUnitCore\n&gt;&gt;org.junit.tests.A\n&gt;&gt;&gt;llTests\n&gt;&gt;&gt;Exception in thr=\r\nead &quot;main&quot; java.lang.NoClassDefFoundError:\n&gt;&gt;org/junit/runner/JUni\n&gt;&gt;&gt;tCore=\r\n\n&gt;&gt;&gt;Caused by: java.lang.ClassNotFoundException: org.junit.runner.JUnitCore=\r\n\n&gt;&gt;&gt;=A0=A0=A0=A0=A0=A0=A0 at java.net.URLClassLoader$1.run(Unknown Source)\n=\r\n&gt;&gt;&gt;=A0=A0=A0=A0=A0=A0=A0 at java.security.AccessController.doPrivileged(Nat=\r\nive Method)\n&gt;&gt;&gt;=A0=A0=A0=A0=A0=A0=A0 at java.net.URLClassLoader.findClass(U=\r\nnknown Source)\n&gt;&gt;&gt;=A0=A0=A0=A0=A0=A0=A0 at java.lang.ClassLoader.loadClass(=\r\nUnknown Source)\n&gt;&gt;&gt;=A0=A0=A0=A0=A0=A0=A0 at sun.misc.Launcher$AppClassLoade=\r\nr.loadClass(Unknown Source)\n&gt;&gt;&gt;=A0=A0=A0=A0=A0=A0=A0 at java.lang.ClassLoad=\r\ner.loadClass(Unknown Source)\n&gt;&gt;&gt;Could not find the main class: org.junit.ru=\r\nnner.JUnitCore.=A0 Program will exit.\n&gt;&gt;&gt;\n&gt;&gt;&gt;C:&#92;TOOL_TEST&#92;JUnit&#92;junit4.9b2&gt;=\r\n\n&gt;&gt;&gt;\n&gt;&gt;&gt;\n&gt;&gt;&gt;\n&gt;&gt;&gt;Have you other idea to solve my problem?\n&gt;&gt;&gt;\n&gt;&gt;&gt;I will be v=\r\nery grateful for you help..\n&gt;&gt;&gt;Emanuela\n&gt;&gt;&gt;\n&gt;&gt;&gt;\n&gt;&gt;&gt;\n&gt; _____________________=\r\n___________\n&gt; Da: Bogdan Mocanu &lt;bogdan.mocanu.notifications@...&gt;\n&gt;&gt;&gt;=\r\nA: junit@yahoogroups.com\n&gt;&gt;&gt;Cc: Emanuela Bertelli &lt;manuspa_72@...&gt;\n&gt;&gt;&gt;=\r\nInviato: Lun 24 gennaio 2011, 20:49:07\n&gt;&gt;&gt;Oggetto: Re: [junit] Problem when=\r\n installation of a last version\n&gt; =93junit4.9b2=94!!\n&gt;&gt;&gt;\n&gt;&gt;&gt;Hi Emanuela,\n&gt;&gt;=\r\n&gt;\n&gt;&gt;&gt;you have a problem in your CLASSPATH, in the name of your JAR file.\n&gt;&gt;=\r\n&gt;You typed &quot;junit4.9b2.jar&quot; but it must be &quot;junit-4.9b2.jar&quot;.\n&gt;&gt;&gt;\n&gt;&gt;&gt;Once y=\r\nou fix this in your CLASSPATH variable and restart all the command line\n&gt;&gt;&gt;=\r\nconsoles (in case you have any of them opened while you do the fix), you sh=\r\nould\n&gt;&gt;&gt;be up and running.\n&gt;&gt;&gt;\n&gt;&gt;&gt;Bogdan\n&gt;&gt;&gt;\n&gt;&gt;&gt;On 1/24/2011 06:49 PM, Eman=\r\nuela Bertelli wrote:\n&gt;&gt;&gt;\n&gt;&gt;&gt;&gt;=A0Problem when installation of a last version=\r\n &quot;junit4.9b2&quot;!!\n&gt;&gt;&gt;&gt;\n&gt;&gt;&gt;&gt;=A0I have install in the C:&#92;TOOL_TEST&#92;JUnit&#92;junit4=\r\n.9b2\n&gt;&gt;&gt;&gt;\n&gt;&gt;&gt;&gt;=A0This is my set enviroment for CLASSPATH:\n&gt;&gt;&gt;&gt;\n&gt;&gt;&gt;&gt;&gt;C:&#92;TOOL=\r\n_TEST&#92;JUnit&#92;junit4.9b2&#92;junit4.9b2.jar;C:&#92;TOOL_TEST&#92;JUnit&#92;junit4.9b2&#92;org;C:&#92;=\r\nTOOL_TEST&#92;JUnit&#92;junit4.9b2;C:&#92;TOOL_TEST&#92;JUnit&#92;junit4.9b2&#92;javadoc;C:&#92;TOOL_TE=\r\nST&#92;JUnit&#92;junit4.9b2&#92;junit&#92;tests\n&gt;&gt;&gt;&gt;&gt;\n&gt;&gt;&gt;&gt;&gt;s\n&gt;&gt;&gt;&gt;&gt;\n&gt;&gt;&gt;&gt;&gt;\n&gt;&gt;&gt;&gt;&gt; =A0But when =\r\n=A0I lunch\n&gt;&gt;&gt;&gt;&gt;\n&gt;&gt;&gt;&gt;&gt; =A0java org.junit.runner.JUnitCore org.junit.tests.A=\r\nllTests\n&gt;&gt;&gt;&gt;&gt;\n&gt;&gt;&gt;&gt;&gt;\n&gt;&gt;&gt;&gt;&gt; =A0the response is:\n&gt;&gt;&gt;&gt;&gt;\n&gt;&gt;&gt;&gt;&gt; =A0java.lang.NoCl=\r\nassDefFoundError: org/junit/runner/JUnitCore\n&gt;&gt;&gt;&gt;&gt; =A0Caused by: java.lang.=\r\nClassNotFoundException: org.junit.runner.JUnitCore\n&gt;&gt;&gt;&gt;&gt; =A0 =A0 =A0 =A0 at=\r\n java.net.URLClassLoader$1.run(Unknown Source)\n&gt;&gt;&gt;&gt;&gt; =A0 =A0 =A0 =A0 at jav=\r\na.security.AccessController.doPrivileged(Native Method)\n&gt;&gt;&gt;&gt;&gt; =A0 =A0 =A0 =\r\n=A0 at java.net.URLClassLoader.findClass(Unknown Source)\n&gt;&gt;&gt;&gt;&gt; =A0 =A0 =A0 =\r\n=A0 at java.lang.ClassLoader.loadClass(Unknown Source)\n&gt;&gt;&gt;&gt;&gt; =A0 =A0 =A0 =\r\n=A0 at sun.misc.Launcher$AppClassLoader.loadClass(Unknown Source)\n&gt;&gt;&gt;&gt;&gt; =A0=\r\n =A0 =A0 =A0 at java.lang.ClassLoader.loadClass(Unknown Source)\n&gt;&gt;&gt;&gt;&gt; =A0Co=\r\nuld not find the main class: org.junit.runner.JUnitCore. =A0Program will\n&gt;&gt;=\r\n&gt;&gt;exit.\n&gt;&gt;&gt;&gt;&gt; =A0Exception in thread &quot;main&quot;\n&gt;&gt;&gt;&gt;&gt;\n&gt;&gt;&gt;&gt;\n&gt;&gt;&gt;&gt;Is possible help=\r\n me,\n&gt;&gt;&gt;&gt;\n&gt;&gt;&gt;&gt;=A0Thank you Emanuela\n&gt;&gt;&gt;&gt;\n&gt;&gt;&gt;&gt;[Non-text portions of this mes=\r\nsage have been removed]\n&gt;&gt;&gt;&gt;\n&gt;&gt;&gt;&gt;\n&gt;&gt;&gt;&gt;\n&gt;&gt;&gt;\n&gt;\n&gt;&gt;\n&gt;\n&gt;\n&gt;\n&gt;\n&gt;\n&gt; [Non-text porti=\r\nons of this message have been removed]\n&gt;\n&gt;\n&gt;\n&gt; ----------------------------=\r\n--------\n&gt;\n&gt; Yahoo! Groups Links\n&gt;\n&gt;\n&gt;\n&gt;\n\n", 
    "profile": "dsaff", 
    "topicId": 23181, 
    "spamInfo": {
        "reason": "12", 
        "isSpam": false
    }, 
    "replyTo": "LIST", 
    "userId": 341876227, 
    "prevInTime": 23185, 
    "contentTrasformed": false, 
    "postDate": "1295960932", 
    "canDelete": false, 
    "nextInTopic": 0, 
    "prevInTopic": 23183, 
    "headers": {
        "inReplyToHeader": "PDQ4NDAzMC45Mzk3OC5xbUB3ZWIyODEwOC5tYWlsLnVrbC55YWhvby5jb20+", 
        "messageIdInHeader": "PEFBTkxrVGltOHdQWDJRd0FNQkctZkNMUlZGeTRzTFQtPXZKdEE1M1FDX18wREBtYWlsLmdtYWlsLmNvbT4=", 
        "referencesHeader": "PDc5NjgxMi4zMTM0Mi5xbUB3ZWIyODEwNy5tYWlsLnVrbC55YWhvby5jb20+CTw0RDNERDdCMy45MDEwNDA4QGdtYWlsLmNvbT4JPDk5OTU3MS4xMzI4LnFtQHdlYjI4MTA4Lm1haWwudWtsLnlhaG9vLmNvbT4JPDREM0U4MTlGLjgwMjAyMDZAZ21haWwuY29tPgk8NTcyNjguMTE0NTEucW1Ad2ViMjgxMDEubWFpbC51a2wueWFob28uY29tPgk8NEQzRTkyOTIuODAzMDQwNEBnbWFpbC5jb20+CTw0ODQwMzAuOTM5NzgucW1Ad2ViMjgxMDgubWFpbC51a2wueWFob28uY29tPg=="
    }
}