{
    "numMessagesInTopic": 3, 
    "nextInTime": 23184, 
    "senderId": "E-SH885qwmR73hfEQljgoHg7i9EborkoGkh5Y2IjPSczfQTFi1qhCML6JjeTKwIVqTxflisUEhFZVIxsfdyIOxEGtEAxtuwOhIbOZOKd", 
    "systemMessage": false, 
    "subject": "Re: [junit] Problem when installation of a la st version “junit4.9b2”!!", 
    "from": "Emanuela Bertelli &lt;manuspa_72@...&gt;", 
    "authorName": "Emanuela Bertelli", 
    "msgSnippet": "Thank for your quickly help  you were right ... I corrected the error but still doesn t work see below   C: TOOL_TEST JUnit junit4.9b2 set ", 
    "msgId": 23183, 
    "topicId": 23181, 
    "spamInfo": {
        "reason": "0", 
        "isSpam": false
    }, 
    "replyTo": "LIST", 
    "userId": 474109730, 
    "messageBody": "<div id=\"ygrps-yiv-1646184964\">Thank for your quickly help<br/>\n you were right ... I corrected the error but still<br/>\ndoesn&#39;t work see below<br/>\n <br/>\nC:&#92;TOOL_TEST&#92;JUnit&#92;junit4.9b2&gt;set<br/>\nALLUSERSPROFILE=C:&#92;ProgramData<br/>\nAPPDATA=C:&#92;Users&#92;ebertell&#92;AppData&#92;Roaming<br/>\nCLASSPATH=C:&#92;Program Files (x86)&#92;Java&#92;jdk1.6.0_23&#92;bin;C:&#92;TOOL_TEST&#92;JUnit&#92;junit4.<br/>\n9b2&#92;junit-4.9b2.jar;C:&#92;TOOL_TEST&#92;JUnit&#92;junit4.9b2&#92;org;C:&#92;TOOL_TEST&#92;JUnit&#92;junit4.<br/>\n9b2;C:&#92;TOOL_TEST&#92;JUnit&#92;junit4.9b2&#92;javadoc;C:&#92;TOOL_TEST&#92;JUnit&#92;junit4.9b2&#92;junit&#92;te<br/>\nsts;C:&#92;TOOL_TEST&#92;JFunc&#92;lib;C:&#92;TOOL_TEST&#92;JFunc&#92;javadoc&#92;junit;C:&#92;TOOL_TEST&#92;EasyMoc<br/>\nk&#92;easymock-3.0;C:&#92;TOOL_TEST&#92;EasyMock&#92;easymock-3.0&#92;objenesis-1.2<br/>\nCommonProgramFiles=C:&#92;Program Files&#92;Common Files<br/>\nCommonProgramFiles(x86)=C:&#92;Program Files (x86)&#92;Common Files<br/>\nCommonProgramW6432=C:&#92;Program Files&#92;Common Files<br/>\nCOMPUTERNAME=ESP1416<br/>\nComSpec=C:&#92;Windows&#92;system32&#92;cmd.exe<br/>\nconfigsetroot=C:&#92;Windows&#92;ConfigSetRoot<br/>\nFP_NO_HOST_CHECK=NO<br/>\nHOMEDRIVE=U:<br/>\nHOMEPATH=&#92;<br/>\nHOMESHARE=&#92;&#92;itbo32-w001&#92;home&#92;ebertell<br/>\nLOCALAPPDATA=C:&#92;Users&#92;ebertell&#92;AppData&#92;Local<br/>\nLOGONSERVER=&#92;&#92;SRV32A2K3<br/>\nNUMBER_OF_PROCESSORS=2<br/>\nOS=Windows_NT<br/>\nPath=C:&#92;Windows&#92;system32;C:&#92;Windows;C:&#92;Windows&#92;System32&#92;Wbem;C:&#92;Windows&#92;System32<br/>\n&#92;WindowsPowerShell&#92;v1.0&#92;;C:&#92;Python27&#92;Scripts;C:&#92;TOOL_TEST&#92;Marathon&#92;marathon-1.2.<br/>\n1.1;C:&#92;Program Files (x86)&#92;Java&#92;jre6&#92;bin;C:&#92;Program Files (x86)&#92;Java&#92;jdk1.6.0_23<br/>\n&#92;bin<br/>\nPATHEXT=.COM;.EXE;.BAT;.CMD;.VBS;.VBE;.JS;.JSE;.WSF;.WSH;.MSC<br/>\nPROCESSOR_ARCHITECTURE=AMD64<br/>\nPROCESSOR_IDENTIFIER=Intel64 Family 6 Model 23 Stepping 10, GenuineIntel<br/>\nPROCESSOR_LEVEL=6<br/>\nPROCESSOR_REVISION=170a<br/>\nProgramData=C:&#92;ProgramData<br/>\nProgramFiles=C:&#92;Program Files<br/>\nProgramFiles(x86)=C:&#92;Program Files (x86)<br/>\nProgramW6432=C:&#92;Program Files<br/>\nPROMPT=$P$G<br/>\nPSModulePath=C:&#92;Windows&#92;system32&#92;WindowsPowerShell&#92;v1.0&#92;Modules&#92;<br/>\nPUBLIC=C:&#92;Users&#92;Public<br/>\nSESSIONNAME=Console<br/>\nSystemDrive=C:<br/>\nSystemRoot=C:&#92;Windows<br/>\nTEMP=C:&#92;Users&#92;ebertell&#92;AppData&#92;Local&#92;Temp<br/>\nTMP=C:&#92;Users&#92;ebertell&#92;AppData&#92;Local&#92;Temp<br/>\nUSERDNSDOMAIN=CARRARO.NET<br/>\nUSERDOMAIN=CARRARO_NT<br/>\nUSERNAME=ebertell<br/>\nUSERPROFILE=C:&#92;Users&#92;ebertell<br/>\nwindir=C:&#92;Windows<br/>\nC:&#92;TOOL_TEST&#92;JUnit&#92;junit4.9b2&gt;&quot;C:&#92;Program Files (x86)&#92;Java&#92;jdk1.6.0_23&#92;bin&#92;java.<br/>\nexe&quot; -cp org.junit.runner.JUnitCore org.junit.tests.AllTests<br/>\nException in thread &quot;main&quot; java.lang.NoClassDefFoundError: org/junit/tests/AllTe<br/>\nsts<br/>\nCaused by: java.lang.ClassNotFoundException: org.junit.tests.AllTests<br/>\n        at java.net.URLClassLoader$1.run(URLClassLoader.java:202)<br/>\n        at java.security.AccessController.doPrivileged(Native Method)<br/>\n        at java.net.URLClassLoader.findClass(URLClassLoader.java:190)<br/>\n        at java.lang.ClassLoader.loadClass(ClassLoader.java:307)<br/>\n        at sun.misc.Launcher$AppClassLoader.loadClass(Launcher.java:301)<br/>\n        at java.lang.ClassLoader.loadClass(ClassLoader.java:248)<br/>\nCould not find the main class: org.junit.tests.AllTests.  Program will exit.<br/>\n<br/>\n <br/>\n<br/>\n<br/>\n<br/>\n________________________________<br/>\nDa: Bogdan Mocanu &lt;<a rel=\"nofollow\" target=\"_blank\" href=\"mailto:bogdan.mocanu.notifications@...\">bogdan.mocanu.notifications@...</a>&gt;<br/>\nA: Emanuela Bertelli &lt;<a rel=\"nofollow\" target=\"_blank\" href=\"mailto:manuspa_72@...\">manuspa_72@...</a>&gt;<br/>\nCc: <a rel=\"nofollow\" target=\"_blank\" href=\"mailto:junit@yahoogroups.com\">junit@yahoogroups.com</a><br/>\nInviato: Mar 25 gennaio 2011, 08:54:07<br/>\nOggetto: Re: [junit] Problem when installation of a last version “junit4.9b2”!!<br/>\n<br/>\nFor me it looks like you still have problems with the CLASSPATH.<br/>\n<br/>\nPlease pay attention to what you write in that variable. For example, instead of <br/>\n<br/>\n...C:&#92;TOOL_TEST&#92;JUnit&#92;junit4.9b2junit-4.9b2.jar;...     you should have<br/>\n...C:&#92;TOOL_TEST&#92;JUnit&#92;junit4.9b2&#92;junit-4.9b2.jar;...     <br/>\n(there is a backslash missing there).<br/>\n<br/>\nBogdan<br/>\n<br/>\n<blockquote><span title=\"qreply\"> On 1/25/2011 9:50 AM, Emanuela Bertelli wrote: <br/>\nHi Bodan and everyone, I have fix my CLASSPATH, but the result don’t change…. <br/>\nThis installation of Junit doesn’t work, see below:<br/>\n&gt; <br/>\n&gt;C:&#92;TOOL_TEST&#92;JUnit&#92;junit4.9b2&gt;set<br/>\n&gt;ALLUSERSPROFILE=C:&#92;ProgramData<br/>\n&gt;APPDATA=C:&#92;Users&#92;ebertell&#92;AppData&#92;Roaming<br/>\n&gt;CLASSPATH=C:&#92;Program Files <br/>\n(x86)&#92;Java&#92;jdk1.6.0_23&#92;bin;C:&#92;TOOL_TEST&#92;JUnit&#92;junit4.<br/>\n&gt;9b2junit-4.9b2.jar;C:&#92;TOOL_TEST&#92;JUnit&#92;junit4.9b2&#92;org;C:&#92;TOOL_TEST&#92;JUnit&#92;junit4.9<br/>\n<br/>\n&gt;b2;C:&#92;TOOL_TEST&#92;JUnit&#92;junit4.9b2&#92;javadoc;C:&#92;TOOL_TEST&#92;JUnit&#92;junit4.9b2&#92;junit&#92;tes<br/>\n<br/>\n&gt;ts;C:&#92;TOOL_TEST&#92;EasyMock&#92;easymock-3.0;C:&#92;TOOL_TEST&#92;EasyMock&#92;easymock-3.0&#92;objenes<br/>\n<br/>\n&gt;is-1.2<br/>\n&gt;CommonProgramFiles=C:&#92;Program Files&#92;Common Files<br/>\n&gt;CommonProgramFiles(x86)=C:&#92;Program Files (x86)&#92;Common Files<br/>\n&gt;CommonProgramW6432=C:&#92;Program Files&#92;Common Files<br/>\n&gt;COMPUTERNAME=ESP1416<br/>\n&gt;ComSpec=C:&#92;Windows&#92;system32&#92;cmd.exe<br/>\n&gt;configsetroot=C:&#92;Windows&#92;ConfigSetRoot<br/>\n&gt;FP_NO_HOST_CHECK=NO<br/>\n&gt;HOMEDRIVE=U:<br/>\n&gt;HOMEPATH=&#92;<br/>\n&gt;HOMESHARE=&#92;&#92;itbo32-w001&#92;home&#92;ebertell<br/>\n&gt;LOCALAPPDATA=C:&#92;Users&#92;ebertell&#92;AppData&#92;Local<br/>\n&gt;LOGONSERVER=&#92;&#92;SRV32A2K3<br/>\n&gt;NUMBER_OF_PROCESSORS=2<br/>\n&gt;OS=Windows_NT<br/>\n&gt;Path=C:&#92;Windows&#92;system32;C:&#92;Windows;C:&#92;Windows&#92;System32&#92;Wbem;C:&#92;Windows&#92;System32<br/>\n<br/>\n&gt;&#92;WindowsPowerShell&#92;v1.0&#92;;C:&#92;Python27&#92;Scripts;C:&#92;TOOL_TEST&#92;Marathon&#92;marathon-1.2.<br/>\n<br/>\n&gt;1.1;C:&#92;Program Files (x86)&#92;Java&#92;jre6&#92;bin;C:&#92;Program Files <br/>\n(x86)&#92;Java&#92;jdk1.6.0_23<br/>\n&gt;&#92;bin<br/>\n&gt;PATHEXT=.COM;.EXE;.BAT;.CMD;.VBS;.VBE;.JS;.JSE;.WSF;.WSH;.MSC<br/>\n&gt;PROCESSOR_ARCHITECTURE=AMD64<br/>\n&gt;PROCESSOR_IDENTIFIER=Intel64 Family 6 Model 23 Stepping 10, GenuineIntel<br/>\n&gt;PROCESSOR_LEVEL=6<br/>\n&gt;PROCESSOR_REVISION=170a<br/>\n&gt;ProgramData=C:&#92;ProgramData<br/>\n&gt;ProgramFiles=C:&#92;Program Files<br/>\n&gt;ProgramFiles(x86)=C:&#92;Program Files (x86)<br/>\n&gt;ProgramW6432=C:&#92;Program Files<br/>\n&gt;PROMPT=$P$G<br/>\n&gt;PSModulePath=C:&#92;Windows&#92;system32&#92;WindowsPowerShell&#92;v1.0&#92;Modules&#92;<br/>\n&gt;PUBLIC=C:&#92;Users&#92;Public<br/>\n&gt;SESSIONNAME=Console<br/>\n&gt;SystemDrive=C:<br/>\n&gt;SystemRoot=C:&#92;Windows<br/>\n&gt;TEMP=C:&#92;Users&#92;ebertell&#92;AppData&#92;Local&#92;Temp<br/>\n&gt;TMP=C:&#92;Users&#92;ebertell&#92;AppData&#92;Local&#92;Temp<br/>\n&gt;USERDNSDOMAIN=CARRARO.NET<br/>\n&gt;USERDOMAIN=CARRARO_NT<br/>\n&gt;USERNAME=ebertell<br/>\n&gt;USERPROFILE=C:&#92;Users&#92;ebertell<br/>\n&gt;windir=C:&#92;Windows<br/>\n&gt; <br/>\n&gt;C:&#92;TOOL_TEST&#92;JUnit&#92;junit4.9b2&gt; java org.junit.runner.JUnitCore <br/>\norg.junit.tests.A<br/>\n&gt;llTests<br/>\n&gt;Exception in thread &quot;main&quot; java.lang.NoClassDefFoundError: <br/>\norg/junit/runner/JUni<br/>\n&gt;tCore<br/>\n&gt;Caused by: java.lang.ClassNotFoundException: org.junit.runner.JUnitCore<br/>\n&gt;        at java.net.URLClassLoader$1.run(Unknown Source)<br/>\n&gt;        at java.security.AccessController.doPrivileged(Native Method)<br/>\n&gt;        at java.net.URLClassLoader.findClass(Unknown Source)<br/>\n&gt;        at java.lang.ClassLoader.loadClass(Unknown Source)<br/>\n&gt;        at sun.misc.Launcher$AppClassLoader.loadClass(Unknown Source)<br/>\n&gt;        at java.lang.ClassLoader.loadClass(Unknown Source)<br/>\n&gt;Could not find the main class: org.junit.runner.JUnitCore.  Program will exit.<br/>\n&gt; <br/>\n&gt;C:&#92;TOOL_TEST&#92;JUnit&#92;junit4.9b2&gt;<br/>\n&gt; <br/>\n&gt; <br/>\n&gt; <br/>\n&gt;Have you other idea to solve my problem?<br/>\n&gt; <br/>\n&gt;I will be very grateful for you help..<br/>\n&gt;Emanuela <br/>\n&gt;<br/>\n&gt;<br/>\n&gt;<br/>\n________________________________<br/>\nDa: Bogdan Mocanu &lt;<a rel=\"nofollow\" target=\"_blank\" href=\"mailto:bogdan.mocanu.notifications@...\">bogdan.mocanu.notifications@...</a>&gt;<br/>\n&gt;A: <a rel=\"nofollow\" target=\"_blank\" href=\"mailto:junit@yahoogroups.com\">junit@yahoogroups.com</a><br/>\n&gt;Cc: Emanuela Bertelli &lt;<a rel=\"nofollow\" target=\"_blank\" href=\"mailto:manuspa_72@...\">manuspa_72@...</a>&gt;<br/>\n&gt;Inviato: Lun 24 gennaio 2011, 20:49:07<br/>\n&gt;Oggetto: Re: [junit] Problem when installation of a last version “junit4.9b2”!!<br/>\n&gt;<br/>\n&gt;Hi Emanuela,<br/>\n&gt;<br/>\n&gt;you have a problem in your CLASSPATH, in the name of your JAR file.<br/>\n&gt;You typed &quot;junit4.9b2.jar&quot; but it must be &quot;junit-4.9b2.jar&quot;.<br/>\n&gt;<br/>\n&gt;Once you fix this in your CLASSPATH variable and restart all the command line <br/>\n&gt;consoles (in case you have any of them opened while you do the fix), you should <br/>\n&gt;be up and running.<br/>\n&gt;<br/>\n&gt;Bogdan<br/>\n&gt;<br/>\n&gt;On 1/24/2011 06:49 PM, Emanuela Bertelli wrote: <br/>\n&gt;  <br/>\n&gt;&gt; Problem when installation of a last version &quot;junit4.9b2&quot;!!<br/>\n&gt;&gt;<br/>\n&gt;&gt; I have install in the C:&#92;TOOL_TEST&#92;JUnit&#92;junit4.9b2<br/>\n&gt;&gt;<br/>\n&gt;&gt; This is my set enviroment for CLASSPATH:<br/>\n&gt;&gt;<br/>\n&gt;&gt;&gt;C:&#92;TOOL_TEST&#92;JUnit&#92;junit4.9b2&#92;junit4.9b2.jar;C:&#92;TOOL_TEST&#92;JUnit&#92;junit4.9b2&#92;org;C:&#92;TOOL_TEST&#92;JUnit&#92;junit4.9b2;C:&#92;TOOL_TEST&#92;JUnit&#92;junit4.9b2&#92;javadoc;C:&#92;TOOL_TEST&#92;JUnit&#92;junit4.9b2&#92;junit&#92;tests<br/>\n&gt;&gt;&gt;<br/>\n&gt;&gt;&gt;s<br/>\n&gt;&gt;&gt;<br/>\n&gt;&gt;&gt;<br/>\n&gt;&gt;&gt;  But when  I lunch<br/>\n&gt;&gt;&gt;<br/>\n&gt;&gt;&gt;  java org.junit.runner.JUnitCore org.junit.tests.AllTests<br/>\n&gt;&gt;&gt;<br/>\n&gt;&gt;&gt;<br/>\n&gt;&gt;&gt;  the response is:<br/>\n&gt;&gt;&gt;<br/>\n&gt;&gt;&gt;  java.lang.NoClassDefFoundError: org/junit/runner/JUnitCore<br/>\n&gt;&gt;&gt;  Caused by: java.lang.ClassNotFoundException: org.junit.runner.JUnitCore<br/>\n&gt;&gt;&gt;         at java.net.URLClassLoader$1.run(Unknown Source)<br/>\n&gt;&gt;&gt;         at java.security.AccessController.doPrivileged(Native Method)<br/>\n&gt;&gt;&gt;         at java.net.URLClassLoader.findClass(Unknown Source)<br/>\n&gt;&gt;&gt;         at java.lang.ClassLoader.loadClass(Unknown Source)<br/>\n&gt;&gt;&gt;         at sun.misc.Launcher$AppClassLoader.loadClass(Unknown Source)<br/>\n&gt;&gt;&gt;         at java.lang.ClassLoader.loadClass(Unknown Source)<br/>\n&gt;&gt;&gt;  Could not find the main class: org.junit.runner.JUnitCore.  Program will <br/>\n&gt;&gt;exit.<br/>\n&gt;&gt;&gt;  Exception in thread &quot;main&quot;<br/>\n&gt;&gt;&gt;<br/>\n&gt;&gt;<br/>\n&gt;&gt;Is possible help me,<br/>\n&gt;&gt;<br/>\n&gt;&gt; Thank you Emanuela<br/>\n&gt;&gt;<br/>\n&gt;&gt;[Non-text portions of this message have been removed]<br/>\n&gt;&gt;<br/>\n&gt;&gt;<br/>\n&gt;&gt;<br/>\n&gt;<br/>\n<br/>\n<br/>\n<br/>\n      <br/>\n<br/>\n[Non-text portions of this message have been removed] </span></blockquote></div>", 
    "prevInTime": 23182, 
    "specialLinks": [], 
    "contentTrasformed": false, 
    "postDate": "1295945740", 
    "canDelete": false, 
    "nextInTopic": 23186, 
    "prevInTopic": 23181, 
    "headers": {
        "inReplyToHeader": "PDREM0U4MTlGLjgwMjAyMDZAZ21haWwuY29tPg==", 
        "messageIdInHeader": "PDU3MjY4LjExNDUxLnFtQHdlYjI4MTAxLm1haWwudWtsLnlhaG9vLmNvbT4=", 
        "referencesHeader": "PDc5NjgxMi4zMTM0Mi5xbUB3ZWIyODEwNy5tYWlsLnVrbC55YWhvby5jb20+IDw0RDNERDdCMy45MDEwNDA4QGdtYWlsLmNvbT4gPDk5OTU3MS4xMzI4LnFtQHdlYjI4MTA4Lm1haWwudWtsLnlhaG9vLmNvbT4gPDREM0U4MTlGLjgwMjAyMDZAZ21haWwuY29tPg=="
    }
}