{
    "topicId": 23178, 
    "postDate": "1295941846", 
    "spamInfo": {
        "reason": "0", 
        "isSpam": false
    }, 
    "from": "Emanuela Bertelli &lt;manuspa_72@...&gt;", 
    "canDelete": false, 
    "replyTo": "LIST", 
    "senderId": "DsKCTL93Xc4jhj6XQt35dkvNTnlPCKe_X9a7G8t_bs5gPIbsgUpjdR5CaDT0yiimfMft9lspzKUhqwo-58SoCIWnIrSfge2JEDcMJqLT", 
    "nextInTime": 23185, 
    "userId": 474109730, 
    "prevInTime": 23183, 
    "prevInTopic": 23182, 
    "headers": {
        "inReplyToHeader": "PDREM0REN0IzLjkwMTA0MDhAZ21haWwuY29tPg==", 
        "messageIdInHeader": "PDk5OTU3MS4xMzI4LnFtQHdlYjI4MTA4Lm1haWwudWtsLnlhaG9vLmNvbT4=", 
        "referencesHeader": "PDc5NjgxMi4zMTM0Mi5xbUB3ZWIyODEwNy5tYWlsLnVrbC55YWhvby5jb20+IDw0RDNERDdCMy45MDEwNDA4QGdtYWlsLmNvbT4="
    }, 
    "authorName": "Emanuela Bertelli", 
    "numMessagesInTopic": 5, 
    "msgSnippet": "Hi Bodan and everyone, I have fix my CLASSPATH, but the result don’t change…. This installation of Junit doesn’t work, see below:   ", 
    "contentTrasformed": false, 
    "msgId": 23184, 
    "nextInTopic": 23196, 
    "systemMessage": false, 
    "rawEmail": "Return-Path: &lt;manuspa_72@...&gt;\r\nReceived: (qmail 75209 invoked by uid 7800); 25 Jan 2011 13:02:37 -0000\r\nX-Sender: manuspa_72@...\r\nX-Apparently-To: junit@yahoogroups.com\r\nX-Received: (qmail 70511 invoked from network); 25 Jan 2011 07:50:49 -0000\r\nX-Received: from unknown (66.196.94.107)\n  by m17.grp.re1.yahoo.com with QMQP; 25 Jan 2011 07:50:49 -0000\r\nX-Received: from unknown (HELO nm12.bullet.mail.ukl.yahoo.com) (217.146.183.186)\n  by mta3.grp.re1.yahoo.com with SMTP; 25 Jan 2011 07:50:48 -0000\r\nX-Received: from [217.146.183.217] by nm12.bullet.mail.ukl.yahoo.com with NNFMP; 25 Jan 2011 07:50:47 -0000\r\nX-Received: from [217.146.183.163] by tm10.bullet.mail.ukl.yahoo.com with NNFMP; 25 Jan 2011 07:50:47 -0000\r\nX-Received: from [127.0.0.1] by omp1004.mail.ukl.yahoo.com with NNFMP; 25 Jan 2011 07:50:47 -0000\r\nX-Yahoo-Newman-Property: ymail-3\r\nX-Yahoo-Newman-Id: 286509.6172.bm@...\r\nX-Received: (qmail 32072 invoked by uid 60001); 25 Jan 2011 07:50:47 -0000\r\nMessage-ID: &lt;999571.1328.qm@...&gt;\r\nX-YMail-OSG: RGH6lJYVM1lwx33sDLSC8YYSI6QoYrwc8uc5JroizKL4aKY\n NA_SpCNif9tEItyETB2Dq1WrTYa29VU8oHl0xYZ9XXZGJEcuOODLKN07QH7p\n xgueeVubnMPUZorT8Rap370H1saMG5dqyr7pFLti5XY7aTYRp.qqyMV5d_oz\n PDiumDbBKerRSFDXDtUwZF27kRHl5mWGj6XDpXUIr7PGjnn0l0WWrZqHyKT6\n as78jiV6vLycMYT5xf8y807n3Zv3aCVxBURQsMEPlIOcjd3L61PKgYLK1x5J\n uZi9GSKB2gU6epbQ6Png-\r\nX-Received: from [89.96.246.177] by web28108.mail.ukl.yahoo.com via HTTP; Tue, 25 Jan 2011 07:50:46 GMT\r\nX-Mailer: YahooMailRC/555 YahooMailWebService/0.8.107.285259\r\nReferences: &lt;796812.31342.qm@...&gt; &lt;4D3DD7B3.9010408@...&gt;\r\nDate: Tue, 25 Jan 2011 07:50:46 +0000 (GMT)\r\nTo: Bogdan Mocanu &lt;bogdan.mocanu.notifications@...&gt;,\n  junit@yahoogroups.com\r\nIn-Reply-To: &lt;4D3DD7B3.9010408@...&gt;\r\nMIME-Version: 1.0\r\nFrom: Emanuela Bertelli &lt;manuspa_72@...&gt;\r\nSubject: =?utf-8?B?UmU6IFtqdW5pdF0gUHJvYmxlbSB3aGVuIGluc3RhbGxhdGlvbiBvZiBhIGxh?=\n =?utf-8?B?c3QgdmVyc2lvbiDigJxqdW5pdDQuOWIy4oCdISE=?=\r\nX-Yahoo-Group-Post: member; u=474109730\r\nContent-Type: text/plain; charset=UTF-8\r\nContent-Transfer-Encoding: quoted-printable\r\nX-eGroups-Approved-By: dsaff &lt;david@...&gt; via email; 25 Jan 2011 13:02:37 -0000\r\n\r\nHi Bodan and everyone, I have fix my CLASSPATH, but the result don=E2=80=99=\r\nt change=E2=80=A6. \nThis installation of Junit doesn=E2=80=99t work, see be=\r\nlow:\n=C2=A0\nC:&#92;TOOL_TEST&#92;JUnit&#92;junit4.9b2&gt;set\nALLUSERSPROFILE=3DC:&#92;ProgramD=\r\nata\nAPPDATA=3DC:&#92;Users&#92;ebertell&#92;AppData&#92;Roaming\nCLASSPATH=3DC:&#92;Program File=\r\ns (x86)&#92;Java&#92;jdk1.6.0_23&#92;bin;C:&#92;TOOL_TEST&#92;JUnit&#92;junit4.\n9b2junit-4.9b2.jar;=\r\nC:&#92;TOOL_TEST&#92;JUnit&#92;junit4.9b2&#92;org;C:&#92;TOOL_TEST&#92;JUnit&#92;junit4.9\nb2;C:&#92;TOOL_TE=\r\nST&#92;JUnit&#92;junit4.9b2&#92;javadoc;C:&#92;TOOL_TEST&#92;JUnit&#92;junit4.9b2&#92;junit&#92;tes\nts;C:&#92;T=\r\nOOL_TEST&#92;EasyMock&#92;easymock-3.0;C:&#92;TOOL_TEST&#92;EasyMock&#92;easymock-3.0&#92;objenes\ni=\r\ns-1.2\nCommonProgramFiles=3DC:&#92;Program Files&#92;Common Files\nCommonProgramFiles=\r\n(x86)=3DC:&#92;Program Files (x86)&#92;Common Files\nCommonProgramW6432=3DC:&#92;Program=\r\n Files&#92;Common Files\nCOMPUTERNAME=3DESP1416\nComSpec=3DC:&#92;Windows&#92;system32&#92;cm=\r\nd.exe\nconfigsetroot=3DC:&#92;Windows&#92;ConfigSetRoot\nFP_NO_HOST_CHECK=3DNO\nHOMEDR=\r\nIVE=3DU:\nHOMEPATH=3D&#92;\nHOMESHARE=3D&#92;&#92;itbo32-w001&#92;home&#92;ebertell\nLOCALAPPDATA=\r\n=3DC:&#92;Users&#92;ebertell&#92;AppData&#92;Local\nLOGONSERVER=3D&#92;&#92;SRV32A2K3\nNUMBER_OF_PROC=\r\nESSORS=3D2\nOS=3DWindows_NT\nPath=3DC:&#92;Windows&#92;system32;C:&#92;Windows;C:&#92;Windows=\r\n&#92;System32&#92;Wbem;C:&#92;Windows&#92;System32\n&#92;WindowsPowerShell&#92;v1.0&#92;;C:&#92;Python27&#92;Scr=\r\nipts;C:&#92;TOOL_TEST&#92;Marathon&#92;marathon-1.2.\n1.1;C:&#92;Program Files (x86)&#92;Java&#92;jr=\r\ne6&#92;bin;C:&#92;Program Files (x86)&#92;Java&#92;jdk1.6.0_23\n&#92;bin\nPATHEXT=3D.COM;.EXE;.BA=\r\nT;.CMD;.VBS;.VBE;.JS;.JSE;.WSF;.WSH;.MSC\nPROCESSOR_ARCHITECTURE=3DAMD64\nPRO=\r\nCESSOR_IDENTIFIER=3DIntel64 Family 6 Model 23 Stepping 10, GenuineIntel\nPRO=\r\nCESSOR_LEVEL=3D6\nPROCESSOR_REVISION=3D170a\nProgramData=3DC:&#92;ProgramData\nPro=\r\ngramFiles=3DC:&#92;Program Files\nProgramFiles(x86)=3DC:&#92;Program Files (x86)\nPro=\r\ngramW6432=3DC:&#92;Program Files\nPROMPT=3D$P$G\nPSModulePath=3DC:&#92;Windows&#92;system=\r\n32&#92;WindowsPowerShell&#92;v1.0&#92;Modules&#92;\nPUBLIC=3DC:&#92;Users&#92;Public\nSESSIONNAME=3DC=\r\nonsole\nSystemDrive=3DC:\nSystemRoot=3DC:&#92;Windows\nTEMP=3DC:&#92;Users&#92;ebertell&#92;Ap=\r\npData&#92;Local&#92;Temp\nTMP=3DC:&#92;Users&#92;ebertell&#92;AppData&#92;Local&#92;Temp\nUSERDNSDOMAIN=\r\n=3DCARRARO.NET\nUSERDOMAIN=3DCARRARO_NT\nUSERNAME=3Debertell\nUSERPROFILE=3DC:=\r\n&#92;Users&#92;ebertell\nwindir=3DC:&#92;Windows\n=C2=A0\nC:&#92;TOOL_TEST&#92;JUnit&#92;junit4.9b2&gt; j=\r\nava org.junit.runner.JUnitCore org.junit.tests.A\nllTests\nException in threa=\r\nd &quot;main&quot; java.lang.NoClassDefFoundError: org/junit/runner/JUni\ntCore\nCaused=\r\n by: java.lang.ClassNotFoundException: org.junit.runner.JUnitCore\n=C2=A0=C2=\r\n=A0=C2=A0=C2=A0=C2=A0=C2=A0=C2=A0 at java.net.URLClassLoader$1.run(Unknown =\r\nSource)\n=C2=A0=C2=A0=C2=A0=C2=A0=C2=A0=C2=A0=C2=A0 at java.security.AccessC=\r\nontroller.doPrivileged(Native Method)\n=C2=A0=C2=A0=C2=A0=C2=A0=C2=A0=C2=A0=\r\n=C2=A0 at java.net.URLClassLoader.findClass(Unknown Source)\n=C2=A0=C2=A0=C2=\r\n=A0=C2=A0=C2=A0=C2=A0=C2=A0 at java.lang.ClassLoader.loadClass(Unknown Sour=\r\nce)\n=C2=A0=C2=A0=C2=A0=C2=A0=C2=A0=C2=A0=C2=A0 at sun.misc.Launcher$AppClas=\r\nsLoader.loadClass(Unknown Source)\n=C2=A0=C2=A0=C2=A0=C2=A0=C2=A0=C2=A0=C2=\r\n=A0 at java.lang.ClassLoader.loadClass(Unknown Source)\nCould not find the m=\r\nain class: org.junit.runner.JUnitCore.=C2=A0 Program will exit.\n=C2=A0\nC:&#92;T=\r\nOOL_TEST&#92;JUnit&#92;junit4.9b2&gt;\n=C2=A0\n=C2=A0\n=C2=A0\nHave you other idea to solv=\r\ne my problem?\n=C2=A0\nI will be very grateful for you help..\nEmanuela \n\n\n\n__=\r\n______________________________\nDa: Bogdan Mocanu &lt;bogdan.mocanu.notificatio=\r\nns@...&gt;\nA: junit@yahoogroups.com\nCc: Emanuela Bertelli &lt;manuspa_72@ya=\r\nhoo.it&gt;\nInviato: Lun 24 gennaio 2011, 20:49:07\nOggetto: Re: [junit] Problem=\r\n when installation of a last version =E2=80=9Cjunit4.9b2=E2=80=9D!!\n\nHi Ema=\r\nnuela,\n\nyou have a problem in your CLASSPATH, in the name of your JAR file.=\r\n\nYou typed &quot;junit4.9b2.jar&quot; but it must be &quot;junit-4.9b2.jar&quot;.\n\nOnce you fix=\r\n this in your CLASSPATH variable and restart all the command line \nconsoles=\r\n (in case you have any of them opened while you do the fix), you should \nbe=\r\n up and running.\n\nBogdan\n\nOn 1/24/2011 06:49 PM, Emanuela Bertelli wrote: \n=\r\n=C2=A0 \n&gt;=C2=A0Problem when installation of a last version &quot;junit4.9b2&quot;!!\n&gt;=\r\n\n&gt;=C2=A0I have install in the C:&#92;TOOL_TEST&#92;JUnit&#92;junit4.9b2\n&gt;\n&gt;=C2=A0This i=\r\ns my set enviroment for CLASSPATH:\n&gt;\n&gt;&gt;C:&#92;TOOL_TEST&#92;JUnit&#92;junit4.9b2&#92;junit4=\r\n.9b2.jar;C:&#92;TOOL_TEST&#92;JUnit&#92;junit4.9b2&#92;org;C:&#92;TOOL_TEST&#92;JUnit&#92;junit4.9b2;C:=\r\n&#92;TOOL_TEST&#92;JUnit&#92;junit4.9b2&#92;javadoc;C:&#92;TOOL_TEST&#92;JUnit&#92;junit4.9b2&#92;junit&#92;tes=\r\nts\n&gt;&gt;\n&gt;&gt;s\n&gt;&gt;\n&gt;&gt;\n&gt;&gt; =C2=A0But when =C2=A0I lunch\n&gt;&gt;\n&gt;&gt; =C2=A0java org.junit.=\r\nrunner.JUnitCore org.junit.tests.AllTests\n&gt;&gt;\n&gt;&gt;\n&gt;&gt; =C2=A0the response is:\n&gt;=\r\n&gt;\n&gt;&gt; =C2=A0java.lang.NoClassDefFoundError: org/junit/runner/JUnitCore\n&gt;&gt; =\r\n=C2=A0Caused by: java.lang.ClassNotFoundException: org.junit.runner.JUnitCo=\r\nre\n&gt;&gt; =C2=A0 =C2=A0 =C2=A0 =C2=A0 at java.net.URLClassLoader$1.run(Unknown =\r\nSource)\n&gt;&gt; =C2=A0 =C2=A0 =C2=A0 =C2=A0 at java.security.AccessController.do=\r\nPrivileged(Native Method)\n&gt;&gt; =C2=A0 =C2=A0 =C2=A0 =C2=A0 at java.net.URLCla=\r\nssLoader.findClass(Unknown Source)\n&gt;&gt; =C2=A0 =C2=A0 =C2=A0 =C2=A0 at java.l=\r\nang.ClassLoader.loadClass(Unknown Source)\n&gt;&gt; =C2=A0 =C2=A0 =C2=A0 =C2=A0 at=\r\n sun.misc.Launcher$AppClassLoader.loadClass(Unknown Source)\n&gt;&gt; =C2=A0 =C2=\r\n=A0 =C2=A0 =C2=A0 at java.lang.ClassLoader.loadClass(Unknown Source)\n&gt;&gt; =C2=\r\n=A0Could not find the main class: org.junit.runner.JUnitCore. =C2=A0Program=\r\n will \n&gt;exit.\n&gt;&gt; =C2=A0Exception in thread &quot;main&quot;\n&gt;&gt;\n&gt;\n&gt;Is possible help me=\r\n,\n&gt;\n&gt;=C2=A0Thank you Emanuela\n&gt;\n&gt;[Non-text portions of this message have be=\r\nen removed]\n&gt;\n&gt;\n&gt;\n\n\n      \n\n[Non-text portions of this message have been re=\r\nmoved]\n\n\n", 
    "subject": "Re: [junit] Problem when installation of a la st version “junit4.9b2”!!"
}