{
    "numMessagesInTopic": 5, 
    "nextInTime": 23185, 
    "senderId": "va9BR2vJms0Qc-XE1ZeYm8UJfp0pqg96KVcwrLYMIk0YSlagysoL1mygNXAguvvx-Qt01V984BOcxuoHh0yFmBgngEKnJILw2vycB02e", 
    "systemMessage": false, 
    "subject": "Re: [junit] Problem when installation of a la st version “junit4.9b2”!!", 
    "from": "Emanuela Bertelli &lt;manuspa_72@...&gt;", 
    "authorName": "Emanuela Bertelli", 
    "msgSnippet": "Hi Bodan and everyone, I have fix my CLASSPATH, but the result don’t change…. This installation of Junit doesn’t work, see below:   ", 
    "msgId": 23184, 
    "topicId": 23178, 
    "spamInfo": {
        "reason": "0", 
        "isSpam": false
    }, 
    "replyTo": "LIST", 
    "userId": 474109730, 
    "messageBody": "<div id=\"ygrps-yiv-1167763404\">Hi Bodan and everyone, I have fix my CLASSPATH, but the result don’t change…. <br/>\nThis installation of Junit doesn’t work, see below:<br/>\n <br/>\nC:&#92;TOOL_TEST&#92;JUnit&#92;junit4.9b2&gt;set<br/>\nALLUSERSPROFILE=C:&#92;ProgramData<br/>\nAPPDATA=C:&#92;Users&#92;ebertell&#92;AppData&#92;Roaming<br/>\nCLASSPATH=C:&#92;Program Files (x86)&#92;Java&#92;jdk1.6.0_23&#92;bin;C:&#92;TOOL_TEST&#92;JUnit&#92;junit4.<br/>\n9b2junit-4.9b2.jar;C:&#92;TOOL_TEST&#92;JUnit&#92;junit4.9b2&#92;org;C:&#92;TOOL_TEST&#92;JUnit&#92;junit4.9<br/>\nb2;C:&#92;TOOL_TEST&#92;JUnit&#92;junit4.9b2&#92;javadoc;C:&#92;TOOL_TEST&#92;JUnit&#92;junit4.9b2&#92;junit&#92;tes<br/>\nts;C:&#92;TOOL_TEST&#92;EasyMock&#92;easymock-3.0;C:&#92;TOOL_TEST&#92;EasyMock&#92;easymock-3.0&#92;objenes<br/>\nis-1.2<br/>\nCommonProgramFiles=C:&#92;Program Files&#92;Common Files<br/>\nCommonProgramFiles(x86)=C:&#92;Program Files (x86)&#92;Common Files<br/>\nCommonProgramW6432=C:&#92;Program Files&#92;Common Files<br/>\nCOMPUTERNAME=ESP1416<br/>\nComSpec=C:&#92;Windows&#92;system32&#92;cmd.exe<br/>\nconfigsetroot=C:&#92;Windows&#92;ConfigSetRoot<br/>\nFP_NO_HOST_CHECK=NO<br/>\nHOMEDRIVE=U:<br/>\nHOMEPATH=&#92;<br/>\nHOMESHARE=&#92;&#92;itbo32-w001&#92;home&#92;ebertell<br/>\nLOCALAPPDATA=C:&#92;Users&#92;ebertell&#92;AppData&#92;Local<br/>\nLOGONSERVER=&#92;&#92;SRV32A2K3<br/>\nNUMBER_OF_PROCESSORS=2<br/>\nOS=Windows_NT<br/>\nPath=C:&#92;Windows&#92;system32;C:&#92;Windows;C:&#92;Windows&#92;System32&#92;Wbem;C:&#92;Windows&#92;System32<br/>\n&#92;WindowsPowerShell&#92;v1.0&#92;;C:&#92;Python27&#92;Scripts;C:&#92;TOOL_TEST&#92;Marathon&#92;marathon-1.2.<br/>\n1.1;C:&#92;Program Files (x86)&#92;Java&#92;jre6&#92;bin;C:&#92;Program Files (x86)&#92;Java&#92;jdk1.6.0_23<br/>\n&#92;bin<br/>\nPATHEXT=.COM;.EXE;.BAT;.CMD;.VBS;.VBE;.JS;.JSE;.WSF;.WSH;.MSC<br/>\nPROCESSOR_ARCHITECTURE=AMD64<br/>\nPROCESSOR_IDENTIFIER=Intel64 Family 6 Model 23 Stepping 10, GenuineIntel<br/>\nPROCESSOR_LEVEL=6<br/>\nPROCESSOR_REVISION=170a<br/>\nProgramData=C:&#92;ProgramData<br/>\nProgramFiles=C:&#92;Program Files<br/>\nProgramFiles(x86)=C:&#92;Program Files (x86)<br/>\nProgramW6432=C:&#92;Program Files<br/>\nPROMPT=$P$G<br/>\nPSModulePath=C:&#92;Windows&#92;system32&#92;WindowsPowerShell&#92;v1.0&#92;Modules&#92;<br/>\nPUBLIC=C:&#92;Users&#92;Public<br/>\nSESSIONNAME=Console<br/>\nSystemDrive=C:<br/>\nSystemRoot=C:&#92;Windows<br/>\nTEMP=C:&#92;Users&#92;ebertell&#92;AppData&#92;Local&#92;Temp<br/>\nTMP=C:&#92;Users&#92;ebertell&#92;AppData&#92;Local&#92;Temp<br/>\nUSERDNSDOMAIN=CARRARO.NET<br/>\nUSERDOMAIN=CARRARO_NT<br/>\nUSERNAME=ebertell<br/>\nUSERPROFILE=C:&#92;Users&#92;ebertell<br/>\nwindir=C:&#92;Windows<br/>\n <br/>\nC:&#92;TOOL_TEST&#92;JUnit&#92;junit4.9b2&gt; java org.junit.runner.JUnitCore org.junit.tests.A<br/>\nllTests<br/>\nException in thread &quot;main&quot; java.lang.NoClassDefFoundError: org/junit/runner/JUni<br/>\ntCore<br/>\nCaused by: java.lang.ClassNotFoundException: org.junit.runner.JUnitCore<br/>\n        at java.net.URLClassLoader$1.run(Unknown Source)<br/>\n        at java.security.AccessController.doPrivileged(Native Method)<br/>\n        at java.net.URLClassLoader.findClass(Unknown Source)<br/>\n        at java.lang.ClassLoader.loadClass(Unknown Source)<br/>\n        at sun.misc.Launcher$AppClassLoader.loadClass(Unknown Source)<br/>\n        at java.lang.ClassLoader.loadClass(Unknown Source)<br/>\nCould not find the main class: org.junit.runner.JUnitCore.  Program will exit.<br/>\n <br/>\nC:&#92;TOOL_TEST&#92;JUnit&#92;junit4.9b2&gt;<br/>\n <br/>\n <br/>\n <br/>\nHave you other idea to solve my problem?<br/>\n <br/>\nI will be very grateful for you help..<br/>\nEmanuela <br/>\n<br/>\n<br/>\n<br/>\n________________________________<br/>\nDa: Bogdan Mocanu &lt;<a rel=\"nofollow\" target=\"_blank\" href=\"mailto:bogdan.mocanu.notifications@...\">bogdan.mocanu.notifications@...</a>&gt;<br/>\nA: <a rel=\"nofollow\" target=\"_blank\" href=\"mailto:junit@yahoogroups.com\">junit@yahoogroups.com</a><br/>\nCc: Emanuela Bertelli &lt;<a rel=\"nofollow\" target=\"_blank\" href=\"mailto:manuspa_72@...\">manuspa_72@...</a>&gt;<br/>\nInviato: Lun 24 gennaio 2011, 20:49:07<br/>\nOggetto: Re: [junit] Problem when installation of a last version “junit4.9b2”!!<br/>\n<br/>\nHi Emanuela,<br/>\n<br/>\nyou have a problem in your CLASSPATH, in the name of your JAR file.<br/>\nYou typed &quot;junit4.9b2.jar&quot; but it must be &quot;junit-4.9b2.jar&quot;.<br/>\n<br/>\nOnce you fix this in your CLASSPATH variable and restart all the command line <br/>\nconsoles (in case you have any of them opened while you do the fix), you should <br/>\nbe up and running.<br/>\n<br/>\nBogdan<br/>\n<br/>\n<blockquote><span title=\"qreply\"> On 1/24/2011 06:49 PM, Emanuela Bertelli wrote: <br/>\n  <br/>\n&gt; Problem when installation of a last version &quot;junit4.9b2&quot;!!<br/>\n&gt;<br/>\n&gt; I have install in the C:&#92;TOOL_TEST&#92;JUnit&#92;junit4.9b2<br/>\n&gt;<br/>\n&gt; This is my set enviroment for CLASSPATH:<br/>\n&gt;<br/>\n&gt;&gt;C:&#92;TOOL_TEST&#92;JUnit&#92;junit4.9b2&#92;junit4.9b2.jar;C:&#92;TOOL_TEST&#92;JUnit&#92;junit4.9b2&#92;org;C:&#92;TOOL_TEST&#92;JUnit&#92;junit4.9b2;C:&#92;TOOL_TEST&#92;JUnit&#92;junit4.9b2&#92;javadoc;C:&#92;TOOL_TEST&#92;JUnit&#92;junit4.9b2&#92;junit&#92;tests<br/>\n&gt;&gt;<br/>\n&gt;&gt;s<br/>\n&gt;&gt;<br/>\n&gt;&gt;<br/>\n&gt;&gt;  But when  I lunch<br/>\n&gt;&gt;<br/>\n&gt;&gt;  java org.junit.runner.JUnitCore org.junit.tests.AllTests<br/>\n&gt;&gt;<br/>\n&gt;&gt;<br/>\n&gt;&gt;  the response is:<br/>\n&gt;&gt;<br/>\n&gt;&gt;  java.lang.NoClassDefFoundError: org/junit/runner/JUnitCore<br/>\n&gt;&gt;  Caused by: java.lang.ClassNotFoundException: org.junit.runner.JUnitCore<br/>\n&gt;&gt;         at java.net.URLClassLoader$1.run(Unknown Source)<br/>\n&gt;&gt;         at java.security.AccessController.doPrivileged(Native Method)<br/>\n&gt;&gt;         at java.net.URLClassLoader.findClass(Unknown Source)<br/>\n&gt;&gt;         at java.lang.ClassLoader.loadClass(Unknown Source)<br/>\n&gt;&gt;         at sun.misc.Launcher$AppClassLoader.loadClass(Unknown Source)<br/>\n&gt;&gt;         at java.lang.ClassLoader.loadClass(Unknown Source)<br/>\n&gt;&gt;  Could not find the main class: org.junit.runner.JUnitCore.  Program will <br/>\n&gt;exit.<br/>\n&gt;&gt;  Exception in thread &quot;main&quot;<br/>\n&gt;&gt;<br/>\n&gt;<br/>\n&gt;Is possible help me,<br/>\n&gt;<br/>\n&gt; Thank you Emanuela<br/>\n&gt;<br/>\n&gt;[Non-text portions of this message have been removed]<br/>\n&gt;<br/>\n&gt;<br/>\n&gt;<br/>\n<br/>\n<br/>\n      <br/>\n<br/>\n[Non-text portions of this message have been removed] </span></blockquote></div>", 
    "prevInTime": 23183, 
    "specialLinks": [], 
    "contentTrasformed": false, 
    "postDate": "1295941846", 
    "canDelete": false, 
    "nextInTopic": 23196, 
    "prevInTopic": 23182, 
    "headers": {
        "inReplyToHeader": "PDREM0REN0IzLjkwMTA0MDhAZ21haWwuY29tPg==", 
        "messageIdInHeader": "PDk5OTU3MS4xMzI4LnFtQHdlYjI4MTA4Lm1haWwudWtsLnlhaG9vLmNvbT4=", 
        "referencesHeader": "PDc5NjgxMi4zMTM0Mi5xbUB3ZWIyODEwNy5tYWlsLnVrbC55YWhvby5jb20+IDw0RDNERDdCMy45MDEwNDA4QGdtYWlsLmNvbT4="
    }
}