{
    "topicId": 23181, 
    "postDate": "1295945740", 
    "spamInfo": {
        "reason": "0", 
        "isSpam": false
    }, 
    "from": "Emanuela Bertelli &lt;manuspa_72@...&gt;", 
    "canDelete": false, 
    "replyTo": "LIST", 
    "senderId": "ZScFTAmYHr7uebzFpFRWDgQRjxtSki73d5tsd9w_Spi_Bd8ujwMp_RKoNVz0MDVwNyU3zBWE3OD0caGhoZvzkuxsaLm_l8Rx8FjUeB-s", 
    "nextInTime": 23184, 
    "userId": 474109730, 
    "prevInTime": 23182, 
    "prevInTopic": 23181, 
    "headers": {
        "inReplyToHeader": "PDREM0U4MTlGLjgwMjAyMDZAZ21haWwuY29tPg==", 
        "messageIdInHeader": "PDU3MjY4LjExNDUxLnFtQHdlYjI4MTAxLm1haWwudWtsLnlhaG9vLmNvbT4=", 
        "referencesHeader": "PDc5NjgxMi4zMTM0Mi5xbUB3ZWIyODEwNy5tYWlsLnVrbC55YWhvby5jb20+IDw0RDNERDdCMy45MDEwNDA4QGdtYWlsLmNvbT4gPDk5OTU3MS4xMzI4LnFtQHdlYjI4MTA4Lm1haWwudWtsLnlhaG9vLmNvbT4gPDREM0U4MTlGLjgwMjAyMDZAZ21haWwuY29tPg=="
    }, 
    "authorName": "Emanuela Bertelli", 
    "numMessagesInTopic": 3, 
    "msgSnippet": "Thank for your quickly help  you were right ... I corrected the error but still doesn t work see below   C: TOOL_TEST JUnit junit4.9b2 set ", 
    "contentTrasformed": false, 
    "msgId": 23183, 
    "nextInTopic": 23186, 
    "systemMessage": false, 
    "rawEmail": "Return-Path: &lt;manuspa_72@...&gt;\r\nReceived: (qmail 7014 invoked by uid 7800); 25 Jan 2011 13:02:31 -0000\r\nX-Sender: manuspa_72@...\r\nX-Apparently-To: junit@yahoogroups.com\r\nX-Received: (qmail 67751 invoked from network); 25 Jan 2011 08:55:42 -0000\r\nX-Received: from unknown (66.196.94.107)\n  by m11.grp.re1.yahoo.com with QMQP; 25 Jan 2011 08:55:42 -0000\r\nX-Received: from unknown (HELO nm20-vm0.bullet.mail.ukl.yahoo.com) (217.146.183.115)\n  by mta3.grp.re1.yahoo.com with SMTP; 25 Jan 2011 08:55:41 -0000\r\nX-Received: from [217.146.183.212] by nm20.bullet.mail.ukl.yahoo.com with NNFMP; 25 Jan 2011 08:55:41 -0000\r\nX-Received: from [217.146.183.167] by tm5.bullet.mail.ukl.yahoo.com with NNFMP; 25 Jan 2011 08:55:41 -0000\r\nX-Received: from [127.0.0.1] by omp1008.mail.ukl.yahoo.com with NNFMP; 25 Jan 2011 08:55:41 -0000\r\nX-Yahoo-Newman-Property: ymail-3\r\nX-Yahoo-Newman-Id: 305575.98918.bm@...\r\nX-Received: (qmail 12063 invoked by uid 60001); 25 Jan 2011 08:55:41 -0000\r\nMessage-ID: &lt;57268.11451.qm@...&gt;\r\nX-YMail-OSG: B0SbcWIVM1lf6U2MoGaMsCPo9jW_.zltejhzkYSxHpUnzJX\n XuO3rqcq_Kdg7JKHP5CWVXB7iRbIMoj8JqHw6L0T6P0wQpljOjHiW3axsXH1\n w7KfoO52sHPVJzjiaJPZxWan0AqcZOC.KQUF19mhMJxLc7BNr58dCoyn.fr_\n 99PVE8m1pX.2EelFeuGse8wUMZqbIKFuZqcN.XyG2ViKCVeHYsTzOOGofrOd\n Za8tyvmYhty1f6DGSb2SvinE0NaHgIrkYKtJPvgYpwxZQoj75JhKWuiMvPXy\n ka1agQ1lEysdeZwKSmbw-\r\nX-Received: from [89.96.246.177] by web28101.mail.ukl.yahoo.com via HTTP; Tue, 25 Jan 2011 08:55:40 GMT\r\nX-Mailer: YahooMailRC/555 YahooMailWebService/0.8.107.285259\r\nReferences: &lt;796812.31342.qm@...&gt; &lt;4D3DD7B3.9010408@...&gt; &lt;999571.1328.qm@...&gt; &lt;4D3E819F.8020206@...&gt;\r\nDate: Tue, 25 Jan 2011 08:55:40 +0000 (GMT)\r\nTo: Bogdan Mocanu &lt;bogdan.mocanu.notifications@...&gt;\r\nCc: junit@yahoogroups.com\r\nIn-Reply-To: &lt;4D3E819F.8020206@...&gt;\r\nMIME-Version: 1.0\r\nFrom: Emanuela Bertelli &lt;manuspa_72@...&gt;\r\nSubject: =?utf-8?B?UmU6IFtqdW5pdF0gUHJvYmxlbSB3aGVuIGluc3RhbGxhdGlvbiBvZiBhIGxh?=\n =?utf-8?B?c3QgdmVyc2lvbiDigJxqdW5pdDQuOWIy4oCdISE=?=\r\nX-Yahoo-Group-Post: member; u=474109730\r\nContent-Type: text/plain; charset=UTF-8\r\nContent-Transfer-Encoding: quoted-printable\r\nX-eGroups-Approved-By: dsaff &lt;david@...&gt; via email; 25 Jan 2011 13:02:31 -0000\r\n\r\nThank for your quickly help\n=C2=A0you were right ... I corrected the error =\r\nbut still\ndoesn&#39;t work see below\n=C2=A0\nC:&#92;TOOL_TEST&#92;JUnit&#92;junit4.9b2&gt;set\nA=\r\nLLUSERSPROFILE=3DC:&#92;ProgramData\nAPPDATA=3DC:&#92;Users&#92;ebertell&#92;AppData&#92;Roaming=\r\n\nCLASSPATH=3DC:&#92;Program Files (x86)&#92;Java&#92;jdk1.6.0_23&#92;bin;C:&#92;TOOL_TEST&#92;JUnit=\r\n&#92;junit4.\n9b2&#92;junit-4.9b2.jar;C:&#92;TOOL_TEST&#92;JUnit&#92;junit4.9b2&#92;org;C:&#92;TOOL_TEST=\r\n&#92;JUnit&#92;junit4.\n9b2;C:&#92;TOOL_TEST&#92;JUnit&#92;junit4.9b2&#92;javadoc;C:&#92;TOOL_TEST&#92;JUnit=\r\n&#92;junit4.9b2&#92;junit&#92;te\nsts;C:&#92;TOOL_TEST&#92;JFunc&#92;lib;C:&#92;TOOL_TEST&#92;JFunc&#92;javadoc&#92;=\r\njunit;C:&#92;TOOL_TEST&#92;EasyMoc\nk&#92;easymock-3.0;C:&#92;TOOL_TEST&#92;EasyMock&#92;easymock-3.=\r\n0&#92;objenesis-1.2\nCommonProgramFiles=3DC:&#92;Program Files&#92;Common Files\nCommonPr=\r\nogramFiles(x86)=3DC:&#92;Program Files (x86)&#92;Common Files\nCommonProgramW6432=3D=\r\nC:&#92;Program Files&#92;Common Files\nCOMPUTERNAME=3DESP1416\nComSpec=3DC:&#92;Windows&#92;s=\r\nystem32&#92;cmd.exe\nconfigsetroot=3DC:&#92;Windows&#92;ConfigSetRoot\nFP_NO_HOST_CHECK=\r\n=3DNO\nHOMEDRIVE=3DU:\nHOMEPATH=3D&#92;\nHOMESHARE=3D&#92;&#92;itbo32-w001&#92;home&#92;ebertell\nL=\r\nOCALAPPDATA=3DC:&#92;Users&#92;ebertell&#92;AppData&#92;Local\nLOGONSERVER=3D&#92;&#92;SRV32A2K3\nNUM=\r\nBER_OF_PROCESSORS=3D2\nOS=3DWindows_NT\nPath=3DC:&#92;Windows&#92;system32;C:&#92;Windows=\r\n;C:&#92;Windows&#92;System32&#92;Wbem;C:&#92;Windows&#92;System32\n&#92;WindowsPowerShell&#92;v1.0&#92;;C:&#92;P=\r\nython27&#92;Scripts;C:&#92;TOOL_TEST&#92;Marathon&#92;marathon-1.2.\n1.1;C:&#92;Program Files (x=\r\n86)&#92;Java&#92;jre6&#92;bin;C:&#92;Program Files (x86)&#92;Java&#92;jdk1.6.0_23\n&#92;bin\nPATHEXT=3D.C=\r\nOM;.EXE;.BAT;.CMD;.VBS;.VBE;.JS;.JSE;.WSF;.WSH;.MSC\nPROCESSOR_ARCHITECTURE=\r\n=3DAMD64\nPROCESSOR_IDENTIFIER=3DIntel64 Family 6 Model 23 Stepping 10, Genu=\r\nineIntel\nPROCESSOR_LEVEL=3D6\nPROCESSOR_REVISION=3D170a\nProgramData=3DC:&#92;Pro=\r\ngramData\nProgramFiles=3DC:&#92;Program Files\nProgramFiles(x86)=3DC:&#92;Program Fil=\r\nes (x86)\nProgramW6432=3DC:&#92;Program Files\nPROMPT=3D$P$G\nPSModulePath=3DC:&#92;Wi=\r\nndows&#92;system32&#92;WindowsPowerShell&#92;v1.0&#92;Modules&#92;\nPUBLIC=3DC:&#92;Users&#92;Public\nSES=\r\nSIONNAME=3DConsole\nSystemDrive=3DC:\nSystemRoot=3DC:&#92;Windows\nTEMP=3DC:&#92;Users=\r\n&#92;ebertell&#92;AppData&#92;Local&#92;Temp\nTMP=3DC:&#92;Users&#92;ebertell&#92;AppData&#92;Local&#92;Temp\nUSE=\r\nRDNSDOMAIN=3DCARRARO.NET\nUSERDOMAIN=3DCARRARO_NT\nUSERNAME=3Debertell\nUSERPR=\r\nOFILE=3DC:&#92;Users&#92;ebertell\nwindir=3DC:&#92;Windows\nC:&#92;TOOL_TEST&#92;JUnit&#92;junit4.9b2=\r\n&gt;&quot;C:&#92;Program Files (x86)&#92;Java&#92;jdk1.6.0_23&#92;bin&#92;java.\nexe&quot; -cp org.junit.runn=\r\ner.JUnitCore org.junit.tests.AllTests\nException in thread &quot;main&quot; java.lang.=\r\nNoClassDefFoundError: org/junit/tests/AllTe\nsts\nCaused by: java.lang.ClassN=\r\notFoundException: org.junit.tests.AllTests\n=C2=A0=C2=A0=C2=A0=C2=A0=C2=A0=\r\n=C2=A0=C2=A0 at java.net.URLClassLoader$1.run(URLClassLoader.java:202)\n=C2=\r\n=A0=C2=A0=C2=A0=C2=A0=C2=A0=C2=A0=C2=A0 at java.security.AccessController.d=\r\noPrivileged(Native Method)\n=C2=A0=C2=A0=C2=A0=C2=A0=C2=A0=C2=A0=C2=A0 at ja=\r\nva.net.URLClassLoader.findClass(URLClassLoader.java:190)\n=C2=A0=C2=A0=C2=A0=\r\n=C2=A0=C2=A0=C2=A0=C2=A0 at java.lang.ClassLoader.loadClass(ClassLoader.jav=\r\na:307)\n=C2=A0=C2=A0=C2=A0=C2=A0=C2=A0=C2=A0=C2=A0 at sun.misc.Launcher$AppC=\r\nlassLoader.loadClass(Launcher.java:301)\n=C2=A0=C2=A0=C2=A0=C2=A0=C2=A0=C2=\r\n=A0=C2=A0 at java.lang.ClassLoader.loadClass(ClassLoader.java:248)\nCould no=\r\nt find the main class: org.junit.tests.AllTests.=C2=A0 Program will exit.\n\n=\r\n=C2=A0\n\n\n\n________________________________\nDa: Bogdan Mocanu &lt;bogdan.mocanu=\r\n.notifications@...&gt;\nA: Emanuela Bertelli &lt;manuspa_72@...&gt;\nCc: ju=\r\nnit@yahoogroups.com\nInviato: Mar 25 gennaio 2011, 08:54:07\nOggetto: Re: [ju=\r\nnit] Problem when installation of a last version =E2=80=9Cjunit4.9b2=E2=80=\r\n=9D!!\n\nFor me it looks like you still have problems with the CLASSPATH.\n\nPl=\r\nease pay attention to what you write in that variable. For example, instead=\r\n of \n\n...C:&#92;TOOL_TEST&#92;JUnit&#92;junit4.9b2junit-4.9b2.jar;...=C2=A0=C2=A0=C2=A0=\r\n=C2=A0 you should have\n...C:&#92;TOOL_TEST&#92;JUnit&#92;junit4.9b2&#92;junit-4.9b2.jar;...=\r\n=C2=A0=C2=A0=C2=A0=C2=A0 \n(there is a backslash missing there).\n\nBogdan\n\nOn=\r\n 1/25/2011 9:50 AM, Emanuela Bertelli wrote: \nHi Bodan and everyone, I have=\r\n fix my CLASSPATH, but the result don=E2=80=99t change=E2=80=A6. \nThis inst=\r\nallation of Junit doesn=E2=80=99t work, see below:\n&gt;=C2=A0\n&gt;C:&#92;TOOL_TEST&#92;JU=\r\nnit&#92;junit4.9b2&gt;set\n&gt;ALLUSERSPROFILE=3DC:&#92;ProgramData\n&gt;APPDATA=3DC:&#92;Users&#92;eb=\r\nertell&#92;AppData&#92;Roaming\n&gt;CLASSPATH=3DC:&#92;Program Files \n(x86)&#92;Java&#92;jdk1.6.0_2=\r\n3&#92;bin;C:&#92;TOOL_TEST&#92;JUnit&#92;junit4.\n&gt;9b2junit-4.9b2.jar;C:&#92;TOOL_TEST&#92;JUnit&#92;jun=\r\nit4.9b2&#92;org;C:&#92;TOOL_TEST&#92;JUnit&#92;junit4.9\n\n&gt;b2;C:&#92;TOOL_TEST&#92;JUnit&#92;junit4.9b2&#92;=\r\njavadoc;C:&#92;TOOL_TEST&#92;JUnit&#92;junit4.9b2&#92;junit&#92;tes\n\n&gt;ts;C:&#92;TOOL_TEST&#92;EasyMock&#92;=\r\neasymock-3.0;C:&#92;TOOL_TEST&#92;EasyMock&#92;easymock-3.0&#92;objenes\n\n&gt;is-1.2\n&gt;CommonPro=\r\ngramFiles=3DC:&#92;Program Files&#92;Common Files\n&gt;CommonProgramFiles(x86)=3DC:&#92;Pro=\r\ngram Files (x86)&#92;Common Files\n&gt;CommonProgramW6432=3DC:&#92;Program Files&#92;Common=\r\n Files\n&gt;COMPUTERNAME=3DESP1416\n&gt;ComSpec=3DC:&#92;Windows&#92;system32&#92;cmd.exe\n&gt;conf=\r\nigsetroot=3DC:&#92;Windows&#92;ConfigSetRoot\n&gt;FP_NO_HOST_CHECK=3DNO\n&gt;HOMEDRIVE=3DU:=\r\n\n&gt;HOMEPATH=3D&#92;\n&gt;HOMESHARE=3D&#92;&#92;itbo32-w001&#92;home&#92;ebertell\n&gt;LOCALAPPDATA=3DC:&#92;=\r\nUsers&#92;ebertell&#92;AppData&#92;Local\n&gt;LOGONSERVER=3D&#92;&#92;SRV32A2K3\n&gt;NUMBER_OF_PROCESSO=\r\nRS=3D2\n&gt;OS=3DWindows_NT\n&gt;Path=3DC:&#92;Windows&#92;system32;C:&#92;Windows;C:&#92;Windows&#92;S=\r\nystem32&#92;Wbem;C:&#92;Windows&#92;System32\n\n&gt;&#92;WindowsPowerShell&#92;v1.0&#92;;C:&#92;Python27&#92;Scr=\r\nipts;C:&#92;TOOL_TEST&#92;Marathon&#92;marathon-1.2.\n\n&gt;1.1;C:&#92;Program Files (x86)&#92;Java&#92;=\r\njre6&#92;bin;C:&#92;Program Files \n(x86)&#92;Java&#92;jdk1.6.0_23\n&gt;&#92;bin\n&gt;PATHEXT=3D.COM;.EX=\r\nE;.BAT;.CMD;.VBS;.VBE;.JS;.JSE;.WSF;.WSH;.MSC\n&gt;PROCESSOR_ARCHITECTURE=3DAMD=\r\n64\n&gt;PROCESSOR_IDENTIFIER=3DIntel64 Family 6 Model 23 Stepping 10, GenuineIn=\r\ntel\n&gt;PROCESSOR_LEVEL=3D6\n&gt;PROCESSOR_REVISION=3D170a\n&gt;ProgramData=3DC:&#92;Progr=\r\namData\n&gt;ProgramFiles=3DC:&#92;Program Files\n&gt;ProgramFiles(x86)=3DC:&#92;Program Fil=\r\nes (x86)\n&gt;ProgramW6432=3DC:&#92;Program Files\n&gt;PROMPT=3D$P$G\n&gt;PSModulePath=3DC:=\r\n&#92;Windows&#92;system32&#92;WindowsPowerShell&#92;v1.0&#92;Modules&#92;\n&gt;PUBLIC=3DC:&#92;Users&#92;Public=\r\n\n&gt;SESSIONNAME=3DConsole\n&gt;SystemDrive=3DC:\n&gt;SystemRoot=3DC:&#92;Windows\n&gt;TEMP=3D=\r\nC:&#92;Users&#92;ebertell&#92;AppData&#92;Local&#92;Temp\n&gt;TMP=3DC:&#92;Users&#92;ebertell&#92;AppData&#92;Local=\r\n&#92;Temp\n&gt;USERDNSDOMAIN=3DCARRARO.NET\n&gt;USERDOMAIN=3DCARRARO_NT\n&gt;USERNAME=3Debe=\r\nrtell\n&gt;USERPROFILE=3DC:&#92;Users&#92;ebertell\n&gt;windir=3DC:&#92;Windows\n&gt;=C2=A0\n&gt;C:&#92;TOO=\r\nL_TEST&#92;JUnit&#92;junit4.9b2&gt; java org.junit.runner.JUnitCore \norg.junit.tests.A=\r\n\n&gt;llTests\n&gt;Exception in thread &quot;main&quot; java.lang.NoClassDefFoundError: \norg/=\r\njunit/runner/JUni\n&gt;tCore\n&gt;Caused by: java.lang.ClassNotFoundException: org.=\r\njunit.runner.JUnitCore\n&gt;=C2=A0=C2=A0=C2=A0=C2=A0=C2=A0=C2=A0=C2=A0 at java.=\r\nnet.URLClassLoader$1.run(Unknown Source)\n&gt;=C2=A0=C2=A0=C2=A0=C2=A0=C2=A0=C2=\r\n=A0=C2=A0 at java.security.AccessController.doPrivileged(Native Method)\n&gt;=\r\n=C2=A0=C2=A0=C2=A0=C2=A0=C2=A0=C2=A0=C2=A0 at java.net.URLClassLoader.findC=\r\nlass(Unknown Source)\n&gt;=C2=A0=C2=A0=C2=A0=C2=A0=C2=A0=C2=A0=C2=A0 at java.la=\r\nng.ClassLoader.loadClass(Unknown Source)\n&gt;=C2=A0=C2=A0=C2=A0=C2=A0=C2=A0=C2=\r\n=A0=C2=A0 at sun.misc.Launcher$AppClassLoader.loadClass(Unknown Source)\n&gt;=\r\n=C2=A0=C2=A0=C2=A0=C2=A0=C2=A0=C2=A0=C2=A0 at java.lang.ClassLoader.loadCla=\r\nss(Unknown Source)\n&gt;Could not find the main class: org.junit.runner.JUnitCo=\r\nre.=C2=A0 Program will exit.\n&gt;=C2=A0\n&gt;C:&#92;TOOL_TEST&#92;JUnit&#92;junit4.9b2&gt;\n&gt;=C2=\r\n=A0\n&gt;=C2=A0\n&gt;=C2=A0\n&gt;Have you other idea to solve my problem?\n&gt;=C2=A0\n&gt;I wi=\r\nll be very grateful for you help..\n&gt;Emanuela \n&gt;\n&gt;\n&gt;\n_______________________=\r\n_________\nDa: Bogdan Mocanu &lt;bogdan.mocanu.notifications@...&gt;\n&gt;A: jun=\r\nit@yahoogroups.com\n&gt;Cc: Emanuela Bertelli &lt;manuspa_72@...&gt;\n&gt;Inviato: L=\r\nun 24 gennaio 2011, 20:49:07\n&gt;Oggetto: Re: [junit] Problem when installatio=\r\nn of a last version =E2=80=9Cjunit4.9b2=E2=80=9D!!\n&gt;\n&gt;Hi Emanuela,\n&gt;\n&gt;you h=\r\nave a problem in your CLASSPATH, in the name of your JAR file.\n&gt;You typed &quot;=\r\njunit4.9b2.jar&quot; but it must be &quot;junit-4.9b2.jar&quot;.\n&gt;\n&gt;Once you fix this in y=\r\nour CLASSPATH variable and restart all the command line \n&gt;consoles (in case=\r\n you have any of them opened while you do the fix), you should \n&gt;be up and =\r\nrunning.\n&gt;\n&gt;Bogdan\n&gt;\n&gt;On 1/24/2011 06:49 PM, Emanuela Bertelli wrote: \n&gt;=C2=\r\n=A0 \n&gt;&gt;=C2=A0Problem when installation of a last version &quot;junit4.9b2&quot;!!\n&gt;&gt;\n=\r\n&gt;&gt;=C2=A0I have install in the C:&#92;TOOL_TEST&#92;JUnit&#92;junit4.9b2\n&gt;&gt;\n&gt;&gt;=C2=A0This=\r\n is my set enviroment for CLASSPATH:\n&gt;&gt;\n&gt;&gt;&gt;C:&#92;TOOL_TEST&#92;JUnit&#92;junit4.9b2&#92;ju=\r\nnit4.9b2.jar;C:&#92;TOOL_TEST&#92;JUnit&#92;junit4.9b2&#92;org;C:&#92;TOOL_TEST&#92;JUnit&#92;junit4.9b=\r\n2;C:&#92;TOOL_TEST&#92;JUnit&#92;junit4.9b2&#92;javadoc;C:&#92;TOOL_TEST&#92;JUnit&#92;junit4.9b2&#92;junit=\r\n&#92;tests\n&gt;&gt;&gt;\n&gt;&gt;&gt;s\n&gt;&gt;&gt;\n&gt;&gt;&gt;\n&gt;&gt;&gt; =C2=A0But when =C2=A0I lunch\n&gt;&gt;&gt;\n&gt;&gt;&gt; =C2=A0java=\r\n org.junit.runner.JUnitCore org.junit.tests.AllTests\n&gt;&gt;&gt;\n&gt;&gt;&gt;\n&gt;&gt;&gt; =C2=A0the =\r\nresponse is:\n&gt;&gt;&gt;\n&gt;&gt;&gt; =C2=A0java.lang.NoClassDefFoundError: org/junit/runner=\r\n/JUnitCore\n&gt;&gt;&gt; =C2=A0Caused by: java.lang.ClassNotFoundException: org.junit=\r\n.runner.JUnitCore\n&gt;&gt;&gt; =C2=A0 =C2=A0 =C2=A0 =C2=A0 at java.net.URLClassLoade=\r\nr$1.run(Unknown Source)\n&gt;&gt;&gt; =C2=A0 =C2=A0 =C2=A0 =C2=A0 at java.security.Ac=\r\ncessController.doPrivileged(Native Method)\n&gt;&gt;&gt; =C2=A0 =C2=A0 =C2=A0 =C2=A0 =\r\nat java.net.URLClassLoader.findClass(Unknown Source)\n&gt;&gt;&gt; =C2=A0 =C2=A0 =C2=\r\n=A0 =C2=A0 at java.lang.ClassLoader.loadClass(Unknown Source)\n&gt;&gt;&gt; =C2=A0 =\r\n=C2=A0 =C2=A0 =C2=A0 at sun.misc.Launcher$AppClassLoader.loadClass(Unknown =\r\nSource)\n&gt;&gt;&gt; =C2=A0 =C2=A0 =C2=A0 =C2=A0 at java.lang.ClassLoader.loadClass(=\r\nUnknown Source)\n&gt;&gt;&gt; =C2=A0Could not find the main class: org.junit.runner.J=\r\nUnitCore. =C2=A0Program will \n&gt;&gt;exit.\n&gt;&gt;&gt; =C2=A0Exception in thread &quot;main&quot;\n=\r\n&gt;&gt;&gt;\n&gt;&gt;\n&gt;&gt;Is possible help me,\n&gt;&gt;\n&gt;&gt;=C2=A0Thank you Emanuela\n&gt;&gt;\n&gt;&gt;[Non-text =\r\nportions of this message have been removed]\n&gt;&gt;\n&gt;&gt;\n&gt;&gt;\n&gt;\n\n\n\n      \n\n[Non-text=\r\n portions of this message have been removed]\n\n\n", 
    "subject": "Re: [junit] Problem when installation of a la st version “junit4.9b2”!!"
}