{
    "numMessagesInTopic": 5, 
    "nextInTime": 23183, 
    "senderId": "PvV1IGGxQUi7vbHHWijQgMUdGWbHb45BGH7BnsBC3btw_Ua68704g0rYsuB3mCcZYZWhEQErsTnNTkJnYRAj-52zOueoV0YVnfxJvG6N77e0RGp_e95fOyr8v3I", 
    "systemMessage": false, 
    "subject": "Re: [junit] Problem when installation of  a last version “junit4.9b2”!!", 
    "from": "Bogdan Mocanu &lt;bogdan.mocanu.notifications@...&gt;", 
    "authorName": "Bogdan Mocanu", 
    "msgSnippet": "Why did you changed the call in the command line? Why did you added the -cp parameter? That sets a custom classpath and it makes you env CLASSPATH to be", 
    "msgId": 23182, 
    "rawEmail": "Return-Path: &lt;bogdan.mocanu.notifications@...&gt;\r\nReceived: (qmail 99099 invoked by uid 7800); 25 Jan 2011 13:02:21 -0000\r\nX-Sender: bogdan.mocanu.notifications@...\r\nX-Apparently-To: junit@yahoogroups.com\r\nX-Received: (qmail 56222 invoked from network); 25 Jan 2011 09:13:12 -0000\r\nX-Received: from unknown (98.137.34.46)\n  by m1.grp.sp2.yahoo.com with QMQP; 25 Jan 2011 09:13:12 -0000\r\nX-Received: from unknown (HELO mail-fx0-f49.google.com) (209.85.161.49)\n  by mta3.grp.sp2.yahoo.com with SMTP; 25 Jan 2011 09:13:11 -0000\r\nX-Received: by fxm19 with SMTP id 19so5160497fxm.36\n        for &lt;junit@yahoogroups.com&gt;; Tue, 25 Jan 2011 01:13:10 -0800 (PST)\r\nX-Received: by 10.223.98.193 with SMTP id r1mr5504598fan.83.1295946395389;\n        Tue, 25 Jan 2011 01:06:35 -0800 (PST)\r\nX-Received: from [10.124.1.36] ([195.93.136.3])\n        by mx.google.com with ESMTPS id r24sm4925487fax.27.2011.01.25.01.06.33\n        (version=SSLv3 cipher=RC4-MD5);\n        Tue, 25 Jan 2011 01:06:34 -0800 (PST)\r\nMessage-ID: &lt;4D3E9292.8030404@...&gt;\r\nDate: Tue, 25 Jan 2011 11:06:26 +0200\r\nUser-Agent: Mozilla/5.0 (Windows; U; Windows NT 6.1; en-US; rv:1.9.2.13) Gecko/20101207 Lightning/1.0b2 Thunderbird/3.1.7\r\nMIME-Version: 1.0\r\nTo: Emanuela Bertelli &lt;manuspa_72@...&gt;\r\nCc: junit@yahoogroups.com\r\nReferences: &lt;796812.31342.qm@...&gt; &lt;4D3DD7B3.9010408@...&gt; &lt;999571.1328.qm@...&gt; &lt;4D3E819F.8020206@...&gt; &lt;57268.11451.qm@...&gt;\r\nIn-Reply-To: &lt;57268.11451.qm@...&gt;\r\nX-eGroups-Msg-Info: 1:12:0:0:0\r\nFrom: Bogdan Mocanu &lt;bogdan.mocanu.notifications@...&gt;\r\nSubject: =?UTF-8?B?UmU6IFtqdW5pdF0gUHJvYmxlbSB3aGVuIGluc3RhbGxhdGlvbiBvZiA=?=\n =?UTF-8?B?YSBsYXN0IHZlcnNpb24g4oCcanVuaXQ0LjliMuKAnSEh?=\r\nX-Yahoo-Group-Post: member; u=414734247; y=AZp--gG0qzjm-hhO-6c1-8gLra1Zsl32xZKF8ZCzTORBFtQv4_Zt4ANjJA\r\nX-Yahoo-Profile: bogdanmocanu2011\r\nContent-Type: text/plain; charset=UTF-8\r\nContent-Transfer-Encoding: quoted-printable\r\nX-eGroups-Approved-By: dsaff &lt;david@...&gt; via email; 25 Jan 2011 13:02:21 -0000\r\n\r\nWhy did you changed the call in the command line?\nWhy did you added the &quot;-c=\r\np&quot; parameter? That sets a custom classpath and \nit makes you env CLASSPATH =\r\nto be ignored.\n\nRemove that parameter, run the command line as:\n&quot;C:&#92;Program=\r\n Files (x86)&#92;Java&#92;jdk1.6.0_23&#92;bin&#92;java.exe&quot; \norg.junit.runner.JUnitCore org=\r\n.junit.tests.AllTests\nand it should work as expected.\n\nBogdan\n\nOn 1/25/2011=\r\n 10:55 AM, Emanuela Bertelli wrote:\n&gt; Thank for your quickly help\n&gt;  you we=\r\nre right ... I corrected the error but still\n&gt; doesn&#39;t work see below\n&gt; C:&#92;=\r\nTOOL_TEST&#92;JUnit&#92;junit4.9b2&gt;set\n&gt; ALLUSERSPROFILE=3DC:&#92;ProgramData\n&gt; APPDATA=\r\n=3DC:&#92;Users&#92;ebertell&#92;AppData&#92;Roaming\n&gt; CLASSPATH=3DC:&#92;Program Files \n&gt; (x86=\r\n)&#92;Java&#92;jdk1.6.0_23&#92;bin;C:&#92;TOOL_TEST&#92;JUnit&#92;junit4.\n&gt; 9b2&#92;junit-4.9b2.jar;C:&#92;=\r\nTOOL_TEST&#92;JUnit&#92;junit4.9b2&#92;org;C:&#92;TOOL_TEST&#92;JUnit&#92;junit4.\n&gt; 9b2;C:&#92;TOOL_TES=\r\nT&#92;JUnit&#92;junit4.9b2&#92;javadoc;C:&#92;TOOL_TEST&#92;JUnit&#92;junit4.9b2&#92;junit&#92;te\n&gt; sts;C:&#92;=\r\nTOOL_TEST&#92;JFunc&#92;lib;C:&#92;TOOL_TEST&#92;JFunc&#92;javadoc&#92;junit;C:&#92;TOOL_TEST&#92;EasyMoc\n&gt;=\r\n k&#92;easymock-3.0;C:&#92;TOOL_TEST&#92;EasyMock&#92;easymock-3.0&#92;objenesis-1.2\n&gt; CommonPr=\r\nogramFiles=3DC:&#92;Program Files&#92;Common Files\n&gt; CommonProgramFiles(x86)=3DC:&#92;P=\r\nrogram Files (x86)&#92;Common Files\n&gt; CommonProgramW6432=3DC:&#92;Program Files&#92;Com=\r\nmon Files\n&gt; COMPUTERNAME=3DESP1416\n&gt; ComSpec=3DC:&#92;Windows&#92;system32&#92;cmd.exe\n=\r\n&gt; configsetroot=3DC:&#92;Windows&#92;ConfigSetRoot\n&gt; FP_NO_HOST_CHECK=3DNO\n&gt; HOMEDR=\r\nIVE=3DU:\n&gt; HOMEPATH=3D&#92;\n&gt; HOMESHARE=3D&#92;&#92;itbo32-w001&#92;home&#92;ebertell\n&gt; LOCALAP=\r\nPDATA=3DC:&#92;Users&#92;ebertell&#92;AppData&#92;Local\n&gt; LOGONSERVER=3D&#92;&#92;SRV32A2K3\n&gt; NUMBE=\r\nR_OF_PROCESSORS=3D2\n&gt; OS=3DWindows_NT\n&gt; Path=3DC:&#92;Windows&#92;system32;C:&#92;Windo=\r\nws;C:&#92;Windows&#92;System32&#92;Wbem;C:&#92;Windows&#92;System32\n&gt; &#92;WindowsPowerShell&#92;v1.0&#92;;=\r\nC:&#92;Python27&#92;Scripts;C:&#92;TOOL_TEST&#92;Marathon&#92;marathon-1.2.\n&gt; 1.1;C:&#92;Program Fi=\r\nles (x86)&#92;Java&#92;jre6&#92;bin;C:&#92;Program Files \n&gt; (x86)&#92;Java&#92;jdk1.6.0_23\n&gt; &#92;bin\n&gt;=\r\n PATHEXT=3D.COM;.EXE;.BAT;.CMD;.VBS;.VBE;.JS;.JSE;.WSF;.WSH;.MSC\n&gt; PROCESSO=\r\nR_ARCHITECTURE=3DAMD64\n&gt; PROCESSOR_IDENTIFIER=3DIntel64 Family 6 Model 23 S=\r\ntepping 10, GenuineIntel\n&gt; PROCESSOR_LEVEL=3D6\n&gt; PROCESSOR_REVISION=3D170a\n=\r\n&gt; ProgramData=3DC:&#92;ProgramData\n&gt; ProgramFiles=3DC:&#92;Program Files\n&gt; ProgramF=\r\niles(x86)=3DC:&#92;Program Files (x86)\n&gt; ProgramW6432=3DC:&#92;Program Files\n&gt; PROM=\r\nPT=3D$P$G\n&gt; PSModulePath=3DC:&#92;Windows&#92;system32&#92;WindowsPowerShell&#92;v1.0&#92;Modul=\r\nes&#92;\n&gt; PUBLIC=3DC:&#92;Users&#92;Public\n&gt; SESSIONNAME=3DConsole\n&gt; SystemDrive=3DC:\n&gt;=\r\n SystemRoot=3DC:&#92;Windows\n&gt; TEMP=3DC:&#92;Users&#92;ebertell&#92;AppData&#92;Local&#92;Temp\n&gt; TM=\r\nP=3DC:&#92;Users&#92;ebertell&#92;AppData&#92;Local&#92;Temp\n&gt; USERDNSDOMAIN=3DCARRARO.NET\n&gt; US=\r\nERDOMAIN=3DCARRARO_NT\n&gt; USERNAME=3Debertell\n&gt; USERPROFILE=3DC:&#92;Users&#92;eberte=\r\nll\n&gt; windir=3DC:&#92;Windows\n&gt; C:&#92;TOOL_TEST&#92;JUnit&#92;junit4.9b2&gt;&quot;C:&#92;Program Files =\r\n\n&gt; (x86)&#92;Java&#92;jdk1.6.0_23&#92;bin&#92;java.\n&gt; exe&quot; -cp org.junit.runner.JUnitCore o=\r\nrg.junit.tests.AllTests\n&gt; Exception in thread &quot;main&quot; java.lang.NoClassDefFo=\r\nundError: \n&gt; org/junit/tests/AllTe\n&gt; sts\n&gt; Caused by: java.lang.ClassNotFou=\r\nndException: org.junit.tests.AllTests\n&gt;         at java.net.URLClassLoader$=\r\n1.run(URLClassLoader.java:202)\n&gt;         at java.security.AccessController.=\r\ndoPrivileged(Native Method)\n&gt;         at java.net.URLClassLoader.findClass(=\r\nURLClassLoader.java:190)\n&gt;         at java.lang.ClassLoader.loadClass(Class=\r\nLoader.java:307)\n&gt;         at sun.misc.Launcher$AppClassLoader.loadClass(La=\r\nuncher.java:301)\n&gt;         at java.lang.ClassLoader.loadClass(ClassLoader.j=\r\nava:248)\n&gt; Could not find the main class: org.junit.tests.AllTests.  Progra=\r\nm will \n&gt; exit.\n&gt;\n&gt;\n&gt; -----------------------------------------------------=\r\n-------------------\n&gt; *Da:* Bogdan Mocanu &lt;bogdan.mocanu.notifications@gmai=\r\nl.com&gt;\n&gt; *A:* Emanuela Bertelli &lt;manuspa_72@...&gt;\n&gt; *Cc:* junit@yahoogr=\r\noups.com\n&gt; *Inviato:* Mar 25 gennaio 2011, 08:54:07\n&gt; *Oggetto:* Re: [junit=\r\n] Problem when installation of a last version \n&gt; =E2=80=9Cjunit4.9b2=E2=80=\r\n=9D!!\n&gt;\n&gt; For me it looks like you still have problems with the CLASSPATH.\n=\r\n&gt;\n&gt; Please pay attention to what you write in that variable. For example, \n=\r\n&gt; instead of\n&gt; ...C:&#92;TOOL_TEST&#92;JUnit&#92;junit4.9b2junit-4.9b2.jar;...     you =\r\nshould have\n&gt; ...C:&#92;TOOL_TEST&#92;JUnit&#92;junit4.9b2&#92;junit-4.9b2.jar;...\n&gt; (there=\r\n is a backslash missing there).\n&gt;\n&gt; Bogdan\n&gt;\n&gt; On 1/25/2011 9:50 AM, Emanue=\r\nla Bertelli wrote:\n&gt;&gt;\n&gt;&gt; Hi Bodan and everyone, I have fix my CLASSPATH, bu=\r\nt the result don=E2=80=99t \n&gt;&gt; change=E2=80=A6. This installation of Junit =\r\ndoesn=E2=80=99t work, see below:\n&gt;&gt;\n&gt;&gt; C:&#92;TOOL_TEST&#92;JUnit&#92;junit4.9b2&gt;set\n&gt;&gt;=\r\n\n&gt;&gt; ALLUSERSPROFILE=3DC:&#92;ProgramData\n&gt;&gt;\n&gt;&gt; APPDATA=3DC:&#92;Users&#92;ebertell&#92;AppD=\r\nata&#92;Roaming\n&gt;&gt;\n&gt;&gt; CLASSPATH=3DC:&#92;Program Files \n&gt;&gt; (x86)&#92;Java&#92;jdk1.6.0_23&#92;b=\r\nin;C:&#92;TOOL_TEST&#92;JUnit&#92;junit4.\n&gt;&gt;\n&gt;&gt; 9b2junit-4.9b2.jar;C:&#92;TOOL_TEST&#92;JUnit&#92;j=\r\nunit4.9b2&#92;org;C:&#92;TOOL_TEST&#92;JUnit&#92;junit4.9\n&gt;&gt;\n&gt;&gt; b2;C:&#92;TOOL_TEST&#92;JUnit&#92;junit=\r\n4.9b2&#92;javadoc;C:&#92;TOOL_TEST&#92;JUnit&#92;junit4.9b2&#92;junit&#92;tes\n&gt;&gt;\n&gt;&gt; ts;C:&#92;TOOL_TEST=\r\n&#92;EasyMock&#92;easymock-3.0;C:&#92;TOOL_TEST&#92;EasyMock&#92;easymock-3.0&#92;objenes\n&gt;&gt;\n&gt;&gt; is-=\r\n1.2\n&gt;&gt;\n&gt;&gt; CommonProgramFiles=3DC:&#92;Program Files&#92;Common Files\n&gt;&gt;\n&gt;&gt; CommonPr=\r\nogramFiles(x86)=3DC:&#92;Program Files (x86)&#92;Common Files\n&gt;&gt;\n&gt;&gt; CommonProgramW6=\r\n432=3DC:&#92;Program Files&#92;Common Files\n&gt;&gt;\n&gt;&gt; COMPUTERNAME=3DESP1416\n&gt;&gt;\n&gt;&gt; ComS=\r\npec=3DC:&#92;Windows&#92;system32&#92;cmd.exe\n&gt;&gt;\n&gt;&gt; configsetroot=3DC:&#92;Windows&#92;ConfigSe=\r\ntRoot\n&gt;&gt;\n&gt;&gt; FP_NO_HOST_CHECK=3DNO\n&gt;&gt;\n&gt;&gt; HOMEDRIVE=3DU:\n&gt;&gt;\n&gt;&gt; HOMEPATH=3D&#92;\n&gt;=\r\n&gt;\n&gt;&gt; HOMESHARE=3D&#92;&#92;itbo32-w001&#92;home&#92;ebertell\n&gt;&gt;\n&gt;&gt; LOCALAPPDATA=3DC:&#92;Users&#92;=\r\nebertell&#92;AppData&#92;Local\n&gt;&gt;\n&gt;&gt; LOGONSERVER=3D&#92;&#92;SRV32A2K3\n&gt;&gt;\n&gt;&gt; NUMBER_OF_PROC=\r\nESSORS=3D2\n&gt;&gt;\n&gt;&gt; OS=3DWindows_NT\n&gt;&gt;\n&gt;&gt; Path=3DC:&#92;Windows&#92;system32;C:&#92;Window=\r\ns;C:&#92;Windows&#92;System32&#92;Wbem;C:&#92;Windows&#92;System32\n&gt;&gt;\n&gt;&gt; &#92;WindowsPowerShell&#92;v1.=\r\n0&#92;;C:&#92;Python27&#92;Scripts;C:&#92;TOOL_TEST&#92;Marathon&#92;marathon-1.2.\n&gt;&gt;\n&gt;&gt; 1.1;C:&#92;Pro=\r\ngram Files (x86)&#92;Java&#92;jre6&#92;bin;C:&#92;Program Files \n&gt;&gt; (x86)&#92;Java&#92;jdk1.6.0_23\n=\r\n&gt;&gt;\n&gt;&gt; &#92;bin\n&gt;&gt;\n&gt;&gt; PATHEXT=3D.COM;.EXE;.BAT;.CMD;.VBS;.VBE;.JS;.JSE;.WSF;.WSH=\r\n;.MSC\n&gt;&gt;\n&gt;&gt; PROCESSOR_ARCHITECTURE=3DAMD64\n&gt;&gt;\n&gt;&gt; PROCESSOR_IDENTIFIER=3DInt=\r\nel64 Family 6 Model 23 Stepping 10, GenuineIntel\n&gt;&gt;\n&gt;&gt; PROCESSOR_LEVEL=3D6\n=\r\n&gt;&gt;\n&gt;&gt; PROCESSOR_REVISION=3D170a\n&gt;&gt;\n&gt;&gt; ProgramData=3DC:&#92;ProgramData\n&gt;&gt;\n&gt;&gt; Pr=\r\nogramFiles=3DC:&#92;Program Files\n&gt;&gt;\n&gt;&gt; ProgramFiles(x86)=3DC:&#92;Program Files (x=\r\n86)\n&gt;&gt;\n&gt;&gt; ProgramW6432=3DC:&#92;Program Files\n&gt;&gt;\n&gt;&gt; PROMPT=3D$P$G\n&gt;&gt;\n&gt;&gt; PSModul=\r\nePath=3DC:&#92;Windows&#92;system32&#92;WindowsPowerShell&#92;v1.0&#92;Modules&#92;\n&gt;&gt;\n&gt;&gt; PUBLIC=3D=\r\nC:&#92;Users&#92;Public\n&gt;&gt;\n&gt;&gt; SESSIONNAME=3DConsole\n&gt;&gt;\n&gt;&gt; SystemDrive=3DC:\n&gt;&gt;\n&gt;&gt; Sy=\r\nstemRoot=3DC:&#92;Windows\n&gt;&gt;\n&gt;&gt; TEMP=3DC:&#92;Users&#92;ebertell&#92;AppData&#92;Local&#92;Temp\n&gt;&gt;\n=\r\n&gt;&gt; TMP=3DC:&#92;Users&#92;ebertell&#92;AppData&#92;Local&#92;Temp\n&gt;&gt;\n&gt;&gt; USERDNSDOMAIN=3DCARRARO=\r\n.NET\n&gt;&gt;\n&gt;&gt; USERDOMAIN=3DCARRARO_NT\n&gt;&gt;\n&gt;&gt; USERNAME=3Debertell\n&gt;&gt;\n&gt;&gt; USERPROF=\r\nILE=3DC:&#92;Users&#92;ebertell\n&gt;&gt;\n&gt;&gt; windir=3DC:&#92;Windows\n&gt;&gt;\n&gt;&gt; C:&#92;TOOL_TEST&#92;JUnit&#92;=\r\njunit4.9b2&gt; java org.junit.runner.JUnitCore \n&gt;&gt; org.junit.tests.A\n&gt;&gt;\n&gt;&gt; llT=\r\nests\n&gt;&gt;\n&gt;&gt; Exception in thread &quot;main&quot; java.lang.NoClassDefFoundError: \n&gt;&gt; o=\r\nrg/junit/runner/JUni\n&gt;&gt;\n&gt;&gt; tCore\n&gt;&gt;\n&gt;&gt; Caused by: java.lang.ClassNotFoundEx=\r\nception: org.junit.runner.JUnitCore\n&gt;&gt;\n&gt;&gt; at java.net.URLClassLoader$1.run(=\r\nUnknown Source)\n&gt;&gt;\n&gt;&gt; at java.security.AccessController.doPrivileged(Native=\r\n Method)\n&gt;&gt;\n&gt;&gt; at java.net.URLClassLoader.findClass(Unknown Source)\n&gt;&gt;\n&gt;&gt; a=\r\nt java.lang.ClassLoader.loadClass(Unknown Source)\n&gt;&gt;\n&gt;&gt; at sun.misc.Launche=\r\nr$AppClassLoader.loadClass(Unknown Source)\n&gt;&gt;\n&gt;&gt; at java.lang.ClassLoader.l=\r\noadClass(Unknown Source)\n&gt;&gt;\n&gt;&gt; Could not find the main class: org.junit.run=\r\nner.JUnitCore.Program \n&gt;&gt; will exit.\n&gt;&gt;\n&gt;&gt; C:&#92;TOOL_TEST&#92;JUnit&#92;junit4.9b2&gt;\n&gt;=\r\n&gt;\n&gt;&gt; Have you other idea to solve my problem?\n&gt;&gt;\n&gt;&gt; I will be very grateful=\r\n for you help..\n&gt;&gt;\n&gt;&gt; Emanuela\n&gt;&gt;\n&gt;&gt;\n&gt;&gt; -----------------------------------=\r\n-------------------------------------\n&gt;&gt; *Da:* Bogdan Mocanu &lt;bogdan.mocanu=\r\n.notifications@...&gt;\n&gt;&gt; *A:* junit@yahoogroups.com\n&gt;&gt; *Cc:* Emanuela B=\r\nertelli &lt;manuspa_72@...&gt;\n&gt;&gt; *Inviato:* Lun 24 gennaio 2011, 20:49:07\n&gt;=\r\n&gt; *Oggetto:* Re: [junit] Problem when installation of a last version \n&gt;&gt; =\r\n=E2=80=9Cjunit4.9b2=E2=80=9D!!\n&gt;&gt;\n&gt;&gt; Hi Emanuela,\n&gt;&gt;\n&gt;&gt; you have a problem =\r\nin your CLASSPATH, in the name of your JAR file.\n&gt;&gt; You typed &quot;junit4.9b2.j=\r\nar&quot; but it must be &quot;junit-4.9b2.jar&quot;.\n&gt;&gt;\n&gt;&gt; Once you fix this in your CLASS=\r\nPATH variable and restart all the \n&gt;&gt; command line consoles (in case you ha=\r\nve any of them opened while you \n&gt;&gt; do the fix), you should be up and runni=\r\nng.\n&gt;&gt;\n&gt;&gt; Bogdan\n&gt;&gt;\n&gt;&gt; On 1/24/2011 06:49 PM, Emanuela Bertelli wrote:\n&gt;&gt;&gt;\n=\r\n&gt;&gt;&gt;  Problem when installation of a last version &quot;junit4.9b2&quot;!!\n&gt;&gt;&gt;\n&gt;&gt;&gt;  I =\r\nhave install in the C:&#92;TOOL_TEST&#92;JUnit&#92;junit4.9b2\n&gt;&gt;&gt;\n&gt;&gt;&gt;  This is my set e=\r\nnviroment for CLASSPATH:\n&gt;&gt;&gt;\n&gt;&gt;&gt; &gt;C:&#92;TOOL_TEST&#92;JUnit&#92;junit4.9b2&#92;junit4.9b2.=\r\njar;C:&#92;TOOL_TEST&#92;JUnit&#92;junit4.9b2&#92;org;C:&#92;TOOL_TEST&#92;JUnit&#92;junit4.9b2;C:&#92;TOOL=\r\n_TEST&#92;JUnit&#92;junit4.9b2&#92;javadoc;C:&#92;TOOL_TEST&#92;JUnit&#92;junit4.9b2&#92;junit&#92;tests\n&gt;&gt;=\r\n&gt; &gt;s\n&gt;&gt;&gt; &gt;\n&gt;&gt;&gt; &gt;\n&gt;&gt;&gt; &gt;  But when  I lunch\n&gt;&gt;&gt; &gt;\n&gt;&gt;&gt; &gt;  java org.junit.runne=\r\nr.JUnitCore org.junit.tests.AllTests\n&gt;&gt;&gt; &gt;\n&gt;&gt;&gt; &gt;\n&gt;&gt;&gt; &gt;  the response is:\n&gt;&gt;=\r\n&gt; &gt;\n&gt;&gt;&gt; &gt;  java.lang.NoClassDefFoundError: org/junit/runner/JUnitCore\n&gt;&gt;&gt; &gt;=\r\n  Caused by: java.lang.ClassNotFoundException: \n&gt;&gt;&gt; org.junit.runner.JUnitC=\r\nore\n&gt;&gt;&gt; &gt;         at java.net.URLClassLoader$1.run(Unknown Source)\n&gt;&gt;&gt; &gt;   =\r\n      at java.security.AccessController.doPrivileged(Native Method)\n&gt;&gt;&gt; &gt;  =\r\n       at java.net.URLClassLoader.findClass(Unknown Source)\n&gt;&gt;&gt; &gt;         a=\r\nt java.lang.ClassLoader.loadClass(Unknown Source)\n&gt;&gt;&gt; &gt;         at sun.misc=\r\n.Launcher$AppClassLoader.loadClass(Unknown Source)\n&gt;&gt;&gt; &gt;         at java.la=\r\nng.ClassLoader.loadClass(Unknown Source)\n&gt;&gt;&gt; &gt;  Could not find the main cla=\r\nss: org.junit.runner.JUnitCore. \n&gt;&gt;&gt;  Program will\n&gt;&gt;&gt; exit.\n&gt;&gt;&gt; &gt;  Excepti=\r\non in thread &quot;main&quot;\n&gt;&gt;&gt; &gt;\n&gt;&gt;&gt;\n&gt;&gt;&gt; Is possible help me,\n&gt;&gt;&gt;\n&gt;&gt;&gt;  Thank you E=\r\nmanuela\n&gt;&gt;&gt;\n&gt;&gt;&gt; [Non-text portions of this message have been removed]\n&gt;&gt;&gt;\n&gt;=\r\n&gt;&gt; \n&gt;&gt;\n&gt;\n&gt;\n\n\n\n[Non-text portions of this message have been removed]\n\n\n", 
    "profile": "bogdanmocanu2011", 
    "topicId": 23178, 
    "spamInfo": {
        "reason": "12", 
        "isSpam": false
    }, 
    "replyTo": "LIST", 
    "userId": 414734247, 
    "prevInTime": 23181, 
    "contentTrasformed": false, 
    "postDate": "1295946386", 
    "canDelete": false, 
    "nextInTopic": 23184, 
    "prevInTopic": 23180, 
    "headers": {
        "inReplyToHeader": "PDU3MjY4LjExNDUxLnFtQHdlYjI4MTAxLm1haWwudWtsLnlhaG9vLmNvbT4=", 
        "messageIdInHeader": "PDREM0U5MjkyLjgwMzA0MDRAZ21haWwuY29tPg==", 
        "referencesHeader": "PDc5NjgxMi4zMTM0Mi5xbUB3ZWIyODEwNy5tYWlsLnVrbC55YWhvby5jb20+IDw0RDNERDdCMy45MDEwNDA4QGdtYWlsLmNvbT4gPDk5OTU3MS4xMzI4LnFtQHdlYjI4MTA4Lm1haWwudWtsLnlhaG9vLmNvbT4gPDREM0U4MTlGLjgwMjAyMDZAZ21haWwuY29tPiA8NTcyNjguMTE0NTEucW1Ad2ViMjgxMDEubWFpbC51a2wueWFob28uY29tPg=="
    }
}