{
    "numMessagesInTopic": 5, 
    "nextInTime": 23197, 
    "senderId": "IuadDEjGs5Mlvp0WcbRzwmGM2WjZz8VfYLx_8wHdbM_vIACX4agbh3d-ltegxWGQvUiamimENvu2Z7sf3XahFXmUqPWPjESraiuEf7PMBpWFsjlFAM0t0m-493c", 
    "systemMessage": true, 
    "subject": "Re: [junit] Problem when installation of  a last version “junit4.9b2”!!", 
    "from": "Bogdan Mocanu &lt;bogdan.mocanu.notifications@...&gt;", 
    "authorName": "Bogdan Mocanu", 
    "msgSnippet": "For me it looks like you still have problems with the CLASSPATH. Please pay attention to what you write in that variable. For example, instead of ", 
    "msgId": 23196, 
    "profile": "bogdanmocanu2011", 
    "topicId": 23178, 
    "spamInfo": {
        "reason": "0", 
        "isSpam": false
    }, 
    "replyTo": "LIST", 
    "userId": 414734247, 
    "messageBody": "<div id=\"ygrps-yiv-532764534\">For me it looks like you still have problems with the CLASSPATH.<br/>\n<br/>\nPlease pay attention to what you write in that variable. For example, <br/>\ninstead of<br/>\n...C:&#92;TOOL_TEST&#92;JUnit&#92;junit4.9b2junit-4.9b2.jar;...     you should have<br/>\n...C:&#92;TOOL_TEST&#92;JUnit&#92;junit4.9b2&#92;junit-4.9b2.jar;...<br/>\n(there is a backslash missing there).<br/>\n<br/>\nBogdan<br/>\n<br/>\n<blockquote><span title=\"qreply\"> On 1/25/2011 9:50 AM, Emanuela Bertelli wrote:<br/>\n&gt;<br/>\n&gt; Hi Bodan and everyone, I have fix my CLASSPATH, but the result don’t <br/>\n&gt; change…. This installation of Junit doesn’t work, see below:<br/>\n&gt;<br/>\n&gt; C:&#92;TOOL_TEST&#92;JUnit&#92;junit4.9b2&gt;set<br/>\n&gt;<br/>\n&gt; ALLUSERSPROFILE=C:&#92;ProgramData<br/>\n&gt;<br/>\n&gt; APPDATA=C:&#92;Users&#92;ebertell&#92;AppData&#92;Roaming<br/>\n&gt;<br/>\n&gt; CLASSPATH=C:&#92;Program Files <br/>\n&gt; (x86)&#92;Java&#92;jdk1.6.0_23&#92;bin;C:&#92;TOOL_TEST&#92;JUnit&#92;junit4.<br/>\n&gt;<br/>\n&gt; 9b2junit-4.9b2.jar;C:&#92;TOOL_TEST&#92;JUnit&#92;junit4.9b2&#92;org;C:&#92;TOOL_TEST&#92;JUnit&#92;junit4.9<br/>\n&gt;<br/>\n&gt; b2;C:&#92;TOOL_TEST&#92;JUnit&#92;junit4.9b2&#92;javadoc;C:&#92;TOOL_TEST&#92;JUnit&#92;junit4.9b2&#92;junit&#92;tes<br/>\n&gt;<br/>\n&gt; ts;C:&#92;TOOL_TEST&#92;EasyMock&#92;easymock-3.0;C:&#92;TOOL_TEST&#92;EasyMock&#92;easymock-3.0&#92;objenes<br/>\n&gt;<br/>\n&gt; is-1.2<br/>\n&gt;<br/>\n&gt; CommonProgramFiles=C:&#92;Program Files&#92;Common Files<br/>\n&gt;<br/>\n&gt; CommonProgramFiles(x86)=C:&#92;Program Files (x86)&#92;Common Files<br/>\n&gt;<br/>\n&gt; CommonProgramW6432=C:&#92;Program Files&#92;Common Files<br/>\n&gt;<br/>\n&gt; COMPUTERNAME=ESP1416<br/>\n&gt;<br/>\n&gt; ComSpec=C:&#92;Windows&#92;system32&#92;cmd.exe<br/>\n&gt;<br/>\n&gt; configsetroot=C:&#92;Windows&#92;ConfigSetRoot<br/>\n&gt;<br/>\n&gt; FP_NO_HOST_CHECK=NO<br/>\n&gt;<br/>\n&gt; HOMEDRIVE=U:<br/>\n&gt;<br/>\n&gt; HOMEPATH=&#92;<br/>\n&gt;<br/>\n&gt; HOMESHARE=&#92;&#92;itbo32-w001&#92;home&#92;ebertell<br/>\n&gt;<br/>\n&gt; LOCALAPPDATA=C:&#92;Users&#92;ebertell&#92;AppData&#92;Local<br/>\n&gt;<br/>\n&gt; LOGONSERVER=&#92;&#92;SRV32A2K3<br/>\n&gt;<br/>\n&gt; NUMBER_OF_PROCESSORS=2<br/>\n&gt;<br/>\n&gt; OS=Windows_NT<br/>\n&gt;<br/>\n&gt; Path=C:&#92;Windows&#92;system32;C:&#92;Windows;C:&#92;Windows&#92;System32&#92;Wbem;C:&#92;Windows&#92;System32<br/>\n&gt;<br/>\n&gt; &#92;WindowsPowerShell&#92;v1.0&#92;;C:&#92;Python27&#92;Scripts;C:&#92;TOOL_TEST&#92;Marathon&#92;marathon-1.2.<br/>\n&gt;<br/>\n&gt; 1.1;C:&#92;Program Files (x86)&#92;Java&#92;jre6&#92;bin;C:&#92;Program Files <br/>\n&gt; (x86)&#92;Java&#92;jdk1.6.0_23<br/>\n&gt;<br/>\n&gt; &#92;bin<br/>\n&gt;<br/>\n&gt; PATHEXT=.COM;.EXE;.BAT;.CMD;.VBS;.VBE;.JS;.JSE;.WSF;.WSH;.MSC<br/>\n&gt;<br/>\n&gt; PROCESSOR_ARCHITECTURE=AMD64<br/>\n&gt;<br/>\n&gt; PROCESSOR_IDENTIFIER=Intel64 Family 6 Model 23 Stepping 10, GenuineIntel<br/>\n&gt;<br/>\n&gt; PROCESSOR_LEVEL=6<br/>\n&gt;<br/>\n&gt; PROCESSOR_REVISION=170a<br/>\n&gt;<br/>\n&gt; ProgramData=C:&#92;ProgramData<br/>\n&gt;<br/>\n&gt; ProgramFiles=C:&#92;Program Files<br/>\n&gt;<br/>\n&gt; ProgramFiles(x86)=C:&#92;Program Files (x86)<br/>\n&gt;<br/>\n&gt; ProgramW6432=C:&#92;Program Files<br/>\n&gt;<br/>\n&gt; PROMPT=$P$G<br/>\n&gt;<br/>\n&gt; PSModulePath=C:&#92;Windows&#92;system32&#92;WindowsPowerShell&#92;v1.0&#92;Modules&#92;<br/>\n&gt;<br/>\n&gt; PUBLIC=C:&#92;Users&#92;Public<br/>\n&gt;<br/>\n&gt; SESSIONNAME=Console<br/>\n&gt;<br/>\n&gt; SystemDrive=C:<br/>\n&gt;<br/>\n&gt; SystemRoot=C:&#92;Windows<br/>\n&gt;<br/>\n&gt; TEMP=C:&#92;Users&#92;ebertell&#92;AppData&#92;Local&#92;Temp<br/>\n&gt;<br/>\n&gt; TMP=C:&#92;Users&#92;ebertell&#92;AppData&#92;Local&#92;Temp<br/>\n&gt;<br/>\n&gt; USERDNSDOMAIN=CARRARO.NET<br/>\n&gt;<br/>\n&gt; USERDOMAIN=CARRARO_NT<br/>\n&gt;<br/>\n&gt; USERNAME=ebertell<br/>\n&gt;<br/>\n&gt; USERPROFILE=C:&#92;Users&#92;ebertell<br/>\n&gt;<br/>\n&gt; windir=C:&#92;Windows<br/>\n&gt;<br/>\n&gt; C:&#92;TOOL_TEST&#92;JUnit&#92;junit4.9b2&gt; java org.junit.runner.JUnitCore <br/>\n&gt; org.junit.tests.A<br/>\n&gt;<br/>\n&gt; llTests<br/>\n&gt;<br/>\n&gt; Exception in thread &quot;main&quot; java.lang.NoClassDefFoundError: <br/>\n&gt; org/junit/runner/JUni<br/>\n&gt;<br/>\n&gt; tCore<br/>\n&gt;<br/>\n&gt; Caused by: java.lang.ClassNotFoundException: org.junit.runner.JUnitCore<br/>\n&gt;<br/>\n&gt; at java.net.URLClassLoader$1.run(Unknown Source)<br/>\n&gt;<br/>\n&gt; at java.security.AccessController.doPrivileged(Native Method)<br/>\n&gt;<br/>\n&gt; at java.net.URLClassLoader.findClass(Unknown Source)<br/>\n&gt;<br/>\n&gt; at java.lang.ClassLoader.loadClass(Unknown Source)<br/>\n&gt;<br/>\n&gt; at sun.misc.Launcher$AppClassLoader.loadClass(Unknown Source)<br/>\n&gt;<br/>\n&gt; at java.lang.ClassLoader.loadClass(Unknown Source)<br/>\n&gt;<br/>\n&gt; Could not find the main class: org.junit.runner.JUnitCore.Program will <br/>\n&gt; exit.<br/>\n&gt;<br/>\n&gt; C:&#92;TOOL_TEST&#92;JUnit&#92;junit4.9b2&gt;<br/>\n&gt;<br/>\n&gt; Have you other idea to solve my problem?<br/>\n&gt;<br/>\n&gt; I will be very grateful for you help..<br/>\n&gt;<br/>\n&gt; Emanuela<br/>\n&gt;<br/>\n&gt;<br/>\n&gt; ------------------------------------------------------------------------<br/>\n&gt; *Da:* Bogdan Mocanu &lt;<a rel=\"nofollow\" target=\"_blank\" href=\"mailto:bogdan.mocanu.notifications@...\">bogdan.mocanu.notifications@...</a>&gt;<br/>\n&gt; *A:* <a rel=\"nofollow\" target=\"_blank\" href=\"mailto:junit@yahoogroups.com\">junit@yahoogroups.com</a><br/>\n&gt; *Cc:* Emanuela Bertelli &lt;<a rel=\"nofollow\" target=\"_blank\" href=\"mailto:manuspa_72@...\">manuspa_72@...</a>&gt;<br/>\n&gt; *Inviato:* Lun 24 gennaio 2011, 20:49:07<br/>\n&gt; *Oggetto:* Re: [junit] Problem when installation of a last version <br/>\n&gt; “junit4.9b2”!!<br/>\n&gt;<br/>\n&gt; Hi Emanuela,<br/>\n&gt;<br/>\n&gt; you have a problem in your CLASSPATH, in the name of your JAR file.<br/>\n&gt; You typed &quot;junit4.9b2.jar&quot; but it must be &quot;junit-4.9b2.jar&quot;.<br/>\n&gt;<br/>\n&gt; Once you fix this in your CLASSPATH variable and restart all the <br/>\n&gt; command line consoles (in case you have any of them opened while you <br/>\n&gt; do the fix), you should be up and running.<br/>\n&gt;<br/>\n&gt; Bogdan<br/>\n&gt;<br/>\n&gt; On 1/24/2011 06:49 PM, Emanuela Bertelli wrote:<br/>\n&gt;&gt;<br/>\n&gt;&gt;  Problem when installation of a last version &quot;junit4.9b2&quot;!!<br/>\n&gt;&gt;<br/>\n&gt;&gt;  I have install in the C:&#92;TOOL_TEST&#92;JUnit&#92;junit4.9b2<br/>\n&gt;&gt;<br/>\n&gt;&gt;  This is my set enviroment for CLASSPATH:<br/>\n&gt;&gt;<br/>\n&gt;&gt; &gt;C:&#92;TOOL_TEST&#92;JUnit&#92;junit4.9b2&#92;junit4.9b2.jar;C:&#92;TOOL_TEST&#92;JUnit&#92;junit4.9b2&#92;org;C:&#92;TOOL_TEST&#92;JUnit&#92;junit4.9b2;C:&#92;TOOL_TEST&#92;JUnit&#92;junit4.9b2&#92;javadoc;C:&#92;TOOL_TEST&#92;JUnit&#92;junit4.9b2&#92;junit&#92;tests<br/>\n&gt;&gt; &gt;s<br/>\n&gt;&gt; &gt;<br/>\n&gt;&gt; &gt;<br/>\n&gt;&gt; &gt;  But when  I lunch<br/>\n&gt;&gt; &gt;<br/>\n&gt;&gt; &gt;  java org.junit.runner.JUnitCore org.junit.tests.AllTests<br/>\n&gt;&gt; &gt;<br/>\n&gt;&gt; &gt;<br/>\n&gt;&gt; &gt;  the response is:<br/>\n&gt;&gt; &gt;<br/>\n&gt;&gt; &gt;  java.lang.NoClassDefFoundError: org/junit/runner/JUnitCore<br/>\n&gt;&gt; &gt;  Caused by: java.lang.ClassNotFoundException: <br/>\n&gt;&gt; org.junit.runner.JUnitCore<br/>\n&gt;&gt; &gt;         at java.net.URLClassLoader$1.run(Unknown Source)<br/>\n&gt;&gt; &gt;         at java.security.AccessController.doPrivileged(Native Method)<br/>\n&gt;&gt; &gt;         at java.net.URLClassLoader.findClass(Unknown Source)<br/>\n&gt;&gt; &gt;         at java.lang.ClassLoader.loadClass(Unknown Source)<br/>\n&gt;&gt; &gt;         at sun.misc.Launcher$AppClassLoader.loadClass(Unknown Source)<br/>\n&gt;&gt; &gt;         at java.lang.ClassLoader.loadClass(Unknown Source)<br/>\n&gt;&gt; &gt;  Could not find the main class: org.junit.runner.JUnitCore. <br/>\n&gt;&gt;  Program will<br/>\n&gt;&gt; exit.<br/>\n&gt;&gt; &gt;  Exception in thread &quot;main&quot;<br/>\n&gt;&gt; &gt;<br/>\n&gt;&gt;<br/>\n&gt;&gt; Is possible help me,<br/>\n&gt;&gt;<br/>\n&gt;&gt;  Thank you Emanuela<br/>\n&gt;&gt;<br/>\n&gt;&gt; [Non-text portions of this message have been removed]<br/>\n&gt;&gt;<br/>\n&gt;&gt; <br/>\n&gt;<br/>\n<br/>\n<br/>\n<br/>\n[Non-text portions of this message have been removed] </span></blockquote></div>", 
    "prevInTime": 23195, 
    "specialLinks": [], 
    "contentTrasformed": false, 
    "postDate": "1295942047", 
    "canDelete": false, 
    "nextInTopic": 0, 
    "prevInTopic": 23184, 
    "headers": {
        "inReplyToHeader": "PDk5OTU3MS4xMzI4LnFtQHdlYjI4MTA4Lm1haWwudWtsLnlhaG9vLmNvbT4=", 
        "messageIdInHeader": "PDREM0U4MTlGLjgwMjAyMDZAZ21haWwuY29tPg==", 
        "referencesHeader": "PDc5NjgxMi4zMTM0Mi5xbUB3ZWIyODEwNy5tYWlsLnVrbC55YWhvby5jb20+IDw0RDNERDdCMy45MDEwNDA4QGdtYWlsLmNvbT4gPDk5OTU3MS4xMzI4LnFtQHdlYjI4MTA4Lm1haWwudWtsLnlhaG9vLmNvbT4="
    }
}