{
    "numMessagesInTopic": 6, 
    "nextInTime": 23880, 
    "senderId": "vz0KPeiyAZUPOVXX-OuI9I2EXGriFhjbeIH0AW6CMoZejpzGVpSJ9NqISgyliWeX4iVYApwNXvlFkAnrUksqJNXi6M0kSAvZkt5BDQ", 
    "systemMessage": true, 
    "subject": "Re: tomcat deps on ant which deps on junit ... BUILD FAILED", 
    "from": "&quot;tekmonk2005&quot; &lt;tekmonk2005@...&gt;", 
    "authorName": "tekmonk2005", 
    "msgSnippet": "Actually the complete failure trace is: dist: [java] Executing /media/sdb1/prjx/sw/jwebXBL/java_baseline/srcs/jdk/jdk1.7.0_04/jre/bin/java with arguments: ", 
    "msgId": 23879, 
    "profile": "tekmonk2005", 
    "topicId": 23875, 
    "spamInfo": {
        "reason": "3", 
        "isSpam": false
    }, 
    "replyTo": "LIST", 
    "userId": 269820022, 
    "messageBody": "<div id=\"ygrps-yiv-1961428532\">Actually the complete failure trace is:<br/>\n<br/>\ndist:<br/>\n     [java] Executing &#39;/media/sdb1/prjx/sw/jwebXBL/java_baseline/srcs/jdk/jdk1.7.0_04/jre/bin/java&#39; with arguments:<br/>\n     [java] &#39;-Dignore.this=ignored&#39;<br/>\n     [java] &#39;-classpath&#39;<br/>\n     [java] &#39;/media/sdb1/prjx/sw/jwebXBL/java_baseline/srcs/junit/junit/junit4.11-SNAPSHOT:/media/sdb1/prjx/sw/jwebXBL/java_baseline/srcs/junit/junit/junit4.11-SNAPSHOT/junit-4.11-SNAPSHOT.jar&#39;<br/>\n     [java] &#39;org.junit.runner.JUnitCore&#39;<br/>\n     [java] &#39;org.junit.tests.AllTests&#39;<br/>\n     [java] <br/>\n     [java] The &#39; characters around the executable and arguments are<br/>\n     [java] not part of the command.<br/>\nExecute:Java13CommandLauncher: Executing &#39;/media/sdb1/prjx/sw/jwebXBL/java_baseline/srcs/jdk/jdk1.7.0_04/jre/bin/java&#39; with arguments:<br/>\n&#39;-Dignore.this=ignored&#39;<br/>\n&#39;-classpath&#39;<br/>\n&#39;/media/sdb1/prjx/sw/jwebXBL/java_baseline/srcs/junit/junit/junit4.11-SNAPSHOT:/media/sdb1/prjx/sw/jwebXBL/java_baseline/srcs/junit/junit/junit4.11-SNAPSHOT/junit-4.11-SNAPSHOT.jar&#39;<br/>\n&#39;org.junit.runner.JUnitCore&#39;<br/>\n&#39;org.junit.tests.AllTests&#39;<br/>\n<br/>\nThe &#39; characters around the executable and arguments are<br/>\nnot part of the command.<br/>\n     [java] JUnit version 4.11-SNAPSHOT<br/>\n     [java] .................................................................................................................................................................................................................................................................................................................I.I...........................................................................................................................................................................................I.....................................................................................................E....<br/>\n     [java] Time: 5.69<br/>\n     [java] There was 1 failure:<br/>\n     [java] 1) testNameAsc(org.junit.internal.MethodSorterTest)<br/>\n     [java] org.junit.ComparisonFailure: expected:&lt;...(), void epsilon(), [int gamma(), void gamma(boolean])]&gt; but was:&lt;...(), void epsilon(), [void gamma(boolean), int gamma(])]&gt;<br/>\n     [java] \tat org.junit.Assert.assertEquals(Assert.java:125)<br/>\n     [java] \tat org.junit.Assert.assertEquals(Assert.java:147)<br/>\n     [java] \tat org.junit.internal.MethodSorterTest.testNameAsc(MethodSorterTest.java:93)<br/>\n     [java] \tat sun.reflect.NativeMethodAccessorImpl.invoke0(Native Method)<br/>\n     [java] \tat sun.reflect.NativeMethodAccessorImpl.invoke(NativeMethodAccessorImpl.java:57)<br/>\n     [java] \tat sun.reflect.DelegatingMethodAccessorImpl.invoke(DelegatingMethodAccessorImpl.java:43)<br/>\n     [java] \tat java.lang.reflect.Method.invoke(Method.java:601)<br/>\n     [java] \tat org.junit.runners.model.FrameworkMethod$1.runReflectiveCall(FrameworkMethod.java:45)<br/>\n     [java] \tat org.junit.internal.runners.model.ReflectiveCallable.run(ReflectiveCallable.java:15)<br/>\n     [java] \tat org.junit.runners.model.FrameworkMethod.invokeExplosively(FrameworkMethod.java:42)<br/>\n     [java] \tat org.junit.internal.runners.statements.InvokeMethod.evaluate(InvokeMethod.java:20)<br/>\n     [java] \tat org.junit.runners.ParentRunner.runLeaf(ParentRunner.java:269)<br/>\n     [java] \tat org.junit.runners.BlockJUnit4ClassRunner.runChild(BlockJUnit4ClassRunner.java:69)<br/>\n     [java] \tat org.junit.runners.BlockJUnit4ClassRunner.runChild(BlockJUnit4ClassRunner.java:48)<br/>\n     [java] \tat org.junit.runners.ParentRunner$3.run(ParentRunner.java:237)<br/>\n     [java] \tat org.junit.runners.ParentRunner$1.schedule(ParentRunner.java:61)<br/>\n     [java] \tat org.junit.runners.ParentRunner.runChildren(ParentRunner.java:235)<br/>\n     [java] \tat org.junit.runners.ParentRunner.access$000(ParentRunner.java:51)<br/>\n     [java] \tat org.junit.runners.ParentRunner$2.evaluate(ParentRunner.java:228)<br/>\n     [java] \tat org.junit.runners.ParentRunner.run(ParentRunner.java:306)<br/>\n     [java] \tat org.junit.runners.Suite.runChild(Suite.java:128)<br/>\n     [java] \tat org.junit.runners.Suite.runChild(Suite.java:24)<br/>\n     [java] \tat org.junit.runners.ParentRunner$3.run(ParentRunner.java:237)<br/>\n     [java] \tat org.junit.runners.ParentRunner$1.schedule(ParentRunner.java:61)<br/>\n     [java] \tat org.junit.runners.ParentRunner.runChildren(ParentRunner.java:235)<br/>\n     [java] \tat org.junit.runners.ParentRunner.access$000(ParentRunner.java:51)<br/>\n     [java] \tat org.junit.runners.ParentRunner$2.evaluate(ParentRunner.java:228)<br/>\n     [java] \tat org.junit.runners.ParentRunner.run(ParentRunner.java:306)<br/>\n     [java] \tat org.junit.runners.Suite.runChild(Suite.java:128)<br/>\n     [java] \tat org.junit.runners.Suite.runChild(Suite.java:24)<br/>\n     [java] \tat org.junit.runners.ParentRunner$3.run(ParentRunner.java:237)<br/>\n     [java] \tat org.junit.runners.ParentRunner$1.schedule(ParentRunner.java:61)<br/>\n     [java] \tat org.junit.runners.ParentRunner.runChildren(ParentRunner.java:235)<br/>\n     [java] \tat org.junit.runners.ParentRunner.access$000(ParentRunner.java:51)<br/>\n     [java] \tat org.junit.runners.ParentRunner$2.evaluate(ParentRunner.java:228)<br/>\n     [java] \tat org.junit.runners.ParentRunner.run(ParentRunner.java:306)<br/>\n     [java] \tat org.junit.runner.JUnitCore.run(JUnitCore.java:151)<br/>\n     [java] \tat org.junit.runner.JUnitCore.run(JUnitCore.java:130)<br/>\n     [java] \tat org.junit.runner.JUnitCore.run(JUnitCore.java:111)<br/>\n     [java] \tat org.junit.runner.JUnitCore.runMain(JUnitCore.java:92)<br/>\n     [java] \tat org.junit.runner.JUnitCore.runMainAndExit(JUnitCore.java:47)<br/>\n     [java] \tat org.junit.runner.JUnitCore.main(JUnitCore.java:38)<br/>\n     [java] <br/>\n     [java] FAILURES!!!<br/>\n     [java] Tests run: 598,  Failures: 1<br/>\n     [java] <br/>\n<br/>\nBUILD FAILED<br/>\n/media/sdb1/prjx/sw/jwebXBL/java_baseline/srcs/junit/junit/build.xml:191: The following error occurred while executing this line:<br/>\n/media/sdb1/prjx/sw/jwebXBL/java_baseline/srcs/junit/junit/build.xml:179: Java returned: 1<br/>\n\tat org.apache.tools.ant.taskdefs.Java.execute(Java.java:111)<br/>\n\tat org.apache.tools.ant.UnknownElement.execute(UnknownElement.java:291)<br/>\n\tat sun.reflect.GeneratedMethodAccessor4.invoke(Unknown Source)<br/>\n\tat sun.reflect.DelegatingMethodAccessorImpl.invoke(DelegatingMethodAccessorImpl.java:43)<br/>\n\tat java.lang.reflect.Method.invoke(Method.java:601)<br/>\n\tat org.apache.tools.ant.dispatch.DispatchUtils.execute(DispatchUtils.java:106)<br/>\n\tat org.apache.tools.ant.Task.perform(Task.java:348)<br/>\n\tat org.apache.tools.ant.taskdefs.Sequential.execute(Sequential.java:68)<br/>\n\tat org.apache.tools.ant.UnknownElement.execute(UnknownElement.java:291)<br/>\n\tat sun.reflect.GeneratedMethodAccessor4.invoke(Unknown Source)<br/>\n\tat sun.reflect.DelegatingMethodAccessorImpl.invoke(DelegatingMethodAccessorImpl.java:43)<br/>\n\tat java.lang.reflect.Method.invoke(Method.java:601)<br/>\n\tat org.apache.tools.ant.dispatch.DispatchUtils.execute(DispatchUtils.java:106)<br/>\n\tat org.apache.tools.ant.Task.perform(Task.java:348)<br/>\n\tat org.apache.tools.ant.taskdefs.MacroInstance.execute(MacroInstance.java:398)<br/>\n\tat org.apache.tools.ant.UnknownElement.execute(UnknownElement.java:291)<br/>\n\tat sun.reflect.GeneratedMethodAccessor4.invoke(Unknown Source)<br/>\n\tat sun.reflect.DelegatingMethodAccessorImpl.invoke(DelegatingMethodAccessorImpl.java:43)<br/>\n\tat java.lang.reflect.Method.invoke(Method.java:601)<br/>\n\tat org.apache.tools.ant.dispatch.DispatchUtils.execute(DispatchUtils.java:106)<br/>\n\tat org.apache.tools.ant.Task.perform(Task.java:348)<br/>\n\tat org.apache.tools.ant.Target.execute(Target.java:390)<br/>\n\tat org.apache.tools.ant.Target.performTasks(Target.java:411)<br/>\n\tat org.apache.tools.ant.Project.executeSortedTargets(Project.java:1399)<br/>\n\tat org.apache.tools.ant.Project.executeTarget(Project.java:1368)<br/>\n\tat org.apache.tools.ant.helper.DefaultExecutor.executeTargets(DefaultExecutor.java:41)<br/>\n\tat org.apache.tools.ant.Project.executeTargets(Project.java:1251)<br/>\n\tat org.apache.tools.ant.Main.runBuild(Main.java:809)<br/>\n\tat org.apache.tools.ant.Main.startAnt(Main.java:217)<br/>\n\tat org.apache.tools.ant.launch.Launcher.run(Launcher.java:280)<br/>\n\tat org.apache.tools.ant.launch.Launcher.main(Launcher.java:109)<br/>\n<br/>\nTotal time: 25 seconds</div>", 
    "prevInTime": 23878, 
    "specialLinks": [], 
    "contentTrasformed": false, 
    "postDate": "1335833673", 
    "canDelete": false, 
    "nextInTopic": 23883, 
    "prevInTopic": 23878, 
    "headers": {
        "inReplyToHeader": "PGpubXNycys0c2M1QGVHcm91cHMuY29tPg==", 
        "messageIdInHeader": "PGpubmM4OStmbG1vQGVHcm91cHMuY29tPg=="
    }
}