{
    "numMessagesInTopic": 5, 
    "nextInTime": 23888, 
    "senderId": "zSXb1mytqLyBwUIgqavTbrcWKlr_rraIIptT8Fnge_9tnZtHBp52831RLdkpC8ac60Z3FQ34wYaf0XTKQjWw6o2qXaYKtyLnVhVKh335m8iaC1GeJWU", 
    "systemMessage": true, 
    "subject": "Re: Parameterization - of file names from directory; 1 parameter/test", 
    "from": "&quot;bhavanisridharan&quot; &lt;bhavanisridharan@...&gt;", 
    "authorName": "bhavanisridharan", 
    "msgSnippet": "@RunWith(Parameterized.class) public class myTestClass { private WebDriver webdriver; private static String homeFolder=new", 
    "msgId": 23887, 
    "profile": "bhavanisridharan", 
    "topicId": 23885, 
    "spamInfo": {
        "reason": "12", 
        "isSpam": false
    }, 
    "replyTo": "LIST", 
    "userId": 123063848, 
    "messageBody": "<div id=\"ygrps-yiv-697749661\">@RunWith(Parameterized.class)<br/>\npublic class myTestClass {<br/>\n\t<br/>\n\tprivate WebDriver webdriver;<br/>\n\tprivate static String homeFolder=new String(&quot;Y:&#92;&#92;Development&#92;&#92;Testing&#92;&#92;myTest&#92;&#92;Testfiles&quot;);<br/>\n\t<br/>\n\tprivate String filename;<br/>\n\t<br/>\n\tpublic myTestClass(Object fname) {<br/>\n\t\tSystem.out.println(fname.toString());<br/>\n\t\tthis.filename=fname.toString();<br/>\n\t<br/>\n\t}<br/>\n\t<br/>\n\t@Before<br/>\n\tpublic void testSetup() {<br/>\n\t\t<br/>\n\t\t// Instantiate a webDriver implementation - ignore the certificate error<br/>\n\t\tFirefoxProfile firefoxprofile = new FirefoxProfile(); <br/>\n\t    firefoxprofile.setAssumeUntrustedCertificateIssuer(false); <br/>\n\t    webdriver = new FirefoxDriver(firefoxprofile);<br/>\n\t\t\t<br/>\n\t\t...<br/>\n                ...<br/>\n<br/>\n\t}<br/>\n@Parameters<br/>\n\tpublic static Collection&lt;Object[]&gt; generateData() {<br/>\n\t\t\tFile fileNames[]=new File(homeFolder).listFiles();<br/>\n\t\t\tString parameterStr[][]=new String[fileNames.length][1];<br/>\n\t\t\tfor (int i=0;i&lt;fileNames.length;i++) {<br/>\n\t\t\t\tparameterStr[i][0]=fileNames[i].toString();<br/>\n\t\t\t\tSystem.out.println(parameterStr[i][0]);<br/>\n\t\t\t}<br/>\n\t\t\treturn Arrays.asList(new Object[][]{parameterStr});<br/>\n   }<br/>\n<br/>\n\t@Test<br/>\n\t...<br/>\n        ...<br/>\nThanks, David. I did just that. My @Parameters goes through without any problem but I still get java.lang.IllegalArgumentException: wrong number of arguments<br/>\n\tat sun.reflect.NativeConstructorAccessorImpl.newInstance0(Native Method)<br/>\n\tat sun.reflect.NativeConstructorAccessorImpl.newInstance(Unknown Source)<br/>\n\tat sun.reflect.DelegatingConstructorAccessorImpl.newInstance(Unknown Source)<br/>\n\tat java.lang.reflect.Constructor.newInstance(Unknown Source)<br/>\n\tat org.junit.runners.Parameterized$TestClassRunnerForParameters.createTest(Parameterized.java:86)<br/>\n\tat org.junit.runners.BlockJUnit4ClassRunner$1.runReflectiveCall(BlockJUnit4ClassRunner.java:236)<br/>\n\tat org.junit.internal.runners.model.ReflectiveCallable.run(ReflectiveCallable.java:15)<br/>\n\tat org.junit.runners.BlockJUnit4ClassRunner.methodBlock(BlockJUnit4ClassRunner.java:233)<br/>\n\tat org.junit.runners.BlockJUnit4ClassRunner.runChild(BlockJUnit4ClassRunner.java:68)<br/>\n\tat org.junit.runners.BlockJUnit4ClassRunner.runChild(BlockJUnit4ClassRunner.java:47)<br/>\n\tat org.junit.runners.ParentRunner$3.run(ParentRunner.java:231)<br/>\n\tat org.junit.runners.ParentRunner$1.schedule(ParentRunner.java:60)<br/>\n\tat org.junit.runners.ParentRunner.runChildren(ParentRunner.java:229)<br/>\n\tat org.junit.runners.ParentRunner.access$000(ParentRunner.java:50)<br/>\n\tat org.junit.runners.ParentRunner$2.evaluate(ParentRunner.java:222)<br/>\n\tat org.junit.runners.ParentRunner.run(ParentRunner.java:300)<br/>\n\tat org.junit.runners.Suite.runChild(Suite.java:128)<br/>\n\tat org.junit.runners.Suite.runChild(Suite.java:24)<br/>\n\tat org.junit.runners.ParentRunner$3.run(ParentRunner.java:231)<br/>\n\tat org.junit.runners.ParentRunner$1.schedule(ParentRunner.java:60)<br/>\n\tat org.junit.runners.ParentRunner.runChildren(ParentRunner.java:229)<br/>\n\tat org.junit.runners.ParentRunner.access$000(ParentRunner.java:50)<br/>\n\tat org.junit.runners.ParentRunner$2.evaluate(ParentRunner.java:222)<br/>\n\tat org.junit.runners.ParentRunner.run(ParentRunner.java:300)<br/>\n\tat org.eclipse.jdt.internal.junit4.runner.JUnit4TestReference.run(JUnit4TestReference.java:50)<br/>\n\tat org.eclipse.jdt.internal.junit.runner.TestExecution.run(TestExecution.java:38)<br/>\n\tat org.eclipse.jdt.internal.junit.runner.RemoteTestRunner.runTests(RemoteTestRunner.java:467)<br/>\n\tat org.eclipse.jdt.internal.junit.runner.RemoteTestRunner.runTests(RemoteTestRunner.java:683)<br/>\n\tat org.eclipse.jdt.internal.junit.runner.RemoteTestRunner.run(RemoteTestRunner.java:390)<br/>\n\tat org.eclipse.jdt.internal.junit.runner.RemoteTestRunner.main(RemoteTestRunner.java:197)<br/>\n        <br/>\n<br/>\n<br/>\n\t<br/>\n<br/>\n<br/>\n<br/>\n<blockquote><span title=\"qreply\"> --- In <a rel=\"nofollow\" target=\"_blank\" href=\"mailto:junit@yahoogroups.com\">junit@yahoogroups.com</a>, David Saff &lt;saff@...&gt; wrote:<br/>\n&gt;<br/>\n&gt; So the problem here is that you&#39;re creating a (1xN) array, but JUnit wants<br/>\n&gt; an (Nx1) array.  You&#39;re creating here the equivalent of<br/>\n&gt; <br/>\n&gt; List({ file1, file2, file3 })<br/>\n&gt; <br/>\n&gt; but what you want is<br/>\n&gt; <br/>\n&gt; List({ file1 }, { file 2 }, { file3 })<br/>\n&gt; <br/>\n&gt; So you&#39;ll have to loop through the result of list[], and put each element<br/>\n&gt; into its own one-element array.  Good luck,<br/>\n&gt; <br/>\n&gt;    David Saff<br/>\n&gt; <br/>\n&gt; On Fri, May 11, 2012 at 1:01 PM, bhavanisridharan &lt;<br/>\n&gt; bhavanisridharan@...&gt; wrote:<br/>\n&gt; <br/>\n&gt; &gt; **<br/>\n&gt; &gt;<br/>\n&gt; &gt;<br/>\n&gt; &gt; @RunWith(Parameterized.class)<br/>\n&gt; &gt; public class myTestClass {<br/>\n&gt; &gt;<br/>\n&gt; &gt; ...<br/>\n&gt; &gt; ...<br/>\n&gt; &gt;<br/>\n&gt; &gt; private static String homeFolder=new<br/>\n&gt; &gt; String(&quot;Y:&#92;&#92;Development&#92;&#92;Testing&#92;&#92;myTest&#92;&#92;Testfiles&quot;);<br/>\n&gt; &gt; private String filename;<br/>\n&gt; &gt;<br/>\n&gt; &gt; public myTestClass(String filename) {<br/>\n&gt; &gt; this.filename=filename;<br/>\n&gt; &gt; }<br/>\n&gt; &gt;<br/>\n&gt; &gt; @Parameters<br/>\n&gt; &gt; public static Collection&lt;Object[]&gt; generateData() {<br/>\n&gt; &gt; return Arrays.asList(new Object[][]{ new File(homeFolder).list()});<br/>\n&gt; &gt; }<br/>\n&gt; &gt; }<br/>\n&gt; &gt;<br/>\n&gt; &gt; The requirements is to feed the constructor with filenames from homeFolder<br/>\n&gt; &gt; so each test runs with a different input.<br/>\n&gt; &gt;<br/>\n&gt; &gt; The array of parameters, in my case, will consist of only one string, i.e.<br/>\n&gt; &gt; the filename. I get a &quot;wrong number of arguments error&quot;:<br/>\n&gt; &gt; java.lang.IllegalArgumentException: wrong number of arguments<br/>\n&gt; &gt; at sun.reflect.NativeConstructorAccessorImpl.newInstance0(Native Method)<br/>\n&gt; &gt; at sun.reflect.NativeConstructorAccessorImpl.newInstance(Unknown Source)<br/>\n&gt; &gt; at sun.reflect.DelegatingConstructorAccessorImpl.newInstance(Unknown<br/>\n&gt; &gt; Source)<br/>\n&gt; &gt; at java.lang.reflect.Constructor.newInstance(Unknown Source)<br/>\n&gt; &gt; at<br/>\n&gt; &gt;<br/>\n&gt; &gt; org.junit.runners.Parameterized$TestClassRunnerForParameters.createTest(Parameterized.java:86)<br/>\n&gt; &gt; at<br/>\n&gt; &gt;<br/>\n&gt; &gt; org.junit.runners.BlockJUnit4ClassRunner$1.runReflectiveCall(BlockJUnit4ClassRunner.java:236)<br/>\n&gt; &gt; at<br/>\n&gt; &gt;<br/>\n&gt; &gt; org.junit.internal.runners.model.ReflectiveCallable.run(ReflectiveCallable.java:15)<br/>\n&gt; &gt; at<br/>\n&gt; &gt;<br/>\n&gt; &gt; org.junit.runners.BlockJUnit4ClassRunner.methodBlock(BlockJUnit4ClassRunner.java:233)<br/>\n&gt; &gt; at<br/>\n&gt; &gt;<br/>\n&gt; &gt; org.junit.runners.BlockJUnit4ClassRunner.runChild(BlockJUnit4ClassRunner.java:68)<br/>\n&gt; &gt; at<br/>\n&gt; &gt;<br/>\n&gt; &gt; org.junit.runners.BlockJUnit4ClassRunner.runChild(BlockJUnit4ClassRunner.java:47)<br/>\n&gt; &gt; at org.junit.runners.ParentRunner$3.run(ParentRunner.java:231)<br/>\n&gt; &gt; at org.junit.runners.ParentRunner$1.schedule(ParentRunner.java:60)<br/>\n&gt; &gt; at org.junit.runners.ParentRunner.runChildren(ParentRunner.java:229)<br/>\n&gt; &gt; at org.junit.runners.ParentRunner.access$000(ParentRunner.java:50)<br/>\n&gt; &gt; at org.junit.runners.ParentRunner$2.evaluate(ParentRunner.java:222)<br/>\n&gt; &gt; at org.junit.runners.ParentRunner.run(ParentRunner.java:300)<br/>\n&gt; &gt; at org.junit.runners.Suite.runChild(Suite.java:128)<br/>\n&gt; &gt; at org.junit.runners.Suite.runChild(Suite.java:24)<br/>\n&gt; &gt; at org.junit.runners.ParentRunner$3.run(ParentRunner.java:231)<br/>\n&gt; &gt; at org.junit.runners.ParentRunner$1.schedule(ParentRunner.java:60)<br/>\n&gt; &gt; at org.junit.runners.ParentRunner.runChildren(ParentRunner.java:229)<br/>\n&gt; &gt; at org.junit.runners.ParentRunner.access$000(ParentRunner.java:50)<br/>\n&gt; &gt; at org.junit.runners.ParentRunner$2.evaluate(ParentRunner.java:222)<br/>\n&gt; &gt; at org.junit.runners.ParentRunner.run(ParentRunner.java:300)<br/>\n&gt; &gt; at<br/>\n&gt; &gt;<br/>\n&gt; &gt; org.eclipse.jdt.internal.junit4.runner.JUnit4TestReference.run(JUnit4TestReference.java:50)<br/>\n&gt; &gt; at<br/>\n&gt; &gt;<br/>\n&gt; &gt; org.eclipse.jdt.internal.junit.runner.TestExecution.run(TestExecution.java:38)<br/>\n&gt; &gt; at<br/>\n&gt; &gt;<br/>\n&gt; &gt; org.eclipse.jdt.internal.junit.runner.RemoteTestRunner.runTests(RemoteTestRunner.java:467)<br/>\n&gt; &gt; at<br/>\n&gt; &gt;<br/>\n&gt; &gt; org.eclipse.jdt.internal.junit.runner.RemoteTestRunner.runTests(RemoteTestRunner.java:683)<br/>\n&gt; &gt; at<br/>\n&gt; &gt;<br/>\n&gt; &gt; org.eclipse.jdt.internal.junit.runner.RemoteTestRunner.run(RemoteTestRunner.java:390)<br/>\n&gt; &gt; at<br/>\n&gt; &gt;<br/>\n&gt; &gt; org.eclipse.jdt.internal.junit.runner.RemoteTestRunner.main(RemoteTestRunner.java:197)<br/>\n&gt; &gt;<br/>\n&gt; &gt; What am I doing wrong?<br/>\n&gt; &gt; BSri<br/>\n&gt; &gt;<br/>\n&gt; &gt;  <br/>\n&gt; &gt;<br/>\n&gt; <br/>\n&gt; <br/>\n&gt; [Non-text portions of this message have been removed]<br/>\n&gt; </span></blockquote></div>", 
    "prevInTime": 23886, 
    "specialLinks": [], 
    "contentTrasformed": false, 
    "postDate": "1336771520", 
    "canDelete": false, 
    "nextInTopic": 23891, 
    "prevInTopic": 23886, 
    "headers": {
        "inReplyToHeader": "PENBTHJ3LVB3bitqTGdyX1A2c2hOUko4S0J6NDI1YXdjVE0xRkMyclRDcTZUaVBNUzk9UUBtYWlsLmdtYWlsLmNvbT4=", 
        "messageIdInHeader": "PGpvazA0MCtwOGI3QGVHcm91cHMuY29tPg=="
    }
}