{
    "numMessagesInTopic": 6, 
    "nextInTime": 23884, 
    "senderId": "WIFmK-gFtE0kjyHx5AT9vPX-8p_vKjdqkcL1KFFV_LmOf9MzrGUeMNJOHCks0xkVbvg8h3-wPSTOUSj2vG_ZZI5mmQ", 
    "systemMessage": true, 
    "subject": "Re: [junit] Re: tomcat deps on ant which deps on junit ... BUILD FAILED", 
    "from": "David Saff &lt;saff@...&gt;", 
    "authorName": "David Saff", 
    "msgSnippet": "Sorry for the long delay in responding. Matthew, This looks potentially related to your method-sorting patch?  ( ", 
    "msgId": 23883, 
    "profile": "saffatgoogle", 
    "topicId": 23875, 
    "spamInfo": {
        "reason": "12", 
        "isSpam": false
    }, 
    "replyTo": "LIST", 
    "userId": 525765722, 
    "messageBody": "<div id=\"ygrps-yiv-782649804\">Sorry for the long delay in responding.<br/>\n<br/>\nMatthew,<br/>\n<br/>\nThis looks potentially related to your method-sorting patch?  (<br/>\n<a rel=\"nofollow\" target=\"_blank\" href=\"https://github.com/KentBeck/junit/commit/c610a49727858597d9a10289bed0a0174053a69f\">https://github.com/KentBeck/junit/commit/c610a49727858597d9a10289bed0a0174053a69f</a><br/>\n)<br/>\n<br/>\nCan you give any advice?  Thanks,<br/>\n<br/>\n   David Saff<br/>\n<br/>\n<blockquote><span title=\"qreply\"> On Mon, Apr 30, 2012 at 8:54 PM, tekmonk2005 &lt;<a rel=\"nofollow\" target=\"_blank\" href=\"mailto:tekmonk2005@...\">tekmonk2005@...</a>&gt; wrote:<br/>\n<br/>\n&gt; **<br/>\n&gt;<br/>\n&gt;<br/>\n&gt; Actually the complete failure trace is:<br/>\n&gt;<br/>\n&gt; dist:<br/>\n&gt; [java] Executing<br/>\n&gt; &#39;/media/sdb1/prjx/sw/jwebXBL/java_baseline/srcs/jdk/jdk1.7.0_04/jre/bin/java&#39;<br/>\n&gt; with arguments:<br/>\n&gt; [java] &#39;-Dignore.this=ignored&#39;<br/>\n&gt; [java] &#39;-classpath&#39;<br/>\n&gt; [java]<br/>\n&gt; &#39;/media/sdb1/prjx/sw/jwebXBL/java_baseline/srcs/junit/junit/junit4.11-SNAPSHOT:/media/sdb1/prjx/sw/jwebXBL/java_baseline/srcs/junit/junit/junit4.11-SNAPSHOT/junit-4.11-SNAPSHOT.jar&#39;<br/>\n&gt; [java] &#39;org.junit.runner.JUnitCore&#39;<br/>\n&gt; [java] &#39;org.junit.tests.AllTests&#39;<br/>\n&gt; [java]<br/>\n&gt; [java] The &#39; characters around the executable and arguments are<br/>\n&gt; [java] not part of the command.<br/>\n&gt; Execute:Java13CommandLauncher: Executing<br/>\n&gt; &#39;/media/sdb1/prjx/sw/jwebXBL/java_baseline/srcs/jdk/jdk1.7.0_04/jre/bin/java&#39;<br/>\n&gt; with arguments:<br/>\n&gt; &#39;-Dignore.this=ignored&#39;<br/>\n&gt; &#39;-classpath&#39;<br/>\n&gt;<br/>\n&gt; &#39;/media/sdb1/prjx/sw/jwebXBL/java_baseline/srcs/junit/junit/junit4.11-SNAPSHOT:/media/sdb1/prjx/sw/jwebXBL/java_baseline/srcs/junit/junit/junit4.11-SNAPSHOT/junit-4.11-SNAPSHOT.jar&#39;<br/>\n&gt; &#39;org.junit.runner.JUnitCore&#39;<br/>\n&gt; &#39;org.junit.tests.AllTests&#39;<br/>\n&gt;<br/>\n&gt; The &#39; characters around the executable and arguments are<br/>\n&gt; not part of the command.<br/>\n&gt; [java] JUnit version 4.11-SNAPSHOT<br/>\n&gt; [java]<br/>\n&gt; .................................................................................................................................................................................................................................................................................................................I.I...........................................................................................................................................................................................I.....................................................................................................E....<br/>\n&gt; [java] Time: 5.69<br/>\n&gt; [java] There was 1 failure:<br/>\n&gt; [java] 1) testNameAsc(org.junit.internal.MethodSorterTest)<br/>\n&gt; [java] org.junit.ComparisonFailure: expected:&lt;...(), void epsilon(), [int<br/>\n&gt; gamma(), void gamma(boolean])]&gt; but was:&lt;...(), void epsilon(), [void<br/>\n&gt; gamma(boolean), int gamma(])]&gt;<br/>\n&gt; [java] at org.junit.Assert.assertEquals(Assert.java:125)<br/>\n&gt; [java] at org.junit.Assert.assertEquals(Assert.java:147)<br/>\n&gt; [java] at<br/>\n&gt; org.junit.internal.MethodSorterTest.testNameAsc(MethodSorterTest.java:93)<br/>\n&gt; [java] at sun.reflect.NativeMethodAccessorImpl.invoke0(Native Method)<br/>\n&gt; [java] at<br/>\n&gt; sun.reflect.NativeMethodAccessorImpl.invoke(NativeMethodAccessorImpl.java:57)<br/>\n&gt; [java] at<br/>\n&gt; sun.reflect.DelegatingMethodAccessorImpl.invoke(DelegatingMethodAccessorImpl.java:43)<br/>\n&gt; [java] at java.lang.reflect.Method.invoke(Method.java:601)<br/>\n&gt; [java] at<br/>\n&gt; org.junit.runners.model.FrameworkMethod$1.runReflectiveCall(FrameworkMethod.java:45)<br/>\n&gt; [java] at<br/>\n&gt; org.junit.internal.runners.model.ReflectiveCallable.run(ReflectiveCallable.java:15)<br/>\n&gt; [java] at<br/>\n&gt; org.junit.runners.model.FrameworkMethod.invokeExplosively(FrameworkMethod.java:42)<br/>\n&gt; [java] at<br/>\n&gt; org.junit.internal.runners.statements.InvokeMethod.evaluate(InvokeMethod.java:20)<br/>\n&gt; [java] at org.junit.runners.ParentRunner.runLeaf(ParentRunner.java:269)<br/>\n&gt; [java] at<br/>\n&gt; org.junit.runners.BlockJUnit4ClassRunner.runChild(BlockJUnit4ClassRunner.java:69)<br/>\n&gt; [java] at<br/>\n&gt; org.junit.runners.BlockJUnit4ClassRunner.runChild(BlockJUnit4ClassRunner.java:48)<br/>\n&gt; [java] at org.junit.runners.ParentRunner$3.run(ParentRunner.java:237)<br/>\n&gt; [java] at org.junit.runners.ParentRunner$1.schedule(ParentRunner.java:61)<br/>\n&gt; [java] at org.junit.runners.ParentRunner.runChildren(ParentRunner.java:235)<br/>\n&gt; [java] at org.junit.runners.ParentRunner.access$000(ParentRunner.java:51)<br/>\n&gt; [java] at org.junit.runners.ParentRunner$2.evaluate(ParentRunner.java:228)<br/>\n&gt; [java] at org.junit.runners.ParentRunner.run(ParentRunner.java:306)<br/>\n&gt; [java] at org.junit.runners.Suite.runChild(Suite.java:128)<br/>\n&gt; [java] at org.junit.runners.Suite.runChild(Suite.java:24)<br/>\n&gt; [java] at org.junit.runners.ParentRunner$3.run(ParentRunner.java:237)<br/>\n&gt; [java] at org.junit.runners.ParentRunner$1.schedule(ParentRunner.java:61)<br/>\n&gt; [java] at org.junit.runners.ParentRunner.runChildren(ParentRunner.java:235)<br/>\n&gt; [java] at org.junit.runners.ParentRunner.access$000(ParentRunner.java:51)<br/>\n&gt; [java] at org.junit.runners.ParentRunner$2.evaluate(ParentRunner.java:228)<br/>\n&gt; [java] at org.junit.runners.ParentRunner.run(ParentRunner.java:306)<br/>\n&gt; [java] at org.junit.runners.Suite.runChild(Suite.java:128)<br/>\n&gt; [java] at org.junit.runners.Suite.runChild(Suite.java:24)<br/>\n&gt; [java] at org.junit.runners.ParentRunner$3.run(ParentRunner.java:237)<br/>\n&gt; [java] at org.junit.runners.ParentRunner$1.schedule(ParentRunner.java:61)<br/>\n&gt; [java] at org.junit.runners.ParentRunner.runChildren(ParentRunner.java:235)<br/>\n&gt; [java] at org.junit.runners.ParentRunner.access$000(ParentRunner.java:51)<br/>\n&gt; [java] at org.junit.runners.ParentRunner$2.evaluate(ParentRunner.java:228)<br/>\n&gt; [java] at org.junit.runners.ParentRunner.run(ParentRunner.java:306)<br/>\n&gt; [java] at org.junit.runner.JUnitCore.run(JUnitCore.java:151)<br/>\n&gt; [java] at org.junit.runner.JUnitCore.run(JUnitCore.java:130)<br/>\n&gt; [java] at org.junit.runner.JUnitCore.run(JUnitCore.java:111)<br/>\n&gt; [java] at org.junit.runner.JUnitCore.runMain(JUnitCore.java:92)<br/>\n&gt; [java] at org.junit.runner.JUnitCore.runMainAndExit(JUnitCore.java:47)<br/>\n&gt; [java] at org.junit.runner.JUnitCore.main(JUnitCore.java:38)<br/>\n&gt; [java]<br/>\n&gt; [java] FAILURES!!!<br/>\n&gt; [java] Tests run: 598, Failures: 1<br/>\n&gt; [java]<br/>\n&gt;<br/>\n&gt; BUILD FAILED<br/>\n&gt; /media/sdb1/prjx/sw/jwebXBL/java_baseline/srcs/junit/junit/build.xml:191:<br/>\n&gt; The following error occurred while executing this line:<br/>\n&gt; /media/sdb1/prjx/sw/jwebXBL/java_baseline/srcs/junit/junit/build.xml:179:<br/>\n&gt; Java returned: 1<br/>\n&gt; at org.apache.tools.ant.taskdefs.Java.execute(Java.java:111)<br/>\n&gt; at org.apache.tools.ant.UnknownElement.execute(UnknownElement.java:291)<br/>\n&gt; at sun.reflect.GeneratedMethodAccessor4.invoke(Unknown Source)<br/>\n&gt; at<br/>\n&gt; sun.reflect.DelegatingMethodAccessorImpl.invoke(DelegatingMethodAccessorImpl.java:43)<br/>\n&gt; at java.lang.reflect.Method.invoke(Method.java:601)<br/>\n&gt; at<br/>\n&gt; org.apache.tools.ant.dispatch.DispatchUtils.execute(DispatchUtils.java:106)<br/>\n&gt; at org.apache.tools.ant.Task.perform(Task.java:348)<br/>\n&gt; at org.apache.tools.ant.taskdefs.Sequential.execute(Sequential.java:68)<br/>\n&gt; at org.apache.tools.ant.UnknownElement.execute(UnknownElement.java:291)<br/>\n&gt; at sun.reflect.GeneratedMethodAccessor4.invoke(Unknown Source)<br/>\n&gt; at<br/>\n&gt; sun.reflect.DelegatingMethodAccessorImpl.invoke(DelegatingMethodAccessorImpl.java:43)<br/>\n&gt; at java.lang.reflect.Method.invoke(Method.java:601)<br/>\n&gt; at<br/>\n&gt; org.apache.tools.ant.dispatch.DispatchUtils.execute(DispatchUtils.java:106)<br/>\n&gt; at org.apache.tools.ant.Task.perform(Task.java:348)<br/>\n&gt; at<br/>\n&gt; org.apache.tools.ant.taskdefs.MacroInstance.execute(MacroInstance.java:398)<br/>\n&gt; at org.apache.tools.ant.UnknownElement.execute(UnknownElement.java:291)<br/>\n&gt; at sun.reflect.GeneratedMethodAccessor4.invoke(Unknown Source)<br/>\n&gt; at<br/>\n&gt; sun.reflect.DelegatingMethodAccessorImpl.invoke(DelegatingMethodAccessorImpl.java:43)<br/>\n&gt; at java.lang.reflect.Method.invoke(Method.java:601)<br/>\n&gt; at<br/>\n&gt; org.apache.tools.ant.dispatch.DispatchUtils.execute(DispatchUtils.java:106)<br/>\n&gt; at org.apache.tools.ant.Task.perform(Task.java:348)<br/>\n&gt; at org.apache.tools.ant.Target.execute(Target.java:390)<br/>\n&gt; at org.apache.tools.ant.Target.performTasks(Target.java:411)<br/>\n&gt; at org.apache.tools.ant.Project.executeSortedTargets(Project.java:1399)<br/>\n&gt; at org.apache.tools.ant.Project.executeTarget(Project.java:1368)<br/>\n&gt; at<br/>\n&gt; org.apache.tools.ant.helper.DefaultExecutor.executeTargets(DefaultExecutor.java:41)<br/>\n&gt; at org.apache.tools.ant.Project.executeTargets(Project.java:1251)<br/>\n&gt; at org.apache.tools.ant.Main.runBuild(Main.java:809)<br/>\n&gt; at org.apache.tools.ant.Main.startAnt(Main.java:217)<br/>\n&gt; at org.apache.tools.ant.launch.Launcher.run(Launcher.java:280)<br/>\n&gt; at org.apache.tools.ant.launch.Launcher.main(Launcher.java:109)<br/>\n&gt;<br/>\n&gt; Total time: 25 seconds<br/>\n&gt;<br/>\n&gt;  <br/>\n&gt;<br/>\n<br/>\n<br/>\n[Non-text portions of this message have been removed] </span></blockquote></div>", 
    "prevInTime": 23882, 
    "specialLinks": [], 
    "contentTrasformed": false, 
    "postDate": "1336590404", 
    "canDelete": false, 
    "nextInTopic": 0, 
    "prevInTopic": 23879, 
    "headers": {
        "inReplyToHeader": "PGpubmM4OStmbG1vQGVHcm91cHMuY29tPg==", 
        "messageIdInHeader": "PENBTHJ3LVB6c2tzVFV1ZXFyYVNpdGduTnR0SGZqd1QtdS1UWFRQUDNoY09VLUctWmRuZ0BtYWlsLmdtYWlsLmNvbT4=", 
        "referencesHeader": "PGpubXNycys0c2M1QGVHcm91cHMuY29tPiA8am5uYzg5K2ZsbW9AZUdyb3Vwcy5jb20+"
    }
}