{
    "numMessagesInTopic": 4, 
    "nextInTime": 24436, 
    "senderId": "EFFXTVBjqiDz63EXo5CpgxpDa0WPVBg4oLdUbMfS9EhuSMznSfuiaTbr3JOIJBnj7Uk2QHrEPw1lYmQjIRIMNKd_mw", 
    "systemMessage": false, 
    "subject": "Re: [junit] test-junit failed", 
    "from": "David Saff &lt;saff@...&gt;", 
    "authorName": "David Saff", 
    "msgSnippet": "Conversation is continuing on the bug at https://github.com/junit-team/junit/issues/749", 
    "msgId": 24435, 
    "rawEmail": "Return-Path: &lt;saff@...&gt;\r\nX-Sender: saff@...\r\nX-Apparently-To: junit@yahoogroups.com\r\nX-Received: (qmail 99341 invoked by uid 102); 17 Oct 2013 03:14:24 -0000\r\nX-Received: from unknown (HELO mtaq2.grp.bf1.yahoo.com) (10.193.84.33)\n  by m12.grp.bf1.yahoo.com with SMTP; 17 Oct 2013 03:14:24 -0000\r\nX-Received: (qmail 7923 invoked from network); 17 Oct 2013 03:14:24 -0000\r\nX-Received: from unknown (HELO mail-ie0-f173.google.com) (209.85.223.173)\n  by mtaq2.grp.bf1.yahoo.com with SMTP; 17 Oct 2013 03:14:24 -0000\r\nX-Received: by mail-ie0-f173.google.com with SMTP id u16so2884593iet.4\n        for &lt;junit@yahoogroups.com&gt;; Wed, 16 Oct 2013 20:14:24 -0700 (PDT)\r\nX-Google-DKIM-Signature: v=1; a=rsa-sha256; c=relaxed/relaxed;\n        d=1e100.net; s=20130820;\n        h=x-gm-message-state:mime-version:in-reply-to:references:from:date\n         :message-id:subject:to:cc:content-type;\n        bh=8iNIv48fLuoYDtsQzEUXKMUSZOHb39+bFvfKvjzE2kU=;\n        b=C6S/ZfKHab/Ie4W7ID7S04vunRMPyPCBFH4ws7j9rqjbzFB+ZuIcx9eZX8+QGFE3Yy\n         M2jAnLkxiVUBtHgysDAG1h8jUvPSQVEA159lLo8vmavUhgUL60HfRWWuE3J20vOI4Gvf\n         IpI5X706BKm/LvHkZyMQs9g0eQsFf4/5JO3VMv2hzYz/1CnXXaelZ4yITDG/vo7idk48\n         dP2UrO0m6phl2dxqHP9S0uWCKBOD+7WTM8dVwwnfaZ8ztR4laO/pSCRxT3bxqMnbw5Fi\n         oBJkyOfi8bqbRE86txS21PIvlk7Mh9CcuGfatCivR2Uzh/nL79W/hB8qTR2GLsg/iobW\n         FA+g==\r\nX-Gm-Message-State: ALoCoQmI5s/THlTkSFkxMwaZYUJJO6J1AXuhXKAhun7HuZBejjpz9/fEy789l9Js3cjtmpWopDEPcRPYC6sFSrH6PZZh5rLIEhuUJyznMYP8s3AK8T0qHyOQBzjxS1Yum22Hmdp5DYz57sKb/2Ia70uEIA/p1VbE83CXSed5F05EFgLHdG+L5DswXLTLtnaACVr3XyGNOLSsDF40R49wqoTMbZt5yUQTTg==\r\nX-Received: by 10.42.98.76 with SMTP id r12mr41807icn.59.1381979663782; Wed,\n 16 Oct 2013 20:14:23 -0700 (PDT)\r\nMIME-Version: 1.0\r\nX-Received: by 10.64.245.228 with HTTP; Wed, 16 Oct 2013 20:14:03 -0700 (PDT)\r\nIn-Reply-To: &lt;1381792934.72001.YahooMailNeo@...&gt;\r\nReferences: &lt;1381792934.72001.YahooMailNeo@...&gt;\r\nDate: Wed, 16 Oct 2013 23:14:03 -0400\r\nMessage-ID: &lt;CALrw-PyiKdt=z-Rh1Y_SRd1BvJ-qsjAJs32MnXNmrbmafq3_eg@...&gt;\r\nTo: junit@yahoogroups.com\r\nCc: &quot;shikhvarg@...&quot; &lt;shikhvarg@...&gt;\r\nContent-Type: multipart/alternative; boundary=90e6ba614a96f2877704e8e736e3\r\nX-eGroups-Msg-Info: 1:12:0:0:0\r\nFrom: David Saff &lt;saff@...&gt;\r\nSubject: Re: [junit] test-junit failed\r\nX-Yahoo-Group-Post: member; u=525765722; y=yZmHiZMd0MQndW5CARlx9Etv4Nn6I4oZiM-xOjDDitYCpHHuIaYNFl4MGLoxBjWtsNMiKwzNdtxTHCU\r\nX-Yahoo-Profile: saffatgoogle\r\n\r\n\r\n--90e6ba614a96f2877704e8e736e3\r\nContent-Type: text/plain; charset=windows-1252\r\nContent-Transfer-Encoding: quoted-printable\r\n\r\nConversation is continuing on the bug at\nhttps://github.com/junit-team/juni=\r\nt/issues/749\n\n\nOn Mon, Oct 14, 2013 at 7:22 PM, Ludmila Shikhvarg &lt;shikhvar=\r\ng@...&gt;wrote:\n\n&gt; **\n&gt;\n&gt;\n&gt; Hi,\n&gt;\n&gt; We&#39;re run apache gump (https://svn.a=\r\npache.org/repos/asf/gump/trunk/) to\n&gt; test a new JDK 8 early access release=\r\ns from\n&gt; https://jdk8.java.net/download.html\n&gt; Came across a new failure st=\r\naring with b94. Here is the log file with\n&gt; failure in the build_junit_test=\r\n-junit.html:\n&gt; Command Line\n&gt;\n&gt; /usr/java/latest/bin/java\n&gt;         -Xbootc=\r\nlasspath/p:/home/dtftest/gump/results/xml-commons/java/external/build/xml-a=\r\npis.jar:/home/dtftest/gump/results/xml-xerces2/build/xercesImpl.jar\n&gt;      =\r\n   org.apache.tools.ant.Main -Dgump.merge=3D/home/dtftest/gump/work/merge.x=\r\nml\n&gt;         -Dbuild.sysclasspath=3Donly -Ddist=3Dgump-test\n&gt;\n&gt; Output\n&gt;\n&gt; =\r\nBuildfile: /home/dtftest/gump/results/junit/build.xml\n&gt;   [taskdef] Could n=\r\not load definitions from resource net/sf/antcontrib/antcontrib.properties. =\r\nIt could not be found.\n&gt;\n&gt; clean:\n&gt;    [delete] Deleting directory /home/dt=\r\nftest/gump/results/junit/gump-test\n&gt;    [delete] Deleting directory /home/d=\r\ntftest/gump/results/junit/target\n&gt;\n&gt; init:\n&gt;\n&gt; versiontag:\n&gt;      [copy] Co=\r\npying 1 file to /home/dtftest/gump/results/junit/src/main/java/junit/runner=\r\n\n&gt;\n&gt; build:\n&gt;     [mkdir] Created dir: /home/dtftest/gump/results/junit/tar=\r\nget/main\n&gt;     [javac] Compiling 179 source files to /home/dtftest/gump/res=\r\nults/junit/target/main\n&gt;     [javac] warning: [options] source value 1.5 is=\r\n obsolete and will be removed in a future release\n&gt;     [javac] warning: [o=\r\nptions] target value 1.5 is obsolete and will be removed in a future releas=\r\ne\n&gt;     [javac] warning: [options] To suppress warnings about obsolete opti=\r\nons, use -Xlint:-options.\n&gt;     [javac] Note: Some input files use or overr=\r\nide a deprecated API.\n&gt;     [javac] Note: Recompile with -Xlint:deprecation=\r\n for details.\n&gt;     [javac] 3 warnings\n&gt;     [javac] Creating empty /home/d=\r\ntftest/gump/results/junit/target/main/org/junit/internal/requests/package-i=\r\nnfo.class\n&gt;     [javac] Creating empty /home/dtftest/gump/results/junit/tar=\r\nget/main/org/junit/internal/runners/package-info.class\n&gt;     [javac] Creati=\r\nng empty /home/dtftest/gump/results/junit/target/main/org/junit/runner/pack=\r\nage-info.class\n&gt;     [javac] Creating empty /home/dtftest/gump/results/juni=\r\nt/target/main/junit/framework/package-info.class\n&gt;     [javac] Creating emp=\r\nty /home/dtftest/gump/results/junit/target/main/org/junit/package-info.clas=\r\ns\n&gt;     [javac] Creating empty /home/dtftest/gump/results/junit/target/main=\r\n/org/junit/runner/notification/package-info.class\n&gt;     [javac] Creating em=\r\npty /home/dtftest/gump/results/junit/target/main/junit/textui/package-info.=\r\nclass\n&gt;     [javac] Creating empty /home/dtftest/gump/results/junit/target/=\r\nmain/junit/extensions/package-info.class\n&gt;     [javac] Creating empty /home=\r\n/dtftest/gump/results/junit/target/main/org/junit/runner/manipulation/packa=\r\nge-info.class\n&gt;     [javac] Creating empty /home/dtftest/gump/results/junit=\r\n/target/main/org/junit/runners/package-info.class\n&gt;     [javac] Creating em=\r\npty /home/dtftest/gump/results/junit/target/main/junit/runner/package-info.=\r\nclass\n&gt;     [javac] Creating empty /home/dtftest/gump/results/junit/target/=\r\nmain/org/junit/matchers/package-info.class\n&gt;     [unjar] Expanding: /home/d=\r\ntftest/gump/results/junit/lib/hamcrest-core-1.3.jar into /home/dtftest/gump=\r\n/results/junit/target/main\n&gt;     [mkdir] Created dir: /home/dtftest/gump/re=\r\nsults/junit/target/test/java\n&gt;     [javac] Compiling 182 source files to /h=\r\nome/dtftest/gump/results/junit/target/test/java\n&gt;     [javac] warning: [opt=\r\nions] source value 1.5 is obsolete and will be removed in a future release\n=\r\n&gt;     [javac] warning: [options] target value 1.5 is obsolete and will be r=\r\nemoved in a future release\n&gt;     [javac] warning: [options] To suppress war=\r\nnings about obsolete options, use -Xlint:-options.\n&gt;     [javac] Note: Some=\r\n input files use or override a deprecated API.\n&gt;     [javac] Note: Recompil=\r\ne with -Xlint:deprecation for details.\n&gt;     [javac] 3 warnings\n&gt;     [java=\r\nc] Creating empty /home/dtftest/gump/results/junit/target/test/java/junit/t=\r\nests/framework/package-info.class\n&gt;     [javac] Creating empty /home/dtftes=\r\nt/gump/results/junit/target/test/java/junit/tests/runner/package-info.class=\r\n\n&gt;     [javac] Creating empty /home/dtftest/gump/results/junit/target/test/=\r\njava/junit/tests/extensions/package-info.class\n&gt;     [javac] Creating empty=\r\n /home/dtftest/gump/results/junit/target/test/java/org/junit/samples/money/=\r\npackage-info.class\n&gt;     [javac] Creating empty /home/dtftest/gump/results/=\r\njunit/target/test/java/junit/samples/money/package-info.class\n&gt;     [javac]=\r\n Creating empty /home/dtftest/gump/results/junit/target/test/java/junit/sam=\r\nples/package-info.class\n&gt;     [javac] Creating empty /home/dtftest/gump/res=\r\nults/junit/target/test/java/junit/tests/package-info.class\n&gt;     [javac] Cr=\r\neating empty /home/dtftest/gump/results/junit/target/test/java/org/junit/sa=\r\nmples/package-info.class\n&gt;     [javac] Creating empty /home/dtftest/gump/re=\r\nsults/junit/target/test/java/org/junit/tests/package-info.class\n&gt;\n&gt; jars:\n&gt;=\r\n     [mkdir] Created dir: /home/dtftest/gump/results/junit/gump-test\n&gt;     =\r\n  [jar] Building jar: /home/dtftest/gump/results/junit/gump-test/junit-4.12=\r\n-SNAPSHOT-src.jar\n&gt;       [jar] Building jar: /home/dtftest/gump/results/ju=\r\nnit/gump-test/junit-4.12-SNAPSHOT.jar\n&gt;       [jar] Building jar: /home/dtf=\r\ntest/gump/results/junit/gump-test/junit-dep-4.12-SNAPSHOT.jar\n&gt;\n&gt; samples-a=\r\nnd-tests:\n&gt;      [copy] Copying 1046 files to /home/dtftest/gump/results/ju=\r\nnit/gump-test\n&gt;\n&gt; unjar.hamcrest:\n&gt;     [unjar] Expanding: /home/dtftest/gu=\r\nmp/results/junit/lib/hamcrest-core-1.3-sources.jar into /home/dtftest/gump/=\r\nresults/junit/gump-test/temp.hamcrest.source\n&gt;\n&gt; populate-dist:\n&gt;      [cop=\r\ny] Copying 53 files to /home/dtftest/gump/results/junit/gump-test/doc\n&gt;    =\r\n  [copy] Copying 1 file to /home/dtftest/gump/results/junit/gump-test\n&gt;    =\r\n  [copy] Copying 1 file to /home/dtftest/gump/results/junit/gump-test\n&gt;    =\r\n  [copy] Copying 1 file to /home/dtftest/gump/results/junit/gump-test\n&gt;    =\r\n  [copy] Copying 1 file to /home/dtftest/gump/results/junit/gump-test\n&gt;\n&gt; d=\r\nist:\n&gt;      [java] JUnit version 4.12\n&gt;      [java] .......................=\r\n...........................................................................=\r\n...........................................................................=\r\n...........................................................................=\r\n...........................................................................=\r\n.................I.I............................................E..........=\r\n...........................................................................=\r\n...........................................................................=\r\n...........................................................................=\r\n...........................................................................=\r\n...........................................................................=\r\n....\n&gt;      [java] Time: 8.442\n&gt;      [java] There was 1 failure:\n&gt;      [j=\r\nava] 1) inaccessibleBaseClassIsCaughtAtValidation(org.junit.tests.validatio=\r\nn.InaccessibleBaseClassTest)\n&gt;      [java] java.lang.AssertionError: Expect=\r\ned exception: org.junit.runners.model.InitializationError\n&gt;      [java] \tat=\r\n org.junit.internal.runners.statements.ExpectException.evaluate(ExpectExcep=\r\ntion.java:33)\n&gt;      [java] \tat org.junit.runners.ParentRunner.runLeaf(Pare=\r\nntRunner.java:274)\n&gt;      [java] \tat org.junit.runners.BlockJUnit4ClassRunn=\r\ner.runChild(BlockJUnit4ClassRunner.java:76)\n&gt;      [java] \tat org.junit.run=\r\nners.BlockJUnit4ClassRunner.runChild(BlockJUnit4ClassRunner.java:55)\n&gt;     =\r\n [java] \tat org.junit.runners.ParentRunner$3.run(ParentRunner.java:239)\n&gt;  =\r\n    [java] \tat org.junit.runners.ParentRunner$1.schedule(ParentRunner.java:=\r\n64)\n&gt;      [java] \tat org.junit.runners.ParentRunner.runChildren(ParentRunn=\r\ner.java:237)\n&gt;      [java] \tat org.junit.runners.ParentRunner.access$000(Pa=\r\nrentRunner.java:54)\n&gt;      [java] \tat org.junit.runners.ParentRunner$2.eval=\r\nuate(ParentRunner.java:228)\n&gt;      [java] \tat org.junit.runners.ParentRunne=\r\nr.run(ParentRunner.java:312)\n&gt;      [java] \tat org.junit.runners.Suite.runC=\r\nhild(Suite.java:128)\n&gt;      [java] \tat org.junit.runners.Suite.runChild(Sui=\r\nte.java:27)\n&gt;      [java] \tat org.junit.runners.ParentRunner$3.run(ParentRu=\r\nnner.java:239)\n&gt;      [java] \tat org.junit.runners.ParentRunner$1.schedule(=\r\nParentRunner.java:64)\n&gt;      [java] \tat org.junit.runners.ParentRunner.runC=\r\nhildren(ParentRunner.java:237)\n&gt;      [java] \tat org.junit.runners.ParentRu=\r\nnner.access$000(ParentRunner.java:54)\n&gt;      [java] \tat org.junit.runners.P=\r\narentRunner$2.evaluate(ParentRunner.java:228)\n&gt;      [java] \tat org.junit.r=\r\nunners.ParentRunner.run(ParentRunner.java:312)\n&gt;      [java] \tat org.junit.=\r\nrunners.Suite.runChild(Suite.java:128)\n&gt;      [java] \tat org.junit.runners.=\r\nSuite.runChild(Suite.java:27)\n&gt;      [java] \tat org.junit.runners.ParentRun=\r\nner$3.run(ParentRunner.java:239)\n&gt;      [java] \tat org.junit.runners.Parent=\r\nRunner$1.schedule(ParentRunner.java:64)\n&gt;      [java] \tat org.junit.runners=\r\n.ParentRunner.runChildren(ParentRunner.java:237)\n&gt;      [java] \tat org.juni=\r\nt.runners.ParentRunner.access$000(ParentRunner.java:54)\n&gt;      [java] \tat o=\r\nrg.junit.runners.ParentRunner$2.evaluate(ParentRunner.java:228)\n&gt;      [jav=\r\na] \tat org.junit.runners.ParentRunner.run(ParentRunner.java:312)\n&gt;      [ja=\r\nva] \tat org.junit.runner.JUnitCore.run(JUnitCore.java:137)\n&gt;      [java] \ta=\r\nt org.junit.runner.JUnitCore.run(JUnitCore.java:115)\n&gt;      [java] \tat org.=\r\njunit.runner.JUnitCore.runMain(JUnitCore.java:77)\n&gt;      [java] \tat org.jun=\r\nit.runner.JUnitCore.main(JUnitCore.java:36)\n&gt;      [java]\n&gt;      [java] FAI=\r\nLURES!!!\n&gt;      [java] Tests run: 774,  Failures: 1\n&gt;      [java]\n&gt;\n&gt; BUILD=\r\n FAILED\n&gt; /home/dtftest/gump/results/junit/build.xml:211: The following err=\r\nor occurred while executing this line:\n&gt; /home/dtftest/gump/results/junit/b=\r\nuild.xml:181: Java returned: 1\n&gt;\n&gt; Total time: 28 seconds\n&gt;\n&gt; Apache Gump, =\r\nGump, Apache, the Apache feather logo, and the Apache Gump\n&gt; project logos =\r\nare trademarks of The Apache Software Foundation.\n&gt;  Any help is appreciate=\r\nd.\n&gt; Thanks,\n&gt; Ludmila\n&gt;\n&gt;  \n&gt;\n\r\n--90e6ba614a96f2877704e8e736e3\r\nContent-Type: text/html; charset=windows-1252\r\nContent-Transfer-Encoding: quoted-printable\r\n\r\n&lt;div dir=3D&quot;ltr&quot;&gt;Conversation is continuing on the bug at=A0&lt;a href=3D&quot;http=\r\ns://github.com/junit-team/junit/issues/749&quot;&gt;https://github.com/junit-team/j=\r\nunit/issues/749&lt;/a&gt;&lt;/div&gt;&lt;div class=3D&quot;gmail_extra&quot;&gt;&lt;br&gt;&lt;br&gt;&lt;div class=3D&quot;g=\r\nmail_quote&quot;&gt;\n\nOn Mon, Oct 14, 2013 at 7:22 PM, Ludmila Shikhvarg &lt;span dir=\r\n=3D&quot;ltr&quot;&gt;&lt;&lt;a href=3D&quot;mailto:shikhvarg@...&quot; target=3D&quot;_blank&quot;&gt;shikh=\r\nvarg@...&lt;/a&gt;&gt;&lt;/span&gt; wrote:&lt;br&gt;&lt;blockquote class=3D&quot;gmail_quote&quot; s=\r\ntyle=3D&quot;margin:0 0 0 .8ex;border-left:1px #ccc solid;padding-left:1ex&quot;&gt;\n\n\n\n=\r\n\n&lt;u&gt;&lt;/u&gt;\n\n\n\n\n\n\n\n\n\n\n&lt;div style&gt;\n&lt;span&gt;=A0&lt;/span&gt;\n\n\n&lt;div&gt;\n  &lt;div&gt;\n\n\n    &lt;div&gt;=\r\n\n      \n      \n      &lt;p&gt;&lt;/p&gt;&lt;div style=3D&quot;font-size:12pt;font-family:Helvet=\r\nicaNeue,Helvetica Neue,Helvetica,Arial,Lucida Grande,sans-serif&quot;&gt;&lt;div&gt;\n\n\n\nH=\r\ni,&lt;br&gt;\n&lt;br&gt;\nWe&#39;re run apache gump (&lt;a href=3D&quot;https://svn.apache.org/re=\r\npos/asf/gump/trunk/&quot; target=3D&quot;_blank&quot;&gt;https://svn.apache.org/repos/asf/gum=\r\np/trunk/&lt;/a&gt;)\nto\ntest a new JDK 8 early access releases from\n&lt;a href=3D&quot;htt=\r\nps://jdk8.java.net/download.html&quot; target=3D&quot;_blank&quot;&gt;https://jdk8.java.net/d=\r\nownload.html&lt;/a&gt;\n&lt;br&gt;\nCame across a new failure staring with b94. Here is t=\r\nhe log file with\nfailure in the build_junit_test-junit.html:&lt;br&gt;\n&lt;/div&gt;&lt;h3&gt;=\r\nCommand Line&lt;/h3&gt;\n&lt;pre&gt;/usr/java/latest/bin/java\n        -Xbootclasspath/p:=\r\n/home/dtftest/gump/results/xml-commons/java/external/build/xml-apis.jar:/ho=\r\nme/dtftest/gump/results/xml-xerces2/build/xercesImpl.jar\n        org.apache=\r\n.tools.ant.Main -Dgump.merge=3D/home/dtftest/gump/work/merge.xml\n        -D=\r\nbuild.sysclasspath=3Donly -Ddist=3Dgump-test &lt;/pre&gt;\n&lt;h3&gt;Output&lt;/h3&gt;\n&lt;pre&gt;Bu=\r\nildfile: /home/dtftest/gump/results/junit/build.xml\n  [taskdef] Could not l=\r\noad definitions from resource net/sf/antcontrib/antcontrib.properties. It c=\r\nould not be found.\n\nclean:\n   [delete] Deleting directory /home/dtftest/gum=\r\np/results/junit/gump-test\n   [delete] Deleting directory /home/dtftest/gump=\r\n/results/junit/target\n\ninit:\n\nversiontag:\n     [copy] Copying 1 file to /ho=\r\nme/dtftest/gump/results/junit/src/main/java/junit/runner\n\nbuild:\n    [mkdir=\r\n] Created dir: /home/dtftest/gump/results/junit/target/main\n    [javac] Com=\r\npiling 179 source files to /home/dtftest/gump/results/junit/target/main\n   =\r\n [javac] warning: [options] source value 1.5 is obsolete and will be remove=\r\nd in a future release\n    [javac] warning: [options] target value 1.5 is ob=\r\nsolete and will be removed in a future release\n    [javac] warning: [option=\r\ns] To suppress warnings about obsolete options, use -Xlint:-options.\n    [j=\r\navac] Note: Some input files use or override a deprecated API.\n    [javac] =\r\nNote: Recompile with -Xlint:deprecation for details.\n    [javac] 3 warnings=\r\n\n    [javac] Creating empty /home/dtftest/gump/results/junit/target/main/or=\r\ng/junit/internal/requests/package-info.class\n    [javac] Creating empty /ho=\r\nme/dtftest/gump/results/junit/target/main/org/junit/internal/runners/packag=\r\ne-info.class\n    [javac] Creating empty /home/dtftest/gump/results/junit/ta=\r\nrget/main/org/junit/runner/package-info.class\n    [javac] Creating empty /h=\r\nome/dtftest/gump/results/junit/target/main/junit/framework/package-info.cla=\r\nss\n    [javac] Creating empty /home/dtftest/gump/results/junit/target/main/=\r\norg/junit/package-info.class\n    [javac] Creating empty /home/dtftest/gump/=\r\nresults/junit/target/main/org/junit/runner/notification/package-info.class\n=\r\n    [javac] Creating empty /home/dtftest/gump/results/junit/target/main/jun=\r\nit/textui/package-info.class\n    [javac] Creating empty /home/dtftest/gump/=\r\nresults/junit/target/main/junit/extensions/package-info.class\n    [javac] C=\r\nreating empty /home/dtftest/gump/results/junit/target/main/org/junit/runner=\r\n/manipulation/package-info.class\n    [javac] Creating empty /home/dtftest/g=\r\nump/results/junit/target/main/org/junit/runners/package-info.class\n    [jav=\r\nac] Creating empty /home/dtftest/gump/results/junit/target/main/junit/runne=\r\nr/package-info.class\n    [javac] Creating empty /home/dtftest/gump/results/=\r\njunit/target/main/org/junit/matchers/package-info.class\n    [unjar] Expandi=\r\nng: /home/dtftest/gump/results/junit/lib/hamcrest-core-1.3.jar into /home/d=\r\ntftest/gump/results/junit/target/main\n    [mkdir] Created dir: /home/dtftes=\r\nt/gump/results/junit/target/test/java\n    [javac] Compiling 182 source file=\r\ns to /home/dtftest/gump/results/junit/target/test/java\n    [javac] warning:=\r\n [options] source value 1.5 is obsolete and will be removed in a future rel=\r\nease\n    [javac] warning: [options] target value 1.5 is obsolete and will b=\r\ne removed in a future release\n    [javac] warning: [options] To suppress wa=\r\nrnings about obsolete options, use -Xlint:-options.\n    [javac] Note: Some =\r\ninput files use or override a deprecated API.\n    [javac] Note: Recompile w=\r\nith -Xlint:deprecation for details.\n    [javac] 3 warnings\n    [javac] Crea=\r\nting empty /home/dtftest/gump/results/junit/target/test/java/junit/tests/fr=\r\namework/package-info.class\n    [javac] Creating empty /home/dtftest/gump/re=\r\nsults/junit/target/test/java/junit/tests/runner/package-info.class\n    [jav=\r\nac] Creating empty /home/dtftest/gump/results/junit/target/test/java/junit/=\r\ntests/extensions/package-info.class\n    [javac] Creating empty /home/dtftes=\r\nt/gump/results/junit/target/test/java/org/junit/samples/money/package-info.=\r\nclass\n    [javac] Creating empty /home/dtftest/gump/results/junit/target/te=\r\nst/java/junit/samples/money/package-info.class\n    [javac] Creating empty /=\r\nhome/dtftest/gump/results/junit/target/test/java/junit/samples/package-info=\r\n.class\n    [javac] Creating empty /home/dtftest/gump/results/junit/target/t=\r\nest/java/junit/tests/package-info.class\n    [javac] Creating empty /home/dt=\r\nftest/gump/results/junit/target/test/java/org/junit/samples/package-info.cl=\r\nass\n    [javac] Creating empty /home/dtftest/gump/results/junit/target/test=\r\n/java/org/junit/tests/package-info.class\n\njars:\n    [mkdir] Created dir: /h=\r\nome/dtftest/gump/results/junit/gump-test\n      [jar] Building jar: /home/dt=\r\nftest/gump/results/junit/gump-test/junit-4.12-SNAPSHOT-src.jar\n      [jar] =\r\nBuilding jar: /home/dtftest/gump/results/junit/gump-test/junit-4.12-SNAPSHO=\r\nT.jar\n      [jar] Building jar: /home/dtftest/gump/results/junit/gump-test/=\r\njunit-dep-4.12-SNAPSHOT.jar\n\nsamples-and-tests:\n     [copy] Copying 1046 fi=\r\nles to /home/dtftest/gump/results/junit/gump-test\n\nunjar.hamcrest:\n    [unj=\r\nar] Expanding: /home/dtftest/gump/results/junit/lib/hamcrest-core-1.3-sourc=\r\nes.jar into /home/dtftest/gump/results/junit/gump-test/temp.hamcrest.source=\r\n&lt;/pre&gt;\n&lt;pre&gt;populate-dist:\n     [copy] Copying 53 files to /home/dtftest/gu=\r\nmp/results/junit/gump-test/doc\n     [copy] Copying 1 file to /home/dtftest/=\r\ngump/results/junit/gump-test\n     [copy] Copying 1 file to /home/dtftest/gu=\r\nmp/results/junit/gump-test\n     [copy] Copying 1 file to /home/dtftest/gump=\r\n/results/junit/gump-test\n     [copy] Copying 1 file to /home/dtftest/gump/r=\r\nesults/junit/gump-test\n\ndist:\n     [java] JUnit version 4.12\n     [java] ..=\r\n...........................................................................=\r\n...........................................................................=\r\n...........................................................................=\r\n...........................................................................=\r\n......................................I.I..................................=\r\n..........E................................................................=\r\n...........................................................................=\r\n...........................................................................=\r\n...........................................................................=\r\n...........................................................................=\r\n.........................\n     [java] Time: 8.442\n     [java] There was 1 f=\r\nailure:\n     [java] 1) inaccessibleBaseClassIsCaughtAtValidation(org.junit.=\r\ntests.validation.InaccessibleBaseClassTest)\n     [java] java.lang.Assertion=\r\nError: Expected exception: org.junit.runners.model.InitializationError\n    =\r\n [java] \tat org.junit.internal.runners.statements.ExpectException.evaluate(=\r\nExpectException.java:33)\n     [java] \tat org.junit.runners.ParentRunner.run=\r\nLeaf(ParentRunner.java:274)\n     [java] \tat org.junit.runners.BlockJUnit4Cl=\r\nassRunner.runChild(BlockJUnit4ClassRunner.java:76)\n     [java] \tat org.juni=\r\nt.runners.BlockJUnit4ClassRunner.runChild(BlockJUnit4ClassRunner.java:55)\n =\r\n    [java] \tat org.junit.runners.ParentRunner$3.run(ParentRunner.java:239)\n=\r\n     [java] \tat org.junit.runners.ParentRunner$1.schedule(ParentRunner.java=\r\n:64)\n     [java] \tat org.junit.runners.ParentRunner.runChildren(ParentRunne=\r\nr.java:237)\n     [java] \tat org.junit.runners.ParentRunner.access$000(Paren=\r\ntRunner.java:54)\n     [java] \tat org.junit.runners.ParentRunner$2.evaluate(=\r\nParentRunner.java:228)\n     [java] \tat org.junit.runners.ParentRunner.run(P=\r\narentRunner.java:312)\n     [java] \tat org.junit.runners.Suite.runChild(Suit=\r\ne.java:128)\n     [java] \tat org.junit.runners.Suite.runChild(Suite.java:27)=\r\n\n     [java] \tat org.junit.runners.ParentRunner$3.run(ParentRunner.java:239=\r\n)\n     [java] \tat org.junit.runners.ParentRunner$1.schedule(ParentRunner.ja=\r\nva:64)\n     [java] \tat org.junit.runners.ParentRunner.runChildren(ParentRun=\r\nner.java:237)\n     [java] \tat org.junit.runners.ParentRunner.access$000(Par=\r\nentRunner.java:54)\n     [java] \tat org.junit.runners.ParentRunner$2.evaluat=\r\ne(ParentRunner.java:228)\n     [java] \tat org.junit.runners.ParentRunner.run=\r\n(ParentRunner.java:312)\n     [java] \tat org.junit.runners.Suite.runChild(Su=\r\nite.java:128)\n     [java] \tat org.junit.runners.Suite.runChild(Suite.java:2=\r\n7)\n     [java] \tat org.junit.runners.ParentRunner$3.run(ParentRunner.java:2=\r\n39)\n     [java] \tat org.junit.runners.ParentRunner$1.schedule(ParentRunner.=\r\njava:64)\n     [java] \tat org.junit.runners.ParentRunner.runChildren(ParentR=\r\nunner.java:237)\n     [java] \tat org.junit.runners.ParentRunner.access$000(P=\r\narentRunner.java:54)\n     [java] \tat org.junit.runners.ParentRunner$2.evalu=\r\nate(ParentRunner.java:228)\n     [java] \tat org.junit.runners.ParentRunner.r=\r\nun(ParentRunner.java:312)\n     [java] \tat org.junit.runner.JUnitCore.run(JU=\r\nnitCore.java:137)\n     [java] \tat org.junit.runner.JUnitCore.run(JUnitCore.=\r\njava:115)\n     [java] \tat org.junit.runner.JUnitCore.runMain(JUnitCore.java=\r\n:77)\n     [java] \tat org.junit.runner.JUnitCore.main(JUnitCore.java:36)\n   =\r\n  [java] \n     [java] FAILURES!!!\n     [java] Tests run: 774,  Failures: 1\n=\r\n     [java] \n\nBUILD FAILED\n/home/dtftest/gump/results/junit/build.xml:211: =\r\nThe following error occurred while executing this line:\n/home/dtftest/gump/=\r\nresults/junit/build.xml:181: Java returned: 1\n\nTotal time: 28 seconds\n&lt;/pre=\r\n&gt;\n&lt;div style=3D&quot;font-size:smaller&quot; align=3D&quot;left&quot;&gt;Apache Gump, Gump, Apache=\r\n,\nthe Apache feather logo, and the Apache Gump project logos are\ntrademarks=\r\n of The Apache Software Foundation.&lt;br&gt;\n&lt;/div&gt;\n&lt;div style=3D&quot;font-size:smal=\r\nler&quot; align=3D&quot;left&quot;&gt;Any help is appreciated.\n&lt;/div&gt;\nThanks,&lt;br&gt;\nLudmila&lt;/di=\r\nv&gt;&lt;p&gt;&lt;/p&gt;\n\n    &lt;/div&gt;\n     \n\n    \n    &lt;div style=3D&quot;color:#fff;min-height:0=\r\n&quot;&gt;&lt;/div&gt;\n\n\n&lt;/div&gt;\n\n\n\n  \n\n\n\n\n\n\n&lt;/blockquote&gt;&lt;/div&gt;&lt;br&gt;&lt;/div&gt;\n\r\n--90e6ba614a96f2877704e8e736e3--\r\n\n", 
    "profile": "saffatgoogle", 
    "topicId": 24434, 
    "spamInfo": {
        "reason": "12", 
        "isSpam": false
    }, 
    "replyTo": "LIST", 
    "userId": 525765722, 
    "prevInTime": 24434, 
    "contentTrasformed": false, 
    "postDate": "1381979643", 
    "canDelete": false, 
    "nextInTopic": 24436, 
    "prevInTopic": 24434, 
    "headers": {
        "inReplyToHeader": "PDEzODE3OTI5MzQuNzIwMDEuWWFob29NYWlsTmVvQHdlYjE0MjgwMS5tYWlsLmJmMS55YWhvby5jb20+", 
        "messageIdInHeader": "PENBTHJ3LVB5aUtkdD16LVJoMVlfU1JkMUJ2Si1xc2pBSnMzMk1uWE5tcmJtYWZxM19lZ0BtYWlsLmdtYWlsLmNvbT4=", 
        "referencesHeader": "PDEzODE3OTI5MzQuNzIwMDEuWWFob29NYWlsTmVvQHdlYjE0MjgwMS5tYWlsLmJmMS55YWhvby5jb20+"
    }
}