{
    "numMessagesInTopic": 4, 
    "nextInTime": 24435, 
    "senderId": "t14sW4eQjKyiLstQ2jBDQHh5go9iDMGtjp8TXavhvyx9vcBJBkx5V0ZG2Oy-QzIbkNlZRuTL5PYeyH7xjdXdlLtXX-BPDVo1F9ztQyr9", 
    "systemMessage": false, 
    "subject": "test-junit failed", 
    "from": "Ludmila Shikhvarg &lt;shikhvarg@...&gt;", 
    "authorName": "Ludmila Shikhvarg", 
    "msgSnippet": "Hi, We re run apache gump (https://svn.apache.org/repos/asf/gump/trunk/) to test a new JDK 8 early access releases from https://jdk8.java.net/download.html ", 
    "msgId": 24434, 
    "profile": "shikhvarg", 
    "topicId": 24434, 
    "spamInfo": {
        "reason": "12", 
        "isSpam": false
    }, 
    "replyTo": "LIST", 
    "userId": 557902293, 
    "messageBody": "<div id=\"ygrps-yiv-1447869647\"><html><div style=\"color:#000;background-color:#fff;font-family:HelveticaNeue, Helvetica Neue, Helvetica, Arial, Lucida Grande, sans-serif;font-size:12pt;\"><div>\n\n\n\nHi,<br>\n<br>\nWe&#39;re run apache gump (<a rel=\"nofollow\" class=\"ygrps-yiv-1447869647moz-txt-link-freetext\" target=\"_blank\" href=\"https://svn.apache.org/repos/asf/gump/trunk/\">https://svn.apache.org/repos/asf/gump/trunk/</a>)\nto\ntest a new JDK 8 early access releases from\n<a rel=\"nofollow\" class=\"ygrps-yiv-1447869647moz-txt-link-freetext\" target=\"_blank\" href=\"https://jdk8.java.net/download.html\">https://jdk8.java.net/download.html</a>\n<br>\nCame across a new failure staring with b94. Here is the log file with\nfailure in the build_junit_test-junit.html:<br>\n</div><h3>Command Line</h3>\n<pre>/usr/java/latest/bin/java\n        -Xbootclasspath/p:/home/dtftest/gump/results/xml-commons/java/external/build/xml-apis.jar:/home/dtftest/gump/results/xml-xerces2/build/xercesImpl.jar\n        org.apache.tools.ant.Main -Dgump.merge=/home/dtftest/gump/work/merge.xml\n        -Dbuild.sysclasspath=only -Ddist=gump-test </pre>\n<h3>Output</h3>\n<pre>Buildfile: /home/dtftest/gump/results/junit/build.xml\n  [taskdef] Could not load definitions from resource net/sf/antcontrib/antcontrib.properties. It could not be found.\n\nclean:\n   [delete] Deleting directory /home/dtftest/gump/results/junit/gump-test\n   [delete] Deleting directory /home/dtftest/gump/results/junit/target\n\ninit:\n\nversiontag:\n     [copy] Copying 1 file to /home/dtftest/gump/results/junit/src/main/java/junit/runner\n\nbuild:\n    [mkdir] Created dir: /home/dtftest/gump/results/junit/target/main\n    [javac] Compiling 179 source files to /home/dtftest/gump/results/junit/target/main\n    [javac] warning: [options] source value 1.5 is obsolete and will be removed in a future release\n    [javac] warning: [options] target value 1.5 is obsolete and will be removed in a future release\n    [javac] warning: [options] To suppress warnings about obsolete options, use -Xlint:-options.\n    [javac] Note: Some input files use or override a deprecated API.\n    [javac] Note: Recompile with -Xlint:deprecation for details.\n    [javac] 3 warnings\n    [javac] Creating empty /home/dtftest/gump/results/junit/target/main/org/junit/internal/requests/package-info.class\n    [javac] Creating empty /home/dtftest/gump/results/junit/target/main/org/junit/internal/runners/package-info.class\n    [javac] Creating empty /home/dtftest/gump/results/junit/target/main/org/junit/runner/package-info.class\n    [javac] Creating empty /home/dtftest/gump/results/junit/target/main/junit/framework/package-info.class\n    [javac] Creating empty /home/dtftest/gump/results/junit/target/main/org/junit/package-info.class\n    [javac] Creating empty /home/dtftest/gump/results/junit/target/main/org/junit/runner/notification/package-info.class\n    [javac] Creating empty /home/dtftest/gump/results/junit/target/main/junit/textui/package-info.class\n    [javac] Creating empty /home/dtftest/gump/results/junit/target/main/junit/extensions/package-info.class\n    [javac] Creating empty /home/dtftest/gump/results/junit/target/main/org/junit/runner/manipulation/package-info.class\n    [javac] Creating empty /home/dtftest/gump/results/junit/target/main/org/junit/runners/package-info.class\n    [javac] Creating empty /home/dtftest/gump/results/junit/target/main/junit/runner/package-info.class\n    [javac] Creating empty /home/dtftest/gump/results/junit/target/main/org/junit/matchers/package-info.class\n    [unjar] Expanding: /home/dtftest/gump/results/junit/lib/hamcrest-core-1.3.jar into /home/dtftest/gump/results/junit/target/main\n    [mkdir] Created dir: /home/dtftest/gump/results/junit/target/test/java\n    [javac] Compiling 182 source files to /home/dtftest/gump/results/junit/target/test/java\n    [javac] warning: [options] source value 1.5 is obsolete and will be removed in a future release\n    [javac] warning: [options] target value 1.5 is obsolete and will be removed in a future release\n    [javac] warning: [options] To suppress warnings about obsolete options, use -Xlint:-options.\n    [javac] Note: Some input files use or override a deprecated API.\n    [javac] Note: Recompile with -Xlint:deprecation for details.\n    [javac] 3 warnings\n    [javac] Creating empty /home/dtftest/gump/results/junit/target/test/java/junit/tests/framework/package-info.class\n    [javac] Creating empty /home/dtftest/gump/results/junit/target/test/java/junit/tests/runner/package-info.class\n    [javac] Creating empty /home/dtftest/gump/results/junit/target/test/java/junit/tests/extensions/package-info.class\n    [javac] Creating empty /home/dtftest/gump/results/junit/target/test/java/org/junit/samples/money/package-info.class\n    [javac] Creating empty /home/dtftest/gump/results/junit/target/test/java/junit/samples/money/package-info.class\n    [javac] Creating empty /home/dtftest/gump/results/junit/target/test/java/junit/samples/package-info.class\n    [javac] Creating empty /home/dtftest/gump/results/junit/target/test/java/junit/tests/package-info.class\n    [javac] Creating empty /home/dtftest/gump/results/junit/target/test/java/org/junit/samples/package-info.class\n    [javac] Creating empty /home/dtftest/gump/results/junit/target/test/java/org/junit/tests/package-info.class\n\njars:\n    [mkdir] Created dir: /home/dtftest/gump/results/junit/gump-test\n      [jar] Building jar: /home/dtftest/gump/results/junit/gump-test/junit-4.12-SNAPSHOT-src.jar\n      [jar] Building jar: /home/dtftest/gump/results/junit/gump-test/junit-4.12-SNAPSHOT.jar\n      [jar] Building jar: /home/dtftest/gump/results/junit/gump-test/junit-dep-4.12-SNAPSHOT.jar\n\nsamples-and-tests:\n     [copy] Copying 1046 files to /home/dtftest/gump/results/junit/gump-test\n\nunjar.hamcrest:\n    [unjar] Expanding: /home/dtftest/gump/results/junit/lib/hamcrest-core-1.3-sources.jar into /home/dtftest/gump/results/junit/gump-test/temp.hamcrest.source</pre>\n<pre>populate-dist:\n     [copy] Copying 53 files to /home/dtftest/gump/results/junit/gump-test/doc\n     [copy] Copying 1 file to /home/dtftest/gump/results/junit/gump-test\n     [copy] Copying 1 file to /home/dtftest/gump/results/junit/gump-test\n     [copy] Copying 1 file to /home/dtftest/gump/results/junit/gump-test\n     [copy] Copying 1 file to /home/dtftest/gump/results/junit/gump-test\n\ndist:\n     [java] JUnit version 4.12\n     [java] ....................................................................................................................................................................................................................................................................................................................................................I.I............................................E.....................................................................................................................................................................................................................................................................................................................................................................................................\n     [java] Time: 8.442\n     [java] There was 1 failure:\n     [java] 1) inaccessibleBaseClassIsCaughtAtValidation(org.junit.tests.validation.InaccessibleBaseClassTest)\n     [java] java.lang.AssertionError: Expected exception: org.junit.runners.model.InitializationError\n     [java] \tat org.junit.internal.runners.statements.ExpectException.evaluate(ExpectException.java:33)\n     [java] \tat org.junit.runners.ParentRunner.runLeaf(ParentRunner.java:274)\n     [java] \tat org.junit.runners.BlockJUnit4ClassRunner.runChild(BlockJUnit4ClassRunner.java:76)\n     [java] \tat org.junit.runners.BlockJUnit4ClassRunner.runChild(BlockJUnit4ClassRunner.java:55)\n     [java] \tat org.junit.runners.ParentRunner$3.run(ParentRunner.java:239)\n     [java] \tat org.junit.runners.ParentRunner$1.schedule(ParentRunner.java:64)\n     [java] \tat org.junit.runners.ParentRunner.runChildren(ParentRunner.java:237)\n     [java] \tat org.junit.runners.ParentRunner.access$000(ParentRunner.java:54)\n     [java] \tat org.junit.runners.ParentRunner$2.evaluate(ParentRunner.java:228)\n     [java] \tat org.junit.runners.ParentRunner.run(ParentRunner.java:312)\n     [java] \tat org.junit.runners.Suite.runChild(Suite.java:128)\n     [java] \tat org.junit.runners.Suite.runChild(Suite.java:27)\n     [java] \tat org.junit.runners.ParentRunner$3.run(ParentRunner.java:239)\n     [java] \tat org.junit.runners.ParentRunner$1.schedule(ParentRunner.java:64)\n     [java] \tat org.junit.runners.ParentRunner.runChildren(ParentRunner.java:237)\n     [java] \tat org.junit.runners.ParentRunner.access$000(ParentRunner.java:54)\n     [java] \tat org.junit.runners.ParentRunner$2.evaluate(ParentRunner.java:228)\n     [java] \tat org.junit.runners.ParentRunner.run(ParentRunner.java:312)\n     [java] \tat org.junit.runners.Suite.runChild(Suite.java:128)\n     [java] \tat org.junit.runners.Suite.runChild(Suite.java:27)\n     [java] \tat org.junit.runners.ParentRunner$3.run(ParentRunner.java:239)\n     [java] \tat org.junit.runners.ParentRunner$1.schedule(ParentRunner.java:64)\n     [java] \tat org.junit.runners.ParentRunner.runChildren(ParentRunner.java:237)\n     [java] \tat org.junit.runners.ParentRunner.access$000(ParentRunner.java:54)\n     [java] \tat org.junit.runners.ParentRunner$2.evaluate(ParentRunner.java:228)\n     [java] \tat org.junit.runners.ParentRunner.run(ParentRunner.java:312)\n     [java] \tat org.junit.runner.JUnitCore.run(JUnitCore.java:137)\n     [java] \tat org.junit.runner.JUnitCore.run(JUnitCore.java:115)\n     [java] \tat org.junit.runner.JUnitCore.runMain(JUnitCore.java:77)\n     [java] \tat org.junit.runner.JUnitCore.main(JUnitCore.java:36)\n     [java] \n     [java] FAILURES!!!\n     [java] Tests run: 774,  Failures: 1\n     [java] \n\nBUILD FAILED\n/home/dtftest/gump/results/junit/build.xml:211: The following error occurred while executing this line:\n/home/dtftest/gump/results/junit/build.xml:181: Java returned: 1\n\nTotal time: 28 seconds\n</pre>\n<div style=\"font-size:smaller;\" align=\"left\">Apache Gump, Gump, Apache,\nthe Apache feather logo, and the Apache Gump project logos are\ntrademarks of The Apache Software Foundation.<br>\n</div>\n<div style=\"font-size:smaller;\" align=\"left\">Any help is appreciated.\n</div>\nThanks,<br>\nLudmila</div></html></div>", 
    "prevInTime": 24433, 
    "specialLinks": [], 
    "contentTrasformed": false, 
    "postDate": "1381792934", 
    "canDelete": false, 
    "nextInTopic": 24435, 
    "prevInTopic": 0, 
    "headers": {
        "messageIdInHeader": "PDEzODE3OTI5MzQuNzIwMDEuWWFob29NYWlsTmVvQHdlYjE0MjgwMS5tYWlsLmJmMS55YWhvby5jb20+"
    }
}