{
    "numMessagesInTopic": 4, 
    "nextInTime": 24435, 
    "senderId": "PbIHXTPSoCUhOBB829ukVfYnPARVQCc-pvum18XbOiUeW2xbb6HNjspUJFnZ6nCwRLxVHfQdE1SU10uKi3Vj-cmIQGeUoRRcFC1DBIyi", 
    "systemMessage": false, 
    "subject": "test-junit failed", 
    "from": "Ludmila Shikhvarg &lt;shikhvarg@...&gt;", 
    "authorName": "Ludmila Shikhvarg", 
    "msgSnippet": "Hi, We re run apache gump (https://svn.apache.org/repos/asf/gump/trunk/) to test a new JDK 8 early access releases from https://jdk8.java.net/download.html ", 
    "msgId": 24434, 
    "rawEmail": "Return-Path: &lt;shikhvarg@...&gt;\r\nReceived: (qmail 2133 invoked by uid 7800); 14 Oct 2013 23:24:30 -0000\r\nX-Sender: shikhvarg@...\r\nX-Apparently-To: junit@yahoogroups.com\r\nX-Received: (qmail 94206 invoked by uid 102); 14 Oct 2013 23:22:35 -0000\r\nX-Received: from unknown (HELO mtaq1.grp.bf1.yahoo.com) (10.193.84.32)\n  by m8.grp.bf1.yahoo.com with SMTP; 14 Oct 2013 23:22:35 -0000\r\nX-Received: (qmail 24315 invoked from network); 14 Oct 2013 23:22:35 -0000\r\nX-Received: from unknown (HELO nm44.bullet.mail.ne1.yahoo.com) (98.138.120.51)\n  by mtaq1.grp.bf1.yahoo.com with SMTP; 14 Oct 2013 23:22:35 -0000\r\nX-Received: from [127.0.0.1] by nm44.bullet.mail.ne1.yahoo.com with NNFMP; 14 Oct 2013 23:22:34 -0000\r\nX-Received: from [98.138.90.52] by nm44.bullet.mail.ne1.yahoo.com with NNFMP; 14 Oct 2013 23:22:16 -0000\r\nX-Received: from [66.196.81.172] by tm5.bullet.mail.ne1.yahoo.com with NNFMP; 14 Oct 2013 23:22:15 -0000\r\nX-Received: from [98.139.212.214] by tm18.bullet.mail.bf1.yahoo.com with NNFMP; 14 Oct 2013 23:22:15 -0000\r\nX-Received: from [127.0.0.1] by omp1023.mail.bf1.yahoo.com with NNFMP; 14 Oct 2013 23:22:15 -0000\r\nX-Yahoo-Newman-Property: ymail-4\r\nX-Yahoo-Newman-Id: 417686.2190.bm@...\r\nX-Received: (qmail 72286 invoked by uid 60001); 14 Oct 2013 23:22:15 -0000\r\nX-YMail-OSG: bZp6nFIVM1nbalm6lDu8qDR6QB7CLrcasK9MoZ2wY8feRHA\n wk9eyG82HKx5JiFD_FKEPMGD6yLgguMjzr7g-\r\nX-Received: from [148.87.19.194] by web142801.mail.bf1.yahoo.com via HTTP; Mon, 14 Oct 2013 16:22:14 PDT\r\nX-Rocket-MIMEInfo: 002.001,SGksCgpXZSdyZSBydW4gYXBhY2hlIGd1bXAgKGh0dHBzOi8vc3ZuLmFwYWNoZS5vcmcvcmVwb3MvYXNmL2d1bXAvdHJ1bmsvKQp0bwp0ZXN0IGEgbmV3IEpESyA4IGVhcmx5IGFjY2VzcyByZWxlYXNlcyBmcm9tIGh0dHBzOi8vamRrOC5qYXZhLm5ldC9kb3dubG9hZC5odG1sIApDYW1lIGFjcm9zcyBhIG5ldyBmYWlsdXJlIHN0YXJpbmcgd2l0aCBiOTQuIEhlcmUgaXMgdGhlIGxvZyBmaWxlIHdpdGgKZmFpbHVyZSBpbiB0aGUgYnVpbGRfanVuaXRfdGVzdC1qdW5pdC5odG1sOgoKQ29tbWFuZCBMaW5lCi91c3IBMAEBAQE-\r\nX-Mailer: YahooMailWebService/0.8.160.587\r\nMessage-ID: &lt;1381792934.72001.YahooMailNeo@...&gt;\r\nDate: Mon, 14 Oct 2013 16:22:14 -0700 (PDT)\r\nTo: &quot;junit@yahoogroups.com&quot; &lt;junit@yahoogroups.com&gt;\r\nCc: &quot;shikhvarg@...&quot; &lt;shikhvarg@...&gt;\r\nMIME-Version: 1.0\r\nContent-Type: multipart/alternative; boundary=&quot;469468616-222691412-1381792934=:72001&quot;\r\nX-eGroups-Msg-Info: 1:12:0:0:0\r\nFrom: Ludmila Shikhvarg &lt;shikhvarg@...&gt;\r\nReply-To: Ludmila Shikhvarg &lt;shikhvarg@...&gt;\r\nSubject: test-junit failed\r\nX-Yahoo-Group-Post: member; u=557902293; y=mLKy6Kq3Zivo40ew7Yy7rMJzC8Y10NtqmzQHTOyoTURd_dqw\r\nX-Yahoo-Profile: shikhvarg\r\nX-eGroups-Approved-By: dsaff &lt;david@...&gt; via email; 14 Oct 2013 23:24:30 -0000\r\n\r\n\r\n--469468616-222691412-1381792934=:72001\r\nContent-Type: text/plain; charset=us-ascii\r\n\r\nHi,\n\nWe&#39;re run apache gump (https://svn.apache.org/repos/asf/gump/trunk/)\nto\ntest a new JDK 8 early access releases from https://jdk8.java.net/download.html \nCame across a new failure staring with b94. Here is the log file with\nfailure in the build_junit_test-junit.html:\n\nCommand Line\n/usr/java/latest/bin/java -Xbootclasspath/p:/home/dtftest/gump/results/xml-commons/java/external/build/xml-apis.jar:/home/dtftest/gump/results/xml-xerces2/build/xercesImpl.jar org.apache.tools.ant.Main -Dgump.merge=/home/dtftest/gump/work/merge.xml -Dbuild.sysclasspath=only -Ddist=gump-test \nOutput\nBuildfile: /home/dtftest/gump/results/junit/build.xml [taskdef] Could not load definitions from resource net/sf/antcontrib/antcontrib.properties. It could not be found. clean: [delete] Deleting directory /home/dtftest/gump/results/junit/gump-test [delete] Deleting directory /home/dtftest/gump/results/junit/target init: versiontag: [copy] Copying 1 file to /home/dtftest/gump/results/junit/src/main/java/junit/runner build: [mkdir] Created dir: /home/dtftest/gump/results/junit/target/main [javac] Compiling 179 source files to /home/dtftest/gump/results/junit/target/main [javac] warning: [options] source value 1.5 is obsolete and will be removed in a future release [javac] warning: [options] target value 1.5 is obsolete and will be removed in a future release [javac] warning: [options] To suppress warnings about obsolete options, use -Xlint:-options. [javac] Note: Some input files use or override a deprecated API. [javac] Note: Recompile with\n -Xlint:deprecation for details. [javac] 3 warnings [javac] Creating empty /home/dtftest/gump/results/junit/target/main/org/junit/internal/requests/package-info.class [javac] Creating empty /home/dtftest/gump/results/junit/target/main/org/junit/internal/runners/package-info.class [javac] Creating empty /home/dtftest/gump/results/junit/target/main/org/junit/runner/package-info.class [javac] Creating empty /home/dtftest/gump/results/junit/target/main/junit/framework/package-info.class [javac] Creating empty /home/dtftest/gump/results/junit/target/main/org/junit/package-info.class [javac] Creating empty /home/dtftest/gump/results/junit/target/main/org/junit/runner/notification/package-info.class [javac] Creating empty /home/dtftest/gump/results/junit/target/main/junit/textui/package-info.class [javac] Creating empty /home/dtftest/gump/results/junit/target/main/junit/extensions/package-info.class [javac] Creating empty\n /home/dtftest/gump/results/junit/target/main/org/junit/runner/manipulation/package-info.class [javac] Creating empty /home/dtftest/gump/results/junit/target/main/org/junit/runners/package-info.class [javac] Creating empty /home/dtftest/gump/results/junit/target/main/junit/runner/package-info.class [javac] Creating empty /home/dtftest/gump/results/junit/target/main/org/junit/matchers/package-info.class [unjar] Expanding: /home/dtftest/gump/results/junit/lib/hamcrest-core-1.3.jar into /home/dtftest/gump/results/junit/target/main [mkdir] Created dir: /home/dtftest/gump/results/junit/target/test/java [javac] Compiling 182 source files to /home/dtftest/gump/results/junit/target/test/java [javac] warning: [options] source value 1.5 is obsolete and will be removed in a future release [javac] warning: [options] target value 1.5 is obsolete and will be removed in a future release [javac] warning: [options] To suppress warnings about obsolete options, use\n -Xlint:-options. [javac] Note: Some input files use or override a deprecated API. [javac] Note: Recompile with -Xlint:deprecation for details. [javac] 3 warnings [javac] Creating empty /home/dtftest/gump/results/junit/target/test/java/junit/tests/framework/package-info.class [javac] Creating empty /home/dtftest/gump/results/junit/target/test/java/junit/tests/runner/package-info.class [javac] Creating empty /home/dtftest/gump/results/junit/target/test/java/junit/tests/extensions/package-info.class [javac] Creating empty /home/dtftest/gump/results/junit/target/test/java/org/junit/samples/money/package-info.class [javac] Creating empty /home/dtftest/gump/results/junit/target/test/java/junit/samples/money/package-info.class [javac] Creating empty /home/dtftest/gump/results/junit/target/test/java/junit/samples/package-info.class [javac] Creating empty /home/dtftest/gump/results/junit/target/test/java/junit/tests/package-info.class [javac] Creating empty\n /home/dtftest/gump/results/junit/target/test/java/org/junit/samples/package-info.class [javac] Creating empty /home/dtftest/gump/results/junit/target/test/java/org/junit/tests/package-info.class jars: [mkdir] Created dir: /home/dtftest/gump/results/junit/gump-test [jar] Building jar: /home/dtftest/gump/results/junit/gump-test/junit-4.12-SNAPSHOT-src.jar [jar] Building jar: /home/dtftest/gump/results/junit/gump-test/junit-4.12-SNAPSHOT.jar [jar] Building jar: /home/dtftest/gump/results/junit/gump-test/junit-dep-4.12-SNAPSHOT.jar samples-and-tests: [copy] Copying 1046 files to /home/dtftest/gump/results/junit/gump-test unjar.hamcrest: [unjar] Expanding: /home/dtftest/gump/results/junit/lib/hamcrest-core-1.3-sources.jar into /home/dtftest/gump/results/junit/gump-test/temp.hamcrest.source\npopulate-dist: [copy] Copying 53 files to /home/dtftest/gump/results/junit/gump-test/doc [copy] Copying 1 file to /home/dtftest/gump/results/junit/gump-test [copy] Copying 1 file to /home/dtftest/gump/results/junit/gump-test [copy] Copying 1 file to /home/dtftest/gump/results/junit/gump-test [copy] Copying 1 file to /home/dtftest/gump/results/junit/gump-test dist: [java] JUnit version 4.12 [java]\n ....................................................................................................................................................................................................................................................................................................................................................I.I............................................E..................................................................................................................................................................................................................................................................................................................................................................................................... [java] Time: 8.442 [java] There was 1 failure: [java] 1) inaccessibleBaseClassIsCaughtAtValidation(org.junit.tests.validation.InaccessibleBaseClassTest) [java] java.lang.AssertionError:\n Expected exception: org.junit.runners.model.InitializationError [java] \tat org.junit.internal.runners.statements.ExpectException.evaluate(ExpectException.java:33) [java] \tat org.junit.runners.ParentRunner.runLeaf(ParentRunner.java:274) [java] \tat org.junit.runners.BlockJUnit4ClassRunner.runChild(BlockJUnit4ClassRunner.java:76) [java] \tat org.junit.runners.BlockJUnit4ClassRunner.runChild(BlockJUnit4ClassRunner.java:55) [java] \tat org.junit.runners.ParentRunner$3.run(ParentRunner.java:239) [java] \tat org.junit.runners.ParentRunner$1.schedule(ParentRunner.java:64) [java] \tat org.junit.runners.ParentRunner.runChildren(ParentRunner.java:237) [java] \tat org.junit.runners.ParentRunner.access$000(ParentRunner.java:54) [java] \tat org.junit.runners.ParentRunner$2.evaluate(ParentRunner.java:228) [java] \tat org.junit.runners.ParentRunner.run(ParentRunner.java:312) [java] \tat org.junit.runners.Suite.runChild(Suite.java:128) [java] \tat\n org.junit.runners.Suite.runChild(Suite.java:27) [java] \tat org.junit.runners.ParentRunner$3.run(ParentRunner.java:239) [java] \tat org.junit.runners.ParentRunner$1.schedule(ParentRunner.java:64) [java] \tat org.junit.runners.ParentRunner.runChildren(ParentRunner.java:237) [java] \tat org.junit.runners.ParentRunner.access$000(ParentRunner.java:54) [java] \tat org.junit.runners.ParentRunner$2.evaluate(ParentRunner.java:228) [java] \tat org.junit.runners.ParentRunner.run(ParentRunner.java:312) [java] \tat org.junit.runners.Suite.runChild(Suite.java:128) [java] \tat org.junit.runners.Suite.runChild(Suite.java:27) [java] \tat org.junit.runners.ParentRunner$3.run(ParentRunner.java:239) [java] \tat org.junit.runners.ParentRunner$1.schedule(ParentRunner.java:64) [java] \tat org.junit.runners.ParentRunner.runChildren(ParentRunner.java:237) [java] \tat org.junit.runners.ParentRunner.access$000(ParentRunner.java:54) [java] \tat\n org.junit.runners.ParentRunner$2.evaluate(ParentRunner.java:228) [java] \tat org.junit.runners.ParentRunner.run(ParentRunner.java:312) [java] \tat org.junit.runner.JUnitCore.run(JUnitCore.java:137) [java] \tat org.junit.runner.JUnitCore.run(JUnitCore.java:115) [java] \tat org.junit.runner.JUnitCore.runMain(JUnitCore.java:77) [java] \tat org.junit.runner.JUnitCore.main(JUnitCore.java:36) [java]  [java] FAILURES!!! [java] Tests run: 774,  Failures: 1 [java]  BUILD FAILED\n/home/dtftest/gump/results/junit/build.xml:211: The following error occurred while executing this line:\n/home/dtftest/gump/results/junit/build.xml:181: Java returned: 1 Total time: 28 seconds \nApache Gump, Gump, Apache,\nthe Apache feather logo, and the Apache Gump project logos are\ntrademarks of The Apache Software Foundation.\n\nAny help is appreciated. Thanks,\nLudmila\r\n--469468616-222691412-1381792934=:72001\r\nContent-Type: text/html; charset=us-ascii\r\n\r\n&lt;html&gt;&lt;body&gt;&lt;div style=&quot;color:#000; background-color:#fff; font-family:HelveticaNeue, Helvetica Neue, Helvetica, Arial, Lucida Grande, sans-serif;font-size:12pt&quot;&gt;&lt;div&gt;\n\n\n\nHi,&lt;br&gt;\n&lt;br&gt;\nWe&#39;re run apache gump (&lt;a class=&quot;moz-txt-link-freetext&quot; href=&quot;https://svn.apache.org/repos/asf/gump/trunk/&quot;&gt;https://svn.apache.org/repos/asf/gump/trunk/&lt;/a&gt;)\nto\ntest a new JDK 8 early access releases from\n&lt;a class=&quot;moz-txt-link-freetext&quot; href=&quot;https://jdk8.java.net/download.html&quot;&gt;https://jdk8.java.net/download.html&lt;/a&gt;\n&lt;br&gt;\nCame across a new failure staring with b94. Here is the log file with\nfailure in the build_junit_test-junit.html:&lt;br&gt;\n&lt;/div&gt;&lt;h3&gt;Command Line&lt;/h3&gt;\n&lt;pre&gt;/usr/java/latest/bin/java\n        -Xbootclasspath/p:/home/dtftest/gump/results/xml-commons/java/external/build/xml-apis.jar:/home/dtftest/gump/results/xml-xerces2/build/xercesImpl.jar\n        org.apache.tools.ant.Main -Dgump.merge=/home/dtftest/gump/work/merge.xml\n        -Dbuild.sysclasspath=only -Ddist=gump-test &lt;/pre&gt;\n&lt;h3&gt;Output&lt;/h3&gt;\n&lt;pre&gt;Buildfile: /home/dtftest/gump/results/junit/build.xml\n  [taskdef] Could not load definitions from resource net/sf/antcontrib/antcontrib.properties. It could not be found.\n\nclean:\n   [delete] Deleting directory /home/dtftest/gump/results/junit/gump-test\n   [delete] Deleting directory /home/dtftest/gump/results/junit/target\n\ninit:\n\nversiontag:\n     [copy] Copying 1 file to /home/dtftest/gump/results/junit/src/main/java/junit/runner\n\nbuild:\n    [mkdir] Created dir: /home/dtftest/gump/results/junit/target/main\n    [javac] Compiling 179 source files to /home/dtftest/gump/results/junit/target/main\n    [javac] warning: [options] source value 1.5 is obsolete and will be removed in a future release\n    [javac] warning: [options] target value 1.5 is obsolete and will be removed in a future release\n    [javac] warning: [options] To suppress warnings about obsolete options, use -Xlint:-options.\n    [javac] Note: Some input files use or override a deprecated API.\n    [javac] Note: Recompile with -Xlint:deprecation for details.\n    [javac] 3 warnings\n    [javac] Creating empty /home/dtftest/gump/results/junit/target/main/org/junit/internal/requests/package-info.class\n    [javac] Creating empty /home/dtftest/gump/results/junit/target/main/org/junit/internal/runners/package-info.class\n    [javac] Creating empty /home/dtftest/gump/results/junit/target/main/org/junit/runner/package-info.class\n    [javac] Creating empty /home/dtftest/gump/results/junit/target/main/junit/framework/package-info.class\n    [javac] Creating empty /home/dtftest/gump/results/junit/target/main/org/junit/package-info.class\n    [javac] Creating empty /home/dtftest/gump/results/junit/target/main/org/junit/runner/notification/package-info.class\n    [javac] Creating empty /home/dtftest/gump/results/junit/target/main/junit/textui/package-info.class\n    [javac] Creating empty /home/dtftest/gump/results/junit/target/main/junit/extensions/package-info.class\n    [javac] Creating empty /home/dtftest/gump/results/junit/target/main/org/junit/runner/manipulation/package-info.class\n    [javac] Creating empty /home/dtftest/gump/results/junit/target/main/org/junit/runners/package-info.class\n    [javac] Creating empty /home/dtftest/gump/results/junit/target/main/junit/runner/package-info.class\n    [javac] Creating empty /home/dtftest/gump/results/junit/target/main/org/junit/matchers/package-info.class\n    [unjar] Expanding: /home/dtftest/gump/results/junit/lib/hamcrest-core-1.3.jar into /home/dtftest/gump/results/junit/target/main\n    [mkdir] Created dir: /home/dtftest/gump/results/junit/target/test/java\n    [javac] Compiling 182 source files to /home/dtftest/gump/results/junit/target/test/java\n    [javac] warning: [options] source value 1.5 is obsolete and will be removed in a future release\n    [javac] warning: [options] target value 1.5 is obsolete and will be removed in a future release\n    [javac] warning: [options] To suppress warnings about obsolete options, use -Xlint:-options.\n    [javac] Note: Some input files use or override a deprecated API.\n    [javac] Note: Recompile with -Xlint:deprecation for details.\n    [javac] 3 warnings\n    [javac] Creating empty /home/dtftest/gump/results/junit/target/test/java/junit/tests/framework/package-info.class\n    [javac] Creating empty /home/dtftest/gump/results/junit/target/test/java/junit/tests/runner/package-info.class\n    [javac] Creating empty /home/dtftest/gump/results/junit/target/test/java/junit/tests/extensions/package-info.class\n    [javac] Creating empty /home/dtftest/gump/results/junit/target/test/java/org/junit/samples/money/package-info.class\n    [javac] Creating empty /home/dtftest/gump/results/junit/target/test/java/junit/samples/money/package-info.class\n    [javac] Creating empty /home/dtftest/gump/results/junit/target/test/java/junit/samples/package-info.class\n    [javac] Creating empty /home/dtftest/gump/results/junit/target/test/java/junit/tests/package-info.class\n    [javac] Creating empty /home/dtftest/gump/results/junit/target/test/java/org/junit/samples/package-info.class\n    [javac] Creating empty /home/dtftest/gump/results/junit/target/test/java/org/junit/tests/package-info.class\n\njars:\n    [mkdir] Created dir: /home/dtftest/gump/results/junit/gump-test\n      [jar] Building jar: /home/dtftest/gump/results/junit/gump-test/junit-4.12-SNAPSHOT-src.jar\n      [jar] Building jar: /home/dtftest/gump/results/junit/gump-test/junit-4.12-SNAPSHOT.jar\n      [jar] Building jar: /home/dtftest/gump/results/junit/gump-test/junit-dep-4.12-SNAPSHOT.jar\n\nsamples-and-tests:\n     [copy] Copying 1046 files to /home/dtftest/gump/results/junit/gump-test\n\nunjar.hamcrest:\n    [unjar] Expanding: /home/dtftest/gump/results/junit/lib/hamcrest-core-1.3-sources.jar into /home/dtftest/gump/results/junit/gump-test/temp.hamcrest.source&lt;/pre&gt;\n&lt;pre&gt;populate-dist:\n     [copy] Copying 53 files to /home/dtftest/gump/results/junit/gump-test/doc\n     [copy] Copying 1 file to /home/dtftest/gump/results/junit/gump-test\n     [copy] Copying 1 file to /home/dtftest/gump/results/junit/gump-test\n     [copy] Copying 1 file to /home/dtftest/gump/results/junit/gump-test\n     [copy] Copying 1 file to /home/dtftest/gump/results/junit/gump-test\n\ndist:\n     [java] JUnit version 4.12\n     [java] ....................................................................................................................................................................................................................................................................................................................................................I.I............................................E.....................................................................................................................................................................................................................................................................................................................................................................................................\n     [java] Time: 8.442\n     [java] There was 1 failure:\n     [java] 1) inaccessibleBaseClassIsCaughtAtValidation(org.junit.tests.validation.InaccessibleBaseClassTest)\n     [java] java.lang.AssertionError: Expected exception: org.junit.runners.model.InitializationError\n     [java] \tat org.junit.internal.runners.statements.ExpectException.evaluate(ExpectException.java:33)\n     [java] \tat org.junit.runners.ParentRunner.runLeaf(ParentRunner.java:274)\n     [java] \tat org.junit.runners.BlockJUnit4ClassRunner.runChild(BlockJUnit4ClassRunner.java:76)\n     [java] \tat org.junit.runners.BlockJUnit4ClassRunner.runChild(BlockJUnit4ClassRunner.java:55)\n     [java] \tat org.junit.runners.ParentRunner$3.run(ParentRunner.java:239)\n     [java] \tat org.junit.runners.ParentRunner$1.schedule(ParentRunner.java:64)\n     [java] \tat org.junit.runners.ParentRunner.runChildren(ParentRunner.java:237)\n     [java] \tat org.junit.runners.ParentRunner.access$000(ParentRunner.java:54)\n     [java] \tat org.junit.runners.ParentRunner$2.evaluate(ParentRunner.java:228)\n     [java] \tat org.junit.runners.ParentRunner.run(ParentRunner.java:312)\n     [java] \tat org.junit.runners.Suite.runChild(Suite.java:128)\n     [java] \tat org.junit.runners.Suite.runChild(Suite.java:27)\n     [java] \tat org.junit.runners.ParentRunner$3.run(ParentRunner.java:239)\n     [java] \tat org.junit.runners.ParentRunner$1.schedule(ParentRunner.java:64)\n     [java] \tat org.junit.runners.ParentRunner.runChildren(ParentRunner.java:237)\n     [java] \tat org.junit.runners.ParentRunner.access$000(ParentRunner.java:54)\n     [java] \tat org.junit.runners.ParentRunner$2.evaluate(ParentRunner.java:228)\n     [java] \tat org.junit.runners.ParentRunner.run(ParentRunner.java:312)\n     [java] \tat org.junit.runners.Suite.runChild(Suite.java:128)\n     [java] \tat org.junit.runners.Suite.runChild(Suite.java:27)\n     [java] \tat org.junit.runners.ParentRunner$3.run(ParentRunner.java:239)\n     [java] \tat org.junit.runners.ParentRunner$1.schedule(ParentRunner.java:64)\n     [java] \tat org.junit.runners.ParentRunner.runChildren(ParentRunner.java:237)\n     [java] \tat org.junit.runners.ParentRunner.access$000(ParentRunner.java:54)\n     [java] \tat org.junit.runners.ParentRunner$2.evaluate(ParentRunner.java:228)\n     [java] \tat org.junit.runners.ParentRunner.run(ParentRunner.java:312)\n     [java] \tat org.junit.runner.JUnitCore.run(JUnitCore.java:137)\n     [java] \tat org.junit.runner.JUnitCore.run(JUnitCore.java:115)\n     [java] \tat org.junit.runner.JUnitCore.runMain(JUnitCore.java:77)\n     [java] \tat org.junit.runner.JUnitCore.main(JUnitCore.java:36)\n     [java] \n     [java] FAILURES!!!\n     [java] Tests run: 774,  Failures: 1\n     [java] \n\nBUILD FAILED\n/home/dtftest/gump/results/junit/build.xml:211: The following error occurred while executing this line:\n/home/dtftest/gump/results/junit/build.xml:181: Java returned: 1\n\nTotal time: 28 seconds\n&lt;/pre&gt;\n&lt;div style=&quot;font-size: smaller;&quot; align=&quot;left&quot;&gt;Apache Gump, Gump, Apache,\nthe Apache feather logo, and the Apache Gump project logos are\ntrademarks of The Apache Software Foundation.&lt;br&gt;\n&lt;/div&gt;\n&lt;div style=&quot;font-size: smaller;&quot; align=&quot;left&quot;&gt;Any help is appreciated.\n&lt;/div&gt;\nThanks,&lt;br&gt;\nLudmila&lt;/div&gt;&lt;/body&gt;&lt;/html&gt;\r\n--469468616-222691412-1381792934=:72001--\r\n\n", 
    "profile": "shikhvarg", 
    "topicId": 24434, 
    "spamInfo": {
        "reason": "12", 
        "isSpam": false
    }, 
    "replyTo": "LIST", 
    "userId": 557902293, 
    "prevInTime": 24433, 
    "contentTrasformed": false, 
    "postDate": "1381792934", 
    "canDelete": false, 
    "nextInTopic": 24435, 
    "prevInTopic": 0, 
    "headers": {
        "messageIdInHeader": "PDEzODE3OTI5MzQuNzIwMDEuWWFob29NYWlsTmVvQHdlYjE0MjgwMS5tYWlsLmJmMS55YWhvby5jb20+"
    }
}