{
    "numMessagesInTopic": 6, 
    "nextInTime": 24767, 
    "senderId": "2Aw-GnXF26kfeytXQznZ8KK8UBJMvvzDy3ij9HD6fYqp0tADwIS7MyrKlORnsNJkB1VGWgI3EI5zLzebpcpJtTm7a2gsFP3CBgtJNXDI6MNq0l5_4b5NeeE_R96v", 
    "systemMessage": false, 
    "subject": "Re: [junit] Running ActiveTestSuite from command line", 
    "from": "=?UTF-8?Q?Kevin_Cooney_=E2=98=95?= &lt;kcooney@...&gt;", 
    "authorName": "Kevin Cooney â˜•", 
    "msgSnippet": "You might want to ask on a Gradle forum. Note that there were some thread-safety issues fixed in JUnit 4.12, so if you are using an earlier version you may", 
    "msgId": 24766, 
    "rawEmail": "Return-Path: &lt;kcooney@...&gt;\r\nReceived: (qmail 5804 invoked by uid 7800); 2 May 2017 20:26:32 -0000\r\nX-Sender: kcooney@...\r\nX-Apparently-To: junit@yahoogroups.com\r\nX-Received: (qmail 31781 invoked by uid 102); 2 May 2017 20:12:43 -0000\r\nX-Received: from unknown (HELO mtaq2.grp.bf1.yahoo.com) (10.193.84.33)\n  by m3.grp.bf1.yahoo.com with SMTP; 2 May 2017 20:12:43 -0000\r\nX-Received: (qmail 17229 invoked from network); 2 May 2017 20:12:43 -0000\r\nX-Received: from unknown (HELO mta1006.groups.mail.ne1.yahoo.com) (98.138.100.121)\n  by mtaq2.grp.bf1.yahoo.com with SMTP; 2 May 2017 20:12:43 -0000\r\nX-Original-Return-Path: &lt;kcooney@...&gt;\r\nX-Received-SPF: pass (domain of gmail.com designates 209.85.216.182 as permitted sender)\r\nX-YMailISG: F3rNda8WLDsIcs_8811fBwOsUk8f5jBYn_cMIBL1qMQsLxQ_\n aepKOzEuX5_LLJuBIeiRBxoDLiIgzqd0dl8KWH7FBbXfexYspo0V4GApdYm3\n gfS9HsitMGSKQU4cWEg_DFEIgIjqP4LxRK8Znv5g.dVIEwskVFzf43lKzmkb\n 7_OrBph0.NXaEq3X13mjlSTC6WmL.msjyeRAhqWmz8U7RtXzD3EU8N2czojU\n lt7GTyhgTjEYDqrwjGYBd0Rn3saS4dB5z4arFgjumH_sKE_VV1k2t.ByBI6k\n r5epT2EwoAYDQFbCBPfg1.vxmNJsUj4azm8Cb5_v9POZnO2jq3qUN94DfXNQ\n mzbIq8VSNSvUFrTsxCfwvGEyq9ILYXib5kYNXaLqDEihhA_NVpHD3yu_SvNU\n l2sz0qHq.zSj8Oolw4AZoif6kBkEva_LHUQ38L9l120yDuPgtVHfmVPBlft6\n lfWKF0WoCAqLTFStpg4QL.vGqXN2jajOsZ_DZXH.FBGi5kpjw4.glVUiYXFB\n m.54pFghYploOg1r_mzeZKJuTB7sif858YvKNUKdLMgguCwTRZ_Yc5KbSCfx\n PY5Rdn8ajBvPoSn.xCW3n2azoznNvODmm4g5mzoKyd1FnZR.lTckhDrs.Rp7\n eW8X7yN_t6NK3tsuhqfrufPJzlKA1DU_Oj6sbMp2_dcxbFnBKjru.6eZAgVW\n 9l_Dt3SOof8kMhsIWZG.7vGXD_vAYdN2SOKYfyaB4XuhMMKT3__3Xn0zCgKG\n k6ruChm0VG4CSrDlvmV2Vz8qIC0.jCBi05gvWAhT98r1ykw4AsicmMyDb24M\n cW0I_JmY3ms6IheAxvjAqUEZirG5qBoD1GUHz91vE_lI_PUKOoJpTt02FsVu\n KU8dn5yS2oAxeRKZLI5_5BRubQCpltimmHc8jDyGqAbtnAkwTxv42g0HiCm9\n 7Z.kG17iwwymZ60DDYS51xF4SdxnQidbhIf567z_6gYr6YgZmUTZuk7JOb4Y\n IP5okmcMtKXTV.8oRhsxNq1w1XvaWu7Mqsdyx_u7A0V78zOFjOWhbg1qBU17\n 4AsUQipFKdte9Kny5QpOMwzYo7rmdZKLXgzC4UvxeYtimgeFwuQUInLU5wlc\n 8_ts6lXj48sA7QInjpCkOK8hNOA3B9LqI9.2wE2UzmAlmUpldaRG4xlrSOnW\n GKMSJprCN2SBPwb9VwVdfB4TT54DMvGsqPRDhndfNDNyKR2qfPv9z5FPiK5.\n oS2B2_qEv0EBU1ZYTgU3OhJa_9TiGlJVBZb8pt7MBioahH7DTiQ211Z9YY1H\n 2DuQBrLZbHIfS_tBvBZItdnUbzUYaGHop53zVKDvci3XJzn4.dcjQ46oet6B\n Kxm49KaMHS3rmsmC.TZ7qOUT23zk6dKrG.znCggvvHGX60zDqZmBEELl8RTQ\n uWLi6ztQmRgeqUyhz0ZREQzHmF1MqI7LArvF0asne9QRddYECLs9BblSjFmI\n qnVN7_qhrC.qjA--\r\nAuthentication-Results: mta1006.groups.mail.ne1.yahoo.com  from=gmail.com; domainkeys=neutral (no sig);  from=gmail.com; dkim=pass (ok)\r\nX-Received: from 127.0.0.1  (EHLO mail-qt0-f182.google.com) (209.85.216.182)\n  by mta1006.groups.mail.ne1.yahoo.com with SMTPS; Tue, 02 May 2017 20:12:43 +0000\r\nX-Received: by mail-qt0-f182.google.com with SMTP id c45so121971988qtb.1\n        for &lt;junit@yahoogroups.com&gt;; Tue, 02 May 2017 13:12:43 -0700 (PDT)\r\nX-Google-DKIM-Signature: v=1; a=rsa-sha256; c=relaxed/relaxed;\n        d=1e100.net; s=20161025;\n        h=x-gm-message-state:mime-version:in-reply-to:references:from:date\n         :message-id:subject:to;\n        bh=IMQfo4dCXUL5WZ1/uEPnzOsdaG7alkVjpvImhh01ii8=;\n        b=JS+6qdAhToUOS1T8336zfPYrJVS0cIs6OSoyJdSbHUO/Dp5Xsl5fGt6V8qq/0zecV6\n         ONs31fJ2LN22f/rrGdzhj4Wkc/bKSCr9epRholfAtxZK1VsfPbMQm4AMFMC3+a75QOkO\n         aIzq5IlhUF2CxhED+XVKpK4TTNmwjLFkYaqt+saRzfxjJyQH+0NrNF0A6Elfjj6v9DBM\n         IjqAEnSUMdtBf3P8R9V4RwGnaVTde02RrQTRR70UhsVGeWIXKnq6aHkg6YCZJrDGyRQz\n         Nzot2kCmjPvsHV1eHc8R9QwGMOjefXEM6AckQjcO+87u+Ak0mDFaoLTdx4taSwb6MTLb\n         L11g==\r\nX-Gm-Message-State: AN3rC/4pIZ224v9NdB37P+hiW129YfvUTCZuuL52Pd6l5BMRIRC0r/+8\n\t4OCdQC+3jSpf8fA47/i/IIEg3UmgffMS\r\nX-Received: by 10.200.40.151 with SMTP id i23mr27457104qti.146.1493755962788;\n Tue, 02 May 2017 13:12:42 -0700 (PDT)\r\nMIME-Version: 1.0\r\nX-Received: by 10.140.38.138 with HTTP; Tue, 2 May 2017 13:12:22 -0700 (PDT)\r\nIn-Reply-To: &lt;oe99lg+j6b779@...&gt;\r\nReferences: &lt;oe99lg+j6b779@...&gt;\r\nDate: Tue, 2 May 2017 13:12:22 -0700\r\nMessage-ID: &lt;CADW0UySjwyEqNPLaW2YSpESTL6XifaNibOqeJLTNcLJeeo17sA@...&gt;\r\nTo: junit@yahoogroups.com\r\nContent-Type: multipart/alternative; boundary=001a113f1eae8b29bf054e902990\r\nSubject: Re: [junit] Running ActiveTestSuite from command line\r\nX-Yahoo-Group-Post: member; u=347643069; y=hV6eoa1N8l6do7otAffCyrlGw1nqO7UQ2eVqRpV1XrD80c0YZquF_w\r\nX-Yahoo-Profile: kevinwcooney\r\nX-Original-From: =?UTF-8?Q?Kevin_Cooney_=E2=98=95?= &lt;kcooney@...&gt;\r\nX-eGroups-Approved-By: dsaff &lt;david@...&gt; via email; 2 May 2017 20:26:32 -0000\r\nFrom: =?UTF-8?Q?Kevin_Cooney_=E2=98=95?= &lt;kcooney@...&gt;\r\n\r\n\r\n--001a113f1eae8b29bf054e902990\r\nContent-Type: text/plain; charset=UTF-8\r\nContent-Transfer-Encoding: quoted-printable\r\n\r\nYou might want to ask on a Gradle forum.\n\nNote that there were some thread-=\r\nsafety issues fixed in JUnit 4.12, so if\nyou are using an earlier version y=\r\nou may want to upgrade.\n\n-- Kevin\n\nOn Mon, May 1, 2017 at 11:50 PM, jonatho=\r\nnjshields@... [junit] &lt;\njunit@yahoogroups.com&gt; wrote:\n\n&gt;\n&gt;\n&gt; Hi all,\n=\r\n&gt;\n&gt;\n&gt; I have a requirement to run the same set of tests concurrently(in sep=\r\narate\n&gt; threads), after doing some digging about I came across ActiveTestSu=\r\nite.\n&gt; I&#39;ve seen some posts re an equivalent mechanism in JUnit 4, as of ye=\r\nt I&#39;ve\n&gt; not seen a suggested out of the box supported mechanism for JUnit =\r\n4. So\n&gt; I&#39;ve continued down the path of ActiveTestSuite, I&#39;m happy to be to=\r\nld there\n&gt; is a different mechanism now.\n&gt;\n&gt;\n&gt; So to the issues I&#39;m having,=\r\n I eventually got my test suite running, our\n&gt; custom base test classes nee=\r\nd so updates to be thread safe. So I have two\n&gt; identical test suites added=\r\n to the ActiveTestSuite and its running in 3500\n&gt; tests successfully in Ecl=\r\nipse. The issue arrises when I try to execute the\n&gt; test suite on the comma=\r\nnd line. Unfortunately(for me) the test execution\n&gt; must be done via Gradle=\r\n, I&#39;m relatively new to Gradle, so I&#39;m not sure if\n&gt; the issue I&#39;m having i=\r\ns solely a Gradle JUnit integration issue or if there\n&gt; is a general issue =\r\nwith running the test suite from the command line. I\n&gt; haven&#39;t came across =\r\nany real examples of it being used from the command\n&gt; line.\n&gt;\n&gt;\n&gt; So the ty=\r\npes of errors I&#39;m getting seem to be unexpected JUnit lifecycle\n&gt; errors:\n&gt;=\r\n\n&gt;\n&gt;\n&gt;     java.lang.AssertionError: Unexpected start event for\n&gt; test_inse=\r\nrt_positiveFlow_allFields(my.test.MemberTest)\n&gt;\n&gt;     at org.gradle.api.int=\r\nernal.tasks.testing.junit.JUnitTestEventAdapter.\n&gt; testStarted(JUnitTestEve=\r\nntAdapter.java:56)\n&gt;\n&gt;     at org.junit.runner.notification.RunNotifier$3.n=\r\notifyListener(\n&gt; RunNotifier.java:87)\n&gt;\n&gt;\n&gt;\n&gt; and\n&gt;\n&gt;\n&gt;     java.lang.Asser=\r\ntionError\n&gt;\n&gt;     at org.gradle.api.internal.tasks.testing.processors.\n&gt; Te=\r\nstOutputRedirector.setOutputOwner(TestOutputRedirector.java:49)\n&gt;\n&gt;     at =\r\norg.gradle.api.internal.tasks.testing.processors.\n&gt; CaptureTestOutputTestRe=\r\nsultProcessor.completed(\n&gt; CaptureTestOutputTestResultProcessor.java:80)\n&gt;\n=\r\n&gt;     at org.gradle.api.internal.tasks.testing.results.\n&gt; AttachParentTestR=\r\nesultProcessor.completed(AttachParentTestResultProcesso\n&gt; r.java:56)\n&gt;\n&gt;   =\r\n  at org.gradle.api.internal.tasks.testing.results.\n&gt; AttachParentTestResul=\r\ntProcessor.completed(AttachParentTestResultProcesso\n&gt; r.java:56)\n&gt;\n&gt;     at=\r\n org.gradle.api.internal.tasks.testing.junit.\n&gt; TestClassExecutionEventGene=\r\nrator.completed(TestClassExecutionEventGenerat\n&gt; or.java:83)\n&gt;\n&gt;\n&gt; There ar=\r\ne other similar unexpected event assertions thrown during the test\n&gt; execut=\r\nion. I&#39;ve dug about a bit and can&#39;t see any examples of the\n&gt; ActiveTestSui=\r\nte and Gradle(or Ant etc....) with respect to this type of\n&gt; issue.\n&gt;\n&gt;\n&gt; T=\r\nhe task I&#39;ve declared is:\n&gt;\n&gt;\n&gt;     task parallelTestSuite(type: Test){\n&gt;\n&gt;=\r\n\n&gt;         //gradle.startParameter.continueOnFailure =3D true\n&gt;\n&gt;         s=\r\ncanForTestClasses =3D false\n&gt;\n&gt;         includes =3D [&#39;**/*MyActiveTestSuit=\r\ne.class&#39;]\n&gt;\n&gt;\n&gt;\n&gt;     environment &quot;SERVER_DIR&quot;, &quot;.&quot;\n&gt;\n&gt;     maxHeapSize =3D=\r\n &quot;1024m&quot;\n&gt;\n&gt;\n&gt;     workingDir &quot;../../&quot;\n&gt;\n&gt;     afterTest { desc, result -&gt;\n=\r\n&gt;\n&gt;     println &quot;Executing test ${desc.name} [${desc.className}] with resul=\r\nt:\n&gt; ${result.resultType}&quot;\n&gt;\n&gt;     }\n&gt;\n&gt;\n&gt;     }\n&gt;\n&gt;\n&gt; I&#39;ve tried setting t=\r\nhe fork behaviour but to be honest the default\n&gt; configuration is what I wa=\r\nnt, i.e. parallel threads in the same JVM. Any\n&gt; help much appreciated\n&gt;\n&gt;\n=\r\n&gt; Thanks.\n&gt;\n&gt;\n&gt; \n&gt;\n\r\n--001a113f1eae8b29bf054e902990\r\nContent-Type: text/html; charset=UTF-8\r\nContent-Transfer-Encoding: quoted-printable\r\n\r\n&lt;div dir=3D&quot;ltr&quot;&gt;You might want to ask on a Gradle forum.&lt;div&gt;&lt;br&gt;&lt;/div&gt;&lt;di=\r\nv&gt;Note that there were some thread-safety issues fixed in JUnit 4.12, so if=\r\n you are using an earlier version you may want to upgrade.&lt;/div&gt;&lt;div class=\r\n=3D&quot;gmail_extra&quot;&gt;&lt;div&gt;&lt;div class=3D&quot;gmail_signature&quot; data-smartmail=3D&quot;gmai=\r\nl_signature&quot;&gt;&lt;br&gt;-- Kevin&lt;br&gt;&lt;/div&gt;&lt;/div&gt;\n&lt;br&gt;&lt;div class=3D&quot;gmail_quote&quot;&gt;On=\r\n Mon, May 1, 2017 at 11:50 PM, &lt;a href=3D&quot;mailto:jonathonjshields@...=\r\n&quot;&gt;jonathonjshields@...&lt;/a&gt; [junit] &lt;span dir=3D&quot;ltr&quot;&gt;&lt;&lt;a href=3D&quot;m=\r\nailto:junit@yahoogroups.com&quot; target=3D&quot;_blank&quot;&gt;junit@yahoogroups.com&lt;/a&gt;&gt=\r\n;&lt;/span&gt; wrote:&lt;br&gt;&lt;blockquote class=3D&quot;gmail_quote&quot; style=3D&quot;margin:0 0 0 =\r\n.8ex;border-left:1px #ccc solid;padding-left:1ex&quot;&gt;\n\n\n&lt;u&gt;&lt;/u&gt;\n\n\n\n\n\n\n\n\n\n \n&lt;di=\r\nv style=3D&quot;background-color:#fff&quot;&gt;\n&lt;span style=3D&quot;display:none&quot;&gt;=C2=A0&lt;/spa=\r\nn&gt;\n\n\n&lt;div id=3D&quot;m_5805016091483623086ygrp-mlmsg&quot;&gt;\n  &lt;div id=3D&quot;m_5805016091=\r\n483623086ygrp-msg&quot;&gt;\n\n\n    &lt;div id=3D&quot;m_5805016091483623086ygrp-text&quot;&gt;\n     =\r\n \n      \n      &lt;p&gt;&lt;/p&gt;&lt;p&gt;Hi all,&lt;/p&gt;&lt;p&gt;&lt;br&gt;&lt;/p&gt;&lt;p&gt;I have a requirement to r=\r\nun the same set of tests concurrently(in separate threads), after doing som=\r\ne digging about I came across ActiveTestSuite. I&#39;ve seen some posts re =\r\nan equivalent mechanism in JUnit 4, as of yet I&#39;ve not seen a suggested=\r\n out of the box supported mechanism for JUnit 4. So I&#39;ve continued down=\r\n the path of ActiveTestSuite, I&#39;m happy to be told there is a different=\r\n mechanism now.&lt;/p&gt;&lt;p&gt;&lt;br&gt;&lt;/p&gt;&lt;p&gt;So to the issues I&#39;m having, I eventua=\r\nlly got my test suite running, our custom base test classes need so updates=\r\n to be thread safe. So I have two identical test suites added to the Active=\r\nTestSuite and its running in 3500 tests successfully in Eclipse. The issue =\r\narrises when I try to execute the test suite on the command line. Unfortuna=\r\ntely(for me) the test execution must be done via Gradle, I&#39;m relatively=\r\n new to Gradle, so I&#39;m not sure if the issue I&#39;m having is solely a=\r\n Gradle JUnit integration issue or if there is a general issue with running=\r\n the test suite from the command line. I haven&#39;t came across any real e=\r\nxamples of it being used from the command line.&lt;/p&gt;&lt;p&gt;&lt;br&gt;&lt;/p&gt;&lt;p&gt;So the typ=\r\nes of errors I&#39;m getting seem to be unexpected JUnit lifecycle errors:&lt;=\r\n/p&gt;&lt;p&gt;&lt;br&gt;&lt;/p&gt;&lt;p&gt;&lt;br&gt;&lt;/p&gt;&lt;p&gt;&lt;span style=3D&quot;font-style:italic&quot;&gt;=C2=A0 =C2=A0=\r\n java.lang.AssertionError: Unexpected start event for test_insert_positiveF=\r\nlow_&lt;wbr&gt;allFields(my.test.MemberTest)&lt;/span&gt;&lt;/p&gt;&lt;p&gt;&lt;span style=3D&quot;font-sty=\r\nle:italic&quot;&gt;=C2=A0 =C2=A0 &lt;span class=3D&quot;m_5805016091483623086Apple-tab-span=\r\n&quot; style=3D&quot;white-space:pre-wrap&quot;&gt;\t&lt;/span&gt;at org.gradle.api.internal.tasks.&lt;=\r\nwbr&gt;testing.junit.&lt;wbr&gt;JUnitTestEventAdapter.&lt;wbr&gt;testStarted(&lt;wbr&gt;JUnitTes=\r\ntEventAdapter.java:56)&lt;/span&gt;&lt;/p&gt;&lt;p&gt;&lt;span style=3D&quot;font-style:italic&quot;&gt;=C2=\r\n=A0 =C2=A0 &lt;span class=3D&quot;m_5805016091483623086Apple-tab-span&quot; style=3D&quot;whi=\r\nte-space:pre-wrap&quot;&gt;\t&lt;/span&gt;at org.junit.runner.notification.&lt;wbr&gt;RunNotifie=\r\nr$3.notifyListener(&lt;wbr&gt;RunNotifier.java:87&lt;/span&gt;)&lt;/p&gt;&lt;p&gt;&lt;br&gt;&lt;/p&gt;&lt;p&gt;&lt;br&gt;&lt;/=\r\np&gt;&lt;p&gt;and=C2=A0&lt;/p&gt;&lt;p&gt;&lt;br&gt;&lt;/p&gt;&lt;p&gt;&lt;span style=3D&quot;font-style:italic&quot;&gt;=C2=A0 =\r\n=C2=A0 java.lang.AssertionError&lt;/span&gt;&lt;/p&gt;&lt;p&gt;&lt;span style=3D&quot;font-style:ital=\r\nic&quot;&gt;=C2=A0 =C2=A0 &lt;span class=3D&quot;m_5805016091483623086Apple-tab-span&quot; style=\r\n=3D&quot;white-space:pre-wrap&quot;&gt;\t&lt;/span&gt;at org.gradle.api.internal.tasks.&lt;wbr&gt;tes=\r\nting.processors.&lt;wbr&gt;TestOutputRedirector.&lt;wbr&gt;setOutputOwner(&lt;wbr&gt;TestOutp=\r\nutRedirector.java:49)&lt;/span&gt;&lt;/p&gt;&lt;p&gt;&lt;span style=3D&quot;font-style:italic&quot;&gt;=C2=A0=\r\n =C2=A0 &lt;span class=3D&quot;m_5805016091483623086Apple-tab-span&quot; style=3D&quot;white-=\r\nspace:pre-wrap&quot;&gt;\t&lt;/span&gt;at org.gradle.api.internal.tasks.&lt;wbr&gt;testing.proce=\r\nssors.&lt;wbr&gt;CaptureTestOutputTestResultPro&lt;wbr&gt;cessor.completed(&lt;wbr&gt;Capture=\r\nTestOutputTestResultPro&lt;wbr&gt;cessor.java:80)&lt;/span&gt;&lt;/p&gt;&lt;p&gt;&lt;span style=3D&quot;fon=\r\nt-style:italic&quot;&gt;=C2=A0 =C2=A0 &lt;span class=3D&quot;m_5805016091483623086Apple-tab=\r\n-span&quot; style=3D&quot;white-space:pre-wrap&quot;&gt;\t&lt;/span&gt;at org.gradle.api.internal.ta=\r\nsks.&lt;wbr&gt;testing.results.&lt;wbr&gt;AttachParentTestResultProcesso&lt;wbr&gt;r.complete=\r\nd(&lt;wbr&gt;AttachParentTestResultProcesso&lt;wbr&gt;r.java:56)&lt;/span&gt;&lt;/p&gt;&lt;p&gt;&lt;span sty=\r\nle=3D&quot;font-style:italic&quot;&gt;=C2=A0 =C2=A0 &lt;span class=3D&quot;m_5805016091483623086=\r\nApple-tab-span&quot; style=3D&quot;white-space:pre-wrap&quot;&gt;\t&lt;/span&gt;at org.gradle.api.in=\r\nternal.tasks.&lt;wbr&gt;testing.results.&lt;wbr&gt;AttachParentTestResultProcesso&lt;wbr&gt;r=\r\n.completed(&lt;wbr&gt;AttachParentTestResultProcesso&lt;wbr&gt;r.java:56)&lt;/span&gt;&lt;/p&gt;&lt;p&gt;=\r\n&lt;span style=3D&quot;font-style:italic&quot;&gt;=C2=A0 =C2=A0 &lt;span class=3D&quot;m_5805016091=\r\n483623086Apple-tab-span&quot; style=3D&quot;white-space:pre-wrap&quot;&gt;\t&lt;/span&gt;at org.grad=\r\nle.api.internal.tasks.&lt;wbr&gt;testing.junit.&lt;wbr&gt;TestClassExecutionEventGenera=\r\nt&lt;wbr&gt;or.completed(&lt;wbr&gt;TestClassExecutionEventGenerat&lt;wbr&gt;or.java:83)&lt;/spa=\r\nn&gt;&lt;/p&gt;&lt;p&gt;&lt;br&gt;&lt;/p&gt;&lt;p&gt;There are other similar unexpected event assertions thr=\r\nown during the test execution. I&#39;ve dug about a bit and can&#39;t see a=\r\nny examples of the ActiveTestSuite and Gradle(or Ant etc....) with respect =\r\nto this type of issue.=C2=A0&lt;/p&gt;&lt;p&gt;&lt;br&gt;&lt;/p&gt;&lt;p&gt;The task I&#39;ve declared is=\r\n:&lt;/p&gt;&lt;p&gt;&lt;br&gt;&lt;/p&gt;&lt;p&gt;&lt;span style=3D&quot;font-style:italic&quot;&gt;=C2=A0 =C2=A0 task par=\r\nallelTestSuite(type: Test){&lt;/span&gt;&lt;/p&gt;&lt;p&gt;&lt;span style=3D&quot;font-style:italic&quot;&gt;=\r\n&lt;br&gt;&lt;/span&gt;&lt;/p&gt;&lt;p&gt;&lt;span style=3D&quot;font-style:italic&quot;&gt;=C2=A0 =C2=A0 =C2=A0 =\r\n=C2=A0 //gradle.startParameter.&lt;wbr&gt;continueOnFailure =3D true&lt;/span&gt;&lt;/p&gt;&lt;p=\r\n&gt;&lt;span style=3D&quot;font-style:italic&quot;&gt;=C2=A0 =C2=A0 =C2=A0 =C2=A0 scanForTestC=\r\nlasses =3D false&lt;/span&gt;&lt;/p&gt;&lt;p&gt;&lt;span style=3D&quot;font-style:italic&quot;&gt;=C2=A0 =C2=\r\n=A0 =C2=A0 =C2=A0 includes =3D [&#39;**/*MyActiveTestSuite.class&#39;&lt;wbr&gt;]=\r\n&lt;/span&gt;&lt;/p&gt;&lt;p&gt;&lt;span style=3D&quot;font-style:italic&quot;&gt;=C2=A0 =C2=A0 =C2=A0 &lt;span =\r\nclass=3D&quot;m_5805016091483623086Apple-tab-span&quot; style=3D&quot;white-space:pre-wrap=\r\n&quot;&gt;\t&lt;/span&gt;&lt;/span&gt;&lt;/p&gt;&lt;p&gt;&lt;span style=3D&quot;font-style:italic&quot;&gt;=C2=A0 =C2=A0 &lt;sp=\r\nan class=3D&quot;m_5805016091483623086Apple-tab-span&quot; style=3D&quot;white-space:pre-w=\r\nrap&quot;&gt;\t&lt;/span&gt;environment &quot;SERVER_DIR&quot;, &quot;.&quot;&lt;/span&gt;&lt;/p&gt;&lt;p=\r\n&gt;&lt;span style=3D&quot;font-style:italic&quot;&gt;=C2=A0 =C2=A0 &lt;span class=3D&quot;m_580501609=\r\n1483623086Apple-tab-span&quot; style=3D&quot;white-space:pre-wrap&quot;&gt;\t&lt;/span&gt;maxHeapSiz=\r\ne =3D &quot;1024m&quot;&lt;/span&gt;&lt;/p&gt;&lt;p&gt;&lt;span style=3D&quot;font-style:italic&quot;&gt;&lt;br&gt;=\r\n&lt;/span&gt;&lt;/p&gt;&lt;p&gt;&lt;span style=3D&quot;font-style:italic&quot;&gt;=C2=A0 =C2=A0 &lt;span class=\r\n=3D&quot;m_5805016091483623086Apple-tab-span&quot; style=3D&quot;white-space:pre-wrap&quot;&gt;\t&lt;/=\r\nspan&gt;workingDir &quot;../../&quot;&lt;/span&gt;&lt;/p&gt;&lt;p&gt;&lt;span style=3D&quot;font-style:i=\r\ntalic&quot;&gt;=C2=A0 =C2=A0 &lt;span class=3D&quot;m_5805016091483623086Apple-tab-span&quot; st=\r\nyle=3D&quot;white-space:pre-wrap&quot;&gt;\t&lt;/span&gt;afterTest { desc, result -&gt;&lt;/span&gt;&lt;=\r\n/p&gt;&lt;p&gt;&lt;span style=3D&quot;font-style:italic&quot;&gt;=C2=A0 =C2=A0 &lt;span class=3D&quot;m_5805=\r\n016091483623086Apple-tab-span&quot; style=3D&quot;white-space:pre-wrap&quot;&gt;\t\t&lt;/span&gt;prin=\r\ntln &quot;Executing test ${&lt;a href=3D&quot;http://desc.name&quot; target=3D&quot;_blank&quot;&gt;d=\r\nesc.name&lt;/a&gt;} [${desc.className}] with result: ${result.resultType}&quot;&lt;/=\r\nspan&gt;&lt;/p&gt;&lt;p&gt;&lt;span style=3D&quot;font-style:italic&quot;&gt;=C2=A0 =C2=A0 &lt;span class=3D&quot;=\r\nm_5805016091483623086Apple-tab-span&quot; style=3D&quot;white-space:pre-wrap&quot;&gt;\t&lt;/span=\r\n&gt;}&lt;/span&gt;&lt;/p&gt;&lt;p&gt;&lt;span style=3D&quot;font-style:italic&quot;&gt;&lt;br&gt;&lt;/span&gt;&lt;/p&gt;&lt;p&gt;&lt;span s=\r\ntyle=3D&quot;font-style:italic&quot;&gt;=C2=A0 =C2=A0 }&lt;/span&gt;&lt;/p&gt;&lt;p&gt;&lt;br&gt;&lt;/p&gt;&lt;p&gt;I&#39;ve=\r\n tried setting the fork behaviour but to be honest the default configuratio=\r\nn is what I want, i.e. parallel threads in the same JVM. Any help much appr=\r\neciated&lt;/p&gt;&lt;p&gt;&lt;br&gt;&lt;/p&gt;&lt;p&gt;&lt;span&gt;&lt;/span&gt;&lt;/p&gt;&lt;p&gt;Thanks.&lt;/p&gt;&lt;p&gt;&lt;span&gt;&lt;br class=\r\n=3D&quot;m_5805016091483623086yui-cursor&quot;&gt;&lt;/span&gt;&lt;/p&gt;&lt;p&gt;&lt;/p&gt;\n\n    &lt;/div&gt;\n     \n\n=\r\n    \n    &lt;div style=3D&quot;color:#fff;height:0&quot;&gt;&lt;/div&gt;\n\n\n&lt;/div&gt;\n\n\n\n  \n\n\n\n\n\n\n&lt;/b=\r\nlockquote&gt;&lt;/div&gt;&lt;br&gt;&lt;/div&gt;&lt;/div&gt;\n\r\n--001a113f1eae8b29bf054e902990--\r\n\n", 
    "profile": "kevinwcooney", 
    "topicId": 24765, 
    "spamInfo": {
        "reason": "0", 
        "isSpam": false
    }, 
    "replyTo": "LIST", 
    "userId": 347643069, 
    "prevInTime": 24765, 
    "contentTrasformed": false, 
    "postDate": "1493755942", 
    "canDelete": false, 
    "nextInTopic": 24767, 
    "prevInTopic": 24765, 
    "headers": {
        "inReplyToHeader": "PG9lOTlsZytqNmI3NzlAWWFob29Hcm91cHMuY29tPg==", 
        "messageIdInHeader": "PENBRFcwVXlTand5RXFOUExhVzJZU3BFU1RMNlhpZmFOaWJPcWVKTFROY0xKZWVvMTdzQUBtYWlsLmdtYWlsLmNvbT4=", 
        "referencesHeader": "PG9lOTlsZytqNmI3NzlAWWFob29Hcm91cHMuY29tPg=="
    }
}