{
    "numMessagesInTopic": 2, 
    "nextInTime": 258, 
    "senderId": "aGLI9BVabO-ZESQWNHUAvWMcv5myFoPSpOMAVwZMFyIg-WR5w6wt-VT9pdpkr8H9RGnjaFl4do5jxNZvRMFR4pBIrrYKuKct", 
    "systemMessage": false, 
    "subject": "can&#39;t install junit", 
    "from": "&quot;Peter Bismuti&quot; &lt;peterb@...&gt;", 
    "authorName": "Peter Bismuti", 
    "msgSnippet": "$ java junit.textui.TestRunner junit.samples.AllTests ..........................................................................F.F..E. Time: 2.979 FAILURES!!!", 
    "msgId": 257, 
    "topicId": 257, 
    "spamInfo": {
        "reason": "0", 
        "isSpam": false
    }, 
    "replyTo": "LIST", 
    "userId": 0, 
    "messageBody": "<div id=\"ygrps-yiv-1160602839\">\n<html><head>\n \n \n<style></style>\n</head>\n \n<div><br></div>\n<div><font face=\"Arial\" size=\"2\">$ java junit.textui.TestRunner \njunit.samples.AllTests \n<br>..........................................................................F.F..E.<br></font></div>\n<div><font face=\"Arial\" size=\"2\">Time: 2.979</font></div>\n<div>&nbsp;</div>\n<div><font face=\"Arial\" size=\"2\">FAILURES!!!<br>Test Results:<br>Run: 78 Failures: 2 \nErrors: 1<br>There was 1 error:<br>1) \ntestClassLoading(junit.tests.TestTestCaseClassLoader)<br>java.lang.ClassNotFoundException<br>&nbsp;&nbsp;&nbsp;&nbsp;&nbsp;&nbsp;&nbsp; \nat junit.runner.TestCaseClassLoader.lookupClassData(TestCaseClassLoader.java, \nCompiled Code)<br>&nbsp;&nbsp;&nbsp;&nbsp;&nbsp;&nbsp;&nbsp; at \njunit.runner.TestCaseClassLoader.loadClass(TestCaseClassLoader.java, Compiled \nCode)<br>&nbsp;&nbsp;&nbsp;&nbsp;&nbsp;&nbsp;&nbsp; at \njunit.tests.TestTestCaseClassLoader.testClassLoading(TestTestCaseClassLoader.java, \nCompiled Code)<br>&nbsp;&nbsp;&nbsp;&nbsp;&nbsp;&nbsp;&nbsp; at \njava.lang.reflect.Method.invoke(Native \nMethod)<br>&nbsp;&nbsp;&nbsp;&nbsp;&nbsp;&nbsp;&nbsp; at \njunit.framework.TestCase.runTest(TestCase.java, Compiled \nCode)<br>&nbsp;&nbsp;&nbsp;&nbsp;&nbsp;&nbsp;&nbsp; at \njunit.framework.TestCase.runBare(TestCase.java, Compiled \nCode)<br>&nbsp;&nbsp;&nbsp;&nbsp;&nbsp;&nbsp;&nbsp; at \njunit.framework.TestResult$1.protect(TestResult.java, Compiled \nCode)<br>&nbsp;&nbsp;&nbsp;&nbsp;&nbsp;&nbsp;&nbsp; at \njunit.framework.TestResult.runProtected(TestResult.java, Compiled \nCode)<br>&nbsp;&nbsp;&nbsp;&nbsp;&nbsp;&nbsp;&nbsp; at \njunit.framework.TestResult.run(TestResult.java, Compiled \nCode)<br>&nbsp;&nbsp;&nbsp;&nbsp;&nbsp;&nbsp;&nbsp; at \njunit.framework.TestCase.run(TestCase.java, Compiled \nCode)<br>&nbsp;&nbsp;&nbsp;&nbsp;&nbsp;&nbsp;&nbsp; at \njunit.framework.TestSuite.runTest(TestSuite.java, Compiled \nCode)<br>&nbsp;&nbsp;&nbsp;&nbsp;&nbsp;&nbsp;&nbsp; at \njunit.framework.TestSuite.run(TestSuite.java, Compiled \nCode)<br>&nbsp;&nbsp;&nbsp;&nbsp;&nbsp;&nbsp;&nbsp; at \njunit.framework.TestSuite.runTest(TestSuite.java, Compiled \nCode)<br>&nbsp;&nbsp;&nbsp;&nbsp;&nbsp;&nbsp;&nbsp; at \njunit.framework.TestSuite.run(TestSuite.java, Compiled \nCode)<br>&nbsp;&nbsp;&nbsp;&nbsp;&nbsp;&nbsp;&nbsp; at \njunit.framework.TestSuite.runTest(TestSuite.java, Compiled \nCode)<br>&nbsp;&nbsp;&nbsp;&nbsp;&nbsp;&nbsp;&nbsp; at \njunit.framework.TestSuite.run(TestSuite.java, Compiled \nCode)<br>&nbsp;&nbsp;&nbsp;&nbsp;&nbsp;&nbsp;&nbsp; at \njunit.textui.TestRunner.doRun(TestRunner.java, Compiled \nCode)<br>&nbsp;&nbsp;&nbsp;&nbsp;&nbsp;&nbsp;&nbsp; at \njunit.textui.TestRunner.start(TestRunner.java, Compiled \nCode)<br>&nbsp;&nbsp;&nbsp;&nbsp;&nbsp;&nbsp;&nbsp; at \njunit.textui.TestRunner.main(TestRunner.java, Compiled Code)<br>There were 2 \nfailures:<br>1) testError(junit.tests.TextRunnerTest) &quot;expected:&lt;-1&gt; but \nwas:&lt;255&gt;&quot;<br>2) testFailure(junit.tests.TextRunnerTest) \n&quot;expected:&lt;-1&gt; but was:&lt;255&gt;&quot;<br></font></div></html></div>", 
    "prevInTime": 256, 
    "specialLinks": [], 
    "contentTrasformed": false, 
    "postDate": "979933113", 
    "canDelete": false, 
    "nextInTopic": 265, 
    "prevInTopic": 0, 
    "headers": {
        "messageIdInHeader": "PDAwOTkwMWMwODI0ZiQ2YmRmNTZjMCQyNThlYTJkMUBjb3J0bGFuZC5jb20+"
    }
}