{
    "topicId": 257, 
    "postDate": "979933113", 
    "spamInfo": {
        "reason": "0", 
        "isSpam": false
    }, 
    "from": "&quot;Peter Bismuti&quot; &lt;peterb@...&gt;", 
    "canDelete": false, 
    "replyTo": "LIST", 
    "senderId": "9Qj13s8kUx7GiJOaa4lq2RipJy2HdopAuxDpA95c9mPF6mz7ZfHC_6MaS_0-CBfdz6tBk9LA9dCWAMPqhYcn6j80TeWrTbHo", 
    "nextInTime": 258, 
    "userId": 0, 
    "prevInTime": 256, 
    "prevInTopic": 0, 
    "headers": {
        "messageIdInHeader": "PDAwOTkwMWMwODI0ZiQ2YmRmNTZjMCQyNThlYTJkMUBjb3J0bGFuZC5jb20+"
    }, 
    "authorName": "Peter Bismuti", 
    "numMessagesInTopic": 2, 
    "msgSnippet": "$ java junit.textui.TestRunner junit.samples.AllTests ..........................................................................F.F..E. Time: 2.979 FAILURES!!!", 
    "contentTrasformed": false, 
    "msgId": 257, 
    "nextInTopic": 265, 
    "systemMessage": false, 
    "rawEmail": "Return-Path: &lt;peterb@...&gt;\r\nX-Sender: peterb@...\r\nX-Apparently-To: junit@egroups.com\r\nReceived: (EGP: mail-7_0_1_2); 19 Jan 2001 18:57:48 -0000\r\nReceived: (qmail 40251 invoked from network); 19 Jan 2001 18:48:49 -0000\r\nReceived: from unknown (10.1.10.26) by l7.egroups.com with QMQP; 19 Jan 2001 18:48:49 -0000\r\nReceived: from unknown (HELO pssgweb1.PSSG.COM) (207.108.218.42) by mta1 with SMTP; 19 Jan 2001 18:48:48 -0000\r\nReceived: from peterb (ROUGHNECK [209.162.142.37]) by pssgweb1.PSSG.COM with SMTP (Microsoft Exchange Internet Mail Service Version 5.5.2650.21) id C2TB5QDS; Fri, 19 Jan 2001 10:53:53 -0800\r\nMessage-ID: &lt;009901c0824f$6bdf56c0$258ea2d1@...&gt;\r\nTo: &lt;junit@egroups.com&gt;\r\nSubject: can&#39;t install junit\r\nDate: Fri, 19 Jan 2001 11:38:33 -0800\r\nOrganization: Logical\r\nMIME-Version: 1.0\r\nContent-Type: multipart/alternative; boundary=&quot;----=_NextPart_000_0096_01C0820C.5A97F360&quot;\r\nX-Priority: 3\r\nX-MSMail-Priority: Normal\r\nX-Mailer: Microsoft Outlook Express 5.50.4522.1200\r\nX-MimeOLE: Produced By Microsoft MimeOLE V5.50.4522.1200\r\nFrom: &quot;Peter Bismuti&quot; &lt;peterb@...&gt;\r\n\r\n\r\n------=_NextPart_000_0096_01C0820C.5A97F360\r\nContent-Type: text/plain;\n\tcharset=&quot;iso-8859-1&quot;\r\nContent-Transfer-Encoding: quoted-printable\r\n\r\n\n\n$ java junit.textui.TestRunner junit.samples.AllTests \n..................=\r\n........................................................F.F..E.\n\nTime: 2.97=\r\n9\n\nFAILURES!!!\nTest Results:\nRun: 78 Failures: 2 Errors: 1\nThere was 1 erro=\r\nr:\n1) testClassLoading(junit.tests.TestTestCaseClassLoader)\njava.lang.Class=\r\nNotFoundException\n        at junit.runner.TestCaseClassLoader.lookupClassDa=\r\nta(TestCaseClassLoader.java, Compiled Code)\n        at junit.runner.TestCas=\r\neClassLoader.loadClass(TestCaseClassLoader.java, Compiled Code)\n        at =\r\njunit.tests.TestTestCaseClassLoader.testClassLoading(TestTestCaseClassLoade=\r\nr.java, Compiled Code)\n        at java.lang.reflect.Method.invoke(Native Me=\r\nthod)\n        at junit.framework.TestCase.runTest(TestCase.java, Compiled C=\r\node)\n        at junit.framework.TestCase.runBare(TestCase.java, Compiled Co=\r\nde)\n        at junit.framework.TestResult$1.protect(TestResult.java, Compil=\r\ned Code)\n        at junit.framework.TestResult.runProtected(TestResult.java=\r\n, Compiled Code)\n        at junit.framework.TestResult.run(TestResult.java,=\r\n Compiled Code)\n        at junit.framework.TestCase.run(TestCase.java, Comp=\r\niled Code)\n        at junit.framework.TestSuite.runTest(TestSuite.java, Com=\r\npiled Code)\n        at junit.framework.TestSuite.run(TestSuite.java, Compil=\r\ned Code)\n        at junit.framework.TestSuite.runTest(TestSuite.java, Compi=\r\nled Code)\n        at junit.framework.TestSuite.run(TestSuite.java, Compiled=\r\n Code)\n        at junit.framework.TestSuite.runTest(TestSuite.java, Compile=\r\nd Code)\n        at junit.framework.TestSuite.run(TestSuite.java, Compiled C=\r\node)\n        at junit.textui.TestRunner.doRun(TestRunner.java, Compiled Cod=\r\ne)\n        at junit.textui.TestRunner.start(TestRunner.java, Compiled Code)=\r\n\n        at junit.textui.TestRunner.main(TestRunner.java, Compiled Code)\nTh=\r\nere were 2 failures:\n1) testError(junit.tests.TextRunnerTest) &quot;expected:&lt;-1=\r\n&gt; but was:&lt;255&gt;&quot;\n2) testFailure(junit.tests.TextRunnerTest) &quot;expected:&lt;-1&gt; =\r\nbut was:&lt;255&gt;&quot;\n\n\r\n------=_NextPart_000_0096_01C0820C.5A97F360\r\nContent-Type: text/html;\n\tcharset=&quot;iso-8859-1&quot;\r\nContent-Transfer-Encoding: quoted-printable\r\n\r\n&lt;!DOCTYPE HTML PUBLIC &quot;-//W3C//DTD HTML 4.0 Transitional//EN&quot;&gt;\n&lt;HTML&gt;&lt;HEAD&gt;=\r\n\n&lt;META http-equiv=3DContent-Type content=3D&quot;text/html; charset=3Diso-8859-1=\r\n&quot;&gt;\n&lt;META content=3D&quot;MSHTML 5.50.4522.1800&quot; name=3DGENERATOR&gt;\n&lt;STYLE&gt;&lt;/STYLE=\r\n&gt;\n&lt;/HEAD&gt;\n&lt;BODY bgColor=3D#ffffff&gt;\n&lt;DIV&gt;&lt;BR&gt;&lt;/DIV&gt;\n&lt;DIV&gt;&lt;FONT face=3DArial =\r\nsize=3D2&gt;$ java junit.textui.TestRunner \njunit.samples.AllTests \n&lt;BR&gt;......=\r\n....................................................................F.F..E.=\r\n&lt;BR&gt;&lt;/FONT&gt;&lt;/DIV&gt;\n&lt;DIV&gt;&lt;FONT face=3DArial size=3D2&gt;Time: 2.979&lt;/FONT&gt;&lt;/DIV&gt;=\r\n\n&lt;DIV&gt;&nbsp;&lt;/DIV&gt;\n&lt;DIV&gt;&lt;FONT face=3DArial size=3D2&gt;FAILURES!!!&lt;BR&gt;Test Res=\r\nults:&lt;BR&gt;Run: 78 Failures: 2 \nErrors: 1&lt;BR&gt;There was 1 error:&lt;BR&gt;1) \ntestCl=\r\nassLoading(junit.tests.TestTestCaseClassLoader)&lt;BR&gt;java.lang.ClassNotFoundE=\r\nxception&lt;BR&gt;&nbsp;&nbsp;&nbsp;&nbsp;&nbsp;&nbsp;&nbsp; \nat junit.runner.Tes=\r\ntCaseClassLoader.lookupClassData(TestCaseClassLoader.java, \nCompiled Code)&lt;=\r\nBR&gt;&nbsp;&nbsp;&nbsp;&nbsp;&nbsp;&nbsp;&nbsp; at \njunit.runner.TestCaseClas=\r\nsLoader.loadClass(TestCaseClassLoader.java, Compiled \nCode)&lt;BR&gt;&nbsp;&nbsp;=\r\n&nbsp;&nbsp;&nbsp;&nbsp;&nbsp; at \njunit.tests.TestTestCaseClassLoader.test=\r\nClassLoading(TestTestCaseClassLoader.java, \nCompiled Code)&lt;BR&gt;&nbsp;&nbsp;&=\r\nnbsp;&nbsp;&nbsp;&nbsp;&nbsp; at \njava.lang.reflect.Method.invoke(Native \nM=\r\nethod)&lt;BR&gt;&nbsp;&nbsp;&nbsp;&nbsp;&nbsp;&nbsp;&nbsp; at \njunit.framework.Te=\r\nstCase.runTest(TestCase.java, Compiled \nCode)&lt;BR&gt;&nbsp;&nbsp;&nbsp;&nbsp;&n=\r\nbsp;&nbsp;&nbsp; at \njunit.framework.TestCase.runBare(TestCase.java, Compil=\r\ned \nCode)&lt;BR&gt;&nbsp;&nbsp;&nbsp;&nbsp;&nbsp;&nbsp;&nbsp; at \njunit.framework=\r\n.TestResult$1.protect(TestResult.java, Compiled \nCode)&lt;BR&gt;&nbsp;&nbsp;&nbsp=\r\n;&nbsp;&nbsp;&nbsp;&nbsp; at \njunit.framework.TestResult.runProtected(TestR=\r\nesult.java, Compiled \nCode)&lt;BR&gt;&nbsp;&nbsp;&nbsp;&nbsp;&nbsp;&nbsp;&nbsp; a=\r\nt \njunit.framework.TestResult.run(TestResult.java, Compiled \nCode)&lt;BR&gt;&nbsp=\r\n;&nbsp;&nbsp;&nbsp;&nbsp;&nbsp;&nbsp; at \njunit.framework.TestCase.run(Test=\r\nCase.java, Compiled \nCode)&lt;BR&gt;&nbsp;&nbsp;&nbsp;&nbsp;&nbsp;&nbsp;&nbsp; at=\r\n \njunit.framework.TestSuite.runTest(TestSuite.java, Compiled \nCode)&lt;BR&gt;&nbs=\r\np;&nbsp;&nbsp;&nbsp;&nbsp;&nbsp;&nbsp; at \njunit.framework.TestSuite.run(Te=\r\nstSuite.java, Compiled \nCode)&lt;BR&gt;&nbsp;&nbsp;&nbsp;&nbsp;&nbsp;&nbsp;&nbsp;=\r\n at \njunit.framework.TestSuite.runTest(TestSuite.java, Compiled \nCode)&lt;BR&gt;&=\r\nnbsp;&nbsp;&nbsp;&nbsp;&nbsp;&nbsp;&nbsp; at \njunit.framework.TestSuite.run=\r\n(TestSuite.java, Compiled \nCode)&lt;BR&gt;&nbsp;&nbsp;&nbsp;&nbsp;&nbsp;&nbsp;&nb=\r\nsp; at \njunit.framework.TestSuite.runTest(TestSuite.java, Compiled \nCode)&lt;B=\r\nR&gt;&nbsp;&nbsp;&nbsp;&nbsp;&nbsp;&nbsp;&nbsp; at \njunit.framework.TestSuite.=\r\nrun(TestSuite.java, Compiled \nCode)&lt;BR&gt;&nbsp;&nbsp;&nbsp;&nbsp;&nbsp;&nbsp;=\r\n&nbsp; at \njunit.textui.TestRunner.doRun(TestRunner.java, Compiled \nCode)&lt;B=\r\nR&gt;&nbsp;&nbsp;&nbsp;&nbsp;&nbsp;&nbsp;&nbsp; at \njunit.textui.TestRunner.st=\r\nart(TestRunner.java, Compiled \nCode)&lt;BR&gt;&nbsp;&nbsp;&nbsp;&nbsp;&nbsp;&nbsp=\r\n;&nbsp; at \njunit.textui.TestRunner.main(TestRunner.java, Compiled Code)&lt;BR=\r\n&gt;There were 2 \nfailures:&lt;BR&gt;1) testError(junit.tests.TextRunnerTest) &quot;expec=\r\nted:&lt;-1&gt; but \nwas:&lt;255&gt;&quot;&lt;BR&gt;2) testFailure(junit.tests.TextRunn=\r\nerTest) \n&quot;expected:&lt;-1&gt; but was:&lt;255&gt;&quot;&lt;BR&gt;&lt;/FONT&gt;&lt;/DIV&gt;&lt;/BODY&gt;&lt;=\r\n/HTML&gt;\n\r\n------=_NextPart_000_0096_01C0820C.5A97F360--\r\n\n", 
    "subject": "can&#39;t install junit"
}