{
    "numMessagesInTopic": 4, 
    "nextInTime": 372, 
    "senderId": "ssh1Xxbyn4O-0xWU4PTFyXx8ujS8-WXk3GkxgeoKHsLtBmnn5TcoysJ2xC6D-a9OIrsZ244F-uSkiP4tnPL3IjwoR1a2o3kM", 
    "systemMessage": false, 
    "subject": "does junit.textui.TestRunner.run return a non zero status code? ( junit & ant problem)", 
    "from": "perry.tew@...", 
    "authorName": "perry.tew@cibavision.novartis.com", 
    "msgSnippet": "Hello.  I m learning junit, and I m working through one of the tutorials listed on junit.org titled Incremental development with Ant and JUnit . The problem", 
    "msgId": 371, 
    "topicId": 371, 
    "spamInfo": {
        "reason": "0", 
        "isSpam": false
    }, 
    "replyTo": "LIST", 
    "userId": 0, 
    "messageBody": "<div id=\"ygrps-yiv-1819417644\">Hello.  I&#39;m learning junit, and I&#39;m working through one of the tutorials<br/>\nlisted on junit.org titled &quot;Incremental development with Ant and JUnit&quot;.<br/>\nThe problem I&#39;m having is that when I run ant, my junit reports an error,<br/>\nbut ant reports an overall success.  If I add a System.exit(1) to the end of<br/>\nmy main method in my Test program, ant reports a FAILURE.  I&#39;m following the<br/>\ntutorial as it&#39;s written, but I can&#39;t seem to make ant fail when junit does.<br/>\nWould someone please look at my build.xml (trimmed), junit code, and my<br/>\noutput and see if I&#39;m making a mistake somewhere?<br/>\n<br/>\nThanks for your time,<br/>\nPerry Tew<br/>\nmailto:<a rel=\"nofollow\" target=\"_blank\" href=\"mailto:perry.tew@...\">perry.tew@...</a><br/>\n678-415-3823<br/>\n<br/>\n<br/>\nbuild.xml<br/>\n=============================================================<br/>\n   &lt;target name=&quot;test&quot; depends=&quot;build&quot;&gt;<br/>\n      &lt;java classname=&quot;com.cibavision.asmt.library.test.UserTest&quot;<br/>\ntaskname=&quot;junit&quot; fork=&quot;true&quot; failonerror=&quot;true&quot; &gt;<br/>\n         &lt;classpath&gt;<br/>\n            &lt;pathelement path=&quot;${build_base}/&quot; /&gt;<br/>\n         &lt;/classpath&gt;<br/>\n      &lt;/java&gt;<br/>\n   &lt;/target&gt;<br/>\n=============================================================<br/>\n<br/>\n<br/>\njnuit code (trimmed)<br/>\n=============================================================<br/>\npackage com.cibavision.asmt.library.test;<br/>\n<br/>\nimport com.cibavision.asmt.library.User;<br/>\n<br/>\nimport junit.framework.*;<br/>\nimport java.io.*;<br/>\nimport java.util.*;<br/>\n<br/>\npublic class UserTest extends TestCase {<br/>\n<br/>\n   public UserTest( String name ){<br/>\n      super( name );<br/>\n   }<br/>\n<br/>\n   public static void main( String[] args ){<br/>\n      junit.textui.TestRunner.run( UserTest.class );<br/>\n      //System.exit(1);<br/>\n   }<br/>\n<br/>\n   public void testOne() {<br/>\n      assert( false );<br/>\n   }<br/>\n}<br/>\n=============================================================<br/>\n<br/>\nant output (trimmed)<br/>\n=============================================================<br/>\nBuildfile: build.xml<br/>\n<br/>\n... other targets ...<br/>\n<br/>\ntest:<br/>\n    [junit] .F<br/>\n    [junit] Time: 0.01<br/>\n    [junit] There was 1 failure:<br/>\n    [junit] 1) testOne(com.cibavision.asmt.library.test.UserTest)<br/>\n    [junit] junit.framework.AssertionFailedError<br/>\n    [junit] \tat junit.framework.Assert.fail(Assert.java:32)<br/>\n    [junit] \tat junit.framework.Assert.assert(Assert.java:19)<br/>\n    [junit] \tat junit.framework.Assert.assert(Assert.java:26)<br/>\n    [junit] \tat<br/>\ncom.cibavision.asmt.library.test.UserTest.testOne(UserTest.java:21)<br/>\n    [junit] \tat java.lang.reflect.Method.invoke(Native Method)<br/>\n    [junit] \tat junit.framework.TestCase.runTest(TestCase.java:156)<br/>\n    [junit] \tat junit.framework.TestCase.runBare(TestCase.java:130)<br/>\n    [junit] \tat junit.framework.TestResult$1.protect(TestResult.java:106)<br/>\n    [junit] \tat<br/>\njunit.framework.TestResult.runProtected(TestResult.java:124)<br/>\n    [junit] \tat junit.framework.TestResult.run(TestResult.java:109)<br/>\n    [junit] \tat junit.framework.TestCase.run(TestCase.java:121)<br/>\n    [junit] \tat junit.framework.TestSuite.runTest(TestSuite.java:157)<br/>\n    [junit] \tat junit.framework.TestSuite.run(TestSuite.java:152)<br/>\n    [junit] \tat junit.textui.TestRunner.doRun(TestRunner.java:74)<br/>\n    [junit] \tat junit.textui.TestRunner.run(TestRunner.java:201)<br/>\n    [junit] \tat junit.textui.TestRunner.run(TestRunner.java:187)<br/>\n    [junit] \tat<br/>\ncom.cibavision.asmt.library.test.UserTest.main(UserTest.java:16)<br/>\n    [junit] <br/>\n    [junit] FAILURES!!!<br/>\n    [junit] Tests run: 1,  Failures: 1,  Errors: 0<br/>\n    [junit] <br/>\n<br/>\nBUILD SUCCESSFUL<br/>\n<br/>\nTotal time: 4 seconds<br/>\n<br/>\n<br/>\n<br/>\n=============================================================</div>", 
    "prevInTime": 370, 
    "specialLinks": [], 
    "contentTrasformed": false, 
    "postDate": "981147010", 
    "canDelete": false, 
    "nextInTopic": 372, 
    "prevInTopic": 0, 
    "headers": {
        "messageIdInHeader": "PDhGRUFGMjQ1RDMyQUQxMTE5QkMxMDA2MEIwNjg5NUU1MDhEMjEwRTdAdXNhdGV4Y2gwMS5idGkudXNhdD4="
    }
}