{
    "topicId": 371, 
    "postDate": "981147010", 
    "spamInfo": {
        "reason": "0", 
        "isSpam": false
    }, 
    "from": "perry.tew@...", 
    "canDelete": false, 
    "replyTo": "LIST", 
    "senderId": "e-t4g_wxqoQqbtEfp_Vul3Cujaw9iP1bKA8pYRYlGioFhKsYld1wJRPjIZ_3wcxXPT1i2DCFy3nSw8fpUD_xAZwQuyfYc1dC", 
    "nextInTime": 372, 
    "userId": 0, 
    "prevInTime": 370, 
    "prevInTopic": 0, 
    "headers": {
        "messageIdInHeader": "PDhGRUFGMjQ1RDMyQUQxMTE5QkMxMDA2MEIwNjg5NUU1MDhEMjEwRTdAdXNhdGV4Y2gwMS5idGkudXNhdD4="
    }, 
    "authorName": "perry.tew@cibavision.novartis.com", 
    "numMessagesInTopic": 4, 
    "msgSnippet": "Hello.  I m learning junit, and I m working through one of the tutorials listed on junit.org titled Incremental development with Ant and JUnit . The problem", 
    "contentTrasformed": false, 
    "msgId": 371, 
    "nextInTopic": 372, 
    "systemMessage": false, 
    "rawEmail": "Return-Path: &lt;perry.tew@...&gt;\r\nX-Sender: perry.tew@...\r\nX-Apparently-To: junit@yahoogroups.com\r\nReceived: (EGP: mail-7_0_2_1); 2 Feb 2001 20:56:50 -0000\r\nReceived: (qmail 63206 invoked from network); 2 Feb 2001 20:48:23 -0000\r\nReceived: from unknown (10.1.10.27) by l7.egroups.com with QMQP; 2 Feb 2001 20:48:23 -0000\r\nReceived: from unknown (HELO gatekeeper2.novartis.com) (194.191.169.74) by mta2 with SMTP; 2 Feb 2001 20:48:22 -0000\r\nReceived: from mta1.is.chbs (mta1.novartis.com [192.37.33.13]) by gatekeeper2.novartis.com (8.11.0/8.11.0) with ESMTP id f12KmKh00604 for &lt;junit@yahoogroups.com&gt;; Fri, 2 Feb 2001 21:48:20 +0100 (MET)\r\nReceived: from CHBUEXC01.cv.chbu (CHBUEXC01.cv.chbu [170.60.80.5]) by mta1.is.chbs (8.11.0/8.11.0) with ESMTP id f12KmJi15604 for &lt;junit@yahoogroups.com&gt;; Fri, 2 Feb 2001 21:48:20 +0100 (MET)\r\nReceived: by CHBUEXC01.cv.chbu with Internet Mail Service (5.5.2650.21) id &lt;C5BQPTV6&gt;; Fri, 2 Feb 2001 21:48:19 +0100\r\nMessage-ID: &lt;8FEAF245D32AD1119BC10060B06895E508D210E7@...&gt;\r\nTo: junit@yahoogroups.com\r\nSubject: does junit.textui.TestRunner.run return a non zero status code? ( junit & ant problem)\r\nDate: Fri, 2 Feb 2001 21:50:10 +0100 \r\nMIME-Version: 1.0\r\nX-Mailer: Internet Mail Service (5.5.2650.21)\r\nContent-Type: text/plain\r\nFrom: perry.tew@...\r\n\r\nHello.  I&#39;m learning junit, and I&#39;m working through one of the tutorials\nlisted on junit.org titled &quot;Incremental development with Ant and JUnit&quot;.\nThe problem I&#39;m having is that when I run ant, my junit reports an error,\nbut ant reports an overall success.  If I add a System.exit(1) to the end of\nmy main method in my Test program, ant reports a FAILURE.  I&#39;m following the\ntutorial as it&#39;s written, but I can&#39;t seem to make ant fail when junit does.\nWould someone please look at my build.xml (trimmed), junit code, and my\noutput and see if I&#39;m making a mistake somewhere?\n\nThanks for your time,\nPerry Tew\nmailto:perry.tew@...\n678-415-3823\n\n\nbuild.xml\n=============================================================\n   &lt;target name=&quot;test&quot; depends=&quot;build&quot;&gt;\n      &lt;java classname=&quot;com.cibavision.asmt.library.test.UserTest&quot;\ntaskname=&quot;junit&quot; fork=&quot;true&quot; failonerror=&quot;true&quot; &gt;\n         &lt;classpath&gt;\n            &lt;pathelement path=&quot;${build_base}/&quot; /&gt;\n         &lt;/classpath&gt;\n      &lt;/java&gt;\n   &lt;/target&gt;\n=============================================================\n\n\njnuit code (trimmed)\n=============================================================\npackage com.cibavision.asmt.library.test;\n\nimport com.cibavision.asmt.library.User;\n\nimport junit.framework.*;\nimport java.io.*;\nimport java.util.*;\n\npublic class UserTest extends TestCase {\n\n   public UserTest( String name ){\n      super( name );\n   }\n\n   public static void main( String[] args ){\n      junit.textui.TestRunner.run( UserTest.class );\n      //System.exit(1);\n   }\n\n   public void testOne() {\n      assert( false );\n   }\n}\n=============================================================\n\nant output (trimmed)\n=============================================================\nBuildfile: build.xml\n\n... other targets ...\n\ntest:\n    [junit] .F\n    [junit] Time: 0.01\n    [junit] There was 1 failure:\n    [junit] 1) testOne(com.cibavision.asmt.library.test.UserTest)\n    [junit] junit.framework.AssertionFailedError\n    [junit] \tat junit.framework.Assert.fail(Assert.java:32)\n    [junit] \tat junit.framework.Assert.assert(Assert.java:19)\n    [junit] \tat junit.framework.Assert.assert(Assert.java:26)\n    [junit] \tat\ncom.cibavision.asmt.library.test.UserTest.testOne(UserTest.java:21)\n    [junit] \tat java.lang.reflect.Method.invoke(Native Method)\n    [junit] \tat junit.framework.TestCase.runTest(TestCase.java:156)\n    [junit] \tat junit.framework.TestCase.runBare(TestCase.java:130)\n    [junit] \tat junit.framework.TestResult$1.protect(TestResult.java:106)\n    [junit] \tat\njunit.framework.TestResult.runProtected(TestResult.java:124)\n    [junit] \tat junit.framework.TestResult.run(TestResult.java:109)\n    [junit] \tat junit.framework.TestCase.run(TestCase.java:121)\n    [junit] \tat junit.framework.TestSuite.runTest(TestSuite.java:157)\n    [junit] \tat junit.framework.TestSuite.run(TestSuite.java:152)\n    [junit] \tat junit.textui.TestRunner.doRun(TestRunner.java:74)\n    [junit] \tat junit.textui.TestRunner.run(TestRunner.java:201)\n    [junit] \tat junit.textui.TestRunner.run(TestRunner.java:187)\n    [junit] \tat\ncom.cibavision.asmt.library.test.UserTest.main(UserTest.java:16)\n    [junit] \n    [junit] FAILURES!!!\n    [junit] Tests run: 1,  Failures: 1,  Errors: 0\n    [junit] \n\nBUILD SUCCESSFUL\n\nTotal time: 4 seconds\n\n\n\n=============================================================\n\n\n\n", 
    "subject": "does junit.textui.TestRunner.run return a non zero status code? ( junit & ant problem)"
}