{
    "numMessagesInTopic": 5, 
    "nextInTime": 375, 
    "senderId": "pXvJOjLRisV21KvHbNtf_XryKMv2LmCkmBkUZl1KGfZW4JoUmpeVMaCHwFLpz6ZSlwwYg0GcFWZp6Zv7RN4Ufkty018C7PuRrRtzkThAaqWD_Yjj", 
    "systemMessage": false, 
    "subject": "RE: [junit] does junit.textui.TestRunner.run return a non zero st atus code? ( junit & ant problem)", 
    "from": "&quot;Fuqua, Andrew (ISSAtlanta)&quot; &lt;AFuqua@...&gt;", 
    "authorName": "Fuqua, Andrew (ISSAtlanta)", 
    "msgSnippet": "Perhaps this will help: http://groups.yahoo.com/group/junit-functionaltests/message/112 http://groups.yahoo.com/group/junit-functionaltests/message/114 My test", 
    "msgId": 374, 
    "topicId": 373, 
    "spamInfo": {
        "reason": "0", 
        "isSpam": false
    }, 
    "replyTo": "LIST", 
    "userId": 0, 
    "messageBody": "<div id=\"ygrps-yiv-720849081\">Perhaps this will help:<br/>\n<br/>\n<a rel=\"nofollow\" target=\"_blank\" href=\"http://groups.yahoo.com/group/junit-functionaltests/message/112\">http://groups.yahoo.com/group/junit-functionaltests/message/112</a><br/>\n<a rel=\"nofollow\" target=\"_blank\" href=\"http://groups.yahoo.com/group/junit-functionaltests/message/114\">http://groups.yahoo.com/group/junit-functionaltests/message/114</a><br/>\n<br/>\nMy test Ant stanza looks like this:<br/>\n<br/>\n\t&lt;java classname=&quot;junit.textui.TestRunner&quot;<br/>\n\t\targs=&quot;net.iss.eventmanager.test.AllTests&quot;<br/>\n\t\tfork=&quot;yes&quot; classpath=&quot;${libclasspath};${testclasspath}&quot;<br/>\n\t\tfailonerror=&quot;true&quot;<br/>\n\t\t/&gt;<br/>\n<br/>\nand my main() looks like this:<br/>\n<br/>\n   public static void main(String[] args) throws Exception {<br/>\n        //use the following if using junit 3.3.1<br/>\n        TestResult tr = EnhancedTestRunner.runWithTestResult(suite());<br/>\n        if (!tr.wasSuccessful()) {<br/>\n            System.out.println(&quot;über test -- FAILURES BAAAAD!&quot;);<br/>\n            // Let automated build/test process know the test failed...<br/>\n            throw new Exception(&quot;TEST FAILED&quot;);<br/>\n        }<br/>\n        System.out.println(&quot;über test. Goooood.&quot;);<br/>\n    }<br/>\n<br/>\nregards<br/>\n<br/>\n-----Original Message-----<br/>\nFrom: <a rel=\"nofollow\" target=\"_blank\" href=\"mailto:perry.tew@...\">perry.tew@...</a><br/>\n[mailto:<a rel=\"nofollow\" target=\"_blank\" href=\"mailto:perry.tew@...\">perry.tew@...</a>]<br/>\nSent: Friday, February 02, 2001 3:50 PM<br/>\nTo: <a rel=\"nofollow\" target=\"_blank\" href=\"mailto:junit@yahoogroups.com\">junit@yahoogroups.com</a><br/>\nSubject: [junit] does junit.textui.TestRunner.run return a non zero<br/>\nstatus code? ( junit & ant problem)<br/>\n<br/>\n<br/>\nHello.  I&#39;m learning junit, and I&#39;m working through one of the tutorials<br/>\nlisted on junit.org titled &quot;Incremental development with Ant and JUnit&quot;.<br/>\nThe problem I&#39;m having is that when I run ant, my junit reports an error,<br/>\nbut ant reports an overall success.  If I add a System.exit(1) to the end of<br/>\nmy main method in my Test program, ant reports a FAILURE.  I&#39;m following the<br/>\ntutorial as it&#39;s written, but I can&#39;t seem to make ant fail when junit does.<br/>\nWould someone please look at my build.xml (trimmed), junit code, and my<br/>\noutput and see if I&#39;m making a mistake somewhere?<br/>\n<br/>\nThanks for your time,<br/>\nPerry Tew<br/>\nmailto:<a rel=\"nofollow\" target=\"_blank\" href=\"mailto:perry.tew@...\">perry.tew@...</a><br/>\n678-415-3823<br/>\n<br/>\n<br/>\nbuild.xml<br/>\n=============================================================<br/>\n   &lt;target name=&quot;test&quot; depends=&quot;build&quot;&gt;<br/>\n      &lt;java classname=&quot;com.cibavision.asmt.library.test.UserTest&quot;<br/>\ntaskname=&quot;junit&quot; fork=&quot;true&quot; failonerror=&quot;true&quot; &gt;<br/>\n         &lt;classpath&gt;<br/>\n            &lt;pathelement path=&quot;${build_base}/&quot; /&gt;<br/>\n         &lt;/classpath&gt;<br/>\n      &lt;/java&gt;<br/>\n   &lt;/target&gt;<br/>\n=============================================================<br/>\n<br/>\n<br/>\njnuit code (trimmed)<br/>\n=============================================================<br/>\npackage com.cibavision.asmt.library.test;<br/>\n<br/>\nimport com.cibavision.asmt.library.User;<br/>\n<br/>\nimport junit.framework.*;<br/>\nimport java.io.*;<br/>\nimport java.util.*;<br/>\n<br/>\npublic class UserTest extends TestCase {<br/>\n<br/>\n   public UserTest( String name ){<br/>\n      super( name );<br/>\n   }<br/>\n<br/>\n   public static void main( String[] args ){<br/>\n      junit.textui.TestRunner.run( UserTest.class );<br/>\n      //System.exit(1);<br/>\n   }<br/>\n<br/>\n   public void testOne() {<br/>\n      assert( false );<br/>\n   }<br/>\n}<br/>\n=============================================================<br/>\n<br/>\nant output (trimmed)<br/>\n=============================================================<br/>\nBuildfile: build.xml<br/>\n<br/>\n... other targets ...<br/>\n<br/>\ntest:<br/>\n    [junit] .F<br/>\n    [junit] Time: 0.01<br/>\n    [junit] There was 1 failure:<br/>\n    [junit] 1) testOne(com.cibavision.asmt.library.test.UserTest)<br/>\n    [junit] junit.framework.AssertionFailedError<br/>\n    [junit] \tat junit.framework.Assert.fail(Assert.java:32)<br/>\n    [junit] \tat junit.framework.Assert.assert(Assert.java:19)<br/>\n    [junit] \tat junit.framework.Assert.assert(Assert.java:26)<br/>\n    [junit] \tat<br/>\ncom.cibavision.asmt.library.test.UserTest.testOne(UserTest.java:21)<br/>\n    [junit] \tat java.lang.reflect.Method.invoke(Native Method)<br/>\n    [junit] \tat junit.framework.TestCase.runTest(TestCase.java:156)<br/>\n    [junit] \tat junit.framework.TestCase.runBare(TestCase.java:130)<br/>\n    [junit] \tat junit.framework.TestResult$1.protect(TestResult.java:106)<br/>\n    [junit] \tat<br/>\njunit.framework.TestResult.runProtected(TestResult.java:124)<br/>\n    [junit] \tat junit.framework.TestResult.run(TestResult.java:109)<br/>\n    [junit] \tat junit.framework.TestCase.run(TestCase.java:121)<br/>\n    [junit] \tat junit.framework.TestSuite.runTest(TestSuite.java:157)<br/>\n    [junit] \tat junit.framework.TestSuite.run(TestSuite.java:152)<br/>\n    [junit] \tat junit.textui.TestRunner.doRun(TestRunner.java:74)<br/>\n    [junit] \tat junit.textui.TestRunner.run(TestRunner.java:201)<br/>\n    [junit] \tat junit.textui.TestRunner.run(TestRunner.java:187)<br/>\n    [junit] \tat<br/>\ncom.cibavision.asmt.library.test.UserTest.main(UserTest.java:16)<br/>\n    [junit] <br/>\n    [junit] FAILURES!!!<br/>\n    [junit] Tests run: 1,  Failures: 1,  Errors: 0<br/>\n    [junit] <br/>\n<br/>\nBUILD SUCCESSFUL<br/>\n<br/>\nTotal time: 4 seconds<br/>\n<br/>\n<br/>\n<br/>\n=============================================================<br/>\n<br/>\n<br/>\n<br/>\n<br/>\nTo unsubscribe from this group, send an email to:<br/>\n<a rel=\"nofollow\" target=\"_blank\" href=\"mailto:junit-unsubscribe@egroups.com\">junit-unsubscribe@egroups.com</a></div>", 
    "prevInTime": 373, 
    "specialLinks": [], 
    "contentTrasformed": false, 
    "postDate": "981151365", 
    "canDelete": false, 
    "nextInTopic": 376, 
    "prevInTopic": 373, 
    "headers": {
        "messageIdInHeader": "PDc3ODNBMTQxQzc5NEQ0MTE4QUFBMDAzMDZFMDBCMEIxMEJFRUZEQG1zZ2F0bDA2Lmlzcy5uZXQ+"
    }
}