{
    "topicId": 373, 
    "postDate": "981151365", 
    "spamInfo": {
        "reason": "0", 
        "isSpam": false
    }, 
    "from": "&quot;Fuqua, Andrew (ISSAtlanta)&quot; &lt;AFuqua@...&gt;", 
    "canDelete": false, 
    "replyTo": "LIST", 
    "senderId": "F05qeEYHlhze9RhF8pztfq9J4vAtZ1ssyND-VRaZjYJI8TTdjMNt_LjUKIsOzfV9Sxf35q7XOoX1tgCHrXCIaHrakAskDiOH4Foj2VmpdeVIDhSa", 
    "nextInTime": 375, 
    "userId": 0, 
    "prevInTime": 373, 
    "prevInTopic": 373, 
    "headers": {
        "messageIdInHeader": "PDc3ODNBMTQxQzc5NEQ0MTE4QUFBMDAzMDZFMDBCMEIxMEJFRUZEQG1zZ2F0bDA2Lmlzcy5uZXQ+"
    }, 
    "authorName": "Fuqua, Andrew (ISSAtlanta)", 
    "numMessagesInTopic": 5, 
    "msgSnippet": "Perhaps this will help: http://groups.yahoo.com/group/junit-functionaltests/message/112 http://groups.yahoo.com/group/junit-functionaltests/message/114 My test", 
    "contentTrasformed": false, 
    "msgId": 374, 
    "nextInTopic": 376, 
    "systemMessage": false, 
    "rawEmail": "Return-Path: &lt;AFuqua@...&gt;\r\nX-Sender: AFuqua@...\r\nX-Apparently-To: junit@yahoogroups.com\r\nReceived: (EGP: mail-7_0_2_1); 2 Feb 2001 22:11:34 -0000\r\nReceived: (qmail 29217 invoked from network); 2 Feb 2001 22:05:28 -0000\r\nReceived: from unknown (10.1.10.27) by l9.egroups.com with QMQP; 2 Feb 2001 22:05:28 -0000\r\nReceived: from unknown (HELO mutex.netrex.com) (206.253.239.132) by mta2 with SMTP; 2 Feb 2001 22:05:27 -0000\r\nReceived: from mutex.netrex.com (localhost [127.0.0.1]) by mutex.netrex.com (8.9.3/8.9.2) with ESMTP id RAA01696 for &lt;junit@yahoogroups.com&gt;; Fri, 2 Feb 2001 17:05:26 -0500 (EST)\r\nReceived: from msgatl03.iss.net (msgatl03.iss.net [209.134.160.148]) by mutex.netrex.com (8.9.3/8.9.2) with ESMTP id RAA01692 for &lt;junit@yahoogroups.com&gt;; Fri, 2 Feb 2001 17:05:25 -0500 (EST)\r\nReceived: by msgatl03.iss.net with Internet Mail Service (5.5.2653.19) id &lt;DXYMSLKV&gt;; Fri, 2 Feb 2001 17:00:56 -0500\r\nMessage-ID: &lt;7783A141C794D4118AAA00306E00B0B10BEEFD@...&gt;\r\nTo: &quot;&#39;junit@yahoogroups.com&#39;&quot; &lt;junit@yahoogroups.com&gt;\r\nSubject: RE: [junit] does junit.textui.TestRunner.run return a non zero st atus code? ( junit & ant problem)\r\nDate: Fri, 2 Feb 2001 17:02:45 -0500 \r\nMIME-Version: 1.0\r\nX-Mailer: Internet Mail Service (5.5.2653.19)\r\nContent-Type: text/plain; charset=&quot;iso-8859-1&quot;\r\nContent-Transfer-Encoding: quoted-printable\r\nFrom: &quot;Fuqua, Andrew (ISSAtlanta)&quot; &lt;AFuqua@...&gt;\r\n\r\nPerhaps this will help:\n\nhttp://groups.yahoo.com/group/junit-functionaltest=\r\ns/message/112\nhttp://groups.yahoo.com/group/junit-functionaltests/message/1=\r\n14\n\nMy test Ant stanza looks like this:\n\n\t&lt;java classname=3D&quot;junit.textui.T=\r\nestRunner&quot;\n\t\targs=3D&quot;net.iss.eventmanager.test.AllTests&quot;\n\t\tfork=3D&quot;yes&quot; cla=\r\nsspath=3D&quot;${libclasspath};${testclasspath}&quot;\n\t\tfailonerror=3D&quot;true&quot;\n\t\t/&gt;\n\nan=\r\nd my main() looks like this:\n\n   public static void main(String[] args) thr=\r\nows Exception {\n        //use the following if using junit 3.3.1\n        Te=\r\nstResult tr =3D EnhancedTestRunner.runWithTestResult(suite());\n        if (=\r\n!tr.wasSuccessful()) {\n            System.out.println(&quot;=FCber test -- FAILU=\r\nRES BAAAAD!&quot;);\n            // Let automated build/test process know the tes=\r\nt failed...\n            throw new Exception(&quot;TEST FAILED&quot;);\n        }\n     =\r\n   System.out.println(&quot;=FCber test. Goooood.&quot;);\n    }\n\nregards\n\n-----Origin=\r\nal Message-----\nFrom: perry.tew@...\n[mailto:perry.tew@c=\r\nibavision.novartis.com]\nSent: Friday, February 02, 2001 3:50 PM\nTo: junit@y=\r\nahoogroups.com\nSubject: [junit] does junit.textui.TestRunner.run return a n=\r\non zero\nstatus code? ( junit & ant problem)\n\n\nHello.  I&#39;m learning junit, a=\r\nnd I&#39;m working through one of the tutorials\nlisted on junit.org titled &quot;Inc=\r\nremental development with Ant and JUnit&quot;.\nThe problem I&#39;m having is that wh=\r\nen I run ant, my junit reports an error,\nbut ant reports an overall success=\r\n.  If I add a System.exit(1) to the end of\nmy main method in my Test progra=\r\nm, ant reports a FAILURE.  I&#39;m following the\ntutorial as it&#39;s written, but =\r\nI can&#39;t seem to make ant fail when junit does.\nWould someone please look at=\r\n my build.xml (trimmed), junit code, and my\noutput and see if I&#39;m making a =\r\nmistake somewhere?\n\nThanks for your time,\nPerry Tew\nmailto:perry.tew@cibavi=\r\nsion.novartis.com\n678-415-3823\n\n\nbuild.xml\n=3D=3D=3D=3D=3D=3D=3D=3D=3D=3D=\r\n=3D=3D=3D=3D=3D=3D=3D=3D=3D=3D=3D=3D=3D=3D=3D=3D=3D=3D=3D=3D=3D=3D=3D=3D=3D=\r\n=3D=3D=3D=3D=3D=3D=3D=3D=3D=3D=3D=3D=3D=3D=3D=3D=3D=3D=3D=3D=3D=3D=3D=3D=3D=\r\n=3D\n   &lt;target name=3D&quot;test&quot; depends=3D&quot;build&quot;&gt;\n      &lt;java classname=3D&quot;co=\r\nm.cibavision.asmt.library.test.UserTest&quot;\ntaskname=3D&quot;junit&quot; fork=3D&quot;true&quot; f=\r\nailonerror=3D&quot;true&quot; &gt;\n         &lt;classpath&gt;\n            &lt;pathelement path=3D=\r\n&quot;${build_base}/&quot; /&gt;\n         &lt;/classpath&gt;\n      &lt;/java&gt;\n   &lt;/target&gt;\n=3D=3D=\r\n=3D=3D=3D=3D=3D=3D=3D=3D=3D=3D=3D=3D=3D=3D=3D=3D=3D=3D=3D=3D=3D=3D=3D=3D=3D=\r\n=3D=3D=3D=3D=3D=3D=3D=3D=3D=3D=3D=3D=3D=3D=3D=3D=3D=3D=3D=3D=3D=3D=3D=3D=3D=\r\n=3D=3D=3D=3D=3D=3D=3D=3D=3D\n\n\njnuit code (trimmed)\n=3D=3D=3D=3D=3D=3D=3D=3D=\r\n=3D=3D=3D=3D=3D=3D=3D=3D=3D=3D=3D=3D=3D=3D=3D=3D=3D=3D=3D=3D=3D=3D=3D=3D=3D=\r\n=3D=3D=3D=3D=3D=3D=3D=3D=3D=3D=3D=3D=3D=3D=3D=3D=3D=3D=3D=3D=3D=3D=3D=3D=3D=\r\n=3D=3D=3D\npackage com.cibavision.asmt.library.test;\n\nimport com.cibavision.=\r\nasmt.library.User;\n\nimport junit.framework.*;\nimport java.io.*;\nimport java=\r\n.util.*;\n\npublic class UserTest extends TestCase {\n\n   public UserTest( Str=\r\ning name ){\n      super( name );\n   }\n\n   public static void main( String[]=\r\n args ){\n      junit.textui.TestRunner.run( UserTest.class );\n      //Syste=\r\nm.exit(1);\n   }\n\n   public void testOne() {\n      assert( false );\n   }\n}\n=\r\n=3D=3D=3D=3D=3D=3D=3D=3D=3D=3D=3D=3D=3D=3D=3D=3D=3D=3D=3D=3D=3D=3D=3D=3D=3D=\r\n=3D=3D=3D=3D=3D=3D=3D=3D=3D=3D=3D=3D=3D=3D=3D=3D=3D=3D=3D=3D=3D=3D=3D=3D=3D=\r\n=3D=3D=3D=3D=3D=3D=3D=3D=3D=3D=3D\n\nant output (trimmed)\n=3D=3D=3D=3D=3D=3D=\r\n=3D=3D=3D=3D=3D=3D=3D=3D=3D=3D=3D=3D=3D=3D=3D=3D=3D=3D=3D=3D=3D=3D=3D=3D=3D=\r\n=3D=3D=3D=3D=3D=3D=3D=3D=3D=3D=3D=3D=3D=3D=3D=3D=3D=3D=3D=3D=3D=3D=3D=3D=3D=\r\n=3D=3D=3D=3D=3D\nBuildfile: build.xml\n\n... other targets ...\n\ntest:\n    [jun=\r\nit] .F\n    [junit] Time: 0.01\n    [junit] There was 1 failure:\n    [junit] =\r\n1) testOne(com.cibavision.asmt.library.test.UserTest)\n    [junit] junit.fra=\r\nmework.AssertionFailedError\n    [junit] \tat junit.framework.Assert.fail(Ass=\r\nert.java:32)\n    [junit] \tat junit.framework.Assert.assert(Assert.java:19)\n=\r\n    [junit] \tat junit.framework.Assert.assert(Assert.java:26)\n    [junit] \t=\r\nat\ncom.cibavision.asmt.library.test.UserTest.testOne(UserTest.java:21)\n    =\r\n[junit] \tat java.lang.reflect.Method.invoke(Native Method)\n    [junit] \tat =\r\njunit.framework.TestCase.runTest(TestCase.java:156)\n    [junit] \tat junit.f=\r\nramework.TestCase.runBare(TestCase.java:130)\n    [junit] \tat junit.framewor=\r\nk.TestResult$1.protect(TestResult.java:106)\n    [junit] \tat\njunit.framework=\r\n.TestResult.runProtected(TestResult.java:124)\n    [junit] \tat junit.framewo=\r\nrk.TestResult.run(TestResult.java:109)\n    [junit] \tat junit.framework.Test=\r\nCase.run(TestCase.java:121)\n    [junit] \tat junit.framework.TestSuite.runTe=\r\nst(TestSuite.java:157)\n    [junit] \tat junit.framework.TestSuite.run(TestSu=\r\nite.java:152)\n    [junit] \tat junit.textui.TestRunner.doRun(TestRunner.java=\r\n:74)\n    [junit] \tat junit.textui.TestRunner.run(TestRunner.java:201)\n    [=\r\njunit] \tat junit.textui.TestRunner.run(TestRunner.java:187)\n    [junit] \tat=\r\n\ncom.cibavision.asmt.library.test.UserTest.main(UserTest.java:16)\n    [juni=\r\nt] \n    [junit] FAILURES!!!\n    [junit] Tests run: 1,  Failures: 1,  Errors=\r\n: 0\n    [junit] \n\nBUILD SUCCESSFUL\n\nTotal time: 4 seconds\n\n\n\n=3D=3D=3D=3D=\r\n=3D=3D=3D=3D=3D=3D=3D=3D=3D=3D=3D=3D=3D=3D=3D=3D=3D=3D=3D=3D=3D=3D=3D=3D=3D=\r\n=3D=3D=3D=3D=3D=3D=3D=3D=3D=3D=3D=3D=3D=3D=3D=3D=3D=3D=3D=3D=3D=3D=3D=3D=3D=\r\n=3D=3D=3D=3D=3D=3D=3D\n\n\n\n\nTo unsubscribe from this group, send an email to:=\r\n\njunit-unsubscribe@egroups.com\n\n\n\n", 
    "subject": "RE: [junit] does junit.textui.TestRunner.run return a non zero st atus code? ( junit & ant problem)"
}