{
    "topicId": 373, 
    "postDate": "981165242", 
    "spamInfo": {
        "reason": "0", 
        "isSpam": false
    }, 
    "from": "Perry Tew &lt;perry_tew@...&gt;", 
    "canDelete": false, 
    "replyTo": "LIST", 
    "senderId": "UPMTsfHIEUIhatL5MpPubYrNJ8HXoJEt1ydIMQBKo8n1SDnmgkhveLa3NojbrDOFk91EsPOpiEOry91JXuDMUVt-DZNIIA", 
    "nextInTime": 379, 
    "userId": 0, 
    "prevInTime": 377, 
    "prevInTopic": 376, 
    "headers": {
        "inReplyToHeader": "PDc3ODNBMTQxQzc5NEQ0MTE4QUFBMDAzMDZFMDBCMEIxMEJFRUZEQG1zZ2F0bDA2Lmlzcy5uZXQ+", 
        "messageIdInHeader": "PDIwMDEwMjAzMDE1NDAyLjIwMDM2LnFtYWlsQHdlYjM3MDIubWFpbC55YWhvby5jb20+"
    }, 
    "authorName": "Perry Tew", 
    "numMessagesInTopic": 5, 
    "msgSnippet": "Yes.  This looks EXACTLY like what I was looking for.  I was also having a problems identical to what you described in the messages below.  I appreciate your", 
    "contentTrasformed": false, 
    "msgId": 378, 
    "nextInTopic": 379, 
    "systemMessage": false, 
    "rawEmail": "Return-Path: &lt;perry_tew@...&gt;\r\nX-Sender: perry_tew@...\r\nX-Apparently-To: junit@yahoogroups.com\r\nReceived: (EGP: mail-7_0_2_1); 3 Feb 2001 01:54:03 -0000\r\nReceived: (qmail 16712 invoked from network); 3 Feb 2001 01:54:03 -0000\r\nReceived: from unknown (10.1.10.26) by l10.egroups.com with QMQP; 3 Feb 2001 01:54:03 -0000\r\nReceived: from unknown (HELO web3702.mail.yahoo.com) (204.71.203.131) by mta1 with SMTP; 3 Feb 2001 01:54:02 -0000\r\nMessage-ID: &lt;20010203015402.20036.qmail@...&gt;\r\nReceived: from [209.86.74.111] by web3702.mail.yahoo.com; Fri, 02 Feb 2001 17:54:02 PST\r\nDate: Fri, 2 Feb 2001 17:54:02 -0800 (PST)\r\nSubject: RE: [junit] does junit.textui.TestRunner.run return a non zero st atus code? ( junit & ant problem)\r\nTo: junit@yahoogroups.com\r\nIn-Reply-To: &lt;7783A141C794D4118AAA00306E00B0B10BEEFD@...&gt;\r\nMIME-Version: 1.0\r\nContent-Type: text/plain; charset=us-ascii\r\nFrom: Perry Tew &lt;perry_tew@...&gt;\r\n\r\nYes.  This looks EXACTLY like what I was looking for.  I was also\nhaving a problems identical to what you described in the messages\nbelow.  I appreciate your help.\n\nLet me ask, is this junit-functionaltests another mailing list? \nWhat&#39;s it for?\n\nPerry Tew\n\n--- &quot;Fuqua, Andrew (ISSAtlanta)&quot; &lt;AFuqua@...&gt; wrote:\n&gt; Perhaps this will help:\n&gt; \n&gt; http://groups.yahoo.com/group/junit-functionaltests/message/112\n&gt; http://groups.yahoo.com/group/junit-functionaltests/message/114\n&gt; \n&gt; My test Ant stanza looks like this:\n&gt; \n&gt; \t&lt;java classname=&quot;junit.textui.TestRunner&quot;\n&gt; \t\targs=&quot;net.iss.eventmanager.test.AllTests&quot;\n&gt; \t\tfork=&quot;yes&quot; classpath=&quot;${libclasspath};${testclasspath}&quot;\n&gt; \t\tfailonerror=&quot;true&quot;\n&gt; \t\t/&gt;\n&gt; \n&gt; and my main() looks like this:\n&gt; \n&gt;    public static void main(String[] args) throws Exception {\n&gt;         //use the following if using junit 3.3.1\n&gt;         TestResult tr =\n&gt; EnhancedTestRunner.runWithTestResult(suite());\n&gt;         if (!tr.wasSuccessful()) {\n&gt;             System.out.println(&quot;�ber test -- FAILURES BAAAAD!&quot;);\n&gt;             // Let automated build/test process know the test\n&gt; failed...\n&gt;             throw new Exception(&quot;TEST FAILED&quot;);\n&gt;         }\n&gt;         System.out.println(&quot;�ber test. Goooood.&quot;);\n&gt;     }\n&gt; \n&gt; regards\n&gt; \n&gt; -----Original Message-----\n&gt; From: perry.tew@...\n&gt; [mailto:perry.tew@...]\n&gt; Sent: Friday, February 02, 2001 3:50 PM\n&gt; To: junit@yahoogroups.com\n&gt; Subject: [junit] does junit.textui.TestRunner.run return a non zero\n&gt; status code? ( junit & ant problem)\n&gt; \n&gt; \n&gt; Hello.  I&#39;m learning junit, and I&#39;m working through one of the\n&gt; tutorials\n&gt; listed on junit.org titled &quot;Incremental development with Ant and\n&gt; JUnit&quot;.\n&gt; The problem I&#39;m having is that when I run ant, my junit reports an\n&gt; error,\n&gt; but ant reports an overall success.  If I add a System.exit(1) to\n&gt; the end of\n&gt; my main method in my Test program, ant reports a FAILURE.  I&#39;m\n&gt; following the\n&gt; tutorial as it&#39;s written, but I can&#39;t seem to make ant fail when\n&gt; junit does.\n&gt; Would someone please look at my build.xml (trimmed), junit code,\n&gt; and my\n&gt; output and see if I&#39;m making a mistake somewhere?\n&gt; \n&gt; Thanks for your time,\n&gt; Perry Tew\n&gt; mailto:perry.tew@...\n&gt; 678-415-3823\n&gt; \n&gt; \n&gt; build.xml\n&gt; =============================================================\n&gt;    &lt;target name=&quot;test&quot; depends=&quot;build&quot;&gt;\n&gt;       &lt;java classname=&quot;com.cibavision.asmt.library.test.UserTest&quot;\n&gt; taskname=&quot;junit&quot; fork=&quot;true&quot; failonerror=&quot;true&quot; &gt;\n&gt;          &lt;classpath&gt;\n&gt;             &lt;pathelement path=&quot;${build_base}/&quot; /&gt;\n&gt;          &lt;/classpath&gt;\n&gt;       &lt;/java&gt;\n&gt;    &lt;/target&gt;\n&gt; =============================================================\n&gt; \n&gt; \n&gt; jnuit code (trimmed)\n&gt; =============================================================\n&gt; package com.cibavision.asmt.library.test;\n&gt; \n&gt; import com.cibavision.asmt.library.User;\n&gt; \n&gt; import junit.framework.*;\n&gt; import java.io.*;\n&gt; import java.util.*;\n&gt; \n&gt; public class UserTest extends TestCase {\n&gt; \n&gt;    public UserTest( String name ){\n&gt;       super( name );\n&gt;    }\n&gt; \n&gt;    public static void main( String[] args ){\n&gt;       junit.textui.TestRunner.run( UserTest.class );\n&gt;       //System.exit(1);\n&gt;    }\n&gt; \n&gt;    public void testOne() {\n&gt;       assert( false );\n&gt;    }\n&gt; }\n&gt; =============================================================\n&gt; \n&gt; ant output (trimmed)\n&gt; =============================================================\n&gt; Buildfile: build.xml\n&gt; \n&gt; ... other targets ...\n&gt; \n&gt; test:\n&gt;     [junit] .F\n&gt;     [junit] Time: 0.01\n&gt;     [junit] There was 1 failure:\n&gt;     [junit] 1) testOne(com.cibavision.asmt.library.test.UserTest)\n&gt;     [junit] junit.framework.AssertionFailedError\n&gt;     [junit] \tat junit.framework.Assert.fail(Assert.java:32)\n&gt;     [junit] \tat junit.framework.Assert.assert(Assert.java:19)\n&gt;     [junit] \tat junit.framework.Assert.assert(Assert.java:26)\n&gt;     [junit] \tat\n&gt; com.cibavision.asmt.library.test.UserTest.testOne(UserTest.java:21)\n&gt;     [junit] \tat java.lang.reflect.Method.invoke(Native Method)\n&gt;     [junit] \tat junit.framework.TestCase.runTest(TestCase.java:156)\n&gt;     [junit] \tat junit.framework.TestCase.runBare(TestCase.java:130)\n&gt;     [junit] \tat\n&gt; junit.framework.TestResult$1.protect(TestResult.java:106)\n&gt;     [junit] \tat\n&gt; junit.framework.TestResult.runProtected(TestResult.java:124)\n&gt;     [junit] \tat junit.framework.TestResult.run(TestResult.java:109)\n&gt;     [junit] \tat junit.framework.TestCase.run(TestCase.java:121)\n&gt;     [junit] \tat\n&gt; junit.framework.TestSuite.runTest(TestSuite.java:157)\n&gt;     [junit] \tat junit.framework.TestSuite.run(TestSuite.java:152)\n&gt;     [junit] \tat junit.textui.TestRunner.doRun(TestRunner.java:74)\n&gt;     [junit] \tat junit.textui.TestRunner.run(TestRunner.java:201)\n&gt;     [junit] \tat junit.textui.TestRunner.run(TestRunner.java:187)\n&gt;     [junit] \tat\n&gt; com.cibavision.asmt.library.test.UserTest.main(UserTest.java:16)\n&gt;     [junit] \n&gt;     [junit] FAILURES!!!\n&gt;     [junit] Tests run: 1,  Failures: 1,  Errors: 0\n&gt;     [junit] \n&gt; \n&gt; BUILD SUCCESSFUL\n&gt; \n&gt; Total time: 4 seconds\n&gt; \n&gt; \n&gt; \n&gt; =============================================================\n&gt; \n&gt; \n&gt; \n&gt; \n&gt; To unsubscribe from this group, send an email to:\n&gt; junit-unsubscribe@egroups.com\n&gt; \n&gt; \n&gt; \n\n\n__________________________________________________\nGet personalized email addresses from Yahoo! Mail - only $35 \na year!  http://personal.mail.yahoo.com/\n\n", 
    "subject": "RE: [junit] does junit.textui.TestRunner.run return a non zero st atus code? ( junit & ant problem)"
}