{
    "numMessagesInTopic": 2, 
    "nextInTime": 4764, 
    "senderId": "t5PQXRjoXKIfd3cyUtaNE1yXCcN9HQa4jDk6sP6mnLrL1XdmcofJw0jUukw29mVHJoyyMyZ_ezVj7CsqzJQC6Z-Suy9ciyi-dMU", 
    "systemMessage": false, 
    "subject": "unusual behaviour when executing method from test class", 
    "from": "&quot;ajpeustace&quot; &lt;ajpeustace@...&gt;", 
    "authorName": "ajpeustace", 
    "msgSnippet": "Hi I m new to JUnit/this list (I can already see what a powerful tool JUnit is - thanks guys) and hope someone can help with the following. I ve incorporated", 
    "msgId": 4763, 
    "profile": "ajpeustace", 
    "topicId": 4763, 
    "spamInfo": {
        "reason": "0", 
        "isSpam": false
    }, 
    "replyTo": "LIST", 
    "userId": 111203697, 
    "messageBody": "<div id=\"ygrps-yiv-1423376669\">Hi<br/>\nI&#39;m new to JUnit/this list (I can already see what a powerful tool <br/>\nJUnit is - thanks guys) and hope someone can help with the following.<br/>\n<br/>\nI&#39;ve incorporated an old test class I&#39;d written into a JUnit class, <br/>\nbut a method call that executes normally from the old test class <br/>\nthrows an unusual exception from the JUnit class. <br/>\n<br/>\nThis is before it even gets to the assertTrue clause in the class- <br/>\nthe method call doesn&#39;t execute correctly, yet exactly the same call <br/>\nexecutes properly from the old test class, and from within my app.<br/>\n<br/>\nThis is the call:<br/>\nDocument doc = jb.buildDocumentFromFile<br/>\n(&quot;C:&#92;&#92;programfiles&#92;&#92;netbeans&#92;&#92;JTestJDOMBuild&quot;, true);<br/>\n<br/>\nhere&#39;s the JUnit class:<br/>\n<br/>\n<br/>\npackage chi.xml;<br/>\n<br/>\nimport junit.framework.*;<br/>\nimport org.jdom.*;<br/>\nimport org.jdom.input.SAXBuilder;<br/>\n<br/>\npublic class JTestJDOMBuild extends TestCase {<br/>\n    <br/>\n    <br/>\n    public JTestJDOMBuild(String name) {<br/>\n        super(name);<br/>\n    }<br/>\n    public static void main(String args[]) {<br/>\n        junit.awtui.TestRunner.run(JTestJDOMBuild.class);<br/>\n    }<br/>\n    <br/>\n    <br/>\n    public void testBuildDocument(){<br/>\n        try{<br/>\n        JDOMBuild jb = new JDOMBuild();<br/>\n        jb.buildFile<br/>\n(&quot;org.gjt.mm.mysql.Driver&quot;,&quot;jdbc:mysql://coultard:3306/marco&quot;, &quot;C:&#92;&#92;pr<br/>\nogramfiles&#92;&#92;netbeans&#92;&#92;JTestJDOMBuild&quot;);<br/>\n        Document expected = jb.buildDocument<br/>\n(&quot;org.gjt.mm.mysql.Driver&quot;,&quot;jdbc:mysql://coultard:3306/marco&quot;);<br/>\n        Document result = jb.buildDocumentFromFile<br/>\n(&quot;C:&#92;&#92;programfiles&#92;&#92;netbeans&#92;&#92;JTestJDOMBuild&quot;, true);<br/>\n        <br/>\n        <br/>\n        Element e = expected.getRootElement();<br/>\n        String eName = e.getName();<br/>\n        Element r = result.getRootElement();<br/>\n        String rName = &quot;adsf&quot;;//r.getName();<br/>\n        <br/>\n        <br/>\n        Document empty = null;<br/>\n        <br/>\n        assertTrue(!expected.equals(empty));<br/>\n        assertTrue(eName.equals(rName));<br/>\n        }<br/>\n        catch(Exception j){<br/>\n            j.printStackTrace();<br/>\n        }<br/>\n        <br/>\n    }<br/>\n    <br/>\n}<br/>\n<br/>\nhere&#39;s the exception (just in case it provides anyone with JUnit <br/>\nclues- I know it seems to be throwing a JDOMException, but as I&#39;ve <br/>\nsaid, this doesn&#39;t seem to make sense, as it executes normally in <br/>\nevery other context):<br/>\n<br/>\norg.jdom.JDOMException: Error in building: <br/>\norg.apache.crimson.parser.XMLReaderImpl<br/>\n        at org.jdom.input.SAXBuilder.build(SAXBuilder.java:373)<br/>\n        at org.jdom.input.SAXBuilder.build(SAXBuilder.java:772)<br/>\n        at chi.xml.JDOMBuild.buildDocumentFromFile(JDOMBuild.java:368)<br/>\n        at chi.xml.JTestJDOMBuild.testBuildDocument<br/>\n(JTestJDOMBuild.java:34)<br/>\n        at java.lang.reflect.Method.invoke(Native Method)<br/>\n        at junit.framework.TestCase.runTest(TestCase.java:166)<br/>\n        at junit.framework.TestCase.runBare(TestCase.java:140)<br/>\n        at junit.framework.TestResult$1.protect(TestResult.java:106)<br/>\n        at junit.framework.TestResult.runProtected<br/>\n(TestResult.java:124)<br/>\n        at junit.framework.TestResult.run(TestResult.java:109)<br/>\n        at junit.framework.TestCase.run(TestCase.java:131)<br/>\n        at junit.framework.TestSuite.runTest(TestSuite.java:173)<br/>\n        at junit.framework.TestSuite.run(TestSuite.java:168)<br/>\n        at junit.awtui.TestRunner$10.run(TestRunner.java:403)<br/>\nCaused by: java.lang.ClassCastException: <br/>\norg.apache.crimson.parser.XMLReaderImpl<br/>\n        at org.jdom.input.SAXBuilder.createParser(SAXBuilder.java:459)<br/>\n        at org.jdom.input.SAXBuilder.build(SAXBuilder.java:335)<br/>\n        at org.jdom.input.SAXBuilder.build(SAXBuilder.java:772)<br/>\n        at chi.xml.JDOMBuild.buildDocumentFromFile(JDOMBuild.java:368)<br/>\n        at chi.xml.JTestJDOMBuild.testBuildDocument<br/>\n(JTestJDOMBuild.java:34)<br/>\n        at java.lang.reflect.Method.invoke(Native Method)<br/>\n        at junit.framework.TestCase.runTest(TestCase.java:166)<br/>\n        at junit.framework.TestCase.runBare(TestCase.java:140)<br/>\n        at junit.framework.TestResult$1.protect(TestResult.java:106)<br/>\n        at junit.framework.TestResult.runProtected<br/>\n(TestResult.java:124)<br/>\n        at junit.framework.TestResult.run(TestResult.java:109)<br/>\n        at junit.framework.TestCase.run(TestCase.java:131)<br/>\n        at junit.framework.TestSuite.runTest(TestSuite.java:173)<br/>\n        at junit.framework.TestSuite.run(TestSuite.java:168)<br/>\n        at junit.awtui.TestRunner$10.run(TestRunner.java:403)<br/>\n JDOMBuild successful <br/>\n<br/>\nAny insights greatly appreciated<br/>\n<br/>\nThanks,<br/>\nAlan</div>", 
    "prevInTime": 4762, 
    "specialLinks": [], 
    "contentTrasformed": false, 
    "postDate": "1019732331", 
    "canDelete": false, 
    "nextInTopic": 4764, 
    "prevInTopic": 0, 
    "headers": {
        "messageIdInHeader": "PGFhOG5oYitpNjZwQGVHcm91cHMuY29tPg=="
    }
}