{
    "numMessagesInTopic": 2, 
    "nextInTime": 4764, 
    "senderId": "O3ej5Gt6PhpF1Nf6-WXQ4vG8fCYuiUH64s82PYr3RUfqJaJ9Ulmkm0i77Dc_d4J04oKNlZ749Gfu3KKk9rVqIvEenlBw7wpO-ps", 
    "systemMessage": false, 
    "subject": "unusual behaviour when executing method from test class", 
    "from": "&quot;ajpeustace&quot; &lt;ajpeustace@...&gt;", 
    "authorName": "ajpeustace", 
    "msgSnippet": "Hi I m new to JUnit/this list (I can already see what a powerful tool JUnit is - thanks guys) and hope someone can help with the following. I ve incorporated", 
    "msgId": 4763, 
    "rawEmail": "Return-Path: &lt;ajpeustace@...&gt;\r\nReceived: (qmail 26782 invoked from network); 25 Apr 2002 12:39:22 -0000\r\nReceived: from unknown (66.218.66.217)\n  by m12.grp.scd.yahoo.com with QMQP; 25 Apr 2002 12:39:22 -0000\r\nReceived: from unknown (HELO n22.grp.scd.yahoo.com) (66.218.66.78)\n  by mta2.grp.scd.yahoo.com with SMTP; 25 Apr 2002 12:39:21 -0000\r\nX-eGroups-Return: ajpeustace@...\r\nReceived: from [66.218.67.150] by n22.grp.scd.yahoo.com with NNFMP; 25 Apr 2002 12:38:51 -0000\r\nX-eGroups-Approved-By: geektank &lt;emeade@...&gt; via web; 25 Apr 2002 12:38:48 -0000\r\nX-Sender: ajpeustace@...\r\nX-Apparently-To: junit@yahoogroups.com\r\nReceived: (EGP: mail-8_0_3_1); 25 Apr 2002 10:58:52 -0000\r\nReceived: (qmail 54198 invoked from network); 25 Apr 2002 10:58:52 -0000\r\nReceived: from unknown (66.218.66.216)\n  by m4.grp.scd.yahoo.com with QMQP; 25 Apr 2002 10:58:52 -0000\r\nReceived: from unknown (HELO n28.grp.scd.yahoo.com) (66.218.66.84)\n  by mta1.grp.scd.yahoo.com with SMTP; 25 Apr 2002 10:58:52 -0000\r\nReceived: from [66.218.67.161] by n28.grp.scd.yahoo.com with NNFMP; 25 Apr 2002 10:58:52 -0000\r\nDate: Thu, 25 Apr 2002 10:58:51 -0000\r\nTo: junit@yahoogroups.com\r\nSubject: unusual behaviour when executing method from test class\r\nMessage-ID: &lt;aa8nhb+i66p@...&gt;\r\nUser-Agent: eGroups-EW/0.82\r\nMIME-Version: 1.0\r\nContent-Type: text/plain; charset=ISO-8859-1\r\nContent-Length: 4248\r\nX-Mailer: Yahoo Groups Message Poster\r\nFrom: &quot;ajpeustace&quot; &lt;ajpeustace@...&gt;\r\nX-Yahoo-Group-Post: member; u=111203697\r\nX-Yahoo-Profile: ajpeustace\r\n\r\nHi\nI&#39;m new to JUnit/this list (I can already see what a powerful tool \nJUnit is - thanks guys) and hope someone can help with the following.\n\nI&#39;ve incorporated an old test class I&#39;d written into a JUnit class, \nbut a method call that executes normally from the old test class \nthrows an unusual exception from the JUnit class. \n\nThis is before it even gets to the assertTrue clause in the class- \nthe method call doesn&#39;t execute correctly, yet exactly the same call \nexecutes properly from the old test class, and from within my app.\n\nThis is the call:\nDocument doc = jb.buildDocumentFromFile\n(&quot;C:&#92;&#92;programfiles&#92;&#92;netbeans&#92;&#92;JTestJDOMBuild&quot;, true);\n\nhere&#39;s the JUnit class:\n\n\npackage chi.xml;\n\nimport junit.framework.*;\nimport org.jdom.*;\nimport org.jdom.input.SAXBuilder;\n\npublic class JTestJDOMBuild extends TestCase {\n    \n    \n    public JTestJDOMBuild(String name) {\n        super(name);\n    }\n    public static void main(String args[]) {\n        junit.awtui.TestRunner.run(JTestJDOMBuild.class);\n    }\n    \n    \n    public void testBuildDocument(){\n        try{\n        JDOMBuild jb = new JDOMBuild();\n        jb.buildFile\n(&quot;org.gjt.mm.mysql.Driver&quot;,&quot;jdbc:mysql://coultard:3306/marco&quot;, &quot;C:&#92;&#92;pr\nogramfiles&#92;&#92;netbeans&#92;&#92;JTestJDOMBuild&quot;);\n        Document expected = jb.buildDocument\n(&quot;org.gjt.mm.mysql.Driver&quot;,&quot;jdbc:mysql://coultard:3306/marco&quot;);\n        Document result = jb.buildDocumentFromFile\n(&quot;C:&#92;&#92;programfiles&#92;&#92;netbeans&#92;&#92;JTestJDOMBuild&quot;, true);\n        \n        \n        Element e = expected.getRootElement();\n        String eName = e.getName();\n        Element r = result.getRootElement();\n        String rName = &quot;adsf&quot;;//r.getName();\n        \n        \n        Document empty = null;\n        \n        assertTrue(!expected.equals(empty));\n        assertTrue(eName.equals(rName));\n        }\n        catch(Exception j){\n            j.printStackTrace();\n        }\n        \n    }\n    \n}\n\nhere&#39;s the exception (just in case it provides anyone with JUnit \nclues- I know it seems to be throwing a JDOMException, but as I&#39;ve \nsaid, this doesn&#39;t seem to make sense, as it executes normally in \nevery other context):\n\norg.jdom.JDOMException: Error in building: \norg.apache.crimson.parser.XMLReaderImpl\n        at org.jdom.input.SAXBuilder.build(SAXBuilder.java:373)\n        at org.jdom.input.SAXBuilder.build(SAXBuilder.java:772)\n        at chi.xml.JDOMBuild.buildDocumentFromFile(JDOMBuild.java:368)\n        at chi.xml.JTestJDOMBuild.testBuildDocument\n(JTestJDOMBuild.java:34)\n        at java.lang.reflect.Method.invoke(Native Method)\n        at junit.framework.TestCase.runTest(TestCase.java:166)\n        at junit.framework.TestCase.runBare(TestCase.java:140)\n        at junit.framework.TestResult$1.protect(TestResult.java:106)\n        at junit.framework.TestResult.runProtected\n(TestResult.java:124)\n        at junit.framework.TestResult.run(TestResult.java:109)\n        at junit.framework.TestCase.run(TestCase.java:131)\n        at junit.framework.TestSuite.runTest(TestSuite.java:173)\n        at junit.framework.TestSuite.run(TestSuite.java:168)\n        at junit.awtui.TestRunner$10.run(TestRunner.java:403)\nCaused by: java.lang.ClassCastException: \norg.apache.crimson.parser.XMLReaderImpl\n        at org.jdom.input.SAXBuilder.createParser(SAXBuilder.java:459)\n        at org.jdom.input.SAXBuilder.build(SAXBuilder.java:335)\n        at org.jdom.input.SAXBuilder.build(SAXBuilder.java:772)\n        at chi.xml.JDOMBuild.buildDocumentFromFile(JDOMBuild.java:368)\n        at chi.xml.JTestJDOMBuild.testBuildDocument\n(JTestJDOMBuild.java:34)\n        at java.lang.reflect.Method.invoke(Native Method)\n        at junit.framework.TestCase.runTest(TestCase.java:166)\n        at junit.framework.TestCase.runBare(TestCase.java:140)\n        at junit.framework.TestResult$1.protect(TestResult.java:106)\n        at junit.framework.TestResult.runProtected\n(TestResult.java:124)\n        at junit.framework.TestResult.run(TestResult.java:109)\n        at junit.framework.TestCase.run(TestCase.java:131)\n        at junit.framework.TestSuite.runTest(TestSuite.java:173)\n        at junit.framework.TestSuite.run(TestSuite.java:168)\n        at junit.awtui.TestRunner$10.run(TestRunner.java:403)\n JDOMBuild successful \n\nAny insights greatly appreciated\n\nThanks,\nAlan\n\n\n\n\n", 
    "profile": "ajpeustace", 
    "topicId": 4763, 
    "spamInfo": {
        "reason": "0", 
        "isSpam": false
    }, 
    "replyTo": "LIST", 
    "userId": 111203697, 
    "prevInTime": 4762, 
    "contentTrasformed": false, 
    "postDate": "1019732331", 
    "canDelete": false, 
    "nextInTopic": 4764, 
    "prevInTopic": 0, 
    "headers": {
        "messageIdInHeader": "PGFhOG5oYitpNjZwQGVHcm91cHMuY29tPg=="
    }
}