{
    "numMessagesInTopic": 2, 
    "nextInTime": 4765, 
    "senderId": "3i76X5Vv81Z9p3BKtigIAeiY6pJqSkpNPg8h0nJfLhxptB-GoDgAO5IlLBbD1YS2VuK1zVuq7y5fDNYIHJz7jWjdCgVdHvaSM2s", 
    "systemMessage": false, 
    "subject": "Re: unusual behaviour when executing method from test class", 
    "from": "&quot;ajpeustace&quot; &lt;ajpeustace@...&gt;", 
    "authorName": "ajpeustace", 
    "msgSnippet": "sorry- just realised how common this problem was. should have inspected the faq more closely :) ... following. ... call ... ", 
    "msgId": 4764, 
    "rawEmail": "Return-Path: &lt;ajpeustace@...&gt;\r\nReceived: (qmail 14074 invoked from network); 25 Apr 2002 14:00:13 -0000\r\nReceived: from unknown (66.218.66.217)\n  by m11.grp.scd.yahoo.com with QMQP; 25 Apr 2002 14:00:13 -0000\r\nReceived: from unknown (HELO n4.grp.scd.yahoo.com) (66.218.66.88)\n  by mta2.grp.scd.yahoo.com with SMTP; 25 Apr 2002 14:00:12 -0000\r\nX-eGroups-Return: ajpeustace@...\r\nReceived: from [66.218.67.186] by n4.grp.scd.yahoo.com with NNFMP; 25 Apr 2002 14:00:11 -0000\r\nX-eGroups-Approved-By: geektank &lt;emeade@...&gt; via web; 25 Apr 2002 14:00:07 -0000\r\nX-Sender: ajpeustace@...\r\nX-Apparently-To: junit@yahoogroups.com\r\nReceived: (EGP: mail-8_0_3_1); 25 Apr 2002 13:23:41 -0000\r\nReceived: (qmail 46276 invoked from network); 25 Apr 2002 13:23:41 -0000\r\nReceived: from unknown (66.218.66.216)\n  by m8.grp.scd.yahoo.com with QMQP; 25 Apr 2002 13:23:41 -0000\r\nReceived: from unknown (HELO n30.grp.scd.yahoo.com) (66.218.66.87)\n  by mta1.grp.scd.yahoo.com with SMTP; 25 Apr 2002 13:23:41 -0000\r\nReceived: from [66.218.67.183] by n30.grp.scd.yahoo.com with NNFMP; 25 Apr 2002 13:23:05 -0000\r\nDate: Thu, 25 Apr 2002 13:23:04 -0000\r\nTo: junit@yahoogroups.com\r\nSubject: Re: unusual behaviour when executing method from test class\r\nMessage-ID: &lt;aa8vvo+18ho@...&gt;\r\nIn-Reply-To: &lt;aa8nhb+i66p@...&gt;\r\nUser-Agent: eGroups-EW/0.82\r\nMIME-Version: 1.0\r\nContent-Type: text/plain; charset=ISO-8859-1\r\nContent-Length: 4637\r\nX-Mailer: Yahoo Groups Message Poster\r\nFrom: &quot;ajpeustace&quot; &lt;ajpeustace@...&gt;\r\nX-Yahoo-Group-Post: member; u=111203697\r\nX-Yahoo-Profile: ajpeustace\r\n\r\nsorry- just realised how common this problem was.\nshould have inspected the faq more closely :)\n\n--- In junit@y..., &quot;ajpeustace&quot; &lt;ajpeustace@y...&gt; wrote:\n&gt; Hi\n&gt; I&#39;m new to JUnit/this list (I can already see what a powerful tool \n&gt; JUnit is - thanks guys) and hope someone can help with the \nfollowing.\n&gt; \n&gt; I&#39;ve incorporated an old test class I&#39;d written into a JUnit class, \n&gt; but a method call that executes normally from the old test class \n&gt; throws an unusual exception from the JUnit class. \n&gt; \n&gt; This is before it even gets to the assertTrue clause in the class- \n&gt; the method call doesn&#39;t execute correctly, yet exactly the same \ncall \n&gt; executes properly from the old test class, and from within my app.\n&gt; \n&gt; This is the call:\n&gt; Document doc = jb.buildDocumentFromFile\n&gt; (&quot;C:&#92;&#92;programfiles&#92;&#92;netbeans&#92;&#92;JTestJDOMBuild&quot;, true);\n&gt; \n&gt; here&#39;s the JUnit class:\n&gt; \n&gt; \n&gt; package chi.xml;\n&gt; \n&gt; import junit.framework.*;\n&gt; import org.jdom.*;\n&gt; import org.jdom.input.SAXBuilder;\n&gt; \n&gt; public class JTestJDOMBuild extends TestCase {\n&gt;     \n&gt;     \n&gt;     public JTestJDOMBuild(String name) {\n&gt;         super(name);\n&gt;     }\n&gt;     public static void main(String args[]) {\n&gt;         junit.awtui.TestRunner.run(JTestJDOMBuild.class);\n&gt;     }\n&gt;     \n&gt;     \n&gt;     public void testBuildDocument(){\n&gt;         try{\n&gt;         JDOMBuild jb = new JDOMBuild();\n&gt;         jb.buildFile\n&gt; \n(&quot;org.gjt.mm.mysql.Driver&quot;,&quot;jdbc:mysql://coultard:3306/marco&quot;, &quot;C:&#92;&#92;pr\n&gt; ogramfiles&#92;&#92;netbeans&#92;&#92;JTestJDOMBuild&quot;);\n&gt;         Document expected = jb.buildDocument\n&gt; (&quot;org.gjt.mm.mysql.Driver&quot;,&quot;jdbc:mysql://coultard:3306/marco&quot;);\n&gt;         Document result = jb.buildDocumentFromFile\n&gt; (&quot;C:&#92;&#92;programfiles&#92;&#92;netbeans&#92;&#92;JTestJDOMBuild&quot;, true);\n&gt;         \n&gt;         \n&gt;         Element e = expected.getRootElement();\n&gt;         String eName = e.getName();\n&gt;         Element r = result.getRootElement();\n&gt;         String rName = &quot;adsf&quot;;//r.getName();\n&gt;         \n&gt;         \n&gt;         Document empty = null;\n&gt;         \n&gt;         assertTrue(!expected.equals(empty));\n&gt;         assertTrue(eName.equals(rName));\n&gt;         }\n&gt;         catch(Exception j){\n&gt;             j.printStackTrace();\n&gt;         }\n&gt;         \n&gt;     }\n&gt;     \n&gt; }\n&gt; \n&gt; here&#39;s the exception (just in case it provides anyone with JUnit \n&gt; clues- I know it seems to be throwing a JDOMException, but as I&#39;ve \n&gt; said, this doesn&#39;t seem to make sense, as it executes normally in \n&gt; every other context):\n&gt; \n&gt; org.jdom.JDOMException: Error in building: \n&gt; org.apache.crimson.parser.XMLReaderImpl\n&gt;         at org.jdom.input.SAXBuilder.build(SAXBuilder.java:373)\n&gt;         at org.jdom.input.SAXBuilder.build(SAXBuilder.java:772)\n&gt;         at chi.xml.JDOMBuild.buildDocumentFromFile\n(JDOMBuild.java:368)\n&gt;         at chi.xml.JTestJDOMBuild.testBuildDocument\n&gt; (JTestJDOMBuild.java:34)\n&gt;         at java.lang.reflect.Method.invoke(Native Method)\n&gt;         at junit.framework.TestCase.runTest(TestCase.java:166)\n&gt;         at junit.framework.TestCase.runBare(TestCase.java:140)\n&gt;         at junit.framework.TestResult$1.protect(TestResult.java:106)\n&gt;         at junit.framework.TestResult.runProtected\n&gt; (TestResult.java:124)\n&gt;         at junit.framework.TestResult.run(TestResult.java:109)\n&gt;         at junit.framework.TestCase.run(TestCase.java:131)\n&gt;         at junit.framework.TestSuite.runTest(TestSuite.java:173)\n&gt;         at junit.framework.TestSuite.run(TestSuite.java:168)\n&gt;         at junit.awtui.TestRunner$10.run(TestRunner.java:403)\n&gt; Caused by: java.lang.ClassCastException: \n&gt; org.apache.crimson.parser.XMLReaderImpl\n&gt;         at org.jdom.input.SAXBuilder.createParser\n(SAXBuilder.java:459)\n&gt;         at org.jdom.input.SAXBuilder.build(SAXBuilder.java:335)\n&gt;         at org.jdom.input.SAXBuilder.build(SAXBuilder.java:772)\n&gt;         at chi.xml.JDOMBuild.buildDocumentFromFile\n(JDOMBuild.java:368)\n&gt;         at chi.xml.JTestJDOMBuild.testBuildDocument\n&gt; (JTestJDOMBuild.java:34)\n&gt;         at java.lang.reflect.Method.invoke(Native Method)\n&gt;         at junit.framework.TestCase.runTest(TestCase.java:166)\n&gt;         at junit.framework.TestCase.runBare(TestCase.java:140)\n&gt;         at junit.framework.TestResult$1.protect(TestResult.java:106)\n&gt;         at junit.framework.TestResult.runProtected\n&gt; (TestResult.java:124)\n&gt;         at junit.framework.TestResult.run(TestResult.java:109)\n&gt;         at junit.framework.TestCase.run(TestCase.java:131)\n&gt;         at junit.framework.TestSuite.runTest(TestSuite.java:173)\n&gt;         at junit.framework.TestSuite.run(TestSuite.java:168)\n&gt;         at junit.awtui.TestRunner$10.run(TestRunner.java:403)\n&gt;  JDOMBuild successful \n&gt; \n&gt; Any insights greatly appreciated\n&gt; \n&gt; Thanks,\n&gt; Alan\n\n\n\n", 
    "profile": "ajpeustace", 
    "topicId": 4763, 
    "spamInfo": {
        "reason": "0", 
        "isSpam": false
    }, 
    "replyTo": "LIST", 
    "userId": 111203697, 
    "prevInTime": 4763, 
    "contentTrasformed": false, 
    "postDate": "1019740984", 
    "canDelete": false, 
    "nextInTopic": 0, 
    "prevInTopic": 4763, 
    "headers": {
        "inReplyToHeader": "PGFhOG5oYitpNjZwQGVHcm91cHMuY29tPg==", 
        "messageIdInHeader": "PGFhOHZ2bysxOGhvQGVHcm91cHMuY29tPg=="
    }
}