{
    "numMessagesInTopic": 2, 
    "nextInTime": 4765, 
    "senderId": "6WM9XM4Ao1NK5D2cvbaMauSJ6DC4EtU6vXtPwDGXz9vXH2ZGQmsY9Ebj5jH02PXZ3HJ5ZSkadiosqJyzRUoJu6-1Z1URGgkewgM", 
    "systemMessage": false, 
    "subject": "Re: unusual behaviour when executing method from test class", 
    "from": "&quot;ajpeustace&quot; &lt;ajpeustace@...&gt;", 
    "authorName": "ajpeustace", 
    "msgSnippet": "sorry- just realised how common this problem was. should have inspected the faq more closely :) ... following. ... call ... ", 
    "msgId": 4764, 
    "profile": "ajpeustace", 
    "topicId": 4763, 
    "spamInfo": {
        "reason": "0", 
        "isSpam": false
    }, 
    "replyTo": "LIST", 
    "userId": 111203697, 
    "messageBody": "<div id=\"ygrps-yiv-741914172\">sorry- just realised how common this problem was.<br/>\nshould have inspected the faq more closely :)<br/>\n<br/>\n<blockquote><span title=\"qreply\"> --- In junit@y..., &quot;ajpeustace&quot; &lt;ajpeustace@y...&gt; wrote:<br/>\n&gt; Hi<br/>\n&gt; I&#39;m new to JUnit/this list (I can already see what a powerful tool <br/>\n&gt; JUnit is - thanks guys) and hope someone can help with the <br/>\nfollowing.<br/>\n&gt; <br/>\n&gt; I&#39;ve incorporated an old test class I&#39;d written into a JUnit class, <br/>\n&gt; but a method call that executes normally from the old test class <br/>\n&gt; throws an unusual exception from the JUnit class. <br/>\n&gt; <br/>\n&gt; This is before it even gets to the assertTrue clause in the class- <br/>\n&gt; the method call doesn&#39;t execute correctly, yet exactly the same <br/>\ncall <br/>\n&gt; executes properly from the old test class, and from within my app.<br/>\n&gt; <br/>\n&gt; This is the call:<br/>\n&gt; Document doc = jb.buildDocumentFromFile<br/>\n&gt; (&quot;C:&#92;&#92;programfiles&#92;&#92;netbeans&#92;&#92;JTestJDOMBuild&quot;, true);<br/>\n&gt; <br/>\n&gt; here&#39;s the JUnit class:<br/>\n&gt; <br/>\n&gt; <br/>\n&gt; package chi.xml;<br/>\n&gt; <br/>\n&gt; import junit.framework.*;<br/>\n&gt; import org.jdom.*;<br/>\n&gt; import org.jdom.input.SAXBuilder;<br/>\n&gt; <br/>\n&gt; public class JTestJDOMBuild extends TestCase {<br/>\n&gt;     <br/>\n&gt;     <br/>\n&gt;     public JTestJDOMBuild(String name) {<br/>\n&gt;         super(name);<br/>\n&gt;     }<br/>\n&gt;     public static void main(String args[]) {<br/>\n&gt;         junit.awtui.TestRunner.run(JTestJDOMBuild.class);<br/>\n&gt;     }<br/>\n&gt;     <br/>\n&gt;     <br/>\n&gt;     public void testBuildDocument(){<br/>\n&gt;         try{<br/>\n&gt;         JDOMBuild jb = new JDOMBuild();<br/>\n&gt;         jb.buildFile<br/>\n&gt; <br/>\n(&quot;org.gjt.mm.mysql.Driver&quot;,&quot;jdbc:mysql://coultard:3306/marco&quot;, &quot;C:&#92;&#92;pr<br/>\n&gt; ogramfiles&#92;&#92;netbeans&#92;&#92;JTestJDOMBuild&quot;);<br/>\n&gt;         Document expected = jb.buildDocument<br/>\n&gt; (&quot;org.gjt.mm.mysql.Driver&quot;,&quot;jdbc:mysql://coultard:3306/marco&quot;);<br/>\n&gt;         Document result = jb.buildDocumentFromFile<br/>\n&gt; (&quot;C:&#92;&#92;programfiles&#92;&#92;netbeans&#92;&#92;JTestJDOMBuild&quot;, true);<br/>\n&gt;         <br/>\n&gt;         <br/>\n&gt;         Element e = expected.getRootElement();<br/>\n&gt;         String eName = e.getName();<br/>\n&gt;         Element r = result.getRootElement();<br/>\n&gt;         String rName = &quot;adsf&quot;;//r.getName();<br/>\n&gt;         <br/>\n&gt;         <br/>\n&gt;         Document empty = null;<br/>\n&gt;         <br/>\n&gt;         assertTrue(!expected.equals(empty));<br/>\n&gt;         assertTrue(eName.equals(rName));<br/>\n&gt;         }<br/>\n&gt;         catch(Exception j){<br/>\n&gt;             j.printStackTrace();<br/>\n&gt;         }<br/>\n&gt;         <br/>\n&gt;     }<br/>\n&gt;     <br/>\n&gt; }<br/>\n&gt; <br/>\n&gt; here&#39;s the exception (just in case it provides anyone with JUnit <br/>\n&gt; clues- I know it seems to be throwing a JDOMException, but as I&#39;ve <br/>\n&gt; said, this doesn&#39;t seem to make sense, as it executes normally in <br/>\n&gt; every other context):<br/>\n&gt; <br/>\n&gt; org.jdom.JDOMException: Error in building: <br/>\n&gt; org.apache.crimson.parser.XMLReaderImpl<br/>\n&gt;         at org.jdom.input.SAXBuilder.build(SAXBuilder.java:373)<br/>\n&gt;         at org.jdom.input.SAXBuilder.build(SAXBuilder.java:772)<br/>\n&gt;         at chi.xml.JDOMBuild.buildDocumentFromFile<br/>\n(JDOMBuild.java:368)<br/>\n&gt;         at chi.xml.JTestJDOMBuild.testBuildDocument<br/>\n&gt; (JTestJDOMBuild.java:34)<br/>\n&gt;         at java.lang.reflect.Method.invoke(Native Method)<br/>\n&gt;         at junit.framework.TestCase.runTest(TestCase.java:166)<br/>\n&gt;         at junit.framework.TestCase.runBare(TestCase.java:140)<br/>\n&gt;         at junit.framework.TestResult$1.protect(TestResult.java:106)<br/>\n&gt;         at junit.framework.TestResult.runProtected<br/>\n&gt; (TestResult.java:124)<br/>\n&gt;         at junit.framework.TestResult.run(TestResult.java:109)<br/>\n&gt;         at junit.framework.TestCase.run(TestCase.java:131)<br/>\n&gt;         at junit.framework.TestSuite.runTest(TestSuite.java:173)<br/>\n&gt;         at junit.framework.TestSuite.run(TestSuite.java:168)<br/>\n&gt;         at junit.awtui.TestRunner$10.run(TestRunner.java:403)<br/>\n&gt; Caused by: java.lang.ClassCastException: <br/>\n&gt; org.apache.crimson.parser.XMLReaderImpl<br/>\n&gt;         at org.jdom.input.SAXBuilder.createParser<br/>\n(SAXBuilder.java:459)<br/>\n&gt;         at org.jdom.input.SAXBuilder.build(SAXBuilder.java:335)<br/>\n&gt;         at org.jdom.input.SAXBuilder.build(SAXBuilder.java:772)<br/>\n&gt;         at chi.xml.JDOMBuild.buildDocumentFromFile<br/>\n(JDOMBuild.java:368)<br/>\n&gt;         at chi.xml.JTestJDOMBuild.testBuildDocument<br/>\n&gt; (JTestJDOMBuild.java:34)<br/>\n&gt;         at java.lang.reflect.Method.invoke(Native Method)<br/>\n&gt;         at junit.framework.TestCase.runTest(TestCase.java:166)<br/>\n&gt;         at junit.framework.TestCase.runBare(TestCase.java:140)<br/>\n&gt;         at junit.framework.TestResult$1.protect(TestResult.java:106)<br/>\n&gt;         at junit.framework.TestResult.runProtected<br/>\n&gt; (TestResult.java:124)<br/>\n&gt;         at junit.framework.TestResult.run(TestResult.java:109)<br/>\n&gt;         at junit.framework.TestCase.run(TestCase.java:131)<br/>\n&gt;         at junit.framework.TestSuite.runTest(TestSuite.java:173)<br/>\n&gt;         at junit.framework.TestSuite.run(TestSuite.java:168)<br/>\n&gt;         at junit.awtui.TestRunner$10.run(TestRunner.java:403)<br/>\n&gt;  JDOMBuild successful <br/>\n&gt; <br/>\n&gt; Any insights greatly appreciated<br/>\n&gt; <br/>\n&gt; Thanks,<br/>\n&gt; Alan </span></blockquote></div>", 
    "prevInTime": 4763, 
    "specialLinks": [], 
    "contentTrasformed": false, 
    "postDate": "1019740984", 
    "canDelete": false, 
    "nextInTopic": 0, 
    "prevInTopic": 4763, 
    "headers": {
        "inReplyToHeader": "PGFhOG5oYitpNjZwQGVHcm91cHMuY29tPg==", 
        "messageIdInHeader": "PGFhOHZ2bysxOGhvQGVHcm91cHMuY29tPg=="
    }
}