{
    "numMessagesInTopic": 3, 
    "nextInTime": 5384, 
    "senderId": "8sDSs0kbr42emxmq5sFuq2NG904u-OWL5GUZFDi9BdOI2EcHOoLlK3DJgkPC7t2D3N31Vj6-xJBo4ZaHzGBT0PD374Sq1m56RZ5ULX0mptip4A", 
    "systemMessage": false, 
    "subject": "Newbie Junit3.7 & JVM1.4", 
    "from": "&quot;opensesame1000&quot; &lt;opensesame1000@...&gt;", 
    "authorName": "opensesame1000", 
    "msgSnippet": "hi all., I am a new user to junit. I recently installed the Junit 3.7 against jdk 1.4 After setting classpath and running the sample test this is the error i", 
    "msgId": 5383, 
    "profile": "opensesame1000", 
    "topicId": 5383, 
    "spamInfo": {
        "reason": "0", 
        "isSpam": false
    }, 
    "replyTo": "LIST", 
    "userId": 118791061, 
    "messageBody": "<div id=\"ygrps-yiv-371149990\">hi all.,<br/>\n<br/>\nI am a new user to junit. I recently installed the Junit 3.7 against <br/>\njdk 1.4<br/>\n<br/>\nAfter setting classpath and running the sample test this is the error <br/>\ni get...<br/>\n<br/>\nC:&#92;Junit&gt;java junit.textui.TestRunner junit.samples.AllTests<br/>\n.........................................<br/>\n.........................................<br/>\n.......E.<br/>\nTime: 1.913<br/>\nThere was 1 error:<br/>\n1) testClassLoading(junit.tests.TestCaseClassLoaderTest)<br/>\njava.lang.ClassNotFoundException: junit.tests.ClassLoaderTest<br/>\n        at junit.runner.TestCaseClassLoader.lookupClassData<br/>\n(TestCaseClassLoader.<br/>\njava:124)<br/>\n        at junit.runner.TestCaseClassLoader.loadClass<br/>\n(TestCaseClassLoader.java:1<br/>\n01)<br/>\n        at junit.tests.TestCaseClassLoaderTest.testClassLoading<br/>\n(TestCaseClassLoa<br/>\nderTest.java:19)<br/>\n        at sun.reflect.NativeMethodAccessorImpl.invoke0(Native Method)<br/>\n        at sun.reflect.NativeMethodAccessorImpl.invoke<br/>\n(NativeMethodAccessorImpl.<br/>\njava:39)<br/>\n        at sun.reflect.DelegatingMethodAccessorImpl.invoke<br/>\n(DelegatingMethodAcces<br/>\nsorImpl.java:25)<br/>\n<br/>\nFAILURES!!!<br/>\nTests run: 90,  Failures: 0,  Errors: 1<br/>\n<br/>\n<br/>\nC:&#92;Junit&gt;<br/>\n<br/>\n<br/>\n<br/>\n<br/>\nI read the faq too Could not find anything abt this unfortunately...<br/>\n<br/>\nCould some help me with this pls...<br/>\n<br/>\nThanks in advance<br/>\n<br/>\nrk</div>", 
    "prevInTime": 5382, 
    "specialLinks": [], 
    "contentTrasformed": false, 
    "postDate": "1026744318", 
    "canDelete": false, 
    "nextInTopic": 5384, 
    "prevInTopic": 0, 
    "headers": {
        "messageIdInHeader": "PGFndW41dStoZzQ0QGVHcm91cHMuY29tPg=="
    }
}