{
    "numMessagesInTopic": 4, 
    "nextInTime": 6318, 
    "senderId": "LV4IO6OlGeEW03B246b81cM1SNuuOWvD77_JPpnG74F48WM0GF2pRxByHE3-mmRYQx1zJb_d2UWtWWImXj5Z5mE6rWM8IqOejj687r8CA7bl", 
    "systemMessage": false, 
    "subject": "[JUnit3.8.1][Installation][OS: Win Xp Pro]", 
    "from": "&quot;jlmrodriguesfr&quot; &lt;jlmrodriguesfr@...&gt;", 
    "authorName": "jlmrodriguesfr", 
    "msgSnippet": "I would like to know why i have this error. See below what i did and the result : Thanks, 1)unzip the junit.zip file add junit.jar to the CLASSPATH. 2)test the", 
    "msgId": 6317, 
    "profile": "jlmrodriguesfr", 
    "topicId": 6317, 
    "spamInfo": {
        "reason": "0", 
        "isSpam": false
    }, 
    "replyTo": "LIST", 
    "userId": 59627704, 
    "messageBody": "<div id=\"ygrps-yiv-1397394655\">I would like to know why i have this error.<br/>\n<br/>\nSee below what i did and the result :<br/>\nThanks,<br/>\n<br/>\n1)unzip the junit.zip file <br/>\nadd junit.jar to the CLASSPATH.<br/>\n2)test the installation by using either the batch or the graphical <br/>\nTestRunner tool to run the tests that come with this release. All <br/>\nthe tests should pass OK. <br/>\n2.1 )the batch TestRunner type: <br/>\n    java junit.textui.TestRunner junit.samples.AllTests <br/>\n<br/>\nresult ==&gt;<br/>\nMicrosoft Windows XP [version 5.1.2600]<br/>\n(C) Copyright 1985-2001 Microsoft Corp.<br/>\n<br/>\nC:&#92;&gt;java junit.textui.TestRunner junit.samples.AllTests<br/>\n.........................................<br/>\n.........................................<br/>\n................F....E.................<br/>\nTime: 2,623<br/>\nThere was 1 error:<br/>\n1) testJarClassLoading(junit.tests.runner.TestCaseClassLoaderTest)<br/>\njava.lang.Clas<br/>\nsNotFoundException: junit.tests.runner.LoadedFromJar<br/>\n        at junit.runner.TestCaseClassLoader.lookupClassData<br/>\n(TestCaseClassLoader.<br/>\njava:124)<br/>\n        at junit.runner.TestCaseClassLoader.loadClass<br/>\n(TestCaseClassLoader.java:1<br/>\n01)<br/>\n        at <br/>\njunit.tests.runner.TestCaseClassLoaderTest.testJarClassLoading(TestCa<br/>\nseClassLoaderTest.java:33)<br/>\n        at sun.reflect.NativeMethodAccessorImpl.invoke0(Native <br/>\nMethod)<br/>\n        at sun.reflect.NativeMethodAccessorImpl.invoke<br/>\n(NativeMethodAccessorImpl.<br/>\njava:39)<br/>\n        at sun.reflect.DelegatingMethodAccessorImpl.invoke<br/>\n(DelegatingMethodAcces<br/>\nsorImpl.java:25)<br/>\nThere was 1 failure:<br/>\n1) testSuccess(junit.tests.runner.TextRunnerTest)<br/>\njunit.framework.AssertionFailed<br/>\nError<br/>\n        at junit.tests.runner.TextRunnerTest.execTest<br/>\n(TextRunnerTest.java:37)<br/>\n        at junit.tests.runner.TextRunnerTest.testSuccess<br/>\n(TextRunnerTest.java:20)<br/>\n<br/>\n        at sun.reflect.NativeMethodAccessorImpl.invoke0(Native <br/>\nMethod)<br/>\n        at sun.reflect.NativeMethodAccessorImpl.invoke<br/>\n(NativeMethodAccessorImpl.<br/>\njava:39)<br/>\n        at sun.reflect.DelegatingMethodAccessorImpl.invoke<br/>\n(DelegatingMethodAcces<br/>\nsorImpl.java:25)<br/>\n<br/>\nFAILURES!!!<br/>\nTests run: 119,  Failures: 1,  Errors: 1</div>", 
    "prevInTime": 6316, 
    "specialLinks": [], 
    "contentTrasformed": false, 
    "postDate": "1038589661", 
    "canDelete": false, 
    "nextInTopic": 6342, 
    "prevInTopic": 0, 
    "headers": {
        "messageIdInHeader": "PGFzODZzdCtsNzk1QGVHcm91cHMuY29tPg=="
    }
}