{
    "numMessagesInTopic": 4, 
    "nextInTime": 6343, 
    "senderId": "l_2ALXnEpnWqdM62LttUmPLbGnyF9MVmF7aFQ5CdLCKT6sjS_7dm2cvkDlJ2DQvT5LLKLXxFJjTFc9gH0esLcaOFht2cApWzY-JgkaZE", 
    "systemMessage": false, 
    "subject": "Re: [JUnit3.8.1][Installation][OS: Win Xp Pro]", 
    "from": "&quot;rab6687&quot; &lt;Rob_Biedenharn@...&gt;", 
    "authorName": "rab6687", 
    "msgSnippet": "Although you don t say where you installed your JUnit, I suspect that you have the same problem that I did.  I originally installed in C: Program", 
    "msgId": 6342, 
    "rawEmail": "Return-Path: &lt;Rob_Biedenharn@...&gt;\r\nReceived: (qmail 43032 invoked from network); 2 Dec 2002 19:54:20 -0000\r\nReceived: from unknown (66.218.66.216)\n  by m10.grp.scd.yahoo.com with QMQP; 2 Dec 2002 19:54:20 -0000\r\nReceived: from unknown (HELO n14.grp.scd.yahoo.com) (66.218.66.69)\n  by mta1.grp.scd.yahoo.com with SMTP; 2 Dec 2002 19:54:20 -0000\r\nX-eGroups-Return: Rob_Biedenharn@...\r\nReceived: from [66.218.67.178] by n14.grp.scd.yahoo.com with NNFMP; 02 Dec 2002 19:54:19 -0000\r\nX-Sender: Rob_Biedenharn@...\r\nX-Apparently-To: junit@yahoogroups.com\r\nReceived: (EGP: mail-8_2_3_0); 2 Dec 2002 19:50:29 -0000\r\nReceived: (qmail 34030 invoked from network); 2 Dec 2002 19:50:28 -0000\r\nReceived: from unknown (66.218.66.218)\n  by m10.grp.scd.yahoo.com with QMQP; 2 Dec 2002 19:50:28 -0000\r\nReceived: from unknown (HELO n5.grp.scd.yahoo.com) (66.218.66.89)\n  by mta3.grp.scd.yahoo.com with SMTP; 2 Dec 2002 19:50:28 -0000\r\nReceived: from [66.218.67.132] by n5.grp.scd.yahoo.com with NNFMP; 02 Dec 2002 19:50:28 -0000\r\nDate: Mon, 02 Dec 2002 19:50:25 -0000\r\nTo: junit@yahoogroups.com\r\nSubject: Re: [JUnit3.8.1][Installation][OS: Win Xp Pro]\r\nMessage-ID: &lt;asgdi1+v8ub@...&gt;\r\nIn-Reply-To: &lt;as86st+l795@...&gt;\r\nUser-Agent: eGroups-EW/0.82\r\nMIME-Version: 1.0\r\nContent-Type: text/plain; charset=ISO-8859-1\r\nContent-Length: 1744\r\nX-Mailer: Yahoo Groups Message Poster\r\nFrom: &quot;rab6687&quot; &lt;Rob_Biedenharn@...&gt;\r\nX-Yahoo-Group-Post: member; u=41798573\r\nX-Yahoo-Profile: rab6687\r\nX-eGroups-Approved-By: clarkware &lt;mike@...&gt; via web; 02 Dec 2002 19:54:19 -0000\r\n\r\nAlthough you don&#39;t say where you installed your JUnit, I suspect that \nyou have the same problem that I did.  I originally installed \nin &quot;C:&#92;Program Files&#92;JUnit&#92;&quot; and got the same error no matter how I \ntried to run the JUnit self-tests.  Eventually, I found someone who \nsaid that the ClassLoader has trouble with spaces in the directories \nin the CLASSPATH.  Trying to use &quot;C:&#92;Progra~1&#92;JUnit&#92;&quot; wasn&#39;t any \nbetter, but moving the entire directory to &quot;C:&#92;Junit&#92;&quot; did the \ntrick.  I was later told that just putting quotes around the \nCLASSPATH directories should be sufficient, but I never went back to \ntry that.\n\n-Rob\n\n--- In junit@y..., &quot;jlmrodriguesfr&quot; &lt;jlmrodriguesfr@y...&gt; wrote:\n&gt; I would like to know why i have this error.\n&gt; \n&gt; See below what i did and the result :\n&gt; Thanks,\n&gt; \n&gt; 1)unzip the junit.zip file \n&gt; add junit.jar to the CLASSPATH.\n&gt; 2)test the installation by using either the batch or the graphical \n&gt; TestRunner tool to run the tests that come with this release. All \n&gt; the tests should pass OK. \n&gt; 2.1 )the batch TestRunner type: \n&gt;     java junit.textui.TestRunner junit.samples.AllTests \n&gt; \n&gt; result ==&gt;\n&gt; Microsoft Windows XP [version 5.1.2600]\n&gt; (C) Copyright 1985-2001 Microsoft Corp.\n&gt; \n&gt; C:&#92;&gt;java junit.textui.TestRunner junit.samples.AllTests\n&gt; .........................................\n&gt; .........................................\n&gt; ................F....E.................\n&gt; Time: 2,623\n&gt; There was 1 error:\n&gt; 1) testJarClassLoading(junit.tests.runner.TestCaseClassLoaderTest)\n&gt; java.lang.Clas\n&gt; sNotFoundException: junit.tests.runner.LoadedFromJar\n&gt;         at junit.runner.TestCaseClassLoader.lookupClassData\n&gt; (TestCaseClassLoader.\n&gt; java:124)\n&lt;snip/&gt;\n&gt; FAILURES!!!\n&gt; Tests run: 119,  Failures: 1,  Errors: 1\n\n\n\n", 
    "profile": "rab6687", 
    "topicId": 6317, 
    "spamInfo": {
        "reason": "0", 
        "isSpam": false
    }, 
    "replyTo": "LIST", 
    "userId": 41798573, 
    "prevInTime": 6341, 
    "contentTrasformed": false, 
    "postDate": "1038858625", 
    "canDelete": false, 
    "nextInTopic": 6358, 
    "prevInTopic": 6317, 
    "headers": {
        "inReplyToHeader": "PGFzODZzdCtsNzk1QGVHcm91cHMuY29tPg==", 
        "messageIdInHeader": "PGFzZ2RpMSt2OHViQGVHcm91cHMuY29tPg=="
    }
}