{
    "numMessagesInTopic": 4, 
    "nextInTime": 6343, 
    "senderId": "EI2RCpqn2r6rbrU_FN--uTI9ysIgaRy3lV-P6kHr-LrD2CCuG8x92tPGs5zjmupirUsw4ILhwlkDJ5_LNukDxkKalHZK7mcLAD0sp35g", 
    "systemMessage": false, 
    "subject": "Re: [JUnit3.8.1][Installation][OS: Win Xp Pro]", 
    "from": "&quot;rab6687&quot; &lt;Rob_Biedenharn@...&gt;", 
    "authorName": "rab6687", 
    "msgSnippet": "Although you don t say where you installed your JUnit, I suspect that you have the same problem that I did.  I originally installed in C: Program", 
    "msgId": 6342, 
    "profile": "rab6687", 
    "topicId": 6317, 
    "spamInfo": {
        "reason": "0", 
        "isSpam": false
    }, 
    "replyTo": "LIST", 
    "userId": 41798573, 
    "messageBody": "<div id=\"ygrps-yiv-1604176929\">Although you don&#39;t say where you installed your JUnit, I suspect that <br/>\nyou have the same problem that I did.  I originally installed <br/>\nin &quot;C:&#92;Program Files&#92;JUnit&#92;&quot; and got the same error no matter how I <br/>\ntried to run the JUnit self-tests.  Eventually, I found someone who <br/>\nsaid that the ClassLoader has trouble with spaces in the directories <br/>\nin the CLASSPATH.  Trying to use &quot;C:&#92;Progra~1&#92;JUnit&#92;&quot; wasn&#39;t any <br/>\nbetter, but moving the entire directory to &quot;C:&#92;Junit&#92;&quot; did the <br/>\ntrick.  I was later told that just putting quotes around the <br/>\nCLASSPATH directories should be sufficient, but I never went back to <br/>\ntry that.<br/>\n<br/>\n-Rob<br/>\n<br/>\n<blockquote><span title=\"qreply\"> --- In junit@y..., &quot;jlmrodriguesfr&quot; &lt;jlmrodriguesfr@y...&gt; wrote:<br/>\n&gt; I would like to know why i have this error.<br/>\n&gt; <br/>\n&gt; See below what i did and the result :<br/>\n&gt; Thanks,<br/>\n&gt; <br/>\n&gt; 1)unzip the junit.zip file <br/>\n&gt; add junit.jar to the CLASSPATH.<br/>\n&gt; 2)test the installation by using either the batch or the graphical <br/>\n&gt; TestRunner tool to run the tests that come with this release. All <br/>\n&gt; the tests should pass OK. <br/>\n&gt; 2.1 )the batch TestRunner type: <br/>\n&gt;     java junit.textui.TestRunner junit.samples.AllTests <br/>\n&gt; <br/>\n&gt; result ==&gt;<br/>\n&gt; Microsoft Windows XP [version 5.1.2600]<br/>\n&gt; (C) Copyright 1985-2001 Microsoft Corp.<br/>\n&gt; <br/>\n&gt; C:&#92;&gt;java junit.textui.TestRunner junit.samples.AllTests<br/>\n&gt; .........................................<br/>\n&gt; .........................................<br/>\n&gt; ................F....E.................<br/>\n&gt; Time: 2,623<br/>\n&gt; There was 1 error:<br/>\n&gt; 1) testJarClassLoading(junit.tests.runner.TestCaseClassLoaderTest)<br/>\n&gt; java.lang.Clas<br/>\n&gt; sNotFoundException: junit.tests.runner.LoadedFromJar<br/>\n&gt;         at junit.runner.TestCaseClassLoader.lookupClassData<br/>\n&gt; (TestCaseClassLoader.<br/>\n&gt; java:124)<br/>\n&lt;snip/&gt;<br/>\n&gt; FAILURES!!!<br/>\n&gt; Tests run: 119,  Failures: 1,  Errors: 1 </span></blockquote></div>", 
    "prevInTime": 6341, 
    "specialLinks": [], 
    "contentTrasformed": false, 
    "postDate": "1038858625", 
    "canDelete": false, 
    "nextInTopic": 6358, 
    "prevInTopic": 6317, 
    "headers": {
        "inReplyToHeader": "PGFzODZzdCtsNzk1QGVHcm91cHMuY29tPg==", 
        "messageIdInHeader": "PGFzZ2RpMSt2OHViQGVHcm91cHMuY29tPg=="
    }
}