{
    "numMessagesInTopic": 4, 
    "nextInTime": 6359, 
    "senderId": "fSKyqz1RDByKclPdNNamlnkDWX0QT5mgEtGPdOHKOD6g9ZoGgKvmseDHEztQDzvo9c5ouaDsHPY3NZlsnaYZMVibHLOnSE176OEQphDmNErD", 
    "systemMessage": false, 
    "subject": "Re: [JUnit3.8.1][Installation][OS: Win Xp Pro]", 
    "from": "&quot;jlmrodriguesfr&quot; &lt;jlmrodriguesfr@...&gt;", 
    "authorName": "jlmrodriguesfr", 
    "msgSnippet": "Thanks so much, it works now... I received one answer to my question and  it was  a good one ... that ... I ... who ... directories ... to ... graphical ... ", 
    "msgId": 6358, 
    "profile": "jlmrodriguesfr", 
    "topicId": 6317, 
    "spamInfo": {
        "reason": "0", 
        "isSpam": false
    }, 
    "replyTo": "LIST", 
    "userId": 59627704, 
    "messageBody": "<div id=\"ygrps-yiv-321322565\">Thanks so much, it works now...<br/>\nI received one answer to my question and  it was  a good one<br/>\n:-))<br/>\n<br/>\n<br/>\n<blockquote><span title=\"qreply\"> --- In junit@y..., &quot;rab6687&quot; &lt;Rob_Biedenharn@a...&gt; wrote:<br/>\n&gt; Although you don&#39;t say where you installed your JUnit, I suspect <br/>\nthat <br/>\n&gt; you have the same problem that I did.  I originally installed <br/>\n&gt; in &quot;C:&#92;Program Files&#92;JUnit&#92;&quot; and got the same error no matter how <br/>\nI <br/>\n&gt; tried to run the JUnit self-tests.  Eventually, I found someone <br/>\nwho <br/>\n&gt; said that the ClassLoader has trouble with spaces in the <br/>\ndirectories <br/>\n&gt; in the CLASSPATH.  Trying to use &quot;C:&#92;Progra~1&#92;JUnit&#92;&quot; wasn&#39;t any <br/>\n&gt; better, but moving the entire directory to &quot;C:&#92;Junit&#92;&quot; did the <br/>\n&gt; trick.  I was later told that just putting quotes around the <br/>\n&gt; CLASSPATH directories should be sufficient, but I never went back <br/>\nto <br/>\n&gt; try that.<br/>\n&gt; <br/>\n&gt; -Rob<br/>\n&gt; <br/>\n&gt; --- In junit@y..., &quot;jlmrodriguesfr&quot; &lt;jlmrodriguesfr@y...&gt; wrote:<br/>\n&gt; &gt; I would like to know why i have this error.<br/>\n&gt; &gt; <br/>\n&gt; &gt; See below what i did and the result :<br/>\n&gt; &gt; Thanks,<br/>\n&gt; &gt; <br/>\n&gt; &gt; 1)unzip the junit.zip file <br/>\n&gt; &gt; add junit.jar to the CLASSPATH.<br/>\n&gt; &gt; 2)test the installation by using either the batch or the <br/>\ngraphical <br/>\n&gt; &gt; TestRunner tool to run the tests that come with this release. <br/>\nAll <br/>\n&gt; &gt; the tests should pass OK. <br/>\n&gt; &gt; 2.1 )the batch TestRunner type: <br/>\n&gt; &gt;     java junit.textui.TestRunner junit.samples.AllTests <br/>\n&gt; &gt; <br/>\n&gt; &gt; result ==&gt;<br/>\n&gt; &gt; Microsoft Windows XP [version 5.1.2600]<br/>\n&gt; &gt; (C) Copyright 1985-2001 Microsoft Corp.<br/>\n&gt; &gt; <br/>\n&gt; &gt; C:&#92;&gt;java junit.textui.TestRunner junit.samples.AllTests<br/>\n&gt; &gt; .........................................<br/>\n&gt; &gt; .........................................<br/>\n&gt; &gt; ................F....E.................<br/>\n&gt; &gt; Time: 2,623<br/>\n&gt; &gt; There was 1 error:<br/>\n&gt; &gt; 1) testJarClassLoading<br/>\n(junit.tests.runner.TestCaseClassLoaderTest)<br/>\n&gt; &gt; java.lang.Clas<br/>\n&gt; &gt; sNotFoundException: junit.tests.runner.LoadedFromJar<br/>\n&gt; &gt;         at junit.runner.TestCaseClassLoader.lookupClassData<br/>\n&gt; &gt; (TestCaseClassLoader.<br/>\n&gt; &gt; java:124)<br/>\n&gt; &lt;snip/&gt;<br/>\n&gt; &gt; FAILURES!!!<br/>\n&gt; &gt; Tests run: 119,  Failures: 1,  Errors: 1 </span></blockquote></div>", 
    "prevInTime": 6357, 
    "specialLinks": [], 
    "contentTrasformed": false, 
    "postDate": "1038939039", 
    "canDelete": false, 
    "nextInTopic": 6372, 
    "prevInTopic": 6342, 
    "headers": {
        "inReplyToHeader": "PGFzZ2RpMSt2OHViQGVHcm91cHMuY29tPg==", 
        "messageIdInHeader": "PGFzaXMyditqNTBnQGVHcm91cHMuY29tPg=="
    }
}