{
    "numMessagesInTopic": 6, 
    "nextInTime": 8265, 
    "senderId": "Goa38-XY_2SlFSpJEpV9TcdBuL1pffNjEtbBbqWEUbTYr8I36iEX458dmHOFYI28U0ZvsvwSa2Mo39R2joMJqJRiv0BbyA", 
    "systemMessage": false, 
    "subject": "problem setting up ant target for junit", 
    "from": "&quot;Vijay&quot; &lt;vijayanands@...&gt;", 
    "authorName": "Vijay", 
    "msgSnippet": "Hi All I am setting the following runtest target for junit. But my ant is erroring out. The error  message follows the target. Can someone help in pointing out", 
    "msgId": 8264, 
    "rawEmail": "Return-Path: &lt;vijayanands@...&gt;\r\nReceived: (qmail 19891 invoked from network); 4 Jun 2003 13:00:00 -0000\r\nReceived: from unknown (66.218.66.216)\n  by m13.grp.scd.yahoo.com with QMQP; 4 Jun 2003 13:00:00 -0000\r\nReceived: from unknown (HELO n26.grp.scd.yahoo.com) (66.218.66.82)\n  by mta1.grp.scd.yahoo.com with SMTP; 4 Jun 2003 13:00:00 -0000\r\nX-eGroups-Return: vijayanands@...\r\nReceived: from [66.218.67.147] by n26.grp.scd.yahoo.com with NNFMP; 04 Jun 2003 12:58:36 -0000\r\nX-Sender: vijayanands@...\r\nX-Apparently-To: junit@yahoogroups.com\r\nReceived: (qmail 39801 invoked from network); 4 Jun 2003 06:34:28 -0000\r\nReceived: from unknown (66.218.66.217)\n  by m10.grp.scd.yahoo.com with QMQP; 4 Jun 2003 06:34:28 -0000\r\nReceived: from unknown (HELO n16.grp.scd.yahoo.com) (66.218.66.71)\n  by mta2.grp.scd.yahoo.com with SMTP; 4 Jun 2003 06:34:27 -0000\r\nReceived: from [66.218.67.160] by n16.grp.scd.yahoo.com with NNFMP; 04 Jun 2003 06:34:27 -0000\r\nDate: Wed, 04 Jun 2003 06:34:27 -0000\r\nTo: junit@yahoogroups.com\r\nSubject: problem setting up ant target for junit\r\nMessage-ID: &lt;bbk3tj+vclh@...&gt;\r\nUser-Agent: eGroups-EW/0.82\r\nMIME-Version: 1.0\r\nContent-Type: text/plain; charset=ISO-8859-1\r\nContent-Length: 2199\r\nX-Mailer: Yahoo Groups Message Poster\r\nFrom: &quot;Vijay&quot; &lt;vijayanands@...&gt;\r\nX-Yahoo-Group-Post: member; u=62387136\r\nX-Yahoo-Profile: vijayanands\r\nX-eGroups-Approved-By: vbossica &lt;vladimir@...&gt; via web; 04 Jun 2003 12:58:33 -0000\r\n\r\nHi All\nI am setting the following runtest target for junit. But my ant is \nerroring out. The error  message follows the target. Can someone help \nin pointing out what the problem is. \nthanks,\nvijay\n\nBuild.xml target\n----------------\n\n &lt;target name=&quot;runtests&quot; depends=&quot;init, prepare, compileTest, \ninstall.junit&quot;&gt;\n  &lt;junit printsummary=&quot;on&quot; fork=&quot;false&quot; haltonfailure=&quot;false&quot;\n           failureproperty=&quot;tests.failed&quot; showoutput=&quot;true&quot;&gt;\n    &lt;classpath refid=&quot;aweb.classpath&quot;/&gt;\n    &lt;formatter type=&quot;brief&quot; usefile=&quot;false&quot;/&gt;\n    &lt;batchtest&gt;\n      &lt;fileset dir=&quot;Test&quot;&gt;\n        &lt;include name=&quot;**/Test*.java&quot;/&gt;\n      &lt;/fileset&gt;\n    &lt;/batchtest&gt;\n  &lt;/junit&gt;\n\n  &lt;fail if=&quot;tests.failed&quot;&gt;\n  **********************************************\n  **********************************************\n  One or more tests failed. Check the output...\n  **********************************************\n  **********************************************\n  &lt;/fail&gt;\n &lt;/target&gt;\n\nError I get when I run &quot;ant runtests&quot; is\n--------------------------------------\n\nruntests:\n    [junit] Running TestTemp\n    [junit] Tests run: 1, Failures: 0, Errors: 1, Time elapsed: 0 sec\n    [junit] Testsuite: TestTemp\n    [junit] Tests run: 1, Failures: 0, Errors: 1, Time elapsed: 0 sec\n\n    [junit] Null Test: \tCaused an ERROR\n    [junit] TestTemp\n    [junit] java.lang.ClassNotFoundException: TestTemp\n    [junit] \tat java.net.URLClassLoader$1.run\n(URLClassLoader.java:198)\n    [junit] \tat java.security.AccessController.doPrivileged(Native \nMethod)\n    [junit] \tat java.net.URLClassLoader.findClass\n(URLClassLoader.java:186)\n    [junit] \tat java.lang.ClassLoader.loadClass\n(ClassLoader.java:299)\n    [junit] \tat sun.misc.Launcher$AppClassLoader.loadClass\n(Launcher.java:265)\n    [junit] \tat java.lang.ClassLoader.loadClass\n(ClassLoader.java:255)\n    [junit] \tat java.lang.ClassLoader.loadClass\n(ClassLoader.java:255)\n\n\n    [junit] TEST TestTemp FAILED\n\nBUILD FAILED\nfile:E:/beta/AWeb/build.xml:681: \n  **********************************************\n  **********************************************\n  One or more tests failed. Check the output...\n  **********************************************\n  **********************************************\n\n\n\n\n\n\n", 
    "profile": "vijayanands", 
    "topicId": 8264, 
    "spamInfo": {
        "reason": "0", 
        "isSpam": false
    }, 
    "replyTo": "LIST", 
    "userId": 62387136, 
    "prevInTime": 8263, 
    "contentTrasformed": false, 
    "postDate": "1054708467", 
    "canDelete": false, 
    "nextInTopic": 8276, 
    "prevInTopic": 0, 
    "headers": {
        "messageIdInHeader": "PGJiazN0ait2Y2xoQGVHcm91cHMuY29tPg=="
    }
}