{
    "numMessagesInTopic": 6, 
    "nextInTime": 8265, 
    "senderId": "DleKgCqUJIHbuaHTAdYw_DAAyExcu3DzzDTSKV93nBsOSCYbtSHn-0GVgpDNW2Fl55TKtfBTtyk4fH4WS0x-aGMPimQGUQ", 
    "systemMessage": false, 
    "subject": "problem setting up ant target for junit", 
    "from": "&quot;Vijay&quot; &lt;vijayanands@...&gt;", 
    "authorName": "Vijay", 
    "msgSnippet": "Hi All I am setting the following runtest target for junit. But my ant is erroring out. The error  message follows the target. Can someone help in pointing out", 
    "msgId": 8264, 
    "profile": "vijayanands", 
    "topicId": 8264, 
    "spamInfo": {
        "reason": "0", 
        "isSpam": false
    }, 
    "replyTo": "LIST", 
    "userId": 62387136, 
    "messageBody": "<div id=\"ygrps-yiv-1489609841\">Hi All<br/>\nI am setting the following runtest target for junit. But my ant is <br/>\nerroring out. The error  message follows the target. Can someone help <br/>\nin pointing out what the problem is. <br/>\nthanks,<br/>\nvijay<br/>\n<br/>\nBuild.xml target<br/>\n----------------<br/>\n<br/>\n &lt;target name=&quot;runtests&quot; depends=&quot;init, prepare, compileTest, <br/>\ninstall.junit&quot;&gt;<br/>\n  &lt;junit printsummary=&quot;on&quot; fork=&quot;false&quot; haltonfailure=&quot;false&quot;<br/>\n           failureproperty=&quot;tests.failed&quot; showoutput=&quot;true&quot;&gt;<br/>\n    &lt;classpath refid=&quot;aweb.classpath&quot;/&gt;<br/>\n    &lt;formatter type=&quot;brief&quot; usefile=&quot;false&quot;/&gt;<br/>\n    &lt;batchtest&gt;<br/>\n      &lt;fileset dir=&quot;Test&quot;&gt;<br/>\n        &lt;include name=&quot;**/Test*.java&quot;/&gt;<br/>\n      &lt;/fileset&gt;<br/>\n    &lt;/batchtest&gt;<br/>\n  &lt;/junit&gt;<br/>\n<br/>\n  &lt;fail if=&quot;tests.failed&quot;&gt;<br/>\n  **********************************************<br/>\n  **********************************************<br/>\n  One or more tests failed. Check the output...<br/>\n  **********************************************<br/>\n  **********************************************<br/>\n  &lt;/fail&gt;<br/>\n &lt;/target&gt;<br/>\n<br/>\nError I get when I run &quot;ant runtests&quot; is<br/>\n--------------------------------------<br/>\n<br/>\nruntests:<br/>\n    [junit] Running TestTemp<br/>\n    [junit] Tests run: 1, Failures: 0, Errors: 1, Time elapsed: 0 sec<br/>\n    [junit] Testsuite: TestTemp<br/>\n    [junit] Tests run: 1, Failures: 0, Errors: 1, Time elapsed: 0 sec<br/>\n<br/>\n    [junit] Null Test: \tCaused an ERROR<br/>\n    [junit] TestTemp<br/>\n    [junit] java.lang.ClassNotFoundException: TestTemp<br/>\n    [junit] \tat java.net.URLClassLoader$1.run<br/>\n(URLClassLoader.java:198)<br/>\n    [junit] \tat java.security.AccessController.doPrivileged(Native <br/>\nMethod)<br/>\n    [junit] \tat java.net.URLClassLoader.findClass<br/>\n(URLClassLoader.java:186)<br/>\n    [junit] \tat java.lang.ClassLoader.loadClass<br/>\n(ClassLoader.java:299)<br/>\n    [junit] \tat sun.misc.Launcher$AppClassLoader.loadClass<br/>\n(Launcher.java:265)<br/>\n    [junit] \tat java.lang.ClassLoader.loadClass<br/>\n(ClassLoader.java:255)<br/>\n    [junit] \tat java.lang.ClassLoader.loadClass<br/>\n(ClassLoader.java:255)<br/>\n<br/>\n<br/>\n    [junit] TEST TestTemp FAILED<br/>\n<br/>\nBUILD FAILED<br/>\nfile:E:/beta/AWeb/build.xml:681: <br/>\n  **********************************************<br/>\n  **********************************************<br/>\n  One or more tests failed. Check the output...<br/>\n  **********************************************<br/>\n  **********************************************</div>", 
    "prevInTime": 8263, 
    "specialLinks": [], 
    "contentTrasformed": false, 
    "postDate": "1054708467", 
    "canDelete": false, 
    "nextInTopic": 8276, 
    "prevInTopic": 0, 
    "headers": {
        "messageIdInHeader": "PGJiazN0ait2Y2xoQGVHcm91cHMuY29tPg=="
    }
}