{
    "numMessagesInTopic": 6, 
    "nextInTime": 8277, 
    "senderId": "FMaNJVdDQ5mKdmitSC27Mr5NNNHpfCF_gxWd7Dm0Tw_gADX2WWEhMFcw5NQy1JEXZVjDqU3r_9cga2a-LU6JwQGKI9w", 
    "systemMessage": false, 
    "subject": "Re: [junit] problem setting up ant target for junit", 
    "from": "Suresh C &lt;csurbesh@...&gt;", 
    "authorName": "Suresh C", 
    "msgSnippet": "Hi , Mostly what i think is that the file is not compiled properly or the classpath in the build is not proper as it it showing ClassNotFoundException. Regards", 
    "msgId": 8276, 
    "rawEmail": "Return-Path: &lt;csurbesh@...&gt;\r\nReceived: (qmail 85708 invoked from network); 5 Jun 2003 14:07:06 -0000\r\nReceived: from unknown (66.218.66.216)\n  by m2.grp.scd.yahoo.com with QMQP; 5 Jun 2003 14:07:05 -0000\r\nReceived: from unknown (HELO n1.grp.scd.yahoo.com) (66.218.66.64)\n  by mta1.grp.scd.yahoo.com with SMTP; 5 Jun 2003 14:06:55 -0000\r\nX-eGroups-Return: csurbesh@...\r\nReceived: from [66.218.67.156] by n1.grp.scd.yahoo.com with NNFMP; 05 Jun 2003 14:03:14 -0000\r\nX-Sender: csurbesh@...\r\nX-Apparently-To: junit@yahoogroups.com\r\nReceived: (qmail 85787 invoked from network); 5 Jun 2003 13:43:56 -0000\r\nReceived: from unknown (66.218.66.217)\n  by m5.grp.scd.yahoo.com with QMQP; 5 Jun 2003 13:43:56 -0000\r\nReceived: from unknown (HELO web41901.mail.yahoo.com) (66.218.93.152)\n  by mta2.grp.scd.yahoo.com with SMTP; 5 Jun 2003 13:43:56 -0000\r\nMessage-ID: &lt;20030605080619.35388.qmail@...&gt;\r\nReceived: from [202.9.170.3] by web41901.mail.yahoo.com via HTTP; Thu, 05 Jun 2003 01:06:19 PDT\r\nDate: Thu, 5 Jun 2003 01:06:19 -0700 (PDT)\r\nSubject: Re: [junit] problem setting up ant target for junit\r\nTo: junit@yahoogroups.com\r\nIn-Reply-To: &lt;bbk3tj+vclh@...&gt;\r\nMIME-Version: 1.0\r\nFrom: Suresh C &lt;csurbesh@...&gt;\r\nX-Yahoo-Group-Post: member; u=143874104\r\nX-Yahoo-Profile: csurbesh\r\nContent-Type: text/plain; charset=US-ASCII\r\nContent-Transfer-Encoding: 7bit\r\nX-eGroups-Approved-By: vbossica &lt;vladimir@...&gt; via web; 05 Jun 2003 14:03:08 -0000\r\n\r\nHi ,\n    Mostly what i think is that the file is not compiled properly or the classpath in the build is not proper as it it showing ClassNotFoundException.\n \nRegards\n Suresh\n \n    \n\nVijay &lt;vijayanands@...&gt; wrote:\nHi All\nI am setting the following runtest target for junit. But my ant is \nerroring out. The error  message follows the target. Can someone help \nin pointing out what the problem is. \nthanks,\nvijay\n\nBuild.xml target\n----------------\n\n&lt;target name=&quot;runtests&quot; depends=&quot;init, prepare, compileTest, \ninstall.junit&quot;&gt;\n  &lt;junit printsummary=&quot;on&quot; fork=&quot;false&quot; haltonfailure=&quot;false&quot;\n           failureproperty=&quot;tests.failed&quot; showoutput=&quot;true&quot;&gt;\n    &lt;classpath refid=&quot;aweb.classpath&quot;/&gt;\n    &lt;formatter type=&quot;brief&quot; usefile=&quot;false&quot;/&gt;\n    &lt;batchtest&gt;\n      &lt;fileset dir=&quot;Test&quot;&gt;\n        &lt;include name=&quot;**/Test*.java&quot;/&gt;\n      &lt;/fileset&gt;\n    &lt;/batchtest&gt;\n  &lt;/junit&gt;\n\n  &lt;fail if=&quot;tests.failed&quot;&gt;\n  **********************************************\n  **********************************************\n  One or more tests failed. Check the output...\n  **********************************************\n  **********************************************\n  &lt;/fail&gt;\n&lt;/target&gt;\n\nError I get when I run &quot;ant runtests&quot; is\n--------------------------------------\n\nruntests:\n    [junit] Running TestTemp\n    [junit] Tests run: 1, Failures: 0, Errors: 1, Time elapsed: 0 sec\n    [junit] Testsuite: TestTemp\n    [junit] Tests run: 1, Failures: 0, Errors: 1, Time elapsed: 0 sec\n\n    [junit] Null Test:       Caused an ERROR\n    [junit] TestTemp\n    [junit] java.lang.ClassNotFoundException: TestTemp\n    [junit]       at java.net.URLClassLoader$1.run\n(URLClassLoader.java:198)\n    [junit]       at java.security.AccessController.doPrivileged(Native \nMethod)\n    [junit]       at java.net.URLClassLoader.findClass\n(URLClassLoader.java:186)\n    [junit]       at java.lang.ClassLoader.loadClass\n(ClassLoader.java:299)\n    [junit]       at sun.misc.Launcher$AppClassLoader.loadClass\n(Launcher.java:265)\n    [junit]       at java.lang.ClassLoader.loadClass\n(ClassLoader.java:255)\n    [junit]       at java.lang.ClassLoader.loadClass\n(ClassLoader.java:255)\n\n\n    [junit] TEST TestTemp FAILED\n\nBUILD FAILED\nfile:E:/beta/AWeb/build.xml:681: \n  **********************************************\n  **********************************************\n  One or more tests failed. Check the output...\n  **********************************************\n  **********************************************\n\n\n\n\n\n\nYahoo! Groups Sponsor\n\nTo unsubscribe from this group, send an email to:\njunit-unsubscribe@yahoogroups.com\n\n\nYour use of Yahoo! Groups is subject to the Yahoo! Terms of Service. \n\n\n---------------------------------\nDo you Yahoo!?\nThe New Yahoo! Search - Faster. Easier. Bingo.\n\n[Non-text portions of this message have been removed]\n\n\n\n", 
    "profile": "csurbesh", 
    "topicId": 8264, 
    "spamInfo": {
        "reason": "0", 
        "isSpam": false
    }, 
    "replyTo": "LIST", 
    "userId": 143874104, 
    "prevInTime": 8275, 
    "contentTrasformed": false, 
    "postDate": "1054800379", 
    "canDelete": false, 
    "nextInTopic": 8278, 
    "prevInTopic": 8264, 
    "headers": {
        "inReplyToHeader": "PGJiazN0ait2Y2xoQGVHcm91cHMuY29tPg==", 
        "messageIdInHeader": "PDIwMDMwNjA1MDgwNjE5LjM1Mzg4LnFtYWlsQHdlYjQxOTAxLm1haWwueWFob28uY29tPg=="
    }
}