{
    "numMessagesInTopic": 6, 
    "nextInTime": 8277, 
    "senderId": "jQGoKyMek_ugrpOjGhPYfyHGz1NzQQp5TXjHf9rbJjNSngeOCxTNMrjySH1JoIV4Bn5n9SzMwAfXriVMYEkS1F8mS4k", 
    "systemMessage": false, 
    "subject": "Re: [junit] problem setting up ant target for junit", 
    "from": "Suresh C &lt;csurbesh@...&gt;", 
    "authorName": "Suresh C", 
    "msgSnippet": "Hi , Mostly what i think is that the file is not compiled properly or the classpath in the build is not proper as it it showing ClassNotFoundException. Regards", 
    "msgId": 8276, 
    "profile": "csurbesh", 
    "topicId": 8264, 
    "spamInfo": {
        "reason": "0", 
        "isSpam": false
    }, 
    "replyTo": "LIST", 
    "userId": 143874104, 
    "messageBody": "<div id=\"ygrps-yiv-1532575647\">Hi ,<br/>\n    Mostly what i think is that the file is not compiled properly or the classpath in the build is not proper as it it showing ClassNotFoundException.<br/>\n <br/>\nRegards<br/>\n Suresh<br/>\n <br/>\n    <br/>\n<br/>\nVijay &lt;<a rel=\"nofollow\" target=\"_blank\" href=\"mailto:vijayanands@...\">vijayanands@...</a>&gt; wrote:<br/>\nHi All<br/>\nI am setting the following runtest target for junit. But my ant is <br/>\nerroring out. The error  message follows the target. Can someone help <br/>\nin pointing out what the problem is. <br/>\nthanks,<br/>\nvijay<br/>\n<br/>\nBuild.xml target<br/>\n----------------<br/>\n<br/>\n&lt;target name=&quot;runtests&quot; depends=&quot;init, prepare, compileTest, <br/>\ninstall.junit&quot;&gt;<br/>\n  &lt;junit printsummary=&quot;on&quot; fork=&quot;false&quot; haltonfailure=&quot;false&quot;<br/>\n           failureproperty=&quot;tests.failed&quot; showoutput=&quot;true&quot;&gt;<br/>\n    &lt;classpath refid=&quot;aweb.classpath&quot;/&gt;<br/>\n    &lt;formatter type=&quot;brief&quot; usefile=&quot;false&quot;/&gt;<br/>\n    &lt;batchtest&gt;<br/>\n      &lt;fileset dir=&quot;Test&quot;&gt;<br/>\n        &lt;include name=&quot;**/Test*.java&quot;/&gt;<br/>\n      &lt;/fileset&gt;<br/>\n    &lt;/batchtest&gt;<br/>\n  &lt;/junit&gt;<br/>\n<br/>\n  &lt;fail if=&quot;tests.failed&quot;&gt;<br/>\n  **********************************************<br/>\n  **********************************************<br/>\n  One or more tests failed. Check the output...<br/>\n  **********************************************<br/>\n  **********************************************<br/>\n  &lt;/fail&gt;<br/>\n&lt;/target&gt;<br/>\n<br/>\nError I get when I run &quot;ant runtests&quot; is<br/>\n--------------------------------------<br/>\n<br/>\nruntests:<br/>\n    [junit] Running TestTemp<br/>\n    [junit] Tests run: 1, Failures: 0, Errors: 1, Time elapsed: 0 sec<br/>\n    [junit] Testsuite: TestTemp<br/>\n    [junit] Tests run: 1, Failures: 0, Errors: 1, Time elapsed: 0 sec<br/>\n<br/>\n    [junit] Null Test:       Caused an ERROR<br/>\n    [junit] TestTemp<br/>\n    [junit] java.lang.ClassNotFoundException: TestTemp<br/>\n    [junit]       at java.net.URLClassLoader$1.run<br/>\n(URLClassLoader.java:198)<br/>\n    [junit]       at java.security.AccessController.doPrivileged(Native <br/>\nMethod)<br/>\n    [junit]       at java.net.URLClassLoader.findClass<br/>\n(URLClassLoader.java:186)<br/>\n    [junit]       at java.lang.ClassLoader.loadClass<br/>\n(ClassLoader.java:299)<br/>\n    [junit]       at sun.misc.Launcher$AppClassLoader.loadClass<br/>\n(Launcher.java:265)<br/>\n    [junit]       at java.lang.ClassLoader.loadClass<br/>\n(ClassLoader.java:255)<br/>\n    [junit]       at java.lang.ClassLoader.loadClass<br/>\n(ClassLoader.java:255)<br/>\n<br/>\n<br/>\n    [junit] TEST TestTemp FAILED<br/>\n<br/>\nBUILD FAILED<br/>\nfile:E:/beta/AWeb/build.xml:681: <br/>\n  **********************************************<br/>\n  **********************************************<br/>\n  One or more tests failed. Check the output...<br/>\n  **********************************************<br/>\n  **********************************************<br/>\n<br/>\n<br/>\n<br/>\n<br/>\n<br/>\n<br/>\nYahoo! Groups Sponsor<br/>\n<br/>\nTo unsubscribe from this group, send an email to:<br/>\n<a rel=\"nofollow\" target=\"_blank\" href=\"mailto:junit-unsubscribe@yahoogroups.com\">junit-unsubscribe@yahoogroups.com</a><br/>\n<br/>\n<br/>\nYour use of Yahoo! Groups is subject to the Yahoo! Terms of Service. <br/>\n<br/>\n<br/>\n---------------------------------<br/>\nDo you Yahoo!?<br/>\nThe New Yahoo! Search - Faster. Easier. Bingo.<br/>\n<br/>\n[Non-text portions of this message have been removed]</div>", 
    "prevInTime": 8275, 
    "specialLinks": [], 
    "contentTrasformed": false, 
    "postDate": "1054800379", 
    "canDelete": false, 
    "nextInTopic": 8278, 
    "prevInTopic": 8264, 
    "headers": {
        "inReplyToHeader": "PGJiazN0ait2Y2xoQGVHcm91cHMuY29tPg==", 
        "messageIdInHeader": "PDIwMDMwNjA1MDgwNjE5LjM1Mzg4LnFtYWlsQHdlYjQxOTAxLm1haWwueWFob28uY29tPg=="
    }
}