{
    "numMessagesInTopic": 6, 
    "nextInTime": 8279, 
    "senderId": "GkQ7HCVau_O4zjbvp5tSbyVZzzQkMxYayJoCAoV2pD9X8kHgnSFMsSmDc9gBWOzKoHVeqMhqonRAAdnC04-p62TyYUxSJmnIwezG9-otws0", 
    "systemMessage": false, 
    "subject": "Re: [junit] problem setting up ant target for junit", 
    "from": "vijayanand sankar &lt;vijayanands@...&gt;", 
    "authorName": "vijayanand sankar", 
    "msgSnippet": "Hi Suresh, I simplified the build.xml and the testing example further. What I have is the following. My testcase file is TestExample.java which is import", 
    "msgId": 8278, 
    "profile": "vijayanands", 
    "topicId": 8264, 
    "spamInfo": {
        "reason": "0", 
        "isSpam": false
    }, 
    "replyTo": "LIST", 
    "userId": 62387136, 
    "messageBody": "<div id=\"ygrps-yiv-1928993715\">Hi Suresh,<br/>\nI simplified the build.xml and the testing example<br/>\nfurther. What I have is the following. My testcase<br/>\nfile is TestExample.java which is<br/>\n<br/>\nimport junit.framework.*;<br/>\npublic class TestExample extends TestCase {<br/>\n    public void testOne()<br/>\n    {<br/>\n        assertTrue( &quot;TestExample&quot;, true );<br/>\n    }<br/>\n}<br/>\n<br/>\nand my build.xml is<br/>\n<br/>\n&lt;?xml version=&quot;1.0&quot;?&gt;<br/>\n&lt;!-- Copyright (c) 2003 AssuredWeb, Inc. All Rights<br/>\nReserved. --&gt;<br/>\n<br/>\n&lt;project default=&quot;all&quot;&gt;<br/>\n  &lt;property name=&quot;tst-dir&quot; location=&quot;test&quot; /&gt;<br/>\n  &lt;property name=&quot;TALK&quot; value=&quot;false&quot; /&gt;<br/>\n<br/>\n  &lt;path id=&quot;classpath.base&quot;&gt;<br/>\n  &lt;/path&gt;<br/>\n  &lt;path id=&quot;classpath.test&quot;&gt;<br/>\n    &lt;pathelement location=&quot;e:/junit3.8.1/junit.jar&quot; /&gt;<br/>\n    &lt;pathelement location=&quot;${tst-dir}&quot; /&gt;<br/>\n    &lt;path refid=&quot;classpath.base&quot; /&gt;<br/>\n  &lt;/path&gt;<br/>\n<br/>\n  &lt;target name=&quot;compile-test&quot;&gt;<br/>\n    &lt;javac srcdir=&quot;${tst-dir}&quot;<br/>\n           verbose=&quot;${TALK}&quot;<br/>\n<blockquote><span title=\"ireply\">            &gt;<br/>\n </span></blockquote>      &lt;classpath refid=&quot;classpath.test&quot;/&gt;<br/>\n    &lt;/javac&gt;<br/>\n  &lt;/target&gt;<br/>\n  &lt;target name=&quot;clean-compile-test&quot;&gt;<br/>\n    &lt;delete verbose=&quot;${TALK}&quot;&gt;<br/>\n      &lt;fileset dir=&quot;${tst-dir}&quot; includes=&quot;**/*.class&quot;<br/>\n/&gt;<br/>\n    &lt;/delete&gt;<br/>\n  &lt;/target&gt;<br/>\n<br/>\n  &lt;target name=&quot;test&quot; depends=&quot;compile-test&quot;&gt;<br/>\n    &lt;junit&gt;<br/>\n      &lt;classpath refid=&quot;classpath.test&quot; /&gt;<br/>\n      &lt;formatter type=&quot;brief&quot; usefile=&quot;false&quot; /&gt;<br/>\n      &lt;batchtest&gt;<br/>\n        &lt;fileset dir=&quot;${tst-dir}&quot;<br/>\nincludes=&quot;**/Test*.class&quot; /&gt;<br/>\n      &lt;/batchtest&gt;<br/>\n    &lt;/junit&gt;<br/>\n  &lt;/target&gt;<br/>\n<br/>\n  &lt;target name=&quot;all&quot; depends=&quot;test&quot; /&gt;<br/>\n  &lt;target name=&quot;clean&quot; depends=&quot;clean-compile-test&quot; /&gt;<br/>\n&lt;/project&gt;<br/>\n<br/>\nBut I am still having the same issue. I dont have<br/>\nanything defined in my computer&#39;s CLASSPATH<br/>\n<br/>\ntest:<br/>\n    [junit] Testsuite: TestExample<br/>\n    [junit] Tests run: 1, Failures: 0, Errors: 1, Time<br/>\nelapsed: 0 sec<br/>\n<br/>\n    [junit] Null Test:  Caused an ERROR<br/>\n    [junit] TestExample<br/>\n    [junit] java.lang.ClassNotFoundException:<br/>\nTestExample<br/>\n    [junit]     at<br/>\njava.net.URLClassLoader$1.run(URLClassLoader.java:198)<br/>\n    [junit]     at<br/>\njava.security.AccessController.doPrivileged(Native<br/>\nMethod)<br/>\n    [junit]     at<br/>\njava.net.URLClassLoader.findClass(URLClassLoader.java:186)<br/>\n    [junit]     at<br/>\njava.lang.ClassLoader.loadClass(ClassLoader.java:299)<br/>\n    [junit]     at<br/>\nsun.misc.Launcher$AppClassLoader.loadClass(Launcher.java:265)<br/>\n<br/>\n    [junit]     at<br/>\njava.lang.ClassLoader.loadClass(ClassLoader.java:255)<br/>\n    [junit]     at<br/>\njava.lang.ClassLoader.loadClass(ClassLoader.java:255)<br/>\n<br/>\n<br/>\n    [junit] TEST TestExample FAILED<br/>\n<br/>\nany ideas why this is happening even though I am<br/>\nexplicitly including the junit path and the test<br/>\ndirectory path in the classpath property.<br/>\nvijay<br/>\n<br/>\n--- Suresh C &lt;<a rel=\"nofollow\" target=\"_blank\" href=\"mailto:csurbesh@...\">csurbesh@...</a>&gt; wrote:<br/>\n<blockquote><span title=\"ireply\"> &gt; Hi ,<br/>\n&gt;     Mostly what i think is that the file is not<br/>\n&gt; compiled properly or the classpath in the build is<br/>\n&gt; not proper as it it showing ClassNotFoundException.<br/>\n&gt;  <br/>\n&gt; Regards<br/>\n&gt;  Suresh<br/>\n&gt;  <br/>\n&gt;     <br/>\n&gt; <br/>\n&gt; Vijay &lt;<a rel=\"nofollow\" target=\"_blank\" href=\"mailto:vijayanands@...\">vijayanands@...</a>&gt; wrote:<br/>\n&gt; Hi All<br/>\n&gt; I am setting the following runtest target for junit.<br/>\n&gt; But my ant is <br/>\n&gt; erroring out. The error  message follows the target.<br/>\n&gt; Can someone help <br/>\n&gt; in pointing out what the problem is. <br/>\n&gt; thanks,<br/>\n&gt; vijay<br/>\n&gt; <br/>\n&gt; Build.xml target<br/>\n&gt; ----------------<br/>\n&gt; <br/>\n&gt; &lt;target name=&quot;runtests&quot; depends=&quot;init, prepare,<br/>\n&gt; compileTest, <br/>\n&gt; install.junit&quot;&gt;<br/>\n&gt;   &lt;junit printsummary=&quot;on&quot; fork=&quot;false&quot;<br/>\n&gt; haltonfailure=&quot;false&quot;<br/>\n&gt;            failureproperty=&quot;tests.failed&quot;<br/>\n&gt; showoutput=&quot;true&quot;&gt;<br/>\n&gt;     &lt;classpath refid=&quot;aweb.classpath&quot;/&gt;<br/>\n&gt;     &lt;formatter type=&quot;brief&quot; usefile=&quot;false&quot;/&gt;<br/>\n&gt;     &lt;batchtest&gt;<br/>\n&gt;       &lt;fileset dir=&quot;Test&quot;&gt;<br/>\n&gt;         &lt;include name=&quot;**/Test*.java&quot;/&gt;<br/>\n&gt;       &lt;/fileset&gt;<br/>\n&gt;     &lt;/batchtest&gt;<br/>\n&gt;   &lt;/junit&gt;<br/>\n&gt; <br/>\n&gt;   &lt;fail if=&quot;tests.failed&quot;&gt;<br/>\n&gt;   **********************************************<br/>\n&gt;   **********************************************<br/>\n&gt;   One or more tests failed. Check the output...<br/>\n&gt;   **********************************************<br/>\n&gt;   **********************************************<br/>\n&gt;   &lt;/fail&gt;<br/>\n&gt; &lt;/target&gt;<br/>\n&gt; <br/>\n&gt; Error I get when I run &quot;ant runtests&quot; is<br/>\n&gt; --------------------------------------<br/>\n&gt; <br/>\n&gt; runtests:<br/>\n&gt;     [junit] Running TestTemp<br/>\n&gt;     [junit] Tests run: 1, Failures: 0, Errors: 1,<br/>\n&gt; Time elapsed: 0 sec<br/>\n&gt;     [junit] Testsuite: TestTemp<br/>\n&gt;     [junit] Tests run: 1, Failures: 0, Errors: 1,<br/>\n&gt; Time elapsed: 0 sec<br/>\n&gt; <br/>\n&gt;     [junit] Null Test:       Caused an ERROR<br/>\n&gt;     [junit] TestTemp<br/>\n&gt;     [junit] java.lang.ClassNotFoundException:<br/>\n&gt; TestTemp<br/>\n&gt;     [junit]       at java.net.URLClassLoader$1.run<br/>\n&gt; (URLClassLoader.java:198)<br/>\n&gt;     [junit]       at<br/>\n&gt; java.security.AccessController.doPrivileged(Native <br/>\n&gt; Method)<br/>\n&gt;     [junit]       at<br/>\n&gt; java.net.URLClassLoader.findClass<br/>\n&gt; (URLClassLoader.java:186)<br/>\n&gt;     [junit]       at java.lang.ClassLoader.loadClass<br/>\n&gt; (ClassLoader.java:299)<br/>\n&gt;     [junit]       at<br/>\n&gt; sun.misc.Launcher$AppClassLoader.loadClass<br/>\n&gt; (Launcher.java:265)<br/>\n&gt;     [junit]       at java.lang.ClassLoader.loadClass<br/>\n&gt; (ClassLoader.java:255)<br/>\n&gt;     [junit]       at java.lang.ClassLoader.loadClass<br/>\n&gt; (ClassLoader.java:255)<br/>\n&gt; <br/>\n&gt; <br/>\n&gt;     [junit] TEST TestTemp FAILED<br/>\n&gt; <br/>\n&gt; BUILD FAILED<br/>\n&gt; file:E:/beta/AWeb/build.xml:681: <br/>\n&gt;   **********************************************<br/>\n&gt;   **********************************************<br/>\n&gt;   One or more tests failed. Check the output...<br/>\n&gt;   **********************************************<br/>\n&gt;   **********************************************<br/>\n&gt; <br/>\n&gt; <br/>\n&gt; <br/>\n&gt; <br/>\n&gt; <br/>\n&gt; <br/>\n&gt; Yahoo! Groups Sponsor<br/>\n&gt; <br/>\n&gt; To unsubscribe from this group, send an email to:<br/>\n&gt; <a rel=\"nofollow\" target=\"_blank\" href=\"mailto:junit-unsubscribe@yahoogroups.com\">junit-unsubscribe@yahoogroups.com</a><br/>\n&gt; <br/>\n&gt; <br/>\n&gt; Your use of Yahoo! Groups is subject to the Yahoo!<br/>\n&gt; Terms of Service. <br/>\n&gt; <br/>\n&gt; <br/>\n&gt; ---------------------------------<br/>\n&gt; Do you Yahoo!?<br/>\n&gt; The New Yahoo! Search - Faster. Easier. Bingo.<br/>\n&gt; <br/>\n&gt; [Non-text portions of this message have been<br/>\n&gt; removed]<br/>\n&gt; <br/>\n&gt; <br/>\n&gt; <br/>\n<br/>\n<br/>\n </span></blockquote>__________________________________<br/>\nDo you Yahoo!?<br/>\nYahoo! Calendar - Free online calendar with sync to Outlook(TM).<br/>\n<a rel=\"nofollow\" target=\"_blank\" href=\"http://calendar.yahoo.com\">http://calendar.yahoo.com</a></div>", 
    "prevInTime": 8277, 
    "specialLinks": [], 
    "contentTrasformed": false, 
    "postDate": "1054826126", 
    "canDelete": false, 
    "nextInTopic": 8279, 
    "prevInTopic": 8276, 
    "headers": {
        "inReplyToHeader": "PDIwMDMwNjA1MDgwNjE5LjM1Mzg4LnFtYWlsQHdlYjQxOTAxLm1haWwueWFob28uY29tPg==", 
        "messageIdInHeader": "PDIwMDMwNjA1MTUxNTI2LjE5MzM1LnFtYWlsQHdlYjEyMTAzLm1haWwueWFob28uY29tPg=="
    }
}