{
    "numMessagesInTopic": 6, 
    "nextInTime": 8279, 
    "senderId": "n8rVzXhs0L0dO-rkf2D8uSo2mavFHrNVXLShRX9LvvtenMQAxfq3Ih4ncAMf6h2BFEaNXzM1WW9WV477d5LQFdhKbNVENjsYr1-K02GG0H4", 
    "systemMessage": false, 
    "subject": "Re: [junit] problem setting up ant target for junit", 
    "from": "vijayanand sankar &lt;vijayanands@...&gt;", 
    "authorName": "vijayanand sankar", 
    "msgSnippet": "Hi Suresh, I simplified the build.xml and the testing example further. What I have is the following. My testcase file is TestExample.java which is import", 
    "msgId": 8278, 
    "rawEmail": "Return-Path: &lt;vijayanands@...&gt;\r\nReceived: (qmail 65333 invoked from network); 5 Jun 2003 16:50:03 -0000\r\nReceived: from unknown (66.218.66.218)\n  by m10.grp.scd.yahoo.com with QMQP; 5 Jun 2003 16:50:03 -0000\r\nReceived: from unknown (HELO n15.grp.scd.yahoo.com) (66.218.66.70)\n  by mta3.grp.scd.yahoo.com with SMTP; 5 Jun 2003 16:50:03 -0000\r\nX-eGroups-Return: vijayanands@...\r\nReceived: from [66.218.66.113] by n15.grp.scd.yahoo.com with NNFMP; 05 Jun 2003 16:48:31 -0000\r\nX-Sender: vijayanands@...\r\nX-Apparently-To: junit@yahoogroups.com\r\nReceived: (qmail 13894 invoked from network); 5 Jun 2003 15:15:30 -0000\r\nReceived: from unknown (66.218.66.216)\n  by m8.grp.scd.yahoo.com with QMQP; 5 Jun 2003 15:15:29 -0000\r\nReceived: from unknown (HELO web12103.mail.yahoo.com) (216.136.172.23)\n  by mta1.grp.scd.yahoo.com with SMTP; 5 Jun 2003 15:15:27 -0000\r\nMessage-ID: &lt;20030605151526.19335.qmail@...&gt;\r\nReceived: from [12.210.27.67] by web12103.mail.yahoo.com via HTTP; Thu, 05 Jun 2003 08:15:26 PDT\r\nDate: Thu, 5 Jun 2003 08:15:26 -0700 (PDT)\r\nSubject: Re: [junit] problem setting up ant target for junit\r\nTo: junit@yahoogroups.com\r\nIn-Reply-To: &lt;20030605080619.35388.qmail@...&gt;\r\nMIME-Version: 1.0\r\nContent-Type: text/plain; charset=us-ascii\r\nFrom: vijayanand sankar &lt;vijayanands@...&gt;\r\nX-Yahoo-Group-Post: member; u=62387136\r\nX-Yahoo-Profile: vijayanands\r\nX-eGroups-Approved-By: vbossica &lt;vladimir@...&gt; via web; 05 Jun 2003 16:48:30 -0000\r\n\r\nHi Suresh,\nI simplified the build.xml and the testing example\nfurther. What I have is the following. My testcase\nfile is TestExample.java which is\n\nimport junit.framework.*;\npublic class TestExample extends TestCase {\n    public void testOne()\n    {\n        assertTrue( &quot;TestExample&quot;, true );\n    }\n}\n\nand my build.xml is\n\n&lt;?xml version=&quot;1.0&quot;?&gt;\n&lt;!-- Copyright (c) 2003 AssuredWeb, Inc. All Rights\nReserved. --&gt;\n\n&lt;project default=&quot;all&quot;&gt;\n  &lt;property name=&quot;tst-dir&quot; location=&quot;test&quot; /&gt;\n  &lt;property name=&quot;TALK&quot; value=&quot;false&quot; /&gt;\n\n  &lt;path id=&quot;classpath.base&quot;&gt;\n  &lt;/path&gt;\n  &lt;path id=&quot;classpath.test&quot;&gt;\n    &lt;pathelement location=&quot;e:/junit3.8.1/junit.jar&quot; /&gt;\n    &lt;pathelement location=&quot;${tst-dir}&quot; /&gt;\n    &lt;path refid=&quot;classpath.base&quot; /&gt;\n  &lt;/path&gt;\n\n  &lt;target name=&quot;compile-test&quot;&gt;\n    &lt;javac srcdir=&quot;${tst-dir}&quot;\n           verbose=&quot;${TALK}&quot;\n           &gt;\n      &lt;classpath refid=&quot;classpath.test&quot;/&gt;\n    &lt;/javac&gt;\n  &lt;/target&gt;\n  &lt;target name=&quot;clean-compile-test&quot;&gt;\n    &lt;delete verbose=&quot;${TALK}&quot;&gt;\n      &lt;fileset dir=&quot;${tst-dir}&quot; includes=&quot;**/*.class&quot;\n/&gt;\n    &lt;/delete&gt;\n  &lt;/target&gt;\n\n  &lt;target name=&quot;test&quot; depends=&quot;compile-test&quot;&gt;\n    &lt;junit&gt;\n      &lt;classpath refid=&quot;classpath.test&quot; /&gt;\n      &lt;formatter type=&quot;brief&quot; usefile=&quot;false&quot; /&gt;\n      &lt;batchtest&gt;\n        &lt;fileset dir=&quot;${tst-dir}&quot;\nincludes=&quot;**/Test*.class&quot; /&gt;\n      &lt;/batchtest&gt;\n    &lt;/junit&gt;\n  &lt;/target&gt;\n\n  &lt;target name=&quot;all&quot; depends=&quot;test&quot; /&gt;\n  &lt;target name=&quot;clean&quot; depends=&quot;clean-compile-test&quot; /&gt;\n&lt;/project&gt;\n\nBut I am still having the same issue. I dont have\nanything defined in my computer&#39;s CLASSPATH\n\ntest:\n    [junit] Testsuite: TestExample\n    [junit] Tests run: 1, Failures: 0, Errors: 1, Time\nelapsed: 0 sec\n\n    [junit] Null Test:  Caused an ERROR\n    [junit] TestExample\n    [junit] java.lang.ClassNotFoundException:\nTestExample\n    [junit]     at\njava.net.URLClassLoader$1.run(URLClassLoader.java:198)\n    [junit]     at\njava.security.AccessController.doPrivileged(Native\nMethod)\n    [junit]     at\njava.net.URLClassLoader.findClass(URLClassLoader.java:186)\n    [junit]     at\njava.lang.ClassLoader.loadClass(ClassLoader.java:299)\n    [junit]     at\nsun.misc.Launcher$AppClassLoader.loadClass(Launcher.java:265)\n\n    [junit]     at\njava.lang.ClassLoader.loadClass(ClassLoader.java:255)\n    [junit]     at\njava.lang.ClassLoader.loadClass(ClassLoader.java:255)\n\n\n    [junit] TEST TestExample FAILED\n\nany ideas why this is happening even though I am\nexplicitly including the junit path and the test\ndirectory path in the classpath property.\nvijay\n\n--- Suresh C &lt;csurbesh@...&gt; wrote:\n&gt; Hi ,\n&gt;     Mostly what i think is that the file is not\n&gt; compiled properly or the classpath in the build is\n&gt; not proper as it it showing ClassNotFoundException.\n&gt;  \n&gt; Regards\n&gt;  Suresh\n&gt;  \n&gt;     \n&gt; \n&gt; Vijay &lt;vijayanands@...&gt; wrote:\n&gt; Hi All\n&gt; I am setting the following runtest target for junit.\n&gt; But my ant is \n&gt; erroring out. The error  message follows the target.\n&gt; Can someone help \n&gt; in pointing out what the problem is. \n&gt; thanks,\n&gt; vijay\n&gt; \n&gt; Build.xml target\n&gt; ----------------\n&gt; \n&gt; &lt;target name=&quot;runtests&quot; depends=&quot;init, prepare,\n&gt; compileTest, \n&gt; install.junit&quot;&gt;\n&gt;   &lt;junit printsummary=&quot;on&quot; fork=&quot;false&quot;\n&gt; haltonfailure=&quot;false&quot;\n&gt;            failureproperty=&quot;tests.failed&quot;\n&gt; showoutput=&quot;true&quot;&gt;\n&gt;     &lt;classpath refid=&quot;aweb.classpath&quot;/&gt;\n&gt;     &lt;formatter type=&quot;brief&quot; usefile=&quot;false&quot;/&gt;\n&gt;     &lt;batchtest&gt;\n&gt;       &lt;fileset dir=&quot;Test&quot;&gt;\n&gt;         &lt;include name=&quot;**/Test*.java&quot;/&gt;\n&gt;       &lt;/fileset&gt;\n&gt;     &lt;/batchtest&gt;\n&gt;   &lt;/junit&gt;\n&gt; \n&gt;   &lt;fail if=&quot;tests.failed&quot;&gt;\n&gt;   **********************************************\n&gt;   **********************************************\n&gt;   One or more tests failed. Check the output...\n&gt;   **********************************************\n&gt;   **********************************************\n&gt;   &lt;/fail&gt;\n&gt; &lt;/target&gt;\n&gt; \n&gt; Error I get when I run &quot;ant runtests&quot; is\n&gt; --------------------------------------\n&gt; \n&gt; runtests:\n&gt;     [junit] Running TestTemp\n&gt;     [junit] Tests run: 1, Failures: 0, Errors: 1,\n&gt; Time elapsed: 0 sec\n&gt;     [junit] Testsuite: TestTemp\n&gt;     [junit] Tests run: 1, Failures: 0, Errors: 1,\n&gt; Time elapsed: 0 sec\n&gt; \n&gt;     [junit] Null Test:       Caused an ERROR\n&gt;     [junit] TestTemp\n&gt;     [junit] java.lang.ClassNotFoundException:\n&gt; TestTemp\n&gt;     [junit]       at java.net.URLClassLoader$1.run\n&gt; (URLClassLoader.java:198)\n&gt;     [junit]       at\n&gt; java.security.AccessController.doPrivileged(Native \n&gt; Method)\n&gt;     [junit]       at\n&gt; java.net.URLClassLoader.findClass\n&gt; (URLClassLoader.java:186)\n&gt;     [junit]       at java.lang.ClassLoader.loadClass\n&gt; (ClassLoader.java:299)\n&gt;     [junit]       at\n&gt; sun.misc.Launcher$AppClassLoader.loadClass\n&gt; (Launcher.java:265)\n&gt;     [junit]       at java.lang.ClassLoader.loadClass\n&gt; (ClassLoader.java:255)\n&gt;     [junit]       at java.lang.ClassLoader.loadClass\n&gt; (ClassLoader.java:255)\n&gt; \n&gt; \n&gt;     [junit] TEST TestTemp FAILED\n&gt; \n&gt; BUILD FAILED\n&gt; file:E:/beta/AWeb/build.xml:681: \n&gt;   **********************************************\n&gt;   **********************************************\n&gt;   One or more tests failed. Check the output...\n&gt;   **********************************************\n&gt;   **********************************************\n&gt; \n&gt; \n&gt; \n&gt; \n&gt; \n&gt; \n&gt; Yahoo! Groups Sponsor\n&gt; \n&gt; To unsubscribe from this group, send an email to:\n&gt; junit-unsubscribe@yahoogroups.com\n&gt; \n&gt; \n&gt; Your use of Yahoo! Groups is subject to the Yahoo!\n&gt; Terms of Service. \n&gt; \n&gt; \n&gt; ---------------------------------\n&gt; Do you Yahoo!?\n&gt; The New Yahoo! Search - Faster. Easier. Bingo.\n&gt; \n&gt; [Non-text portions of this message have been\n&gt; removed]\n&gt; \n&gt; \n&gt; \n\n\n__________________________________\nDo you Yahoo!?\nYahoo! Calendar - Free online calendar with sync to Outlook(TM).\nhttp://calendar.yahoo.com\n\n\n", 
    "profile": "vijayanands", 
    "topicId": 8264, 
    "spamInfo": {
        "reason": "0", 
        "isSpam": false
    }, 
    "replyTo": "LIST", 
    "userId": 62387136, 
    "prevInTime": 8277, 
    "contentTrasformed": false, 
    "postDate": "1054826126", 
    "canDelete": false, 
    "nextInTopic": 8279, 
    "prevInTopic": 8276, 
    "headers": {
        "inReplyToHeader": "PDIwMDMwNjA1MDgwNjE5LjM1Mzg4LnFtYWlsQHdlYjQxOTAxLm1haWwueWFob28uY29tPg==", 
        "messageIdInHeader": "PDIwMDMwNjA1MTUxNTI2LjE5MzM1LnFtYWlsQHdlYjEyMTAzLm1haWwueWFob28uY29tPg=="
    }
}