{
    "numMessagesInTopic": 7, 
    "nextInTime": 986, 
    "senderId": "0xp3vaFRxxe_SECWA8eBpRKIzDMppzNpNKe6752xNmQpkCtS5696UrUfiMLR28-N582jCHzW5JoYGrEdcWBsGJ6hgP2tAdA1oHLEKY4jpGIUGqz4Pw", 
    "systemMessage": false, 
    "subject": "textui vs swingui", 
    "from": "Ralf Krakowski &lt;ralf.krakowski@...&gt;", 
    "authorName": "Ralf Krakowski", 
    "msgSnippet": "I have two test that I run with junit.textui.TestRunner.run(FooStatelessTest.class); from my main method. The output is like this(which is ok): .F. Time: 2,284", 
    "msgId": 985, 
    "topicId": 985, 
    "spamInfo": {
        "reason": "0", 
        "isSpam": false
    }, 
    "replyTo": "LIST", 
    "userId": 0, 
    "messageBody": "<div id=\"ygrps-yiv-942777960\">I have two test that I run with <br/>\njunit.textui.TestRunner.run(FooStatelessTest.class);<br/>\n<br/>\nfrom my main method.<br/>\nThe output is like this(which is ok):<br/>\n<br/>\n.F.<br/>\nTime: 2,284<br/>\nThere was 1 failure:<br/>\n1) testSayGoodbye(FooStatelessTest) &quot;expected:&lt;Goodbye&gt; but was:&lt;Que&gt;&quot;<br/>\n<br/>\nFAILURES!!!<br/>\nTests run: 2,  Failures: 1,  Errors: 0<br/>\n<br/>\nWhen I run junit.swingui.TestRunner.run(FooStatelessTest.class);<br/>\n<br/>\nI get the following:<br/>\n<br/>\njava.lang.ClassCastException: Foo.FooStatelessEJBHomeImpl_WLStub<br/>\n        at FooStatelessTest.setUp(FooStatelessTest.java:25)<br/>\n        at junit.framework.TestCase.runBare(TestCase.java:128)<br/>\n        at junit.framework.TestResult$1.protect(TestResult.java:106)<br/>\n        at junit.framework.TestResult.runProtected(TestResult.java:124)<br/>\n        at junit.framework.TestResult.run(TestResult.java:109)<br/>\n        at junit.framework.TestCase.run(TestCase.java:121)<br/>\n        at junit.framework.TestSuite.runTest(TestSuite.java:160)<br/>\n        at junit.framework.TestSuite.run(TestSuite.java:155)<br/>\n        at junit.swingui.TestRunner$17.run(TestRunner.java:658)<br/>\njava.lang.ClassCastException: Foo.FooStatelessEJBHomeImpl_WLStub<br/>\n        at FooStatelessTest.setUp(FooStatelessTest.java:25)<br/>\n        at junit.framework.TestCase.runBare(TestCase.java:128)<br/>\n        at junit.framework.TestResult$1.protect(TestResult.java:106)<br/>\n        at junit.framework.TestResult.runProtected(TestResult.java:124)<br/>\n        at junit.framework.TestResult.run(TestResult.java:109)<br/>\n        at junit.framework.TestCase.run(TestCase.java:121)<br/>\n        at junit.framework.TestSuite.runTest(TestSuite.java:160)<br/>\n        at junit.framework.TestSuite.run(TestSuite.java:155)<br/>\n        at junit.swingui.TestRunner$17.run(TestRunner.java:658)<br/>\n<br/>\nAny thoughts? Why does it work with one but not the other?<br/>\n<br/>\nThanks<br/>\n<br/>\nRalf</div>", 
    "prevInTime": 984, 
    "specialLinks": [], 
    "contentTrasformed": false, 
    "postDate": "987672476", 
    "canDelete": false, 
    "nextInTopic": 988, 
    "prevInTopic": 0, 
    "headers": {
        "messageIdInHeader": "PDcwMEVBMTdBMTQyQUQzMTE4QTFFMDAwOEM3MjRCQ0I0QjcyQTRFQGFnYmdudHMwMy5hZ2JnLmludHJhbmV0Pg=="
    }
}